08/06 14:23:36 [DEBUG] [27084] [COMPS.Data.SerializableEntity] OutputFileMetadata --> {'Id': '_internal_id', 'Length': 'length', 'FriendlyName': 'friendly_name', 'PathFromRoot': 'path_from_root', 'Url': 'url', 'MimeType': 'mime_type'}
08/06 14:23:36 [DEBUG] [27084] [COMPS.Data.SerializableEntity] AssetFile --> {'FileName': 'file_name', 'MD5Checksum': 'md5_checksum', 'Length': 'length', 'Uri': 'uri'}
08/06 14:23:36 [DEBUG] [27084] [COMPS.Data.SerializableEntity] AssetCollectionFile --> {'RelativePath': 'relative_path', 'Tags': 'tags', 'FileName': 'file_name', 'MD5Checksum': 'md5_checksum', 'Length': 'length', 'Uri': 'uri'}
08/06 14:23:36 [DEBUG] [27084] [COMPS.Data.SerializableEntity] AssetCollection --> {'Id': 'id', 'DateCreated': 'date_created', 'Tags': 'tags', 'Assets': 'assets'}
08/06 14:23:36 [DEBUG] [27084] [COMPS.Data.SerializableEntity] Configuration --> {'EnvironmentName': 'environment_name', 'SimulationInputArgs': 'simulation_input_args', 'WorkingDirectoryRoot': 'working_directory_root', 'ExecutablePath': 'executable_path', 'NodeGroupName': 'node_group_name', 'MaximumNumberOfRetries': 'maximum_number_of_retries', 'Priority': 'priority', 'MinCores': 'min_cores', 'MaxCores': 'max_cores', 'Exclusive': 'exclusive', 'AssetCollectionId': 'asset_collection_id'}
08/06 14:23:36 [DEBUG] [27084] [COMPS.Data.SerializableEntity] SimulationFile --> {'FileType': 'file_type', 'Description': 'description', 'FileName': 'file_name', 'MD5Checksum': 'md5_checksum', 'Length': 'length', 'Uri': 'uri'}
08/06 14:23:36 [DEBUG] [27084] [COMPS.Data.SerializableEntity] WorkItemFile --> {'FileType': 'file_type', 'Description': 'description', 'FileName': 'file_name', 'MD5Checksum': 'md5_checksum', 'Length': 'length', 'Uri': 'uri'}
08/06 14:23:36 [DEBUG] [27084] [COMPS.Data.SerializableEntity] HpcJob --> {'Id': '_internal_id', 'JobId': 'job_id', 'JobState': 'job_state', 'Priority': 'priority', 'WorkingDirectory': 'working_directory', 'OutputDirectorySize': 'output_directory_size', 'SubmitTime': 'submit_time', 'StartTime': 'start_time', 'EndTime': 'end_time', 'ErrorMessage': 'error_message', 'Configuration': 'configuration'}
08/06 14:23:36 [DEBUG] [27084] [COMPS.Data.SerializableEntity] Simulation --> {'Id': 'id', 'ExperimentId': 'experiment_id', 'Name': 'name', 'Description': 'description', 'Owner': 'owner', 'DateCreated': 'date_created', 'LastModified': 'last_modified', 'SimulationState': 'state', 'ErrorMessage': 'error_message', 'Tags': 'tags', 'Configuration': 'configuration', 'Files': 'files', 'HPCJobs': 'hpc_jobs'}
08/06 14:23:36 [DEBUG] [27084] [COMPS.Data.SerializableEntity] Experiment --> {'Id': 'id', 'SuiteId': 'suite_id', 'Name': 'name', 'Description': 'description', 'Owner': 'owner', 'DateCreated': 'date_created', 'LastModified': 'last_modified', 'Tags': 'tags', 'Configuration': 'configuration'}
08/06 14:23:36 [DEBUG] [27084] [COMPS.Data.SerializableEntity] Suite --> {'Id': 'id', 'Name': 'name', 'Description': 'description', 'Owner': 'owner', 'DateCreated': 'date_created', 'LastModified': 'last_modified', 'Tags': 'tags', 'Configuration': 'configuration'}
08/06 14:23:36 [DEBUG] [27084] [COMPS.Data.SerializableEntity] WorkItem --> {'Id': 'id', 'Name': 'name', 'Worker': 'worker', 'EnvironmentName': 'environment_name', 'Description': 'description', 'Owner': 'owner', 'DateCreated': 'date_created', 'LastModified': 'last_modified', 'State': 'state', 'ErrorMessage': 'error_message', 'HostName': 'host_name', 'WorkerInstanceId': 'worker_instance_id', 'WorkItemPriority': 'priority', 'WorkingDirectory': 'working_directory', 'WorkingDirectorySize': 'working_directory_size', 'AssetCollectionId': 'asset_collection_id', 'Tags': 'tags', 'Files': 'files', 'Plugins': 'plugins'}
08/06 14:23:37 [DEBUG] [27084] [COMPS.Client] Parsed login host: ('https', 'comps.idmod.org', None)
08/06 14:23:37 [DEBUG] [27084] [COMPS.Client] REQUEST -> GET https://comps.idmod.org/api/Simulations/bb172099-8db8-e911-a2c1-c4346bcb1555 {'count': 100000}
08/06 14:23:38 [DEBUG] [27084] [COMPS.Client] REQUEST -> GET https://comps.idmod.org/api/Experiments/a7c53091-8db8-e911-a2c1-c4346bcb1555 {'children': 'Tags'}
08/06 14:23:38 [DEBUG] [27084] [COMPS.Client] REQUEST -> GET https://comps.idmod.org/api/Simulations {'filters': 'ExperimentId=a7c53091-8db8-e911-a2c1-c4346bcb1555', 'count': 100000}
08/06 14:23:38 [DEBUG] [27084] [COMPS.Client] REQUEST -> GET https://comps.idmod.org/asset/Simulations/bb172099-8db8-e911-a2c1-c4346bcb1555/Output {'flatten': 1}
08/06 14:23:38 [DEBUG] [27084] [COMPS.Data.AssetManager] adding [output/MalariaPatientReport.json -> MalariaPatientReport.json] to map
08/06 14:23:38 [DEBUG] [27084] [COMPS.Data.AssetManager] adding [output/DemographicsSummary.json -> DemographicsSummary.json] to map
08/06 14:23:38 [DEBUG] [27084] [COMPS.Data.AssetManager] adding [output/BinnedReport.json -> BinnedReport.json] to map
08/06 14:23:38 [DEBUG] [27084] [COMPS.Data.AssetManager] adding [output/InsetChart.json -> InsetChart.json] to map
08/06 14:23:38 [DEBUG] [27084] [COMPS.Data.AssetManager] adding [campaign.json -> campaign.json] to map
08/06 14:23:38 [DEBUG] [27084] [COMPS.Data.AssetManager] adding [config.json -> config.json] to map
08/06 14:23:38 [DEBUG] [27084] [COMPS.Data.AssetManager] adding [StdErr.txt -> StdErr.txt] to map
08/06 14:23:38 [DEBUG] [27084] [COMPS.Data.AssetManager] adding [emodules_map.json -> emodules_map.json] to map
08/06 14:23:38 [DEBUG] [27084] [COMPS.Data.AssetManager] adding [StdOut.txt -> StdOut.txt] to map
08/06 14:23:38 [DEBUG] [27084] [COMPS.Data.AssetManager] adding [custom_reports.json -> custom_reports.json] to map
08/06 14:23:38 [DEBUG] [27084] [COMPS.Data.AssetManager] adding [status.txt -> status.txt] to map
08/06 14:23:38 [DEBUG] [27084] [COMPS.Client] REQUEST -> GET https://comps.idmod.org/asset/download/ni1piJJc.M9e7MgK-Lpidj.EKeajbpzJptzKwhcltjY_/UmVzZXJ2ZWRGb3JGdXR1cmVVc2U_/XFxpbnRlcm5hbC5pZG0uY3RyXElETVxIb21lXGpvcnVzc2VsbFxvdXRwdXRcTWFsYXJpYSBDaGFsbGVuZ2VfdjEgSXRlcjBfMjAxOTA4MDZfMjEwMzA0XGFmNFxjMjFcYTU4XGFmNGMyMWE1LThkYjgtZTkxMS1hMmMxLWM0MzQ2YmNiMTU1NVxvdXRwdXRcTWFsYXJpYVBhdGllbnRSZXBvcnQuanNvbg__/MalariaPatientReport.json
08/06 14:23:55 [DEBUG] [21472] [COMPS.Client] REQUEST -> GET https://comps.idmod.org/asset/Simulations/ab172099-8db8-e911-a2c1-c4346bcb1555/Output {'flatten': 1}
08/06 14:23:56 [DEBUG] [21472] [COMPS.Data.AssetManager] adding [output/MalariaPatientReport.json -> MalariaPatientReport.json] to map
08/06 14:23:56 [DEBUG] [21472] [COMPS.Data.AssetManager] adding [output/DemographicsSummary.json -> DemographicsSummary.json] to map
08/06 14:23:56 [DEBUG] [21472] [COMPS.Data.AssetManager] adding [output/BinnedReport.json -> BinnedReport.json] to map
08/06 14:23:56 [DEBUG] [21472] [COMPS.Data.AssetManager] adding [output/InsetChart.json -> InsetChart.json] to map
08/06 14:23:56 [DEBUG] [21472] [COMPS.Data.AssetManager] adding [campaign.json -> campaign.json] to map
08/06 14:23:56 [DEBUG] [21472] [COMPS.Data.AssetManager] adding [config.json -> config.json] to map
08/06 14:23:56 [DEBUG] [21472] [COMPS.Data.AssetManager] adding [StdErr.txt -> StdErr.txt] to map
08/06 14:23:56 [DEBUG] [21472] [COMPS.Data.AssetManager] adding [emodules_map.json -> emodules_map.json] to map
08/06 14:23:56 [DEBUG] [21472] [COMPS.Data.AssetManager] adding [StdOut.txt -> StdOut.txt] to map
08/06 14:23:56 [DEBUG] [21472] [COMPS.Data.AssetManager] adding [custom_reports.json -> custom_reports.json] to map
08/06 14:23:56 [DEBUG] [21472] [COMPS.Data.AssetManager] adding [status.txt -> status.txt] to map
08/06 14:23:56 [DEBUG] [21472] [COMPS.Client] REQUEST -> GET https://comps.idmod.org/asset/download/i4XACW0IP1LKpr3BimfZxGKB1eZbrB1Qwt9HMqCSl4E_/UmVzZXJ2ZWRGb3JGdXR1cmVVc2U_/XFxpbnRlcm5hbC5pZG0uY3RyXElETVxIb21lXGpvcnVzc2VsbFxvdXRwdXRcTWFsYXJpYSBDaGFsbGVuZ2VfdjEgSXRlcjBfMjAxOTA4MDZfMjEwMzA0XDVmNFxjMjFcYTU4XDVmNGMyMWE1LThkYjgtZTkxMS1hMmMxLWM0MzQ2YmNiMTU1NVxvdXRwdXRcTWFsYXJpYVBhdGllbnRSZXBvcnQuanNvbg__/MalariaPatientReport.json
08/06 14:24:12 [DEBUG] [19728] [COMPS.Client] REQUEST -> GET https://comps.idmod.org/asset/Simulations/9c172099-8db8-e911-a2c1-c4346bcb1555/Output {'flatten': 1}
08/06 14:24:12 [DEBUG] [19728] [COMPS.Data.AssetManager] adding [output/MalariaPatientReport.json -> MalariaPatientReport.json] to map
08/06 14:24:12 [DEBUG] [19728] [COMPS.Data.AssetManager] adding [output/DemographicsSummary.json -> DemographicsSummary.json] to map
08/06 14:24:12 [DEBUG] [19728] [COMPS.Data.AssetManager] adding [output/BinnedReport.json -> BinnedReport.json] to map
08/06 14:24:12 [DEBUG] [19728] [COMPS.Data.AssetManager] adding [output/InsetChart.json -> InsetChart.json] to map
08/06 14:24:12 [DEBUG] [19728] [COMPS.Data.AssetManager] adding [campaign.json -> campaign.json] to map
08/06 14:24:12 [DEBUG] [19728] [COMPS.Data.AssetManager] adding [config.json -> config.json] to map
08/06 14:24:12 [DEBUG] [19728] [COMPS.Data.AssetManager] adding [StdErr.txt -> StdErr.txt] to map
08/06 14:24:12 [DEBUG] [19728] [COMPS.Data.AssetManager] adding [emodules_map.json -> emodules_map.json] to map
08/06 14:24:12 [DEBUG] [19728] [COMPS.Data.AssetManager] adding [StdOut.txt -> StdOut.txt] to map
08/06 14:24:12 [DEBUG] [19728] [COMPS.Data.AssetManager] adding [custom_reports.json -> custom_reports.json] to map
08/06 14:24:12 [DEBUG] [19728] [COMPS.Data.AssetManager] adding [status.txt -> status.txt] to map
08/06 14:24:12 [DEBUG] [19728] [COMPS.Client] REQUEST -> GET https://comps.idmod.org/asset/download/g3MZ5eCWJqn.3df69cUxHcBPX2LTWTjbBE.agA36fKA_/UmVzZXJ2ZWRGb3JGdXR1cmVVc2U_/XFxpbnRlcm5hbC5pZG0uY3RyXElETVxIb21lXGpvcnVzc2VsbFxvdXRwdXRcTWFsYXJpYSBDaGFsbGVuZ2VfdjEgSXRlcjBfMjAxOTA4MDZfMjEwMzA0XDMyNVxhMThcOWY4XDMyNWExODlmLThkYjgtZTkxMS1hMmMxLWM0MzQ2YmNiMTU1NVxvdXRwdXRcTWFsYXJpYVBhdGllbnRSZXBvcnQuanNvbg__/MalariaPatientReport.json
08/06 14:24:28 [DEBUG] [27084] [COMPS.Client] REQUEST -> GET https://comps.idmod.org/asset/Simulations/b8172099-8db8-e911-a2c1-c4346bcb1555/Output {'flatten': 1}
08/06 14:24:28 [DEBUG] [27084] [COMPS.Data.AssetManager] adding [output/MalariaPatientReport.json -> MalariaPatientReport.json] to map
08/06 14:24:28 [DEBUG] [27084] [COMPS.Data.AssetManager] adding [output/DemographicsSummary.json -> DemographicsSummary.json] to map
08/06 14:24:28 [DEBUG] [27084] [COMPS.Data.AssetManager] adding [output/BinnedReport.json -> BinnedReport.json] to map
08/06 14:24:28 [DEBUG] [27084] [COMPS.Data.AssetManager] adding [output/InsetChart.json -> InsetChart.json] to map
08/06 14:24:28 [DEBUG] [27084] [COMPS.Data.AssetManager] adding [campaign.json -> campaign.json] to map
08/06 14:24:28 [DEBUG] [27084] [COMPS.Data.AssetManager] adding [config.json -> config.json] to map
08/06 14:24:28 [DEBUG] [27084] [COMPS.Data.AssetManager] adding [StdErr.txt -> StdErr.txt] to map
08/06 14:24:28 [DEBUG] [27084] [COMPS.Data.AssetManager] adding [emodules_map.json -> emodules_map.json] to map
08/06 14:24:28 [DEBUG] [27084] [COMPS.Data.AssetManager] adding [StdOut.txt -> StdOut.txt] to map
08/06 14:24:28 [DEBUG] [27084] [COMPS.Data.AssetManager] adding [custom_reports.json -> custom_reports.json] to map
08/06 14:24:28 [DEBUG] [27084] [COMPS.Data.AssetManager] adding [status.txt -> status.txt] to map
08/06 14:24:28 [DEBUG] [27084] [COMPS.Client] REQUEST -> GET https://comps.idmod.org/asset/download/ZoI9FJMkZT8.pY37t7y0XXWdF7uyD7zpqyhMs2h8mec_/UmVzZXJ2ZWRGb3JGdXR1cmVVc2U_/XFxpbnRlcm5hbC5pZG0uY3RyXElETVxIb21lXGpvcnVzc2VsbFxvdXRwdXRcTWFsYXJpYSBDaGFsbGVuZ2VfdjEgSXRlcjBfMjAxOTA4MDZfMjEwMzA0XGEzNFxjMjFcYTU4XGEzNGMyMWE1LThkYjgtZTkxMS1hMmMxLWM0MzQ2YmNiMTU1NVxvdXRwdXRcTWFsYXJpYVBhdGllbnRSZXBvcnQuanNvbg__/MalariaPatientReport.json
08/06 14:24:46 [DEBUG] [27084] [COMPS.Client] REQUEST -> GET https://comps.idmod.org/asset/Simulations/ba172099-8db8-e911-a2c1-c4346bcb1555/Output {'flatten': 1}
08/06 14:24:47 [DEBUG] [27084] [COMPS.Data.AssetManager] adding [output/MalariaPatientReport.json -> MalariaPatientReport.json] to map
08/06 14:24:47 [DEBUG] [27084] [COMPS.Data.AssetManager] adding [output/DemographicsSummary.json -> DemographicsSummary.json] to map
08/06 14:24:47 [DEBUG] [27084] [COMPS.Data.AssetManager] adding [output/BinnedReport.json -> BinnedReport.json] to map
08/06 14:24:47 [DEBUG] [27084] [COMPS.Data.AssetManager] adding [output/InsetChart.json -> InsetChart.json] to map
08/06 14:24:47 [DEBUG] [27084] [COMPS.Data.AssetManager] adding [campaign.json -> campaign.json] to map
08/06 14:24:47 [DEBUG] [27084] [COMPS.Data.AssetManager] adding [config.json -> config.json] to map
08/06 14:24:47 [DEBUG] [27084] [COMPS.Data.AssetManager] adding [StdErr.txt -> StdErr.txt] to map
08/06 14:24:47 [DEBUG] [27084] [COMPS.Data.AssetManager] adding [emodules_map.json -> emodules_map.json] to map
08/06 14:24:47 [DEBUG] [27084] [COMPS.Data.AssetManager] adding [StdOut.txt -> StdOut.txt] to map
08/06 14:24:47 [DEBUG] [27084] [COMPS.Data.AssetManager] adding [custom_reports.json -> custom_reports.json] to map
08/06 14:24:47 [DEBUG] [27084] [COMPS.Data.AssetManager] adding [status.txt -> status.txt] to map
08/06 14:24:47 [DEBUG] [27084] [COMPS.Client] REQUEST -> GET https://comps.idmod.org/asset/download/qdUAlO4M-ogyDQPWSWPeWhdQgAMFf-u5fQ76zT6K8ds_/UmVzZXJ2ZWRGb3JGdXR1cmVVc2U_/XFxpbnRlcm5hbC5pZG0uY3RyXElETVxIb21lXGpvcnVzc2VsbFxvdXRwdXRcTWFsYXJpYSBDaGFsbGVuZ2VfdjEgSXRlcjBfMjAxOTA4MDZfMjEwMzA0XGFiNFxjMjFcYTU4XGFiNGMyMWE1LThkYjgtZTkxMS1hMmMxLWM0MzQ2YmNiMTU1NVxvdXRwdXRcTWFsYXJpYVBhdGllbnRSZXBvcnQuanNvbg__/MalariaPatientReport.json
08/06 14:25:06 [DEBUG] [27084] [COMPS.Client] REQUEST -> GET https://comps.idmod.org/asset/Simulations/bc172099-8db8-e911-a2c1-c4346bcb1555/Output {'flatten': 1}
08/06 14:25:07 [DEBUG] [27084] [COMPS.Data.AssetManager] adding [output/MalariaPatientReport.json -> MalariaPatientReport.json] to map
08/06 14:25:07 [DEBUG] [27084] [COMPS.Data.AssetManager] adding [output/DemographicsSummary.json -> DemographicsSummary.json] to map
08/06 14:25:07 [DEBUG] [27084] [COMPS.Data.AssetManager] adding [output/BinnedReport.json -> BinnedReport.json] to map
08/06 14:25:07 [DEBUG] [27084] [COMPS.Data.AssetManager] adding [output/InsetChart.json -> InsetChart.json] to map
08/06 14:25:07 [DEBUG] [27084] [COMPS.Data.AssetManager] adding [campaign.json -> campaign.json] to map
08/06 14:25:07 [DEBUG] [27084] [COMPS.Data.AssetManager] adding [config.json -> config.json] to map
08/06 14:25:07 [DEBUG] [27084] [COMPS.Data.AssetManager] adding [StdErr.txt -> StdErr.txt] to map
08/06 14:25:07 [DEBUG] [27084] [COMPS.Data.AssetManager] adding [emodules_map.json -> emodules_map.json] to map
08/06 14:25:07 [DEBUG] [27084] [COMPS.Data.AssetManager] adding [StdOut.txt -> StdOut.txt] to map
08/06 14:25:07 [DEBUG] [27084] [COMPS.Data.AssetManager] adding [custom_reports.json -> custom_reports.json] to map
08/06 14:25:07 [DEBUG] [27084] [COMPS.Data.AssetManager] adding [status.txt -> status.txt] to map
08/06 14:25:07 [DEBUG] [27084] [COMPS.Client] REQUEST -> GET https://comps.idmod.org/asset/download/IH0fRsDBimaGeWWKrHSOCfoEp9B7apnclLPp8EccX28_/UmVzZXJ2ZWRGb3JGdXR1cmVVc2U_/XFxpbnRlcm5hbC5pZG0uY3RyXElETVxIb21lXGpvcnVzc2VsbFxvdXRwdXRcTWFsYXJpYSBDaGFsbGVuZ2VfdjEgSXRlcjBfMjAxOTA4MDZfMjEwMzA0XGIzNFxjMjFcYTU4XGIzNGMyMWE1LThkYjgtZTkxMS1hMmMxLWM0MzQ2YmNiMTU1NVxvdXRwdXRcTWFsYXJpYVBhdGllbnRSZXBvcnQuanNvbg__/MalariaPatientReport.json
08/06 14:25:23 [DEBUG] [27084] [COMPS.Client] REQUEST -> GET https://comps.idmod.org/asset/Simulations/bd172099-8db8-e911-a2c1-c4346bcb1555/Output {'flatten': 1}
08/06 14:25:24 [DEBUG] [27084] [COMPS.Data.AssetManager] adding [output/MalariaPatientReport.json -> MalariaPatientReport.json] to map
08/06 14:25:24 [DEBUG] [27084] [COMPS.Data.AssetManager] adding [output/DemographicsSummary.json -> DemographicsSummary.json] to map
08/06 14:25:24 [DEBUG] [27084] [COMPS.Data.AssetManager] adding [output/BinnedReport.json -> BinnedReport.json] to map
08/06 14:25:24 [DEBUG] [27084] [COMPS.Data.AssetManager] adding [output/InsetChart.json -> InsetChart.json] to map
08/06 14:25:24 [DEBUG] [27084] [COMPS.Data.AssetManager] adding [campaign.json -> campaign.json] to map
08/06 14:25:24 [DEBUG] [27084] [COMPS.Data.AssetManager] adding [config.json -> config.json] to map
08/06 14:25:24 [DEBUG] [27084] [COMPS.Data.AssetManager] adding [StdErr.txt -> StdErr.txt] to map
08/06 14:25:24 [DEBUG] [27084] [COMPS.Data.AssetManager] adding [emodules_map.json -> emodules_map.json] to map
08/06 14:25:24 [DEBUG] [27084] [COMPS.Data.AssetManager] adding [StdOut.txt -> StdOut.txt] to map
08/06 14:25:24 [DEBUG] [27084] [COMPS.Data.AssetManager] adding [custom_reports.json -> custom_reports.json] to map
08/06 14:25:24 [DEBUG] [27084] [COMPS.Data.AssetManager] adding [status.txt -> status.txt] to map
08/06 14:25:24 [DEBUG] [27084] [COMPS.Client] REQUEST -> GET https://comps.idmod.org/asset/download/PBYJ1OuCZjiY3emjJk-tKdhxrc0k.FXa9tvf1UZkTZM_/UmVzZXJ2ZWRGb3JGdXR1cmVVc2U_/XFxpbnRlcm5hbC5pZG0uY3RyXElETVxIb21lXGpvcnVzc2VsbFxvdXRwdXRcTWFsYXJpYSBDaGFsbGVuZ2VfdjEgSXRlcjBfMjAxOTA4MDZfMjEwMzA0XGI3NFxjMjFcYTU4XGI3NGMyMWE1LThkYjgtZTkxMS1hMmMxLWM0MzQ2YmNiMTU1NVxvdXRwdXRcTWFsYXJpYVBhdGllbnRSZXBvcnQuanNvbg__/MalariaPatientReport.json
08/06 14:25:39 [DEBUG] [21472] [COMPS.Client] REQUEST -> GET https://comps.idmod.org/asset/Simulations/b1172099-8db8-e911-a2c1-c4346bcb1555/Output {'flatten': 1}
08/06 14:25:39 [DEBUG] [21472] [COMPS.Data.AssetManager] adding [output/MalariaPatientReport.json -> MalariaPatientReport.json] to map
08/06 14:25:39 [DEBUG] [21472] [COMPS.Data.AssetManager] adding [output/DemographicsSummary.json -> DemographicsSummary.json] to map
08/06 14:25:39 [DEBUG] [21472] [COMPS.Data.AssetManager] adding [output/BinnedReport.json -> BinnedReport.json] to map
08/06 14:25:39 [DEBUG] [21472] [COMPS.Data.AssetManager] adding [output/InsetChart.json -> InsetChart.json] to map
08/06 14:25:39 [DEBUG] [21472] [COMPS.Data.AssetManager] adding [campaign.json -> campaign.json] to map
08/06 14:25:39 [DEBUG] [21472] [COMPS.Data.AssetManager] adding [config.json -> config.json] to map
08/06 14:25:39 [DEBUG] [21472] [COMPS.Data.AssetManager] adding [StdErr.txt -> StdErr.txt] to map
08/06 14:25:39 [DEBUG] [21472] [COMPS.Data.AssetManager] adding [emodules_map.json -> emodules_map.json] to map
08/06 14:25:39 [DEBUG] [21472] [COMPS.Data.AssetManager] adding [StdOut.txt -> StdOut.txt] to map
08/06 14:25:39 [DEBUG] [21472] [COMPS.Data.AssetManager] adding [custom_reports.json -> custom_reports.json] to map
08/06 14:25:39 [DEBUG] [21472] [COMPS.Data.AssetManager] adding [status.txt -> status.txt] to map
08/06 14:25:39 [DEBUG] [21472] [COMPS.Client] REQUEST -> GET https://comps.idmod.org/asset/download/r2fHhNg1Dlet8-H3fIeomRmPhSRjODl5-8KQZPZVuPo_/UmVzZXJ2ZWRGb3JGdXR1cmVVc2U_/XFxpbnRlcm5hbC5pZG0uY3RyXElETVxIb21lXGpvcnVzc2VsbFxvdXRwdXRcTWFsYXJpYSBDaGFsbGVuZ2VfdjEgSXRlcjBfMjAxOTA4MDZfMjEwMzA0XDg5NFxjMjFcYTU4XDg5NGMyMWE1LThkYjgtZTkxMS1hMmMxLWM0MzQ2YmNiMTU1NVxvdXRwdXRcTWFsYXJpYVBhdGllbnRSZXBvcnQuanNvbg__/MalariaPatientReport.json
08/06 14:25:55 [DEBUG] [21472] [COMPS.Client] REQUEST -> GET https://comps.idmod.org/asset/Simulations/b2172099-8db8-e911-a2c1-c4346bcb1555/Output {'flatten': 1}
08/06 14:25:55 [DEBUG] [21472] [COMPS.Data.AssetManager] adding [output/MalariaPatientReport.json -> MalariaPatientReport.json] to map
08/06 14:25:55 [DEBUG] [21472] [COMPS.Data.AssetManager] adding [output/DemographicsSummary.json -> DemographicsSummary.json] to map
08/06 14:25:55 [DEBUG] [21472] [COMPS.Data.AssetManager] adding [output/BinnedReport.json -> BinnedReport.json] to map
08/06 14:25:55 [DEBUG] [21472] [COMPS.Data.AssetManager] adding [output/InsetChart.json -> InsetChart.json] to map
08/06 14:25:55 [DEBUG] [21472] [COMPS.Data.AssetManager] adding [campaign.json -> campaign.json] to map
08/06 14:25:55 [DEBUG] [21472] [COMPS.Data.AssetManager] adding [config.json -> config.json] to map
08/06 14:25:55 [DEBUG] [21472] [COMPS.Data.AssetManager] adding [StdErr.txt -> StdErr.txt] to map
08/06 14:25:55 [DEBUG] [21472] [COMPS.Data.AssetManager] adding [emodules_map.json -> emodules_map.json] to map
08/06 14:25:55 [DEBUG] [21472] [COMPS.Data.AssetManager] adding [StdOut.txt -> StdOut.txt] to map
08/06 14:25:55 [DEBUG] [21472] [COMPS.Data.AssetManager] adding [custom_reports.json -> custom_reports.json] to map
08/06 14:25:55 [DEBUG] [21472] [COMPS.Data.AssetManager] adding [status.txt -> status.txt] to map
08/06 14:25:55 [DEBUG] [21472] [COMPS.Client] REQUEST -> GET https://comps.idmod.org/asset/download/msFTOZEtfLfakza3Kg5m.p-m6V2WLTXDFJddLguVST4_/UmVzZXJ2ZWRGb3JGdXR1cmVVc2U_/XFxpbnRlcm5hbC5pZG0uY3RyXElETVxIb21lXGpvcnVzc2VsbFxvdXRwdXRcTWFsYXJpYSBDaGFsbGVuZ2VfdjEgSXRlcjBfMjAxOTA4MDZfMjEwMzA0XDhkNFxjMjFcYTU4XDhkNGMyMWE1LThkYjgtZTkxMS1hMmMxLWM0MzQ2YmNiMTU1NVxvdXRwdXRcTWFsYXJpYVBhdGllbnRSZXBvcnQuanNvbg__/MalariaPatientReport.json
08/06 14:26:10 [DEBUG] [21472] [COMPS.Client] REQUEST -> GET https://comps.idmod.org/asset/Simulations/b3172099-8db8-e911-a2c1-c4346bcb1555/Output {'flatten': 1}
08/06 14:26:10 [DEBUG] [21472] [COMPS.Data.AssetManager] adding [output/MalariaPatientReport.json -> MalariaPatientReport.json] to map
08/06 14:26:10 [DEBUG] [21472] [COMPS.Data.AssetManager] adding [output/DemographicsSummary.json -> DemographicsSummary.json] to map
08/06 14:26:10 [DEBUG] [21472] [COMPS.Data.AssetManager] adding [output/BinnedReport.json -> BinnedReport.json] to map
08/06 14:26:10 [DEBUG] [21472] [COMPS.Data.AssetManager] adding [output/InsetChart.json -> InsetChart.json] to map
08/06 14:26:10 [DEBUG] [21472] [COMPS.Data.AssetManager] adding [campaign.json -> campaign.json] to map
08/06 14:26:10 [DEBUG] [21472] [COMPS.Data.AssetManager] adding [config.json -> config.json] to map
08/06 14:26:10 [DEBUG] [21472] [COMPS.Data.AssetManager] adding [StdErr.txt -> StdErr.txt] to map
08/06 14:26:10 [DEBUG] [21472] [COMPS.Data.AssetManager] adding [emodules_map.json -> emodules_map.json] to map
08/06 14:26:10 [DEBUG] [21472] [COMPS.Data.AssetManager] adding [StdOut.txt -> StdOut.txt] to map
08/06 14:26:10 [DEBUG] [21472] [COMPS.Data.AssetManager] adding [custom_reports.json -> custom_reports.json] to map
08/06 14:26:10 [DEBUG] [21472] [COMPS.Data.AssetManager] adding [status.txt -> status.txt] to map
08/06 14:26:10 [DEBUG] [21472] [COMPS.Client] REQUEST -> GET https://comps.idmod.org/asset/download/2QmatL6kybv4rebihGW09jrmrC11IuV37ot5vKAv3Qk_/UmVzZXJ2ZWRGb3JGdXR1cmVVc2U_/XFxpbnRlcm5hbC5pZG0uY3RyXElETVxIb21lXGpvcnVzc2VsbFxvdXRwdXRcTWFsYXJpYSBDaGFsbGVuZ2VfdjEgSXRlcjBfMjAxOTA4MDZfMjEwMzA0XDkwNFxjMjFcYTU4XDkwNGMyMWE1LThkYjgtZTkxMS1hMmMxLWM0MzQ2YmNiMTU1NVxvdXRwdXRcTWFsYXJpYVBhdGllbnRSZXBvcnQuanNvbg__/MalariaPatientReport.json
08/06 14:26:25 [DEBUG] [21472] [COMPS.Client] REQUEST -> GET https://comps.idmod.org/asset/Simulations/b5172099-8db8-e911-a2c1-c4346bcb1555/Output {'flatten': 1}
08/06 14:26:25 [DEBUG] [21472] [COMPS.Data.AssetManager] adding [output/MalariaPatientReport.json -> MalariaPatientReport.json] to map
08/06 14:26:25 [DEBUG] [21472] [COMPS.Data.AssetManager] adding [output/DemographicsSummary.json -> DemographicsSummary.json] to map
08/06 14:26:25 [DEBUG] [21472] [COMPS.Data.AssetManager] adding [output/BinnedReport.json -> BinnedReport.json] to map
08/06 14:26:25 [DEBUG] [21472] [COMPS.Data.AssetManager] adding [output/InsetChart.json -> InsetChart.json] to map
08/06 14:26:25 [DEBUG] [21472] [COMPS.Data.AssetManager] adding [campaign.json -> campaign.json] to map
08/06 14:26:25 [DEBUG] [21472] [COMPS.Data.AssetManager] adding [config.json -> config.json] to map
08/06 14:26:25 [DEBUG] [21472] [COMPS.Data.AssetManager] adding [StdErr.txt -> StdErr.txt] to map
08/06 14:26:25 [DEBUG] [21472] [COMPS.Data.AssetManager] adding [emodules_map.json -> emodules_map.json] to map
08/06 14:26:25 [DEBUG] [21472] [COMPS.Data.AssetManager] adding [StdOut.txt -> StdOut.txt] to map
08/06 14:26:25 [DEBUG] [21472] [COMPS.Data.AssetManager] adding [custom_reports.json -> custom_reports.json] to map
08/06 14:26:25 [DEBUG] [21472] [COMPS.Data.AssetManager] adding [status.txt -> status.txt] to map
08/06 14:26:25 [DEBUG] [21472] [COMPS.Client] REQUEST -> GET https://comps.idmod.org/asset/download/8E5bktBn2HxCeeN1Qzm6P84MFsxt97I5qfRob4jMiMM_/UmVzZXJ2ZWRGb3JGdXR1cmVVc2U_/XFxpbnRlcm5hbC5pZG0uY3RyXElETVxIb21lXGpvcnVzc2VsbFxvdXRwdXRcTWFsYXJpYSBDaGFsbGVuZ2VfdjEgSXRlcjBfMjAxOTA4MDZfMjEwMzA0XDk2NFxjMjFcYTU4XDk2NGMyMWE1LThkYjgtZTkxMS1hMmMxLWM0MzQ2YmNiMTU1NVxvdXRwdXRcTWFsYXJpYVBhdGllbnRSZXBvcnQuanNvbg__/MalariaPatientReport.json
08/06 14:26:41 [DEBUG] [21472] [COMPS.Client] REQUEST -> GET https://comps.idmod.org/asset/Simulations/b7172099-8db8-e911-a2c1-c4346bcb1555/Output {'flatten': 1}
08/06 14:26:41 [DEBUG] [21472] [COMPS.Data.AssetManager] adding [output/MalariaPatientReport.json -> MalariaPatientReport.json] to map
08/06 14:26:41 [DEBUG] [21472] [COMPS.Data.AssetManager] adding [output/DemographicsSummary.json -> DemographicsSummary.json] to map
08/06 14:26:41 [DEBUG] [21472] [COMPS.Data.AssetManager] adding [output/BinnedReport.json -> BinnedReport.json] to map
08/06 14:26:41 [DEBUG] [21472] [COMPS.Data.AssetManager] adding [output/InsetChart.json -> InsetChart.json] to map
08/06 14:26:41 [DEBUG] [21472] [COMPS.Data.AssetManager] adding [campaign.json -> campaign.json] to map
08/06 14:26:41 [DEBUG] [21472] [COMPS.Data.AssetManager] adding [config.json -> config.json] to map
08/06 14:26:41 [DEBUG] [21472] [COMPS.Data.AssetManager] adding [StdErr.txt -> StdErr.txt] to map
08/06 14:26:41 [DEBUG] [21472] [COMPS.Data.AssetManager] adding [emodules_map.json -> emodules_map.json] to map
08/06 14:26:41 [DEBUG] [21472] [COMPS.Data.AssetManager] adding [StdOut.txt -> StdOut.txt] to map
08/06 14:26:41 [DEBUG] [21472] [COMPS.Data.AssetManager] adding [custom_reports.json -> custom_reports.json] to map
08/06 14:26:41 [DEBUG] [21472] [COMPS.Data.AssetManager] adding [status.txt -> status.txt] to map
08/06 14:26:41 [DEBUG] [21472] [COMPS.Client] REQUEST -> GET https://comps.idmod.org/asset/download/wwV1pATGM8.v9oY-qAletOM5-fTwSshE8NQSAQVJ-Nw_/UmVzZXJ2ZWRGb3JGdXR1cmVVc2U_/XFxpbnRlcm5hbC5pZG0uY3RyXElETVxIb21lXGpvcnVzc2VsbFxvdXRwdXRcTWFsYXJpYSBDaGFsbGVuZ2VfdjEgSXRlcjBfMjAxOTA4MDZfMjEwMzA0XGEyNFxjMjFcYTU4XGEyNGMyMWE1LThkYjgtZTkxMS1hMmMxLWM0MzQ2YmNiMTU1NVxvdXRwdXRcTWFsYXJpYVBhdGllbnRSZXBvcnQuanNvbg__/MalariaPatientReport.json
08/06 14:26:57 [DEBUG] [21472] [COMPS.Client] REQUEST -> GET https://comps.idmod.org/asset/Simulations/b9172099-8db8-e911-a2c1-c4346bcb1555/Output {'flatten': 1}
08/06 14:26:58 [DEBUG] [21472] [COMPS.Data.AssetManager] adding [output/MalariaPatientReport.json -> MalariaPatientReport.json] to map
08/06 14:26:58 [DEBUG] [21472] [COMPS.Data.AssetManager] adding [output/DemographicsSummary.json -> DemographicsSummary.json] to map
08/06 14:26:58 [DEBUG] [21472] [COMPS.Data.AssetManager] adding [output/BinnedReport.json -> BinnedReport.json] to map
08/06 14:26:58 [DEBUG] [21472] [COMPS.Data.AssetManager] adding [output/InsetChart.json -> InsetChart.json] to map
08/06 14:26:58 [DEBUG] [21472] [COMPS.Data.AssetManager] adding [campaign.json -> campaign.json] to map
08/06 14:26:58 [DEBUG] [21472] [COMPS.Data.AssetManager] adding [config.json -> config.json] to map
08/06 14:26:58 [DEBUG] [21472] [COMPS.Data.AssetManager] adding [StdErr.txt -> StdErr.txt] to map
08/06 14:26:58 [DEBUG] [21472] [COMPS.Data.AssetManager] adding [emodules_map.json -> emodules_map.json] to map
08/06 14:26:58 [DEBUG] [21472] [COMPS.Data.AssetManager] adding [StdOut.txt -> StdOut.txt] to map
08/06 14:26:58 [DEBUG] [21472] [COMPS.Data.AssetManager] adding [custom_reports.json -> custom_reports.json] to map
08/06 14:26:58 [DEBUG] [21472] [COMPS.Data.AssetManager] adding [status.txt -> status.txt] to map
08/06 14:26:58 [DEBUG] [21472] [COMPS.Client] REQUEST -> GET https://comps.idmod.org/asset/download/IJQFknhzn1TQZPKabv.WoWXZQxVhLfHQfgGHFsHAnfw_/UmVzZXJ2ZWRGb3JGdXR1cmVVc2U_/XFxpbnRlcm5hbC5pZG0uY3RyXElETVxIb21lXGpvcnVzc2VsbFxvdXRwdXRcTWFsYXJpYSBDaGFsbGVuZ2VfdjEgSXRlcjBfMjAxOTA4MDZfMjEwMzA0XGE4NFxjMjFcYTU4XGE4NGMyMWE1LThkYjgtZTkxMS1hMmMxLWM0MzQ2YmNiMTU1NVxvdXRwdXRcTWFsYXJpYVBhdGllbnRSZXBvcnQuanNvbg__/MalariaPatientReport.json
08/06 14:27:11 [DEBUG] [21472] [COMPS.Client] REQUEST -> GET https://comps.idmod.org/asset/Simulations/9259189f-8db8-e911-a2c1-c4346bcb1555/Output {'flatten': 1}
08/06 14:27:11 [DEBUG] [21472] [COMPS.Data.AssetManager] adding [output/MalariaPatientReport.json -> MalariaPatientReport.json] to map
08/06 14:27:11 [DEBUG] [21472] [COMPS.Data.AssetManager] adding [output/DemographicsSummary.json -> DemographicsSummary.json] to map
08/06 14:27:11 [DEBUG] [21472] [COMPS.Data.AssetManager] adding [output/BinnedReport.json -> BinnedReport.json] to map
08/06 14:27:11 [DEBUG] [21472] [COMPS.Data.AssetManager] adding [output/InsetChart.json -> InsetChart.json] to map
08/06 14:27:11 [DEBUG] [21472] [COMPS.Data.AssetManager] adding [campaign.json -> campaign.json] to map
08/06 14:27:11 [DEBUG] [21472] [COMPS.Data.AssetManager] adding [config.json -> config.json] to map
08/06 14:27:11 [DEBUG] [21472] [COMPS.Data.AssetManager] adding [StdErr.txt -> StdErr.txt] to map
08/06 14:27:11 [DEBUG] [21472] [COMPS.Data.AssetManager] adding [emodules_map.json -> emodules_map.json] to map
08/06 14:27:11 [DEBUG] [21472] [COMPS.Data.AssetManager] adding [StdOut.txt -> StdOut.txt] to map
08/06 14:27:11 [DEBUG] [21472] [COMPS.Data.AssetManager] adding [custom_reports.json -> custom_reports.json] to map
08/06 14:27:11 [DEBUG] [21472] [COMPS.Data.AssetManager] adding [status.txt -> status.txt] to map
08/06 14:27:11 [DEBUG] [21472] [COMPS.Client] REQUEST -> GET https://comps.idmod.org/asset/download/AEnx1-pw-KkW5GpSFGlbI3u-Bi2xksxaeCzVjPYA5S4_/UmVzZXJ2ZWRGb3JGdXR1cmVVc2U_/XFxpbnRlcm5hbC5pZG0uY3RyXElETVxIb21lXGpvcnVzc2VsbFxvdXRwdXRcTWFsYXJpYSBDaGFsbGVuZ2VfdjEgSXRlcjBfMjAxOTA4MDZfMjEwMzA0XGU1MVw3MjNcYWI4XGU1MTcyM2FiLThkYjgtZTkxMS1hMmMxLWM0MzQ2YmNiMTU1NVxvdXRwdXRcTWFsYXJpYVBhdGllbnRSZXBvcnQuanNvbg__/MalariaPatientReport.json
08/06 14:27:27 [DEBUG] [21472] [COMPS.Client] REQUEST -> GET https://comps.idmod.org/asset/Simulations/9359189f-8db8-e911-a2c1-c4346bcb1555/Output {'flatten': 1}
08/06 14:27:27 [DEBUG] [21472] [COMPS.Data.AssetManager] adding [output/MalariaPatientReport.json -> MalariaPatientReport.json] to map
08/06 14:27:27 [DEBUG] [21472] [COMPS.Data.AssetManager] adding [output/DemographicsSummary.json -> DemographicsSummary.json] to map
08/06 14:27:27 [DEBUG] [21472] [COMPS.Data.AssetManager] adding [output/BinnedReport.json -> BinnedReport.json] to map
08/06 14:27:27 [DEBUG] [21472] [COMPS.Data.AssetManager] adding [output/InsetChart.json -> InsetChart.json] to map
08/06 14:27:27 [DEBUG] [21472] [COMPS.Data.AssetManager] adding [campaign.json -> campaign.json] to map
08/06 14:27:27 [DEBUG] [21472] [COMPS.Data.AssetManager] adding [config.json -> config.json] to map
08/06 14:27:27 [DEBUG] [21472] [COMPS.Data.AssetManager] adding [StdErr.txt -> StdErr.txt] to map
08/06 14:27:27 [DEBUG] [21472] [COMPS.Data.AssetManager] adding [emodules_map.json -> emodules_map.json] to map
08/06 14:27:27 [DEBUG] [21472] [COMPS.Data.AssetManager] adding [StdOut.txt -> StdOut.txt] to map
08/06 14:27:27 [DEBUG] [21472] [COMPS.Data.AssetManager] adding [custom_reports.json -> custom_reports.json] to map
08/06 14:27:27 [DEBUG] [21472] [COMPS.Data.AssetManager] adding [status.txt -> status.txt] to map
08/06 14:27:27 [DEBUG] [21472] [COMPS.Client] REQUEST -> GET https://comps.idmod.org/asset/download/Z3cobEGFhBZlvVELGE-4OUUMnXNVM4OOczw4BR.tbp4_/UmVzZXJ2ZWRGb3JGdXR1cmVVc2U_/XFxpbnRlcm5hbC5pZG0uY3RyXElETVxIb21lXGpvcnVzc2VsbFxvdXRwdXRcTWFsYXJpYSBDaGFsbGVuZ2VfdjEgSXRlcjBfMjAxOTA4MDZfMjEwMzA0XGU2MVw3MjNcYWI4XGU2MTcyM2FiLThkYjgtZTkxMS1hMmMxLWM0MzQ2YmNiMTU1NVxvdXRwdXRcTWFsYXJpYVBhdGllbnRSZXBvcnQuanNvbg__/MalariaPatientReport.json
08/06 14:27:42 [DEBUG] [21472] [COMPS.Client] REQUEST -> GET https://comps.idmod.org/asset/Simulations/9459189f-8db8-e911-a2c1-c4346bcb1555/Output {'flatten': 1}
08/06 14:27:42 [DEBUG] [21472] [COMPS.Data.AssetManager] adding [output/MalariaPatientReport.json -> MalariaPatientReport.json] to map
08/06 14:27:42 [DEBUG] [21472] [COMPS.Data.AssetManager] adding [output/DemographicsSummary.json -> DemographicsSummary.json] to map
08/06 14:27:42 [DEBUG] [21472] [COMPS.Data.AssetManager] adding [output/BinnedReport.json -> BinnedReport.json] to map
08/06 14:27:42 [DEBUG] [21472] [COMPS.Data.AssetManager] adding [output/InsetChart.json -> InsetChart.json] to map
08/06 14:27:42 [DEBUG] [21472] [COMPS.Data.AssetManager] adding [campaign.json -> campaign.json] to map
08/06 14:27:42 [DEBUG] [21472] [COMPS.Data.AssetManager] adding [config.json -> config.json] to map
08/06 14:27:42 [DEBUG] [21472] [COMPS.Data.AssetManager] adding [StdErr.txt -> StdErr.txt] to map
08/06 14:27:42 [DEBUG] [21472] [COMPS.Data.AssetManager] adding [emodules_map.json -> emodules_map.json] to map
08/06 14:27:42 [DEBUG] [21472] [COMPS.Data.AssetManager] adding [StdOut.txt -> StdOut.txt] to map
08/06 14:27:42 [DEBUG] [21472] [COMPS.Data.AssetManager] adding [custom_reports.json -> custom_reports.json] to map
08/06 14:27:42 [DEBUG] [21472] [COMPS.Data.AssetManager] adding [status.txt -> status.txt] to map
08/06 14:27:42 [DEBUG] [21472] [COMPS.Client] REQUEST -> GET https://comps.idmod.org/asset/download/BPAFSHawLEdJIm8bVazkuWB5OghWsAY35ousCRn1loY_/UmVzZXJ2ZWRGb3JGdXR1cmVVc2U_/XFxpbnRlcm5hbC5pZG0uY3RyXElETVxIb21lXGpvcnVzc2VsbFxvdXRwdXRcTWFsYXJpYSBDaGFsbGVuZ2VfdjEgSXRlcjBfMjAxOTA4MDZfMjEwMzA0XGViMVw3MjNcYWI4XGViMTcyM2FiLThkYjgtZTkxMS1hMmMxLWM0MzQ2YmNiMTU1NVxvdXRwdXRcTWFsYXJpYVBhdGllbnRSZXBvcnQuanNvbg__/MalariaPatientReport.json
08/06 14:27:56 [DEBUG] [21472] [COMPS.Client] REQUEST -> GET https://comps.idmod.org/asset/Simulations/9559189f-8db8-e911-a2c1-c4346bcb1555/Output {'flatten': 1}
08/06 14:27:56 [DEBUG] [21472] [COMPS.Data.AssetManager] adding [output/MalariaPatientReport.json -> MalariaPatientReport.json] to map
08/06 14:27:56 [DEBUG] [21472] [COMPS.Data.AssetManager] adding [output/DemographicsSummary.json -> DemographicsSummary.json] to map
08/06 14:27:56 [DEBUG] [21472] [COMPS.Data.AssetManager] adding [output/BinnedReport.json -> BinnedReport.json] to map
08/06 14:27:56 [DEBUG] [21472] [COMPS.Data.AssetManager] adding [output/InsetChart.json -> InsetChart.json] to map
08/06 14:27:56 [DEBUG] [21472] [COMPS.Data.AssetManager] adding [campaign.json -> campaign.json] to map
08/06 14:27:56 [DEBUG] [21472] [COMPS.Data.AssetManager] adding [config.json -> config.json] to map
08/06 14:27:56 [DEBUG] [21472] [COMPS.Data.AssetManager] adding [StdErr.txt -> StdErr.txt] to map
08/06 14:27:56 [DEBUG] [21472] [COMPS.Data.AssetManager] adding [emodules_map.json -> emodules_map.json] to map
08/06 14:27:56 [DEBUG] [21472] [COMPS.Data.AssetManager] adding [StdOut.txt -> StdOut.txt] to map
08/06 14:27:56 [DEBUG] [21472] [COMPS.Data.AssetManager] adding [custom_reports.json -> custom_reports.json] to map
08/06 14:27:56 [DEBUG] [21472] [COMPS.Data.AssetManager] adding [status.txt -> status.txt] to map
08/06 14:27:56 [DEBUG] [21472] [COMPS.Client] REQUEST -> GET https://comps.idmod.org/asset/download/tTl-qdqHvD1Dhpypmyn1OfQABzQhl8-puBGQjoYgI5g_/UmVzZXJ2ZWRGb3JGdXR1cmVVc2U_/XFxpbnRlcm5hbC5pZG0uY3RyXElETVxIb21lXGpvcnVzc2VsbFxvdXRwdXRcTWFsYXJpYSBDaGFsbGVuZ2VfdjEgSXRlcjBfMjAxOTA4MDZfMjEwMzA0XGVkMVw3MjNcYWI4XGVkMTcyM2FiLThkYjgtZTkxMS1hMmMxLWM0MzQ2YmNiMTU1NVxvdXRwdXRcTWFsYXJpYVBhdGllbnRSZXBvcnQuanNvbg__/MalariaPatientReport.json
08/06 14:28:11 [DEBUG] [21472] [COMPS.Client] REQUEST -> GET https://comps.idmod.org/asset/Simulations/9659189f-8db8-e911-a2c1-c4346bcb1555/Output {'flatten': 1}
08/06 14:28:11 [DEBUG] [21472] [COMPS.Data.AssetManager] adding [output/MalariaPatientReport.json -> MalariaPatientReport.json] to map
08/06 14:28:11 [DEBUG] [21472] [COMPS.Data.AssetManager] adding [output/DemographicsSummary.json -> DemographicsSummary.json] to map
08/06 14:28:11 [DEBUG] [21472] [COMPS.Data.AssetManager] adding [output/BinnedReport.json -> BinnedReport.json] to map
08/06 14:28:11 [DEBUG] [21472] [COMPS.Data.AssetManager] adding [output/InsetChart.json -> InsetChart.json] to map
08/06 14:28:11 [DEBUG] [21472] [COMPS.Data.AssetManager] adding [campaign.json -> campaign.json] to map
08/06 14:28:11 [DEBUG] [21472] [COMPS.Data.AssetManager] adding [config.json -> config.json] to map
08/06 14:28:11 [DEBUG] [21472] [COMPS.Data.AssetManager] adding [StdErr.txt -> StdErr.txt] to map
08/06 14:28:11 [DEBUG] [21472] [COMPS.Data.AssetManager] adding [emodules_map.json -> emodules_map.json] to map
08/06 14:28:11 [DEBUG] [21472] [COMPS.Data.AssetManager] adding [StdOut.txt -> StdOut.txt] to map
08/06 14:28:11 [DEBUG] [21472] [COMPS.Data.AssetManager] adding [custom_reports.json -> custom_reports.json] to map
08/06 14:28:11 [DEBUG] [21472] [COMPS.Data.AssetManager] adding [status.txt -> status.txt] to map
08/06 14:28:11 [DEBUG] [21472] [COMPS.Client] REQUEST -> GET https://comps.idmod.org/asset/download/tmXjR13r2XUO7S8ZoGdkwTG4MDClg5EAfZmiNGe4TvU_/UmVzZXJ2ZWRGb3JGdXR1cmVVc2U_/XFxpbnRlcm5hbC5pZG0uY3RyXElETVxIb21lXGpvcnVzc2VsbFxvdXRwdXRcTWFsYXJpYSBDaGFsbGVuZ2VfdjEgSXRlcjBfMjAxOTA4MDZfMjEwMzA0XGYyMVw3MjNcYWI4XGYyMTcyM2FiLThkYjgtZTkxMS1hMmMxLWM0MzQ2YmNiMTU1NVxvdXRwdXRcTWFsYXJpYVBhdGllbnRSZXBvcnQuanNvbg__/MalariaPatientReport.json
08/06 14:28:24 [DEBUG] [21472] [COMPS.Client] REQUEST -> GET https://comps.idmod.org/asset/Simulations/9759189f-8db8-e911-a2c1-c4346bcb1555/Output {'flatten': 1}
08/06 14:28:24 [DEBUG] [21472] [COMPS.Data.AssetManager] adding [output/MalariaPatientReport.json -> MalariaPatientReport.json] to map
08/06 14:28:24 [DEBUG] [21472] [COMPS.Data.AssetManager] adding [output/DemographicsSummary.json -> DemographicsSummary.json] to map
08/06 14:28:24 [DEBUG] [21472] [COMPS.Data.AssetManager] adding [output/BinnedReport.json -> BinnedReport.json] to map
08/06 14:28:24 [DEBUG] [21472] [COMPS.Data.AssetManager] adding [output/InsetChart.json -> InsetChart.json] to map
08/06 14:28:24 [DEBUG] [21472] [COMPS.Data.AssetManager] adding [campaign.json -> campaign.json] to map
08/06 14:28:24 [DEBUG] [21472] [COMPS.Data.AssetManager] adding [config.json -> config.json] to map
08/06 14:28:24 [DEBUG] [21472] [COMPS.Data.AssetManager] adding [StdErr.txt -> StdErr.txt] to map
08/06 14:28:24 [DEBUG] [21472] [COMPS.Data.AssetManager] adding [emodules_map.json -> emodules_map.json] to map
08/06 14:28:24 [DEBUG] [21472] [COMPS.Data.AssetManager] adding [StdOut.txt -> StdOut.txt] to map
08/06 14:28:24 [DEBUG] [21472] [COMPS.Data.AssetManager] adding [custom_reports.json -> custom_reports.json] to map
08/06 14:28:24 [DEBUG] [21472] [COMPS.Data.AssetManager] adding [status.txt -> status.txt] to map
08/06 14:28:24 [DEBUG] [21472] [COMPS.Client] REQUEST -> GET https://comps.idmod.org/asset/download/trSXXj1CoXK-pbWfZFbH2eDXOOgJseDlRRyF.Xq7q7g_/UmVzZXJ2ZWRGb3JGdXR1cmVVc2U_/XFxpbnRlcm5hbC5pZG0uY3RyXElETVxIb21lXGpvcnVzc2VsbFxvdXRwdXRcTWFsYXJpYSBDaGFsbGVuZ2VfdjEgSXRlcjBfMjAxOTA4MDZfMjEwMzA0XGY2MVw3MjNcYWI4XGY2MTcyM2FiLThkYjgtZTkxMS1hMmMxLWM0MzQ2YmNiMTU1NVxvdXRwdXRcTWFsYXJpYVBhdGllbnRSZXBvcnQuanNvbg__/MalariaPatientReport.json
08/06 14:28:39 [DEBUG] [21472] [COMPS.Client] REQUEST -> GET https://comps.idmod.org/asset/Simulations/9859189f-8db8-e911-a2c1-c4346bcb1555/Output {'flatten': 1}
08/06 14:28:40 [DEBUG] [21472] [COMPS.Data.AssetManager] adding [output/MalariaPatientReport.json -> MalariaPatientReport.json] to map
08/06 14:28:40 [DEBUG] [21472] [COMPS.Data.AssetManager] adding [output/DemographicsSummary.json -> DemographicsSummary.json] to map
08/06 14:28:40 [DEBUG] [21472] [COMPS.Data.AssetManager] adding [output/BinnedReport.json -> BinnedReport.json] to map
08/06 14:28:40 [DEBUG] [21472] [COMPS.Data.AssetManager] adding [output/InsetChart.json -> InsetChart.json] to map
08/06 14:28:40 [DEBUG] [21472] [COMPS.Data.AssetManager] adding [campaign.json -> campaign.json] to map
08/06 14:28:40 [DEBUG] [21472] [COMPS.Data.AssetManager] adding [config.json -> config.json] to map
08/06 14:28:40 [DEBUG] [21472] [COMPS.Data.AssetManager] adding [StdErr.txt -> StdErr.txt] to map
08/06 14:28:40 [DEBUG] [21472] [COMPS.Data.AssetManager] adding [emodules_map.json -> emodules_map.json] to map
08/06 14:28:40 [DEBUG] [21472] [COMPS.Data.AssetManager] adding [StdOut.txt -> StdOut.txt] to map
08/06 14:28:40 [DEBUG] [21472] [COMPS.Data.AssetManager] adding [custom_reports.json -> custom_reports.json] to map
08/06 14:28:40 [DEBUG] [21472] [COMPS.Data.AssetManager] adding [status.txt -> status.txt] to map
08/06 14:28:40 [DEBUG] [21472] [COMPS.Client] REQUEST -> GET https://comps.idmod.org/asset/download/IfCq48glfCcN-xZxlK1oEOxTXiGBusixZYjunu0Oqg0_/UmVzZXJ2ZWRGb3JGdXR1cmVVc2U_/XFxpbnRlcm5hbC5pZG0uY3RyXElETVxIb21lXGpvcnVzc2VsbFxvdXRwdXRcTWFsYXJpYSBDaGFsbGVuZ2VfdjEgSXRlcjBfMjAxOTA4MDZfMjEwMzA0XGZhMVw3MjNcYWI4XGZhMTcyM2FiLThkYjgtZTkxMS1hMmMxLWM0MzQ2YmNiMTU1NVxvdXRwdXRcTWFsYXJpYVBhdGllbnRSZXBvcnQuanNvbg__/MalariaPatientReport.json
08/06 14:28:53 [DEBUG] [21472] [COMPS.Client] REQUEST -> GET https://comps.idmod.org/asset/Simulations/9959189f-8db8-e911-a2c1-c4346bcb1555/Output {'flatten': 1}
08/06 14:28:53 [DEBUG] [21472] [COMPS.Data.AssetManager] adding [output/MalariaPatientReport.json -> MalariaPatientReport.json] to map
08/06 14:28:53 [DEBUG] [21472] [COMPS.Data.AssetManager] adding [output/DemographicsSummary.json -> DemographicsSummary.json] to map
08/06 14:28:53 [DEBUG] [21472] [COMPS.Data.AssetManager] adding [output/BinnedReport.json -> BinnedReport.json] to map
08/06 14:28:53 [DEBUG] [21472] [COMPS.Data.AssetManager] adding [output/InsetChart.json -> InsetChart.json] to map
08/06 14:28:53 [DEBUG] [21472] [COMPS.Data.AssetManager] adding [campaign.json -> campaign.json] to map
08/06 14:28:53 [DEBUG] [21472] [COMPS.Data.AssetManager] adding [config.json -> config.json] to map
08/06 14:28:53 [DEBUG] [21472] [COMPS.Data.AssetManager] adding [StdErr.txt -> StdErr.txt] to map
08/06 14:28:53 [DEBUG] [21472] [COMPS.Data.AssetManager] adding [emodules_map.json -> emodules_map.json] to map
08/06 14:28:53 [DEBUG] [21472] [COMPS.Data.AssetManager] adding [StdOut.txt -> StdOut.txt] to map
08/06 14:28:53 [DEBUG] [21472] [COMPS.Data.AssetManager] adding [custom_reports.json -> custom_reports.json] to map
08/06 14:28:53 [DEBUG] [21472] [COMPS.Data.AssetManager] adding [status.txt -> status.txt] to map
08/06 14:28:53 [DEBUG] [21472] [COMPS.Client] REQUEST -> GET https://comps.idmod.org/asset/download/3apoYxbKyWlaJNXGkbxnH2sc4jucWtwW2qPfw.CMw74_/UmVzZXJ2ZWRGb3JGdXR1cmVVc2U_/XFxpbnRlcm5hbC5pZG0uY3RyXElETVxIb21lXGpvcnVzc2VsbFxvdXRwdXRcTWFsYXJpYSBDaGFsbGVuZ2VfdjEgSXRlcjBfMjAxOTA4MDZfMjEwMzA0XGZiMVw3MjNcYWI4XGZiMTcyM2FiLThkYjgtZTkxMS1hMmMxLWM0MzQ2YmNiMTU1NVxvdXRwdXRcTWFsYXJpYVBhdGllbnRSZXBvcnQuanNvbg__/MalariaPatientReport.json
08/06 14:29:08 [DEBUG] [13108] [COMPS.Client] REQUEST -> GET https://comps.idmod.org/asset/Simulations/fe172099-8db8-e911-a2c1-c4346bcb1555/Output {'flatten': 1}
08/06 14:29:08 [DEBUG] [13108] [COMPS.Data.AssetManager] adding [output/MalariaPatientReport.json -> MalariaPatientReport.json] to map
08/06 14:29:08 [DEBUG] [13108] [COMPS.Data.AssetManager] adding [output/DemographicsSummary.json -> DemographicsSummary.json] to map
08/06 14:29:08 [DEBUG] [13108] [COMPS.Data.AssetManager] adding [output/BinnedReport.json -> BinnedReport.json] to map
08/06 14:29:08 [DEBUG] [13108] [COMPS.Data.AssetManager] adding [output/InsetChart.json -> InsetChart.json] to map
08/06 14:29:08 [DEBUG] [13108] [COMPS.Data.AssetManager] adding [campaign.json -> campaign.json] to map
08/06 14:29:08 [DEBUG] [13108] [COMPS.Data.AssetManager] adding [config.json -> config.json] to map
08/06 14:29:08 [DEBUG] [13108] [COMPS.Data.AssetManager] adding [StdErr.txt -> StdErr.txt] to map
08/06 14:29:08 [DEBUG] [13108] [COMPS.Data.AssetManager] adding [emodules_map.json -> emodules_map.json] to map
08/06 14:29:08 [DEBUG] [13108] [COMPS.Data.AssetManager] adding [StdOut.txt -> StdOut.txt] to map
08/06 14:29:08 [DEBUG] [13108] [COMPS.Data.AssetManager] adding [custom_reports.json -> custom_reports.json] to map
08/06 14:29:08 [DEBUG] [13108] [COMPS.Data.AssetManager] adding [status.txt -> status.txt] to map
08/06 14:29:08 [DEBUG] [13108] [COMPS.Client] REQUEST -> GET https://comps.idmod.org/asset/download/50Mbd2yB3xAP1PYCdGDuFFFbppKbhVECfm7lTS0q9xw_/UmVzZXJ2ZWRGb3JGdXR1cmVVc2U_/XFxpbnRlcm5hbC5pZG0uY3RyXElETVxIb21lXGpvcnVzc2VsbFxvdXRwdXRcTWFsYXJpYSBDaGFsbGVuZ2VfdjEgSXRlcjBfMjAxOTA4MDZfMjEwMzA0XGQyMVw3MjNcYWI4XGQyMTcyM2FiLThkYjgtZTkxMS1hMmMxLWM0MzQ2YmNiMTU1NVxvdXRwdXRcTWFsYXJpYVBhdGllbnRSZXBvcnQuanNvbg__/MalariaPatientReport.json
08/06 14:29:23 [DEBUG] [21472] [COMPS.Client] REQUEST -> GET https://comps.idmod.org/asset/Simulations/9b59189f-8db8-e911-a2c1-c4346bcb1555/Output {'flatten': 1}
08/06 14:29:23 [DEBUG] [21472] [COMPS.Data.AssetManager] adding [output/MalariaPatientReport.json -> MalariaPatientReport.json] to map
08/06 14:29:23 [DEBUG] [21472] [COMPS.Data.AssetManager] adding [output/DemographicsSummary.json -> DemographicsSummary.json] to map
08/06 14:29:23 [DEBUG] [21472] [COMPS.Data.AssetManager] adding [output/BinnedReport.json -> BinnedReport.json] to map
08/06 14:29:23 [DEBUG] [21472] [COMPS.Data.AssetManager] adding [output/InsetChart.json -> InsetChart.json] to map
08/06 14:29:23 [DEBUG] [21472] [COMPS.Data.AssetManager] adding [campaign.json -> campaign.json] to map
08/06 14:29:23 [DEBUG] [21472] [COMPS.Data.AssetManager] adding [config.json -> config.json] to map
08/06 14:29:23 [DEBUG] [21472] [COMPS.Data.AssetManager] adding [StdErr.txt -> StdErr.txt] to map
08/06 14:29:23 [DEBUG] [21472] [COMPS.Data.AssetManager] adding [emodules_map.json -> emodules_map.json] to map
08/06 14:29:23 [DEBUG] [21472] [COMPS.Data.AssetManager] adding [StdOut.txt -> StdOut.txt] to map
08/06 14:29:23 [DEBUG] [21472] [COMPS.Data.AssetManager] adding [custom_reports.json -> custom_reports.json] to map
08/06 14:29:23 [DEBUG] [21472] [COMPS.Data.AssetManager] adding [status.txt -> status.txt] to map
08/06 14:29:23 [DEBUG] [21472] [COMPS.Client] REQUEST -> GET https://comps.idmod.org/asset/download/J.RyCt-ks0lqWuBTyuPnJ3X47sF3dhoEOZb2w28NDnQ_/UmVzZXJ2ZWRGb3JGdXR1cmVVc2U_/XFxpbnRlcm5hbC5pZG0uY3RyXElETVxIb21lXGpvcnVzc2VsbFxvdXRwdXRcTWFsYXJpYSBDaGFsbGVuZ2VfdjEgSXRlcjBfMjAxOTA4MDZfMjEwMzA0XDAzMVw4MjNcYWI4XDAzMTgyM2FiLThkYjgtZTkxMS1hMmMxLWM0MzQ2YmNiMTU1NVxvdXRwdXRcTWFsYXJpYVBhdGllbnRSZXBvcnQuanNvbg__/MalariaPatientReport.json
08/06 14:29:40 [DEBUG] [21472] [COMPS.Client] REQUEST -> GET https://comps.idmod.org/asset/Simulations/9c59189f-8db8-e911-a2c1-c4346bcb1555/Output {'flatten': 1}
08/06 14:29:40 [DEBUG] [21472] [COMPS.Data.AssetManager] adding [output/MalariaPatientReport.json -> MalariaPatientReport.json] to map
08/06 14:29:40 [DEBUG] [21472] [COMPS.Data.AssetManager] adding [output/DemographicsSummary.json -> DemographicsSummary.json] to map
08/06 14:29:40 [DEBUG] [21472] [COMPS.Data.AssetManager] adding [output/BinnedReport.json -> BinnedReport.json] to map
08/06 14:29:40 [DEBUG] [21472] [COMPS.Data.AssetManager] adding [output/InsetChart.json -> InsetChart.json] to map
08/06 14:29:40 [DEBUG] [21472] [COMPS.Data.AssetManager] adding [campaign.json -> campaign.json] to map
08/06 14:29:40 [DEBUG] [21472] [COMPS.Data.AssetManager] adding [config.json -> config.json] to map
08/06 14:29:40 [DEBUG] [21472] [COMPS.Data.AssetManager] adding [StdErr.txt -> StdErr.txt] to map
08/06 14:29:40 [DEBUG] [21472] [COMPS.Data.AssetManager] adding [emodules_map.json -> emodules_map.json] to map
08/06 14:29:40 [DEBUG] [21472] [COMPS.Data.AssetManager] adding [StdOut.txt -> StdOut.txt] to map
08/06 14:29:40 [DEBUG] [21472] [COMPS.Data.AssetManager] adding [custom_reports.json -> custom_reports.json] to map
08/06 14:29:40 [DEBUG] [21472] [COMPS.Data.AssetManager] adding [status.txt -> status.txt] to map
08/06 14:29:40 [DEBUG] [21472] [COMPS.Client] REQUEST -> GET https://comps.idmod.org/asset/download/QOBk2UssL76naRmOXse6uwnmXoYPGeZMmcSJTWVvv3A_/UmVzZXJ2ZWRGb3JGdXR1cmVVc2U_/XFxpbnRlcm5hbC5pZG0uY3RyXElETVxIb21lXGpvcnVzc2VsbFxvdXRwdXRcTWFsYXJpYSBDaGFsbGVuZ2VfdjEgSXRlcjBfMjAxOTA4MDZfMjEwMzA0XDA2MVw4MjNcYWI4XDA2MTgyM2FiLThkYjgtZTkxMS1hMmMxLWM0MzQ2YmNiMTU1NVxvdXRwdXRcTWFsYXJpYVBhdGllbnRSZXBvcnQuanNvbg__/MalariaPatientReport.json
08/06 14:29:55 [DEBUG] [21472] [COMPS.Client] REQUEST -> GET https://comps.idmod.org/asset/Simulations/9d59189f-8db8-e911-a2c1-c4346bcb1555/Output {'flatten': 1}
08/06 14:29:55 [DEBUG] [21472] [COMPS.Data.AssetManager] adding [output/MalariaPatientReport.json -> MalariaPatientReport.json] to map
08/06 14:29:55 [DEBUG] [21472] [COMPS.Data.AssetManager] adding [output/DemographicsSummary.json -> DemographicsSummary.json] to map
08/06 14:29:55 [DEBUG] [21472] [COMPS.Data.AssetManager] adding [output/BinnedReport.json -> BinnedReport.json] to map
08/06 14:29:55 [DEBUG] [21472] [COMPS.Data.AssetManager] adding [output/InsetChart.json -> InsetChart.json] to map
08/06 14:29:55 [DEBUG] [21472] [COMPS.Data.AssetManager] adding [campaign.json -> campaign.json] to map
08/06 14:29:55 [DEBUG] [21472] [COMPS.Data.AssetManager] adding [config.json -> config.json] to map
08/06 14:29:55 [DEBUG] [21472] [COMPS.Data.AssetManager] adding [StdErr.txt -> StdErr.txt] to map
08/06 14:29:55 [DEBUG] [21472] [COMPS.Data.AssetManager] adding [emodules_map.json -> emodules_map.json] to map
08/06 14:29:55 [DEBUG] [21472] [COMPS.Data.AssetManager] adding [StdOut.txt -> StdOut.txt] to map
08/06 14:29:55 [DEBUG] [21472] [COMPS.Data.AssetManager] adding [custom_reports.json -> custom_reports.json] to map
08/06 14:29:55 [DEBUG] [21472] [COMPS.Data.AssetManager] adding [status.txt -> status.txt] to map
08/06 14:29:55 [DEBUG] [21472] [COMPS.Client] REQUEST -> GET https://comps.idmod.org/asset/download/uIJFzr-CzBM49votNsQOr8lczf0CycPG1Y1.mvhPNEM_/UmVzZXJ2ZWRGb3JGdXR1cmVVc2U_/XFxpbnRlcm5hbC5pZG0uY3RyXElETVxIb21lXGpvcnVzc2VsbFxvdXRwdXRcTWFsYXJpYSBDaGFsbGVuZ2VfdjEgSXRlcjBfMjAxOTA4MDZfMjEwMzA0XDBhMVw4MjNcYWI4XDBhMTgyM2FiLThkYjgtZTkxMS1hMmMxLWM0MzQ2YmNiMTU1NVxvdXRwdXRcTWFsYXJpYVBhdGllbnRSZXBvcnQuanNvbg__/MalariaPatientReport.json
08/06 14:30:10 [DEBUG] [21472] [COMPS.Client] REQUEST -> GET https://comps.idmod.org/asset/Simulations/9e59189f-8db8-e911-a2c1-c4346bcb1555/Output {'flatten': 1}
08/06 14:30:10 [DEBUG] [21472] [COMPS.Data.AssetManager] adding [output/MalariaPatientReport.json -> MalariaPatientReport.json] to map
08/06 14:30:10 [DEBUG] [21472] [COMPS.Data.AssetManager] adding [output/DemographicsSummary.json -> DemographicsSummary.json] to map
08/06 14:30:10 [DEBUG] [21472] [COMPS.Data.AssetManager] adding [output/BinnedReport.json -> BinnedReport.json] to map
08/06 14:30:10 [DEBUG] [21472] [COMPS.Data.AssetManager] adding [output/InsetChart.json -> InsetChart.json] to map
08/06 14:30:10 [DEBUG] [21472] [COMPS.Data.AssetManager] adding [campaign.json -> campaign.json] to map
08/06 14:30:10 [DEBUG] [21472] [COMPS.Data.AssetManager] adding [config.json -> config.json] to map
08/06 14:30:10 [DEBUG] [21472] [COMPS.Data.AssetManager] adding [StdErr.txt -> StdErr.txt] to map
08/06 14:30:10 [DEBUG] [21472] [COMPS.Data.AssetManager] adding [emodules_map.json -> emodules_map.json] to map
08/06 14:30:10 [DEBUG] [21472] [COMPS.Data.AssetManager] adding [StdOut.txt -> StdOut.txt] to map
08/06 14:30:10 [DEBUG] [21472] [COMPS.Data.AssetManager] adding [custom_reports.json -> custom_reports.json] to map
08/06 14:30:10 [DEBUG] [21472] [COMPS.Data.AssetManager] adding [status.txt -> status.txt] to map
08/06 14:30:10 [DEBUG] [21472] [COMPS.Client] REQUEST -> GET https://comps.idmod.org/asset/download/tF7aOCdn2bNJRXLXXhMNi8zuoRuqin79N-C34KIRxAg_/UmVzZXJ2ZWRGb3JGdXR1cmVVc2U_/XFxpbnRlcm5hbC5pZG0uY3RyXElETVxIb21lXGpvcnVzc2VsbFxvdXRwdXRcTWFsYXJpYSBDaGFsbGVuZ2VfdjEgSXRlcjBfMjAxOTA4MDZfMjEwMzA0XDBlMVw4MjNcYWI4XDBlMTgyM2FiLThkYjgtZTkxMS1hMmMxLWM0MzQ2YmNiMTU1NVxvdXRwdXRcTWFsYXJpYVBhdGllbnRSZXBvcnQuanNvbg__/MalariaPatientReport.json
08/06 14:30:24 [DEBUG] [21472] [COMPS.Client] REQUEST -> GET https://comps.idmod.org/asset/Simulations/be59189f-8db8-e911-a2c1-c4346bcb1555/Output {'flatten': 1}
08/06 14:30:24 [DEBUG] [21472] [COMPS.Data.AssetManager] adding [output/MalariaPatientReport.json -> MalariaPatientReport.json] to map
08/06 14:30:24 [DEBUG] [21472] [COMPS.Data.AssetManager] adding [output/DemographicsSummary.json -> DemographicsSummary.json] to map
08/06 14:30:24 [DEBUG] [21472] [COMPS.Data.AssetManager] adding [output/BinnedReport.json -> BinnedReport.json] to map
08/06 14:30:24 [DEBUG] [21472] [COMPS.Data.AssetManager] adding [output/InsetChart.json -> InsetChart.json] to map
08/06 14:30:24 [DEBUG] [21472] [COMPS.Data.AssetManager] adding [campaign.json -> campaign.json] to map
08/06 14:30:24 [DEBUG] [21472] [COMPS.Data.AssetManager] adding [config.json -> config.json] to map
08/06 14:30:24 [DEBUG] [21472] [COMPS.Data.AssetManager] adding [StdErr.txt -> StdErr.txt] to map
08/06 14:30:24 [DEBUG] [21472] [COMPS.Data.AssetManager] adding [emodules_map.json -> emodules_map.json] to map
08/06 14:30:24 [DEBUG] [21472] [COMPS.Data.AssetManager] adding [StdOut.txt -> StdOut.txt] to map
08/06 14:30:24 [DEBUG] [21472] [COMPS.Data.AssetManager] adding [custom_reports.json -> custom_reports.json] to map
08/06 14:30:24 [DEBUG] [21472] [COMPS.Data.AssetManager] adding [status.txt -> status.txt] to map
08/06 14:30:24 [DEBUG] [21472] [COMPS.Client] REQUEST -> GET https://comps.idmod.org/asset/download/NyvVKphnWMilaa9lzpZjPA0g7wpkpHHPWyF5ZlNIFtc_/UmVzZXJ2ZWRGb3JGdXR1cmVVc2U_/XFxpbnRlcm5hbC5pZG0uY3RyXElETVxIb21lXGpvcnVzc2VsbFxvdXRwdXRcTWFsYXJpYSBDaGFsbGVuZ2VfdjEgSXRlcjBfMjAxOTA4MDZfMjEwMzA0XDgwMVw4MjNcYWI4XDgwMTgyM2FiLThkYjgtZTkxMS1hMmMxLWM0MzQ2YmNiMTU1NVxvdXRwdXRcTWFsYXJpYVBhdGllbnRSZXBvcnQuanNvbg__/MalariaPatientReport.json
08/06 14:30:52 [DEBUG] [19728] [COMPS.Client] REQUEST -> GET https://comps.idmod.org/asset/Simulations/c059189f-8db8-e911-a2c1-c4346bcb1555/Output {'flatten': 1}
08/06 14:30:52 [DEBUG] [19728] [COMPS.Data.AssetManager] adding [output/MalariaPatientReport.json -> MalariaPatientReport.json] to map
08/06 14:30:52 [DEBUG] [19728] [COMPS.Data.AssetManager] adding [output/DemographicsSummary.json -> DemographicsSummary.json] to map
08/06 14:30:52 [DEBUG] [19728] [COMPS.Data.AssetManager] adding [output/BinnedReport.json -> BinnedReport.json] to map
08/06 14:30:52 [DEBUG] [19728] [COMPS.Data.AssetManager] adding [output/InsetChart.json -> InsetChart.json] to map
08/06 14:30:52 [DEBUG] [19728] [COMPS.Data.AssetManager] adding [campaign.json -> campaign.json] to map
08/06 14:30:52 [DEBUG] [19728] [COMPS.Data.AssetManager] adding [config.json -> config.json] to map
08/06 14:30:52 [DEBUG] [19728] [COMPS.Data.AssetManager] adding [StdErr.txt -> StdErr.txt] to map
08/06 14:30:52 [DEBUG] [19728] [COMPS.Data.AssetManager] adding [emodules_map.json -> emodules_map.json] to map
08/06 14:30:52 [DEBUG] [19728] [COMPS.Data.AssetManager] adding [StdOut.txt -> StdOut.txt] to map
08/06 14:30:52 [DEBUG] [19728] [COMPS.Data.AssetManager] adding [custom_reports.json -> custom_reports.json] to map
08/06 14:30:52 [DEBUG] [19728] [COMPS.Data.AssetManager] adding [status.txt -> status.txt] to map
08/06 14:30:52 [DEBUG] [19728] [COMPS.Client] REQUEST -> GET https://comps.idmod.org/asset/download/gNlx5p29LU0xwEIbq8a8jSFpjEMWq-3Hz.oqdi-07GY_/UmVzZXJ2ZWRGb3JGdXR1cmVVc2U_/XFxpbnRlcm5hbC5pZG0uY3RyXElETVxIb21lXGpvcnVzc2VsbFxvdXRwdXRcTWFsYXJpYSBDaGFsbGVuZ2VfdjEgSXRlcjBfMjAxOTA4MDZfMjEwMzA0XDg3MVw4MjNcYWI4XDg3MTgyM2FiLThkYjgtZTkxMS1hMmMxLWM0MzQ2YmNiMTU1NVxvdXRwdXRcTWFsYXJpYVBhdGllbnRSZXBvcnQuanNvbg__/MalariaPatientReport.json
08/06 14:31:19 [DEBUG] [19728] [COMPS.Client] REQUEST -> GET https://comps.idmod.org/asset/Simulations/c259189f-8db8-e911-a2c1-c4346bcb1555/Output {'flatten': 1}
08/06 14:31:19 [DEBUG] [19728] [COMPS.Data.AssetManager] adding [output/MalariaPatientReport.json -> MalariaPatientReport.json] to map
08/06 14:31:19 [DEBUG] [19728] [COMPS.Data.AssetManager] adding [output/DemographicsSummary.json -> DemographicsSummary.json] to map
08/06 14:31:19 [DEBUG] [19728] [COMPS.Data.AssetManager] adding [output/BinnedReport.json -> BinnedReport.json] to map
08/06 14:31:19 [DEBUG] [19728] [COMPS.Data.AssetManager] adding [output/InsetChart.json -> InsetChart.json] to map
08/06 14:31:19 [DEBUG] [19728] [COMPS.Data.AssetManager] adding [campaign.json -> campaign.json] to map
08/06 14:31:19 [DEBUG] [19728] [COMPS.Data.AssetManager] adding [config.json -> config.json] to map
08/06 14:31:19 [DEBUG] [19728] [COMPS.Data.AssetManager] adding [StdErr.txt -> StdErr.txt] to map
08/06 14:31:19 [DEBUG] [19728] [COMPS.Data.AssetManager] adding [emodules_map.json -> emodules_map.json] to map
08/06 14:31:19 [DEBUG] [19728] [COMPS.Data.AssetManager] adding [StdOut.txt -> StdOut.txt] to map
08/06 14:31:19 [DEBUG] [19728] [COMPS.Data.AssetManager] adding [custom_reports.json -> custom_reports.json] to map
08/06 14:31:19 [DEBUG] [19728] [COMPS.Data.AssetManager] adding [status.txt -> status.txt] to map
08/06 14:31:19 [DEBUG] [19728] [COMPS.Client] REQUEST -> GET https://comps.idmod.org/asset/download/O4Jtlg2D9D2MZhMtuEcqZqXRGl1TSllYGE8Noy4hGyg_/UmVzZXJ2ZWRGb3JGdXR1cmVVc2U_/XFxpbnRlcm5hbC5pZG0uY3RyXElETVxIb21lXGpvcnVzc2VsbFxvdXRwdXRcTWFsYXJpYSBDaGFsbGVuZ2VfdjEgSXRlcjBfMjAxOTA4MDZfMjEwMzA0XDhmMVw4MjNcYWI4XDhmMTgyM2FiLThkYjgtZTkxMS1hMmMxLWM0MzQ2YmNiMTU1NVxvdXRwdXRcTWFsYXJpYVBhdGllbnRSZXBvcnQuanNvbg__/MalariaPatientReport.json
08/06 14:31:46 [DEBUG] [21472] [COMPS.Client] REQUEST -> GET https://comps.idmod.org/asset/Simulations/c859189f-8db8-e911-a2c1-c4346bcb1555/Output {'flatten': 1}
08/06 14:31:46 [DEBUG] [21472] [COMPS.Data.AssetManager] adding [output/MalariaPatientReport.json -> MalariaPatientReport.json] to map
08/06 14:31:46 [DEBUG] [21472] [COMPS.Data.AssetManager] adding [output/DemographicsSummary.json -> DemographicsSummary.json] to map
08/06 14:31:46 [DEBUG] [21472] [COMPS.Data.AssetManager] adding [output/BinnedReport.json -> BinnedReport.json] to map
08/06 14:31:46 [DEBUG] [21472] [COMPS.Data.AssetManager] adding [output/InsetChart.json -> InsetChart.json] to map
08/06 14:31:46 [DEBUG] [21472] [COMPS.Data.AssetManager] adding [campaign.json -> campaign.json] to map
08/06 14:31:46 [DEBUG] [21472] [COMPS.Data.AssetManager] adding [config.json -> config.json] to map
08/06 14:31:46 [DEBUG] [21472] [COMPS.Data.AssetManager] adding [StdErr.txt -> StdErr.txt] to map
08/06 14:31:46 [DEBUG] [21472] [COMPS.Data.AssetManager] adding [emodules_map.json -> emodules_map.json] to map
08/06 14:31:46 [DEBUG] [21472] [COMPS.Data.AssetManager] adding [StdOut.txt -> StdOut.txt] to map
08/06 14:31:46 [DEBUG] [21472] [COMPS.Data.AssetManager] adding [custom_reports.json -> custom_reports.json] to map
08/06 14:31:46 [DEBUG] [21472] [COMPS.Data.AssetManager] adding [status.txt -> status.txt] to map
08/06 14:31:46 [DEBUG] [21472] [COMPS.Client] REQUEST -> GET https://comps.idmod.org/asset/download/jdjaydWsV2am3PRGCe-vrK4KfhY6x89X87p0MewFmzI_/UmVzZXJ2ZWRGb3JGdXR1cmVVc2U_/XFxpbnRlcm5hbC5pZG0uY3RyXElETVxIb21lXGpvcnVzc2VsbFxvdXRwdXRcTWFsYXJpYSBDaGFsbGVuZ2VfdjEgSXRlcjBfMjAxOTA4MDZfMjEwMzA0XDlmMVw4MjNcYWI4XDlmMTgyM2FiLThkYjgtZTkxMS1hMmMxLWM0MzQ2YmNiMTU1NVxvdXRwdXRcTWFsYXJpYVBhdGllbnRSZXBvcnQuanNvbg__/MalariaPatientReport.json
08/06 14:32:13 [DEBUG] [21472] [COMPS.Client] REQUEST -> GET https://comps.idmod.org/asset/Simulations/cc59189f-8db8-e911-a2c1-c4346bcb1555/Output {'flatten': 1}
08/06 14:32:13 [DEBUG] [21472] [COMPS.Data.AssetManager] adding [output/MalariaPatientReport.json -> MalariaPatientReport.json] to map
08/06 14:32:13 [DEBUG] [21472] [COMPS.Data.AssetManager] adding [output/DemographicsSummary.json -> DemographicsSummary.json] to map
08/06 14:32:13 [DEBUG] [21472] [COMPS.Data.AssetManager] adding [output/BinnedReport.json -> BinnedReport.json] to map
08/06 14:32:13 [DEBUG] [21472] [COMPS.Data.AssetManager] adding [output/InsetChart.json -> InsetChart.json] to map
08/06 14:32:13 [DEBUG] [21472] [COMPS.Data.AssetManager] adding [campaign.json -> campaign.json] to map
08/06 14:32:13 [DEBUG] [21472] [COMPS.Data.AssetManager] adding [config.json -> config.json] to map
08/06 14:32:13 [DEBUG] [21472] [COMPS.Data.AssetManager] adding [StdErr.txt -> StdErr.txt] to map
08/06 14:32:13 [DEBUG] [21472] [COMPS.Data.AssetManager] adding [emodules_map.json -> emodules_map.json] to map
08/06 14:32:13 [DEBUG] [21472] [COMPS.Data.AssetManager] adding [StdOut.txt -> StdOut.txt] to map
08/06 14:32:13 [DEBUG] [21472] [COMPS.Data.AssetManager] adding [custom_reports.json -> custom_reports.json] to map
08/06 14:32:13 [DEBUG] [21472] [COMPS.Data.AssetManager] adding [status.txt -> status.txt] to map
08/06 14:32:13 [DEBUG] [21472] [COMPS.Client] REQUEST -> GET https://comps.idmod.org/asset/download/x4wg0XB7aGXWgEQoMFLEsJt4bHhso-Da.c2bNHPNm44_/UmVzZXJ2ZWRGb3JGdXR1cmVVc2U_/XFxpbnRlcm5hbC5pZG0uY3RyXElETVxIb21lXGpvcnVzc2VsbFxvdXRwdXRcTWFsYXJpYSBDaGFsbGVuZ2VfdjEgSXRlcjBfMjAxOTA4MDZfMjEwMzA0XGFiMVw4MjNcYWI4XGFiMTgyM2FiLThkYjgtZTkxMS1hMmMxLWM0MzQ2YmNiMTU1NVxvdXRwdXRcTWFsYXJpYVBhdGllbnRSZXBvcnQuanNvbg__/MalariaPatientReport.json
08/06 14:32:40 [DEBUG] [19728] [COMPS.Client] REQUEST -> GET https://comps.idmod.org/asset/Simulations/c959189f-8db8-e911-a2c1-c4346bcb1555/Output {'flatten': 1}
08/06 14:32:40 [DEBUG] [19728] [COMPS.Data.AssetManager] adding [output/MalariaPatientReport.json -> MalariaPatientReport.json] to map
08/06 14:32:40 [DEBUG] [19728] [COMPS.Data.AssetManager] adding [output/DemographicsSummary.json -> DemographicsSummary.json] to map
08/06 14:32:40 [DEBUG] [19728] [COMPS.Data.AssetManager] adding [output/BinnedReport.json -> BinnedReport.json] to map
08/06 14:32:40 [DEBUG] [19728] [COMPS.Data.AssetManager] adding [output/InsetChart.json -> InsetChart.json] to map
08/06 14:32:40 [DEBUG] [19728] [COMPS.Data.AssetManager] adding [campaign.json -> campaign.json] to map
08/06 14:32:40 [DEBUG] [19728] [COMPS.Data.AssetManager] adding [config.json -> config.json] to map
08/06 14:32:40 [DEBUG] [19728] [COMPS.Data.AssetManager] adding [StdErr.txt -> StdErr.txt] to map
08/06 14:32:40 [DEBUG] [19728] [COMPS.Data.AssetManager] adding [emodules_map.json -> emodules_map.json] to map
08/06 14:32:40 [DEBUG] [19728] [COMPS.Data.AssetManager] adding [StdOut.txt -> StdOut.txt] to map
08/06 14:32:40 [DEBUG] [19728] [COMPS.Data.AssetManager] adding [custom_reports.json -> custom_reports.json] to map
08/06 14:32:40 [DEBUG] [19728] [COMPS.Data.AssetManager] adding [status.txt -> status.txt] to map
08/06 14:32:40 [DEBUG] [19728] [COMPS.Client] REQUEST -> GET https://comps.idmod.org/asset/download/OhvOshqQ.8zIBWrYIQM2BTE9cmDmaU7h6YR9jWdBSIY_/UmVzZXJ2ZWRGb3JGdXR1cmVVc2U_/XFxpbnRlcm5hbC5pZG0uY3RyXElETVxIb21lXGpvcnVzc2VsbFxvdXRwdXRcTWFsYXJpYSBDaGFsbGVuZ2VfdjEgSXRlcjBfMjAxOTA4MDZfMjEwMzA0XGEyMVw4MjNcYWI4XGEyMTgyM2FiLThkYjgtZTkxMS1hMmMxLWM0MzQ2YmNiMTU1NVxvdXRwdXRcTWFsYXJpYVBhdGllbnRSZXBvcnQuanNvbg__/MalariaPatientReport.json
08/06 14:33:05 [DEBUG] [19728] [COMPS.Client] REQUEST -> GET https://comps.idmod.org/asset/Simulations/ca59189f-8db8-e911-a2c1-c4346bcb1555/Output {'flatten': 1}
08/06 14:33:05 [DEBUG] [19728] [COMPS.Data.AssetManager] adding [output/MalariaPatientReport.json -> MalariaPatientReport.json] to map
08/06 14:33:05 [DEBUG] [19728] [COMPS.Data.AssetManager] adding [output/DemographicsSummary.json -> DemographicsSummary.json] to map
08/06 14:33:05 [DEBUG] [19728] [COMPS.Data.AssetManager] adding [output/BinnedReport.json -> BinnedReport.json] to map
08/06 14:33:05 [DEBUG] [19728] [COMPS.Data.AssetManager] adding [output/InsetChart.json -> InsetChart.json] to map
08/06 14:33:05 [DEBUG] [19728] [COMPS.Data.AssetManager] adding [campaign.json -> campaign.json] to map
08/06 14:33:05 [DEBUG] [19728] [COMPS.Data.AssetManager] adding [config.json -> config.json] to map
08/06 14:33:05 [DEBUG] [19728] [COMPS.Data.AssetManager] adding [StdErr.txt -> StdErr.txt] to map
08/06 14:33:05 [DEBUG] [19728] [COMPS.Data.AssetManager] adding [emodules_map.json -> emodules_map.json] to map
08/06 14:33:05 [DEBUG] [19728] [COMPS.Data.AssetManager] adding [StdOut.txt -> StdOut.txt] to map
08/06 14:33:05 [DEBUG] [19728] [COMPS.Data.AssetManager] adding [custom_reports.json -> custom_reports.json] to map
08/06 14:33:05 [DEBUG] [19728] [COMPS.Data.AssetManager] adding [status.txt -> status.txt] to map
08/06 14:33:05 [DEBUG] [19728] [COMPS.Client] REQUEST -> GET https://comps.idmod.org/asset/download/tmpuEUNvgybaSkTBTmKaVxV3pMQog1G5StQ4sIYeB0g_/UmVzZXJ2ZWRGb3JGdXR1cmVVc2U_/XFxpbnRlcm5hbC5pZG0uY3RyXElETVxIb21lXGpvcnVzc2VsbFxvdXRwdXRcTWFsYXJpYSBDaGFsbGVuZ2VfdjEgSXRlcjBfMjAxOTA4MDZfMjEwMzA0XGE1MVw4MjNcYWI4XGE1MTgyM2FiLThkYjgtZTkxMS1hMmMxLWM0MzQ2YmNiMTU1NVxvdXRwdXRcTWFsYXJpYVBhdGllbnRSZXBvcnQuanNvbg__/MalariaPatientReport.json
08/06 14:33:29 [DEBUG] [19728] [COMPS.Client] REQUEST -> GET https://comps.idmod.org/asset/Simulations/cb59189f-8db8-e911-a2c1-c4346bcb1555/Output {'flatten': 1}
08/06 14:33:29 [DEBUG] [19728] [COMPS.Data.AssetManager] adding [output/MalariaPatientReport.json -> MalariaPatientReport.json] to map
08/06 14:33:29 [DEBUG] [19728] [COMPS.Data.AssetManager] adding [output/DemographicsSummary.json -> DemographicsSummary.json] to map
08/06 14:33:29 [DEBUG] [19728] [COMPS.Data.AssetManager] adding [output/BinnedReport.json -> BinnedReport.json] to map
08/06 14:33:29 [DEBUG] [19728] [COMPS.Data.AssetManager] adding [output/InsetChart.json -> InsetChart.json] to map
08/06 14:33:29 [DEBUG] [19728] [COMPS.Data.AssetManager] adding [campaign.json -> campaign.json] to map
08/06 14:33:29 [DEBUG] [19728] [COMPS.Data.AssetManager] adding [config.json -> config.json] to map
08/06 14:33:29 [DEBUG] [19728] [COMPS.Data.AssetManager] adding [StdErr.txt -> StdErr.txt] to map
08/06 14:33:29 [DEBUG] [19728] [COMPS.Data.AssetManager] adding [emodules_map.json -> emodules_map.json] to map
08/06 14:33:29 [DEBUG] [19728] [COMPS.Data.AssetManager] adding [StdOut.txt -> StdOut.txt] to map
08/06 14:33:29 [DEBUG] [19728] [COMPS.Data.AssetManager] adding [custom_reports.json -> custom_reports.json] to map
08/06 14:33:29 [DEBUG] [19728] [COMPS.Data.AssetManager] adding [status.txt -> status.txt] to map
08/06 14:33:29 [DEBUG] [19728] [COMPS.Client] REQUEST -> GET https://comps.idmod.org/asset/download/mO26FAebanfxo8W.4hET1qSnj25qGSjEiKNy05G93jQ_/UmVzZXJ2ZWRGb3JGdXR1cmVVc2U_/XFxpbnRlcm5hbC5pZG0uY3RyXElETVxIb21lXGpvcnVzc2VsbFxvdXRwdXRcTWFsYXJpYSBDaGFsbGVuZ2VfdjEgSXRlcjBfMjAxOTA4MDZfMjEwMzA0XGE5MVw4MjNcYWI4XGE5MTgyM2FiLThkYjgtZTkxMS1hMmMxLWM0MzQ2YmNiMTU1NVxvdXRwdXRcTWFsYXJpYVBhdGllbnRSZXBvcnQuanNvbg__/MalariaPatientReport.json
08/06 14:33:44 [DEBUG] [19728] [COMPS.Client] REQUEST -> GET https://comps.idmod.org/asset/Simulations/cd59189f-8db8-e911-a2c1-c4346bcb1555/Output {'flatten': 1}
08/06 14:33:45 [DEBUG] [19728] [COMPS.Data.AssetManager] adding [output/MalariaPatientReport.json -> MalariaPatientReport.json] to map
08/06 14:33:45 [DEBUG] [19728] [COMPS.Data.AssetManager] adding [output/DemographicsSummary.json -> DemographicsSummary.json] to map
08/06 14:33:45 [DEBUG] [19728] [COMPS.Data.AssetManager] adding [output/BinnedReport.json -> BinnedReport.json] to map
08/06 14:33:45 [DEBUG] [19728] [COMPS.Data.AssetManager] adding [output/InsetChart.json -> InsetChart.json] to map
08/06 14:33:45 [DEBUG] [19728] [COMPS.Data.AssetManager] adding [campaign.json -> campaign.json] to map
08/06 14:33:45 [DEBUG] [19728] [COMPS.Data.AssetManager] adding [config.json -> config.json] to map
08/06 14:33:45 [DEBUG] [19728] [COMPS.Data.AssetManager] adding [StdErr.txt -> StdErr.txt] to map
08/06 14:33:45 [DEBUG] [19728] [COMPS.Data.AssetManager] adding [emodules_map.json -> emodules_map.json] to map
08/06 14:33:45 [DEBUG] [19728] [COMPS.Data.AssetManager] adding [StdOut.txt -> StdOut.txt] to map
08/06 14:33:45 [DEBUG] [19728] [COMPS.Data.AssetManager] adding [custom_reports.json -> custom_reports.json] to map
08/06 14:33:45 [DEBUG] [19728] [COMPS.Data.AssetManager] adding [status.txt -> status.txt] to map
08/06 14:33:45 [DEBUG] [19728] [COMPS.Client] REQUEST -> GET https://comps.idmod.org/asset/download/FqqokzXC5FUPUa3PYHM3-fufpW0bpX02PL.FDrA5rT0_/UmVzZXJ2ZWRGb3JGdXR1cmVVc2U_/XFxpbnRlcm5hbC5pZG0uY3RyXElETVxIb21lXGpvcnVzc2VsbFxvdXRwdXRcTWFsYXJpYSBDaGFsbGVuZ2VfdjEgSXRlcjBfMjAxOTA4MDZfMjEwMzA0XGFmMVw4MjNcYWI4XGFmMTgyM2FiLThkYjgtZTkxMS1hMmMxLWM0MzQ2YmNiMTU1NVxvdXRwdXRcTWFsYXJpYVBhdGllbnRSZXBvcnQuanNvbg__/MalariaPatientReport.json
08/06 14:34:01 [DEBUG] [19728] [COMPS.Client] REQUEST -> GET https://comps.idmod.org/asset/Simulations/cf59189f-8db8-e911-a2c1-c4346bcb1555/Output {'flatten': 1}
08/06 14:34:01 [DEBUG] [19728] [COMPS.Data.AssetManager] adding [output/MalariaPatientReport.json -> MalariaPatientReport.json] to map
08/06 14:34:01 [DEBUG] [19728] [COMPS.Data.AssetManager] adding [output/DemographicsSummary.json -> DemographicsSummary.json] to map
08/06 14:34:01 [DEBUG] [19728] [COMPS.Data.AssetManager] adding [output/BinnedReport.json -> BinnedReport.json] to map
08/06 14:34:01 [DEBUG] [19728] [COMPS.Data.AssetManager] adding [output/InsetChart.json -> InsetChart.json] to map
08/06 14:34:01 [DEBUG] [19728] [COMPS.Data.AssetManager] adding [campaign.json -> campaign.json] to map
08/06 14:34:01 [DEBUG] [19728] [COMPS.Data.AssetManager] adding [config.json -> config.json] to map
08/06 14:34:01 [DEBUG] [19728] [COMPS.Data.AssetManager] adding [StdErr.txt -> StdErr.txt] to map
08/06 14:34:01 [DEBUG] [19728] [COMPS.Data.AssetManager] adding [emodules_map.json -> emodules_map.json] to map
08/06 14:34:01 [DEBUG] [19728] [COMPS.Data.AssetManager] adding [StdOut.txt -> StdOut.txt] to map
08/06 14:34:01 [DEBUG] [19728] [COMPS.Data.AssetManager] adding [custom_reports.json -> custom_reports.json] to map
08/06 14:34:01 [DEBUG] [19728] [COMPS.Data.AssetManager] adding [status.txt -> status.txt] to map
08/06 14:34:01 [DEBUG] [19728] [COMPS.Client] REQUEST -> GET https://comps.idmod.org/asset/download/4kS-Ar4IUZY-KHLLvG8gq3k031a83-35T.ISfb9uups_/UmVzZXJ2ZWRGb3JGdXR1cmVVc2U_/XFxpbnRlcm5hbC5pZG0uY3RyXElETVxIb21lXGpvcnVzc2VsbFxvdXRwdXRcTWFsYXJpYSBDaGFsbGVuZ2VfdjEgSXRlcjBfMjAxOTA4MDZfMjEwMzA0XGI2MVw4MjNcYWI4XGI2MTgyM2FiLThkYjgtZTkxMS1hMmMxLWM0MzQ2YmNiMTU1NVxvdXRwdXRcTWFsYXJpYVBhdGllbnRSZXBvcnQuanNvbg__/MalariaPatientReport.json
08/06 14:34:20 [DEBUG] [19728] [COMPS.Client] REQUEST -> GET https://comps.idmod.org/asset/Simulations/b559189f-8db8-e911-a2c1-c4346bcb1555/Output {'flatten': 1}
08/06 14:34:20 [DEBUG] [19728] [COMPS.Data.AssetManager] adding [output/MalariaPatientReport.json -> MalariaPatientReport.json] to map
08/06 14:34:20 [DEBUG] [19728] [COMPS.Data.AssetManager] adding [output/DemographicsSummary.json -> DemographicsSummary.json] to map
08/06 14:34:20 [DEBUG] [19728] [COMPS.Data.AssetManager] adding [output/BinnedReport.json -> BinnedReport.json] to map
08/06 14:34:20 [DEBUG] [19728] [COMPS.Data.AssetManager] adding [output/InsetChart.json -> InsetChart.json] to map
08/06 14:34:20 [DEBUG] [19728] [COMPS.Data.AssetManager] adding [campaign.json -> campaign.json] to map
08/06 14:34:20 [DEBUG] [19728] [COMPS.Data.AssetManager] adding [config.json -> config.json] to map
08/06 14:34:20 [DEBUG] [19728] [COMPS.Data.AssetManager] adding [StdErr.txt -> StdErr.txt] to map
08/06 14:34:20 [DEBUG] [19728] [COMPS.Data.AssetManager] adding [emodules_map.json -> emodules_map.json] to map
08/06 14:34:20 [DEBUG] [19728] [COMPS.Data.AssetManager] adding [StdOut.txt -> StdOut.txt] to map
08/06 14:34:20 [DEBUG] [19728] [COMPS.Data.AssetManager] adding [custom_reports.json -> custom_reports.json] to map
08/06 14:34:20 [DEBUG] [19728] [COMPS.Data.AssetManager] adding [status.txt -> status.txt] to map
08/06 14:34:20 [DEBUG] [19728] [COMPS.Client] REQUEST -> GET https://comps.idmod.org/asset/download/HYy1aylR.6.MPtwgBSK74Ux3eimiU9W0qPkLea-5kbM_/UmVzZXJ2ZWRGb3JGdXR1cmVVc2U_/XFxpbnRlcm5hbC5pZG0uY3RyXElETVxIb21lXGpvcnVzc2VsbFxvdXRwdXRcTWFsYXJpYSBDaGFsbGVuZ2VfdjEgSXRlcjBfMjAxOTA4MDZfMjEwMzA0XDYyMVw4MjNcYWI4XDYyMTgyM2FiLThkYjgtZTkxMS1hMmMxLWM0MzQ2YmNiMTU1NVxvdXRwdXRcTWFsYXJpYVBhdGllbnRSZXBvcnQuanNvbg__/MalariaPatientReport.json
08/06 14:34:37 [DEBUG] [19728] [COMPS.Client] REQUEST -> GET https://comps.idmod.org/asset/Simulations/b859189f-8db8-e911-a2c1-c4346bcb1555/Output {'flatten': 1}
08/06 14:34:37 [DEBUG] [19728] [COMPS.Data.AssetManager] adding [output/MalariaPatientReport.json -> MalariaPatientReport.json] to map
08/06 14:34:37 [DEBUG] [19728] [COMPS.Data.AssetManager] adding [output/DemographicsSummary.json -> DemographicsSummary.json] to map
08/06 14:34:37 [DEBUG] [19728] [COMPS.Data.AssetManager] adding [output/BinnedReport.json -> BinnedReport.json] to map
08/06 14:34:37 [DEBUG] [19728] [COMPS.Data.AssetManager] adding [output/InsetChart.json -> InsetChart.json] to map
08/06 14:34:37 [DEBUG] [19728] [COMPS.Data.AssetManager] adding [campaign.json -> campaign.json] to map
08/06 14:34:37 [DEBUG] [19728] [COMPS.Data.AssetManager] adding [config.json -> config.json] to map
08/06 14:34:37 [DEBUG] [19728] [COMPS.Data.AssetManager] adding [StdErr.txt -> StdErr.txt] to map
08/06 14:34:37 [DEBUG] [19728] [COMPS.Data.AssetManager] adding [emodules_map.json -> emodules_map.json] to map
08/06 14:34:37 [DEBUG] [19728] [COMPS.Data.AssetManager] adding [StdOut.txt -> StdOut.txt] to map
08/06 14:34:37 [DEBUG] [19728] [COMPS.Data.AssetManager] adding [custom_reports.json -> custom_reports.json] to map
08/06 14:34:37 [DEBUG] [19728] [COMPS.Data.AssetManager] adding [status.txt -> status.txt] to map
08/06 14:34:37 [DEBUG] [19728] [COMPS.Client] REQUEST -> GET https://comps.idmod.org/asset/download/4NC8ji6zDfJ6OYo2IRXO6CctYoZ1sukviPCt9XmW32k_/UmVzZXJ2ZWRGb3JGdXR1cmVVc2U_/XFxpbnRlcm5hbC5pZG0uY3RyXElETVxIb21lXGpvcnVzc2VsbFxvdXRwdXRcTWFsYXJpYSBDaGFsbGVuZ2VfdjEgSXRlcjBfMjAxOTA4MDZfMjEwMzA0XDZmMVw4MjNcYWI4XDZmMTgyM2FiLThkYjgtZTkxMS1hMmMxLWM0MzQ2YmNiMTU1NVxvdXRwdXRcTWFsYXJpYVBhdGllbnRSZXBvcnQuanNvbg__/MalariaPatientReport.json
08/06 14:34:53 [DEBUG] [19728] [COMPS.Client] REQUEST -> GET https://comps.idmod.org/asset/Simulations/bb59189f-8db8-e911-a2c1-c4346bcb1555/Output {'flatten': 1}
08/06 14:34:54 [DEBUG] [19728] [COMPS.Data.AssetManager] adding [output/MalariaPatientReport.json -> MalariaPatientReport.json] to map
08/06 14:34:54 [DEBUG] [19728] [COMPS.Data.AssetManager] adding [output/DemographicsSummary.json -> DemographicsSummary.json] to map
08/06 14:34:54 [DEBUG] [19728] [COMPS.Data.AssetManager] adding [output/BinnedReport.json -> BinnedReport.json] to map
08/06 14:34:54 [DEBUG] [19728] [COMPS.Data.AssetManager] adding [output/InsetChart.json -> InsetChart.json] to map
08/06 14:34:54 [DEBUG] [19728] [COMPS.Data.AssetManager] adding [campaign.json -> campaign.json] to map
08/06 14:34:54 [DEBUG] [19728] [COMPS.Data.AssetManager] adding [config.json -> config.json] to map
08/06 14:34:54 [DEBUG] [19728] [COMPS.Data.AssetManager] adding [StdErr.txt -> StdErr.txt] to map
08/06 14:34:54 [DEBUG] [19728] [COMPS.Data.AssetManager] adding [emodules_map.json -> emodules_map.json] to map
08/06 14:34:54 [DEBUG] [19728] [COMPS.Data.AssetManager] adding [StdOut.txt -> StdOut.txt] to map
08/06 14:34:54 [DEBUG] [19728] [COMPS.Data.AssetManager] adding [custom_reports.json -> custom_reports.json] to map
08/06 14:34:54 [DEBUG] [19728] [COMPS.Data.AssetManager] adding [status.txt -> status.txt] to map
08/06 14:34:54 [DEBUG] [19728] [COMPS.Client] REQUEST -> GET https://comps.idmod.org/asset/download/fgdgsG2taHR0F92uaE3.9Ho2t4c9UfY38hK7Fd5GVFM_/UmVzZXJ2ZWRGb3JGdXR1cmVVc2U_/XFxpbnRlcm5hbC5pZG0uY3RyXElETVxIb21lXGpvcnVzc2VsbFxvdXRwdXRcTWFsYXJpYSBDaGFsbGVuZ2VfdjEgSXRlcjBfMjAxOTA4MDZfMjEwMzA0XDc5MVw4MjNcYWI4XDc5MTgyM2FiLThkYjgtZTkxMS1hMmMxLWM0MzQ2YmNiMTU1NVxvdXRwdXRcTWFsYXJpYVBhdGllbnRSZXBvcnQuanNvbg__/MalariaPatientReport.json
08/06 14:35:11 [DEBUG] [19728] [COMPS.Client] REQUEST -> GET https://comps.idmod.org/asset/Simulations/fe59189f-8db8-e911-a2c1-c4346bcb1555/Output {'flatten': 1}
08/06 14:35:11 [DEBUG] [19728] [COMPS.Data.AssetManager] adding [output/MalariaPatientReport.json -> MalariaPatientReport.json] to map
08/06 14:35:11 [DEBUG] [19728] [COMPS.Data.AssetManager] adding [output/DemographicsSummary.json -> DemographicsSummary.json] to map
08/06 14:35:11 [DEBUG] [19728] [COMPS.Data.AssetManager] adding [output/BinnedReport.json -> BinnedReport.json] to map
08/06 14:35:11 [DEBUG] [19728] [COMPS.Data.AssetManager] adding [output/InsetChart.json -> InsetChart.json] to map
08/06 14:35:11 [DEBUG] [19728] [COMPS.Data.AssetManager] adding [campaign.json -> campaign.json] to map
08/06 14:35:11 [DEBUG] [19728] [COMPS.Data.AssetManager] adding [config.json -> config.json] to map
08/06 14:35:11 [DEBUG] [19728] [COMPS.Data.AssetManager] adding [StdErr.txt -> StdErr.txt] to map
08/06 14:35:11 [DEBUG] [19728] [COMPS.Data.AssetManager] adding [emodules_map.json -> emodules_map.json] to map
08/06 14:35:11 [DEBUG] [19728] [COMPS.Data.AssetManager] adding [StdOut.txt -> StdOut.txt] to map
08/06 14:35:11 [DEBUG] [19728] [COMPS.Data.AssetManager] adding [custom_reports.json -> custom_reports.json] to map
08/06 14:35:11 [DEBUG] [19728] [COMPS.Data.AssetManager] adding [status.txt -> status.txt] to map
08/06 14:35:11 [DEBUG] [19728] [COMPS.Client] REQUEST -> GET https://comps.idmod.org/asset/download/ODbBUBiq0GlL.yHT8P-CNHBvxtn8zLaFdP7MUGM1u7g_/UmVzZXJ2ZWRGb3JGdXR1cmVVc2U_/XFxpbnRlcm5hbC5pZG0uY3RyXElETVxIb21lXGpvcnVzc2VsbFxvdXRwdXRcTWFsYXJpYSBDaGFsbGVuZ2VfdjEgSXRlcjBfMjAxOTA4MDZfMjEwMzA0XDYzNVxhMWJcYjE4XDYzNWExYmIxLThkYjgtZTkxMS1hMmMxLWM0MzQ2YmNiMTU1NVxvdXRwdXRcTWFsYXJpYVBhdGllbnRSZXBvcnQuanNvbg__/MalariaPatientReport.json
08/06 14:35:33 [DEBUG] [19728] [COMPS.Client] REQUEST -> GET https://comps.idmod.org/asset/Simulations/ff59189f-8db8-e911-a2c1-c4346bcb1555/Output {'flatten': 1}
08/06 14:35:33 [DEBUG] [19728] [COMPS.Data.AssetManager] adding [output/MalariaPatientReport.json -> MalariaPatientReport.json] to map
08/06 14:35:33 [DEBUG] [19728] [COMPS.Data.AssetManager] adding [output/DemographicsSummary.json -> DemographicsSummary.json] to map
08/06 14:35:33 [DEBUG] [19728] [COMPS.Data.AssetManager] adding [output/BinnedReport.json -> BinnedReport.json] to map
08/06 14:35:33 [DEBUG] [19728] [COMPS.Data.AssetManager] adding [output/InsetChart.json -> InsetChart.json] to map
08/06 14:35:33 [DEBUG] [19728] [COMPS.Data.AssetManager] adding [campaign.json -> campaign.json] to map
08/06 14:35:33 [DEBUG] [19728] [COMPS.Data.AssetManager] adding [config.json -> config.json] to map
08/06 14:35:33 [DEBUG] [19728] [COMPS.Data.AssetManager] adding [StdErr.txt -> StdErr.txt] to map
08/06 14:35:33 [DEBUG] [19728] [COMPS.Data.AssetManager] adding [emodules_map.json -> emodules_map.json] to map
08/06 14:35:33 [DEBUG] [19728] [COMPS.Data.AssetManager] adding [StdOut.txt -> StdOut.txt] to map
08/06 14:35:33 [DEBUG] [19728] [COMPS.Data.AssetManager] adding [custom_reports.json -> custom_reports.json] to map
08/06 14:35:33 [DEBUG] [19728] [COMPS.Data.AssetManager] adding [status.txt -> status.txt] to map
08/06 14:35:33 [DEBUG] [19728] [COMPS.Client] REQUEST -> GET https://comps.idmod.org/asset/download/Fqg9JbzPahYyxcCiEWHI9L4dSWV8FPiJ0zAz7XcoDdA_/UmVzZXJ2ZWRGb3JGdXR1cmVVc2U_/XFxpbnRlcm5hbC5pZG0uY3RyXElETVxIb21lXGpvcnVzc2VsbFxvdXRwdXRcTWFsYXJpYSBDaGFsbGVuZ2VfdjEgSXRlcjBfMjAxOTA4MDZfMjEwMzA0XDY3NVxhMWJcYjE4XDY3NWExYmIxLThkYjgtZTkxMS1hMmMxLWM0MzQ2YmNiMTU1NVxvdXRwdXRcTWFsYXJpYVBhdGllbnRSZXBvcnQuanNvbg__/MalariaPatientReport.json
08/06 14:35:47 [DEBUG] [19728] [COMPS.Client] REQUEST -> GET https://comps.idmod.org/asset/Simulations/005a189f-8db8-e911-a2c1-c4346bcb1555/Output {'flatten': 1}
08/06 14:35:47 [DEBUG] [19728] [COMPS.Data.AssetManager] adding [output/MalariaPatientReport.json -> MalariaPatientReport.json] to map
08/06 14:35:47 [DEBUG] [19728] [COMPS.Data.AssetManager] adding [output/DemographicsSummary.json -> DemographicsSummary.json] to map
08/06 14:35:47 [DEBUG] [19728] [COMPS.Data.AssetManager] adding [output/BinnedReport.json -> BinnedReport.json] to map
08/06 14:35:47 [DEBUG] [19728] [COMPS.Data.AssetManager] adding [output/InsetChart.json -> InsetChart.json] to map
08/06 14:35:47 [DEBUG] [19728] [COMPS.Data.AssetManager] adding [campaign.json -> campaign.json] to map
08/06 14:35:47 [DEBUG] [19728] [COMPS.Data.AssetManager] adding [config.json -> config.json] to map
08/06 14:35:47 [DEBUG] [19728] [COMPS.Data.AssetManager] adding [StdErr.txt -> StdErr.txt] to map
08/06 14:35:47 [DEBUG] [19728] [COMPS.Data.AssetManager] adding [emodules_map.json -> emodules_map.json] to map
08/06 14:35:47 [DEBUG] [19728] [COMPS.Data.AssetManager] adding [StdOut.txt -> StdOut.txt] to map
08/06 14:35:47 [DEBUG] [19728] [COMPS.Data.AssetManager] adding [custom_reports.json -> custom_reports.json] to map
08/06 14:35:47 [DEBUG] [19728] [COMPS.Data.AssetManager] adding [status.txt -> status.txt] to map
08/06 14:35:47 [DEBUG] [19728] [COMPS.Client] REQUEST -> GET https://comps.idmod.org/asset/download/hL5KbzktadNXRE0Yadzo8iv783n3ehET2ZuofA1l70A_/UmVzZXJ2ZWRGb3JGdXR1cmVVc2U_/XFxpbnRlcm5hbC5pZG0uY3RyXElETVxIb21lXGpvcnVzc2VsbFxvdXRwdXRcTWFsYXJpYSBDaGFsbGVuZ2VfdjEgSXRlcjBfMjAxOTA4MDZfMjEwMzA0XDZiNVxhMWJcYjE4XDZiNWExYmIxLThkYjgtZTkxMS1hMmMxLWM0MzQ2YmNiMTU1NVxvdXRwdXRcTWFsYXJpYVBhdGllbnRSZXBvcnQuanNvbg__/MalariaPatientReport.json
08/06 14:36:02 [DEBUG] [19728] [COMPS.Client] REQUEST -> GET https://comps.idmod.org/asset/Simulations/015a189f-8db8-e911-a2c1-c4346bcb1555/Output {'flatten': 1}
08/06 14:36:03 [DEBUG] [19728] [COMPS.Data.AssetManager] adding [output/MalariaPatientReport.json -> MalariaPatientReport.json] to map
08/06 14:36:03 [DEBUG] [19728] [COMPS.Data.AssetManager] adding [output/DemographicsSummary.json -> DemographicsSummary.json] to map
08/06 14:36:03 [DEBUG] [19728] [COMPS.Data.AssetManager] adding [output/BinnedReport.json -> BinnedReport.json] to map
08/06 14:36:03 [DEBUG] [19728] [COMPS.Data.AssetManager] adding [output/InsetChart.json -> InsetChart.json] to map
08/06 14:36:03 [DEBUG] [19728] [COMPS.Data.AssetManager] adding [campaign.json -> campaign.json] to map
08/06 14:36:03 [DEBUG] [19728] [COMPS.Data.AssetManager] adding [config.json -> config.json] to map
08/06 14:36:03 [DEBUG] [19728] [COMPS.Data.AssetManager] adding [StdErr.txt -> StdErr.txt] to map
08/06 14:36:03 [DEBUG] [19728] [COMPS.Data.AssetManager] adding [emodules_map.json -> emodules_map.json] to map
08/06 14:36:03 [DEBUG] [19728] [COMPS.Data.AssetManager] adding [StdOut.txt -> StdOut.txt] to map
08/06 14:36:03 [DEBUG] [19728] [COMPS.Data.AssetManager] adding [custom_reports.json -> custom_reports.json] to map
08/06 14:36:03 [DEBUG] [19728] [COMPS.Data.AssetManager] adding [status.txt -> status.txt] to map
08/06 14:36:03 [DEBUG] [19728] [COMPS.Client] REQUEST -> GET https://comps.idmod.org/asset/download/37KTOk5VC33OMPu34QFmhDpxq8OWTdT.xHnLY6ZBKlc_/UmVzZXJ2ZWRGb3JGdXR1cmVVc2U_/XFxpbnRlcm5hbC5pZG0uY3RyXElETVxIb21lXGpvcnVzc2VsbFxvdXRwdXRcTWFsYXJpYSBDaGFsbGVuZ2VfdjEgSXRlcjBfMjAxOTA4MDZfMjEwMzA0XDZmNVxhMWJcYjE4XDZmNWExYmIxLThkYjgtZTkxMS1hMmMxLWM0MzQ2YmNiMTU1NVxvdXRwdXRcTWFsYXJpYVBhdGllbnRSZXBvcnQuanNvbg__/MalariaPatientReport.json
08/06 14:36:18 [DEBUG] [19728] [COMPS.Client] REQUEST -> GET https://comps.idmod.org/asset/Simulations/025a189f-8db8-e911-a2c1-c4346bcb1555/Output {'flatten': 1}
08/06 14:36:18 [DEBUG] [19728] [COMPS.Data.AssetManager] adding [output/MalariaPatientReport.json -> MalariaPatientReport.json] to map
08/06 14:36:18 [DEBUG] [19728] [COMPS.Data.AssetManager] adding [output/DemographicsSummary.json -> DemographicsSummary.json] to map
08/06 14:36:18 [DEBUG] [19728] [COMPS.Data.AssetManager] adding [output/BinnedReport.json -> BinnedReport.json] to map
08/06 14:36:18 [DEBUG] [19728] [COMPS.Data.AssetManager] adding [output/InsetChart.json -> InsetChart.json] to map
08/06 14:36:18 [DEBUG] [19728] [COMPS.Data.AssetManager] adding [campaign.json -> campaign.json] to map
08/06 14:36:18 [DEBUG] [19728] [COMPS.Data.AssetManager] adding [config.json -> config.json] to map
08/06 14:36:18 [DEBUG] [19728] [COMPS.Data.AssetManager] adding [StdErr.txt -> StdErr.txt] to map
08/06 14:36:18 [DEBUG] [19728] [COMPS.Data.AssetManager] adding [emodules_map.json -> emodules_map.json] to map
08/06 14:36:18 [DEBUG] [19728] [COMPS.Data.AssetManager] adding [StdOut.txt -> StdOut.txt] to map
08/06 14:36:18 [DEBUG] [19728] [COMPS.Data.AssetManager] adding [custom_reports.json -> custom_reports.json] to map
08/06 14:36:18 [DEBUG] [19728] [COMPS.Data.AssetManager] adding [status.txt -> status.txt] to map
08/06 14:36:18 [DEBUG] [19728] [COMPS.Client] REQUEST -> GET https://comps.idmod.org/asset/download/5mdED10LBubNJmhtUbcvIgfC-29RvE3ML.roGTNV6jk_/UmVzZXJ2ZWRGb3JGdXR1cmVVc2U_/XFxpbnRlcm5hbC5pZG0uY3RyXElETVxIb21lXGpvcnVzc2VsbFxvdXRwdXRcTWFsYXJpYSBDaGFsbGVuZ2VfdjEgSXRlcjBfMjAxOTA4MDZfMjEwMzA0XDczNVxhMWJcYjE4XDczNWExYmIxLThkYjgtZTkxMS1hMmMxLWM0MzQ2YmNiMTU1NVxvdXRwdXRcTWFsYXJpYVBhdGllbnRSZXBvcnQuanNvbg__/MalariaPatientReport.json
08/06 14:36:27 [DEBUG] [21472] [COMPS.Client] REQUEST -> GET https://comps.idmod.org/asset/Simulations/e959189f-8db8-e911-a2c1-c4346bcb1555/Output {'flatten': 1}
08/06 14:36:27 [DEBUG] [21472] [COMPS.Data.AssetManager] adding [output/MalariaPatientReport.json -> MalariaPatientReport.json] to map
08/06 14:36:27 [DEBUG] [21472] [COMPS.Data.AssetManager] adding [output/DemographicsSummary.json -> DemographicsSummary.json] to map
08/06 14:36:27 [DEBUG] [21472] [COMPS.Data.AssetManager] adding [output/BinnedReport.json -> BinnedReport.json] to map
08/06 14:36:27 [DEBUG] [21472] [COMPS.Data.AssetManager] adding [output/InsetChart.json -> InsetChart.json] to map
08/06 14:36:27 [DEBUG] [21472] [COMPS.Data.AssetManager] adding [campaign.json -> campaign.json] to map
08/06 14:36:27 [DEBUG] [21472] [COMPS.Data.AssetManager] adding [config.json -> config.json] to map
08/06 14:36:27 [DEBUG] [21472] [COMPS.Data.AssetManager] adding [StdErr.txt -> StdErr.txt] to map
08/06 14:36:27 [DEBUG] [21472] [COMPS.Data.AssetManager] adding [emodules_map.json -> emodules_map.json] to map
08/06 14:36:27 [DEBUG] [21472] [COMPS.Data.AssetManager] adding [StdOut.txt -> StdOut.txt] to map
08/06 14:36:27 [DEBUG] [21472] [COMPS.Data.AssetManager] adding [custom_reports.json -> custom_reports.json] to map
08/06 14:36:27 [DEBUG] [21472] [COMPS.Data.AssetManager] adding [status.txt -> status.txt] to map
08/06 14:36:27 [DEBUG] [21472] [COMPS.Client] REQUEST -> GET https://comps.idmod.org/asset/download/.35k30gRseon-Bav.IZeFzQIkeoPFYCcmNU4lDS90WQ_/UmVzZXJ2ZWRGb3JGdXR1cmVVc2U_/XFxpbnRlcm5hbC5pZG0uY3RyXElETVxIb21lXGpvcnVzc2VsbFxvdXRwdXRcTWFsYXJpYSBDaGFsbGVuZ2VfdjEgSXRlcjBfMjAxOTA4MDZfMjEwMzA0XDAyNVxhMWJcYjE4XDAyNWExYmIxLThkYjgtZTkxMS1hMmMxLWM0MzQ2YmNiMTU1NVxvdXRwdXRcTWFsYXJpYVBhdGllbnRSZXBvcnQuanNvbg__/MalariaPatientReport.json
08/06 14:36:42 [DEBUG] [21472] [COMPS.Client] REQUEST -> GET https://comps.idmod.org/asset/Simulations/ea59189f-8db8-e911-a2c1-c4346bcb1555/Output {'flatten': 1}
08/06 14:36:42 [DEBUG] [21472] [COMPS.Data.AssetManager] adding [output/MalariaPatientReport.json -> MalariaPatientReport.json] to map
08/06 14:36:42 [DEBUG] [21472] [COMPS.Data.AssetManager] adding [output/DemographicsSummary.json -> DemographicsSummary.json] to map
08/06 14:36:42 [DEBUG] [21472] [COMPS.Data.AssetManager] adding [output/BinnedReport.json -> BinnedReport.json] to map
08/06 14:36:42 [DEBUG] [21472] [COMPS.Data.AssetManager] adding [output/InsetChart.json -> InsetChart.json] to map
08/06 14:36:42 [DEBUG] [21472] [COMPS.Data.AssetManager] adding [campaign.json -> campaign.json] to map
08/06 14:36:42 [DEBUG] [21472] [COMPS.Data.AssetManager] adding [config.json -> config.json] to map
08/06 14:36:42 [DEBUG] [21472] [COMPS.Data.AssetManager] adding [StdErr.txt -> StdErr.txt] to map
08/06 14:36:42 [DEBUG] [21472] [COMPS.Data.AssetManager] adding [emodules_map.json -> emodules_map.json] to map
08/06 14:36:42 [DEBUG] [21472] [COMPS.Data.AssetManager] adding [StdOut.txt -> StdOut.txt] to map
08/06 14:36:42 [DEBUG] [21472] [COMPS.Data.AssetManager] adding [custom_reports.json -> custom_reports.json] to map
08/06 14:36:42 [DEBUG] [21472] [COMPS.Data.AssetManager] adding [status.txt -> status.txt] to map
08/06 14:36:42 [DEBUG] [21472] [COMPS.Client] REQUEST -> GET https://comps.idmod.org/asset/download/Sb4iAoirJtj7AJvEvLw8Z0n68OY-6MYsxg.-Ty.81SI_/UmVzZXJ2ZWRGb3JGdXR1cmVVc2U_/XFxpbnRlcm5hbC5pZG0uY3RyXElETVxIb21lXGpvcnVzc2VsbFxvdXRwdXRcTWFsYXJpYSBDaGFsbGVuZ2VfdjEgSXRlcjBfMjAxOTA4MDZfMjEwMzA0XDA1NVxhMWJcYjE4XDA1NWExYmIxLThkYjgtZTkxMS1hMmMxLWM0MzQ2YmNiMTU1NVxvdXRwdXRcTWFsYXJpYVBhdGllbnRSZXBvcnQuanNvbg__/MalariaPatientReport.json
08/06 14:36:58 [DEBUG] [21472] [COMPS.Client] REQUEST -> GET https://comps.idmod.org/asset/Simulations/eb59189f-8db8-e911-a2c1-c4346bcb1555/Output {'flatten': 1}
08/06 14:36:58 [DEBUG] [21472] [COMPS.Data.AssetManager] adding [output/MalariaPatientReport.json -> MalariaPatientReport.json] to map
08/06 14:36:58 [DEBUG] [21472] [COMPS.Data.AssetManager] adding [output/DemographicsSummary.json -> DemographicsSummary.json] to map
08/06 14:36:58 [DEBUG] [21472] [COMPS.Data.AssetManager] adding [output/BinnedReport.json -> BinnedReport.json] to map
08/06 14:36:58 [DEBUG] [21472] [COMPS.Data.AssetManager] adding [output/InsetChart.json -> InsetChart.json] to map
08/06 14:36:58 [DEBUG] [21472] [COMPS.Data.AssetManager] adding [campaign.json -> campaign.json] to map
08/06 14:36:58 [DEBUG] [21472] [COMPS.Data.AssetManager] adding [config.json -> config.json] to map
08/06 14:36:58 [DEBUG] [21472] [COMPS.Data.AssetManager] adding [StdErr.txt -> StdErr.txt] to map
08/06 14:36:58 [DEBUG] [21472] [COMPS.Data.AssetManager] adding [emodules_map.json -> emodules_map.json] to map
08/06 14:36:58 [DEBUG] [21472] [COMPS.Data.AssetManager] adding [StdOut.txt -> StdOut.txt] to map
08/06 14:36:58 [DEBUG] [21472] [COMPS.Data.AssetManager] adding [custom_reports.json -> custom_reports.json] to map
08/06 14:36:58 [DEBUG] [21472] [COMPS.Data.AssetManager] adding [status.txt -> status.txt] to map
08/06 14:36:58 [DEBUG] [21472] [COMPS.Client] REQUEST -> GET https://comps.idmod.org/asset/download/JxKMYVykRo32J-uXov96epc8EB4domgg7gyyWQfKXeQ_/UmVzZXJ2ZWRGb3JGdXR1cmVVc2U_/XFxpbnRlcm5hbC5pZG0uY3RyXElETVxIb21lXGpvcnVzc2VsbFxvdXRwdXRcTWFsYXJpYSBDaGFsbGVuZ2VfdjEgSXRlcjBfMjAxOTA4MDZfMjEwMzA0XDA5NVxhMWJcYjE4XDA5NWExYmIxLThkYjgtZTkxMS1hMmMxLWM0MzQ2YmNiMTU1NVxvdXRwdXRcTWFsYXJpYVBhdGllbnRSZXBvcnQuanNvbg__/MalariaPatientReport.json
08/06 14:37:11 [DEBUG] [27084] [COMPS.Client] REQUEST -> GET https://comps.idmod.org/asset/Simulations/df59189f-8db8-e911-a2c1-c4346bcb1555/Output {'flatten': 1}
08/06 14:37:11 [DEBUG] [27084] [COMPS.Data.AssetManager] adding [output/MalariaPatientReport.json -> MalariaPatientReport.json] to map
08/06 14:37:11 [DEBUG] [27084] [COMPS.Data.AssetManager] adding [output/DemographicsSummary.json -> DemographicsSummary.json] to map
08/06 14:37:11 [DEBUG] [27084] [COMPS.Data.AssetManager] adding [output/BinnedReport.json -> BinnedReport.json] to map
08/06 14:37:11 [DEBUG] [27084] [COMPS.Data.AssetManager] adding [output/InsetChart.json -> InsetChart.json] to map
08/06 14:37:11 [DEBUG] [27084] [COMPS.Data.AssetManager] adding [campaign.json -> campaign.json] to map
08/06 14:37:11 [DEBUG] [27084] [COMPS.Data.AssetManager] adding [config.json -> config.json] to map
08/06 14:37:11 [DEBUG] [27084] [COMPS.Data.AssetManager] adding [StdErr.txt -> StdErr.txt] to map
08/06 14:37:11 [DEBUG] [27084] [COMPS.Data.AssetManager] adding [emodules_map.json -> emodules_map.json] to map
08/06 14:37:11 [DEBUG] [27084] [COMPS.Data.AssetManager] adding [StdOut.txt -> StdOut.txt] to map
08/06 14:37:11 [DEBUG] [27084] [COMPS.Data.AssetManager] adding [custom_reports.json -> custom_reports.json] to map
08/06 14:37:11 [DEBUG] [27084] [COMPS.Data.AssetManager] adding [status.txt -> status.txt] to map
08/06 14:37:11 [DEBUG] [27084] [COMPS.Client] REQUEST -> GET https://comps.idmod.org/asset/download/iUlU29ad3mcJEEhHyU0MC3ZhoWaXjaWLnwsZWs-p1.c_/UmVzZXJ2ZWRGb3JGdXR1cmVVc2U_/XFxpbnRlcm5hbC5pZG0uY3RyXElETVxIb21lXGpvcnVzc2VsbFxvdXRwdXRcTWFsYXJpYSBDaGFsbGVuZ2VfdjEgSXRlcjBfMjAxOTA4MDZfMjEwMzA0XGRkNVw5MWJcYjE4XGRkNTkxYmIxLThkYjgtZTkxMS1hMmMxLWM0MzQ2YmNiMTU1NVxvdXRwdXRcTWFsYXJpYVBhdGllbnRSZXBvcnQuanNvbg__/MalariaPatientReport.json
08/06 14:37:26 [DEBUG] [13108] [COMPS.Client] REQUEST -> GET https://comps.idmod.org/asset/Simulations/fa59189f-8db8-e911-a2c1-c4346bcb1555/Output {'flatten': 1}
08/06 14:37:26 [DEBUG] [13108] [COMPS.Data.AssetManager] adding [output/MalariaPatientReport.json -> MalariaPatientReport.json] to map
08/06 14:37:26 [DEBUG] [13108] [COMPS.Data.AssetManager] adding [output/DemographicsSummary.json -> DemographicsSummary.json] to map
08/06 14:37:26 [DEBUG] [13108] [COMPS.Data.AssetManager] adding [output/BinnedReport.json -> BinnedReport.json] to map
08/06 14:37:26 [DEBUG] [13108] [COMPS.Data.AssetManager] adding [output/InsetChart.json -> InsetChart.json] to map
08/06 14:37:26 [DEBUG] [13108] [COMPS.Data.AssetManager] adding [campaign.json -> campaign.json] to map
08/06 14:37:26 [DEBUG] [13108] [COMPS.Data.AssetManager] adding [config.json -> config.json] to map
08/06 14:37:26 [DEBUG] [13108] [COMPS.Data.AssetManager] adding [StdErr.txt -> StdErr.txt] to map
08/06 14:37:26 [DEBUG] [13108] [COMPS.Data.AssetManager] adding [emodules_map.json -> emodules_map.json] to map
08/06 14:37:26 [DEBUG] [13108] [COMPS.Data.AssetManager] adding [StdOut.txt -> StdOut.txt] to map
08/06 14:37:26 [DEBUG] [13108] [COMPS.Data.AssetManager] adding [custom_reports.json -> custom_reports.json] to map
08/06 14:37:26 [DEBUG] [13108] [COMPS.Data.AssetManager] adding [status.txt -> status.txt] to map
08/06 14:37:26 [DEBUG] [13108] [COMPS.Client] REQUEST -> GET https://comps.idmod.org/asset/download/liyWdlMLMuz-5jCMRVJtdsG.DnH6ziYvLkXdq2E89pE_/UmVzZXJ2ZWRGb3JGdXR1cmVVc2U_/XFxpbnRlcm5hbC5pZG0uY3RyXElETVxIb21lXGpvcnVzc2VsbFxvdXRwdXRcTWFsYXJpYSBDaGFsbGVuZ2VfdjEgSXRlcjBfMjAxOTA4MDZfMjEwMzA0XDU1NVxhMWJcYjE4XDU1NWExYmIxLThkYjgtZTkxMS1hMmMxLWM0MzQ2YmNiMTU1NVxvdXRwdXRcTWFsYXJpYVBhdGllbnRSZXBvcnQuanNvbg__/MalariaPatientReport.json
08/06 14:37:41 [DEBUG] [21472] [COMPS.Client] REQUEST -> GET https://comps.idmod.org/asset/Simulations/ee59189f-8db8-e911-a2c1-c4346bcb1555/Output {'flatten': 1}
08/06 14:37:41 [DEBUG] [21472] [COMPS.Data.AssetManager] adding [output/MalariaPatientReport.json -> MalariaPatientReport.json] to map
08/06 14:37:41 [DEBUG] [21472] [COMPS.Data.AssetManager] adding [output/DemographicsSummary.json -> DemographicsSummary.json] to map
08/06 14:37:41 [DEBUG] [21472] [COMPS.Data.AssetManager] adding [output/BinnedReport.json -> BinnedReport.json] to map
08/06 14:37:41 [DEBUG] [21472] [COMPS.Data.AssetManager] adding [output/InsetChart.json -> InsetChart.json] to map
08/06 14:37:41 [DEBUG] [21472] [COMPS.Data.AssetManager] adding [campaign.json -> campaign.json] to map
08/06 14:37:41 [DEBUG] [21472] [COMPS.Data.AssetManager] adding [config.json -> config.json] to map
08/06 14:37:41 [DEBUG] [21472] [COMPS.Data.AssetManager] adding [StdErr.txt -> StdErr.txt] to map
08/06 14:37:41 [DEBUG] [21472] [COMPS.Data.AssetManager] adding [emodules_map.json -> emodules_map.json] to map
08/06 14:37:41 [DEBUG] [21472] [COMPS.Data.AssetManager] adding [StdOut.txt -> StdOut.txt] to map
08/06 14:37:41 [DEBUG] [21472] [COMPS.Data.AssetManager] adding [custom_reports.json -> custom_reports.json] to map
08/06 14:37:41 [DEBUG] [21472] [COMPS.Data.AssetManager] adding [status.txt -> status.txt] to map
08/06 14:37:41 [DEBUG] [21472] [COMPS.Client] REQUEST -> GET https://comps.idmod.org/asset/download/2I3LivsTtknhix3s8GZE-0vGWNo2YaatKuJYvDo35mg_/UmVzZXJ2ZWRGb3JGdXR1cmVVc2U_/XFxpbnRlcm5hbC5pZG0uY3RyXElETVxIb21lXGpvcnVzc2VsbFxvdXRwdXRcTWFsYXJpYSBDaGFsbGVuZ2VfdjEgSXRlcjBfMjAxOTA4MDZfMjEwMzA0XDE0NVxhMWJcYjE4XDE0NWExYmIxLThkYjgtZTkxMS1hMmMxLWM0MzQ2YmNiMTU1NVxvdXRwdXRcTWFsYXJpYVBhdGllbnRSZXBvcnQuanNvbg__/MalariaPatientReport.json
08/06 14:37:58 [DEBUG] [27084] [COMPS.Client] REQUEST -> GET https://comps.idmod.org/asset/Simulations/e259189f-8db8-e911-a2c1-c4346bcb1555/Output {'flatten': 1}
08/06 14:37:58 [DEBUG] [27084] [COMPS.Data.AssetManager] adding [output/MalariaPatientReport.json -> MalariaPatientReport.json] to map
08/06 14:37:58 [DEBUG] [27084] [COMPS.Data.AssetManager] adding [output/DemographicsSummary.json -> DemographicsSummary.json] to map
08/06 14:37:58 [DEBUG] [27084] [COMPS.Data.AssetManager] adding [output/BinnedReport.json -> BinnedReport.json] to map
08/06 14:37:58 [DEBUG] [27084] [COMPS.Data.AssetManager] adding [output/InsetChart.json -> InsetChart.json] to map
08/06 14:37:58 [DEBUG] [27084] [COMPS.Data.AssetManager] adding [campaign.json -> campaign.json] to map
08/06 14:37:58 [DEBUG] [27084] [COMPS.Data.AssetManager] adding [config.json -> config.json] to map
08/06 14:37:58 [DEBUG] [27084] [COMPS.Data.AssetManager] adding [StdErr.txt -> StdErr.txt] to map
08/06 14:37:58 [DEBUG] [27084] [COMPS.Data.AssetManager] adding [emodules_map.json -> emodules_map.json] to map
08/06 14:37:58 [DEBUG] [27084] [COMPS.Data.AssetManager] adding [StdOut.txt -> StdOut.txt] to map
08/06 14:37:58 [DEBUG] [27084] [COMPS.Data.AssetManager] adding [custom_reports.json -> custom_reports.json] to map
08/06 14:37:58 [DEBUG] [27084] [COMPS.Data.AssetManager] adding [status.txt -> status.txt] to map
08/06 14:37:58 [DEBUG] [27084] [COMPS.Client] REQUEST -> GET https://comps.idmod.org/asset/download/kPJkeVN1PQimiD5GBx9fp04CmaO6E0vPzU8zcGiW9Qs_/UmVzZXJ2ZWRGb3JGdXR1cmVVc2U_/XFxpbnRlcm5hbC5pZG0uY3RyXElETVxIb21lXGpvcnVzc2VsbFxvdXRwdXRcTWFsYXJpYSBDaGFsbGVuZ2VfdjEgSXRlcjBfMjAxOTA4MDZfMjEwMzA0XGU4NVw5MWJcYjE4XGU4NTkxYmIxLThkYjgtZTkxMS1hMmMxLWM0MzQ2YmNiMTU1NVxvdXRwdXRcTWFsYXJpYVBhdGllbnRSZXBvcnQuanNvbg__/MalariaPatientReport.json
08/06 14:38:18 [DEBUG] [27084] [COMPS.Client] REQUEST -> GET https://comps.idmod.org/asset/Simulations/e359189f-8db8-e911-a2c1-c4346bcb1555/Output {'flatten': 1}
08/06 14:38:18 [DEBUG] [27084] [COMPS.Data.AssetManager] adding [output/MalariaPatientReport.json -> MalariaPatientReport.json] to map
08/06 14:38:18 [DEBUG] [27084] [COMPS.Data.AssetManager] adding [output/DemographicsSummary.json -> DemographicsSummary.json] to map
08/06 14:38:18 [DEBUG] [27084] [COMPS.Data.AssetManager] adding [output/BinnedReport.json -> BinnedReport.json] to map
08/06 14:38:18 [DEBUG] [27084] [COMPS.Data.AssetManager] adding [output/InsetChart.json -> InsetChart.json] to map
08/06 14:38:18 [DEBUG] [27084] [COMPS.Data.AssetManager] adding [campaign.json -> campaign.json] to map
08/06 14:38:18 [DEBUG] [27084] [COMPS.Data.AssetManager] adding [config.json -> config.json] to map
08/06 14:38:18 [DEBUG] [27084] [COMPS.Data.AssetManager] adding [StdErr.txt -> StdErr.txt] to map
08/06 14:38:18 [DEBUG] [27084] [COMPS.Data.AssetManager] adding [emodules_map.json -> emodules_map.json] to map
08/06 14:38:18 [DEBUG] [27084] [COMPS.Data.AssetManager] adding [StdOut.txt -> StdOut.txt] to map
08/06 14:38:18 [DEBUG] [27084] [COMPS.Data.AssetManager] adding [custom_reports.json -> custom_reports.json] to map
08/06 14:38:18 [DEBUG] [27084] [COMPS.Data.AssetManager] adding [status.txt -> status.txt] to map
08/06 14:38:18 [DEBUG] [27084] [COMPS.Client] REQUEST -> GET https://comps.idmod.org/asset/download/3frBRTWbT6sF78ZEEbG50n.1xQhvCKrL6OELf-7KS50_/UmVzZXJ2ZWRGb3JGdXR1cmVVc2U_/XFxpbnRlcm5hbC5pZG0uY3RyXElETVxIb21lXGpvcnVzc2VsbFxvdXRwdXRcTWFsYXJpYSBDaGFsbGVuZ2VfdjEgSXRlcjBfMjAxOTA4MDZfMjEwMzA0XGVjNVw5MWJcYjE4XGVjNTkxYmIxLThkYjgtZTkxMS1hMmMxLWM0MzQ2YmNiMTU1NVxvdXRwdXRcTWFsYXJpYVBhdGllbnRSZXBvcnQuanNvbg__/MalariaPatientReport.json
