03/07 18:19:35 [DEBUG] [25400] [COMPS.Data.SerializableEntity] OutputFileMetadata --> {'Id': '_internal_id', 'Length': 'length', 'FriendlyName': 'friendly_name', 'PathFromRoot': 'path_from_root', 'Url': 'url', 'MimeType': 'mime_type'}
03/07 18:19:35 [DEBUG] [25400] [COMPS.Data.SerializableEntity] AssetFile --> {'FileName': 'file_name', 'MD5Checksum': 'md5_checksum', 'Length': 'length', 'Uri': 'uri'}
03/07 18:19:35 [DEBUG] [25400] [COMPS.Data.SerializableEntity] AssetCollectionFile --> {'RelativePath': 'relative_path', 'Tags': 'tags', 'FileName': 'file_name', 'MD5Checksum': 'md5_checksum', 'Length': 'length', 'Uri': 'uri'}
03/07 18:19:35 [DEBUG] [25400] [COMPS.Data.SerializableEntity] AssetCollection --> {'Id': 'id', 'DateCreated': 'date_created', 'Tags': 'tags', 'Assets': 'assets'}
03/07 18:19:35 [DEBUG] [25400] [COMPS.Data.SerializableEntity] Configuration --> {'EnvironmentName': 'environment_name', 'SimulationInputArgs': 'simulation_input_args', 'WorkingDirectoryRoot': 'working_directory_root', 'ExecutablePath': 'executable_path', 'NodeGroupName': 'node_group_name', 'MaximumNumberOfRetries': 'maximum_number_of_retries', 'Priority': 'priority', 'MinCores': 'min_cores', 'MaxCores': 'max_cores', 'Exclusive': 'exclusive', 'AssetCollectionId': 'asset_collection_id'}
03/07 18:19:35 [DEBUG] [25400] [COMPS.Data.SerializableEntity] SimulationFile --> {'FileType': 'file_type', 'Description': 'description', 'FileName': 'file_name', 'MD5Checksum': 'md5_checksum', 'Length': 'length', 'Uri': 'uri'}
03/07 18:19:35 [DEBUG] [25400] [COMPS.Data.SerializableEntity] WorkItemFile --> {'FileType': 'file_type', 'Description': 'description', 'FileName': 'file_name', 'MD5Checksum': 'md5_checksum', 'Length': 'length', 'Uri': 'uri'}
03/07 18:19:35 [DEBUG] [25400] [COMPS.Data.SerializableEntity] HpcJob --> {'Id': '_internal_id', 'JobId': 'job_id', 'JobState': 'job_state', 'Priority': 'priority', 'WorkingDirectory': 'working_directory', 'OutputDirectorySize': 'output_directory_size', 'SubmitTime': 'submit_time', 'StartTime': 'start_time', 'EndTime': 'end_time', 'ErrorMessage': 'error_message', 'Configuration': 'configuration'}
03/07 18:19:35 [DEBUG] [25400] [COMPS.Data.SerializableEntity] Simulation --> {'Id': 'id', 'ExperimentId': 'experiment_id', 'Name': 'name', 'Description': 'description', 'Owner': 'owner', 'DateCreated': 'date_created', 'LastModified': 'last_modified', 'SimulationState': 'state', 'ErrorMessage': 'error_message', 'Tags': 'tags', 'Configuration': 'configuration', 'Files': 'files', 'HPCJobs': 'hpc_jobs'}
03/07 18:19:35 [DEBUG] [25400] [COMPS.Data.SerializableEntity] Experiment --> {'Id': 'id', 'SuiteId': 'suite_id', 'Name': 'name', 'Description': 'description', 'Owner': 'owner', 'DateCreated': 'date_created', 'LastModified': 'last_modified', 'Tags': 'tags', 'Configuration': 'configuration'}
03/07 18:19:35 [DEBUG] [25400] [COMPS.Data.SerializableEntity] Suite --> {'Id': 'id', 'Name': 'name', 'Description': 'description', 'Owner': 'owner', 'DateCreated': 'date_created', 'LastModified': 'last_modified', 'Tags': 'tags', 'Configuration': 'configuration'}
03/07 18:19:35 [DEBUG] [25400] [COMPS.Data.SerializableEntity] WorkItem --> {'Id': 'id', 'Name': 'name', 'Worker': 'worker', 'EnvironmentName': 'environment_name', 'Description': 'description', 'Owner': 'owner', 'DateCreated': 'date_created', 'LastModified': 'last_modified', 'State': 'state', 'ErrorMessage': 'error_message', 'HostName': 'host_name', 'WorkerInstanceId': 'worker_instance_id', 'WorkItemPriority': 'priority', 'WorkingDirectory': 'working_directory', 'WorkingDirectorySize': 'working_directory_size', 'AssetCollectionId': 'asset_collection_id', 'Tags': 'tags', 'Files': 'files', 'Plugins': 'plugins'}
03/07 18:19:36 [DEBUG] [25400] [COMPS.Client] Parsed login host: ('https', 'comps.idmod.org', None)
03/07 18:19:36 [DEBUG] [25400] [COMPS.Client] REQUEST -> GET https://comps.idmod.org/api/Simulations {'fields': 'Id', 'filters': 'SimulationState=0,ExperimentId=b2d07e24-e360-ea11-a2c5-c4346bcb1550', 'count': 100000}
03/07 18:19:37 [DEBUG] [25400] [COMPS.Client] REQUEST -> GET https://comps.idmod.org/api/Simulations {'fields': 'Id,SimulationState', 'filters': 'ExperimentId=b2d07e24-e360-ea11-a2c5-c4346bcb1550', 'count': 100000}
03/07 18:19:43 [DEBUG] [25400] [COMPS.Client] REQUEST -> GET https://comps.idmod.org/api/Simulations {'fields': 'Id,SimulationState', 'filters': 'ExperimentId=b2d07e24-e360-ea11-a2c5-c4346bcb1550', 'count': 100000}
03/07 18:19:48 [DEBUG] [25400] [COMPS.Client] REQUEST -> GET https://comps.idmod.org/api/Simulations {'fields': 'Id,SimulationState', 'filters': 'ExperimentId=b2d07e24-e360-ea11-a2c5-c4346bcb1550', 'count': 100000}
03/07 18:19:53 [DEBUG] [25400] [COMPS.Client] REQUEST -> GET https://comps.idmod.org/api/Simulations {'fields': 'Id,SimulationState', 'filters': 'ExperimentId=b2d07e24-e360-ea11-a2c5-c4346bcb1550', 'count': 100000}
03/07 18:19:58 [DEBUG] [25400] [COMPS.Client] REQUEST -> GET https://comps.idmod.org/api/Simulations {'fields': 'Id,SimulationState', 'filters': 'ExperimentId=b2d07e24-e360-ea11-a2c5-c4346bcb1550', 'count': 100000}
03/07 18:20:04 [DEBUG] [25400] [COMPS.Client] REQUEST -> GET https://comps.idmod.org/api/Simulations {'fields': 'Id,SimulationState', 'filters': 'ExperimentId=b2d07e24-e360-ea11-a2c5-c4346bcb1550', 'count': 100000}
03/07 18:20:09 [DEBUG] [25400] [COMPS.Client] REQUEST -> GET https://comps.idmod.org/api/Simulations {'fields': 'Id,SimulationState', 'filters': 'ExperimentId=b2d07e24-e360-ea11-a2c5-c4346bcb1550', 'count': 100000}
03/07 18:20:14 [DEBUG] [25400] [COMPS.Client] REQUEST -> GET https://comps.idmod.org/api/Simulations {'fields': 'Id,SimulationState', 'filters': 'ExperimentId=b2d07e24-e360-ea11-a2c5-c4346bcb1550', 'count': 100000}
03/07 18:20:19 [DEBUG] [25400] [COMPS.Client] REQUEST -> GET https://comps.idmod.org/api/Simulations {'fields': 'Id,SimulationState', 'filters': 'ExperimentId=b2d07e24-e360-ea11-a2c5-c4346bcb1550', 'count': 100000}
03/07 18:20:25 [DEBUG] [25400] [COMPS.Client] REQUEST -> GET https://comps.idmod.org/api/Simulations {'fields': 'Id,SimulationState', 'filters': 'ExperimentId=b2d07e24-e360-ea11-a2c5-c4346bcb1550', 'count': 100000}
03/07 18:20:30 [DEBUG] [25400] [COMPS.Client] REQUEST -> GET https://comps.idmod.org/api/Simulations {'fields': 'Id,SimulationState', 'filters': 'ExperimentId=b2d07e24-e360-ea11-a2c5-c4346bcb1550', 'count': 100000}
03/07 18:20:35 [DEBUG] [25400] [COMPS.Client] REQUEST -> GET https://comps.idmod.org/api/Simulations {'fields': 'Id,SimulationState', 'filters': 'ExperimentId=b2d07e24-e360-ea11-a2c5-c4346bcb1550', 'count': 100000}
03/07 18:20:40 [DEBUG] [25400] [COMPS.Client] REQUEST -> GET https://comps.idmod.org/api/Simulations {'fields': 'Id,SimulationState', 'filters': 'ExperimentId=b2d07e24-e360-ea11-a2c5-c4346bcb1550', 'count': 100000}
03/07 18:20:45 [DEBUG] [25400] [COMPS.Client] REQUEST -> GET https://comps.idmod.org/api/Simulations {'fields': 'Id,SimulationState', 'filters': 'ExperimentId=b2d07e24-e360-ea11-a2c5-c4346bcb1550', 'count': 100000}
03/07 18:20:51 [DEBUG] [25400] [COMPS.Client] REQUEST -> GET https://comps.idmod.org/api/Simulations {'fields': 'Id,SimulationState', 'filters': 'ExperimentId=b2d07e24-e360-ea11-a2c5-c4346bcb1550', 'count': 100000}
03/07 18:20:56 [DEBUG] [25400] [COMPS.Client] REQUEST -> GET https://comps.idmod.org/api/Simulations {'fields': 'Id,SimulationState', 'filters': 'ExperimentId=b2d07e24-e360-ea11-a2c5-c4346bcb1550', 'count': 100000}
03/07 18:21:01 [DEBUG] [25400] [COMPS.Client] REQUEST -> GET https://comps.idmod.org/api/Simulations {'fields': 'Id,SimulationState', 'filters': 'ExperimentId=b2d07e24-e360-ea11-a2c5-c4346bcb1550', 'count': 100000}
03/07 18:21:06 [DEBUG] [25400] [COMPS.Client] REQUEST -> GET https://comps.idmod.org/api/Simulations {'fields': 'Id,SimulationState', 'filters': 'ExperimentId=b2d07e24-e360-ea11-a2c5-c4346bcb1550', 'count': 100000}
03/07 18:21:11 [DEBUG] [25400] [COMPS.Client] REQUEST -> GET https://comps.idmod.org/api/Simulations {'fields': 'Id,SimulationState', 'filters': 'ExperimentId=b2d07e24-e360-ea11-a2c5-c4346bcb1550', 'count': 100000}
03/07 18:21:17 [DEBUG] [25400] [COMPS.Client] REQUEST -> GET https://comps.idmod.org/api/Simulations {'fields': 'Id,SimulationState', 'filters': 'ExperimentId=b2d07e24-e360-ea11-a2c5-c4346bcb1550', 'count': 100000}
03/07 18:21:22 [DEBUG] [25400] [COMPS.Client] REQUEST -> GET https://comps.idmod.org/api/Simulations {'fields': 'Id,SimulationState', 'filters': 'ExperimentId=b2d07e24-e360-ea11-a2c5-c4346bcb1550', 'count': 100000}
03/07 18:21:27 [DEBUG] [25400] [COMPS.Client] REQUEST -> GET https://comps.idmod.org/api/Simulations {'fields': 'Id,SimulationState', 'filters': 'ExperimentId=b2d07e24-e360-ea11-a2c5-c4346bcb1550', 'count': 100000}
03/07 18:21:32 [DEBUG] [25400] [COMPS.Client] REQUEST -> GET https://comps.idmod.org/api/Simulations {'fields': 'Id,SimulationState', 'filters': 'ExperimentId=b2d07e24-e360-ea11-a2c5-c4346bcb1550', 'count': 100000}
03/07 18:21:38 [DEBUG] [25400] [COMPS.Client] REQUEST -> GET https://comps.idmod.org/api/Simulations {'fields': 'Id,SimulationState', 'filters': 'ExperimentId=b2d07e24-e360-ea11-a2c5-c4346bcb1550', 'count': 100000}
03/07 18:21:43 [DEBUG] [25400] [COMPS.Client] REQUEST -> GET https://comps.idmod.org/api/Simulations {'fields': 'Id,SimulationState', 'filters': 'ExperimentId=b2d07e24-e360-ea11-a2c5-c4346bcb1550', 'count': 100000}
03/07 18:21:48 [DEBUG] [25400] [COMPS.Client] REQUEST -> GET https://comps.idmod.org/api/Simulations {'fields': 'Id,SimulationState', 'filters': 'ExperimentId=b2d07e24-e360-ea11-a2c5-c4346bcb1550', 'count': 100000}
03/07 18:21:53 [DEBUG] [25400] [COMPS.Client] REQUEST -> GET https://comps.idmod.org/api/Simulations {'fields': 'Id,SimulationState', 'filters': 'ExperimentId=b2d07e24-e360-ea11-a2c5-c4346bcb1550', 'count': 100000}
03/07 18:21:58 [DEBUG] [25400] [COMPS.Client] REQUEST -> GET https://comps.idmod.org/api/Simulations {'fields': 'Id,SimulationState', 'filters': 'ExperimentId=b2d07e24-e360-ea11-a2c5-c4346bcb1550', 'count': 100000}
03/07 18:22:04 [DEBUG] [25400] [COMPS.Client] REQUEST -> GET https://comps.idmod.org/api/Simulations {'fields': 'Id,SimulationState', 'filters': 'ExperimentId=b2d07e24-e360-ea11-a2c5-c4346bcb1550', 'count': 100000}
03/07 18:22:09 [DEBUG] [25400] [COMPS.Client] REQUEST -> GET https://comps.idmod.org/api/Simulations {'fields': 'Id,SimulationState', 'filters': 'ExperimentId=b2d07e24-e360-ea11-a2c5-c4346bcb1550', 'count': 100000}
03/07 18:22:14 [DEBUG] [25400] [COMPS.Client] REQUEST -> GET https://comps.idmod.org/api/Simulations {'fields': 'Id,SimulationState', 'filters': 'ExperimentId=b2d07e24-e360-ea11-a2c5-c4346bcb1550', 'count': 100000}
03/07 18:22:19 [DEBUG] [25400] [COMPS.Client] REQUEST -> GET https://comps.idmod.org/api/Simulations {'fields': 'Id,SimulationState', 'filters': 'ExperimentId=b2d07e24-e360-ea11-a2c5-c4346bcb1550', 'count': 100000}
03/07 18:22:25 [DEBUG] [25400] [COMPS.Client] REQUEST -> GET https://comps.idmod.org/api/Simulations {'fields': 'Id,SimulationState', 'filters': 'ExperimentId=b2d07e24-e360-ea11-a2c5-c4346bcb1550', 'count': 100000}
03/07 18:22:30 [DEBUG] [25400] [COMPS.Client] REQUEST -> GET https://comps.idmod.org/api/Simulations {'fields': 'Id,SimulationState', 'filters': 'ExperimentId=b2d07e24-e360-ea11-a2c5-c4346bcb1550', 'count': 100000}
03/07 18:22:35 [DEBUG] [25400] [COMPS.Client] REQUEST -> GET https://comps.idmod.org/api/Simulations {'fields': 'Id,SimulationState', 'filters': 'ExperimentId=b2d07e24-e360-ea11-a2c5-c4346bcb1550', 'count': 100000}
03/07 18:22:40 [DEBUG] [25400] [COMPS.Client] REQUEST -> GET https://comps.idmod.org/api/Simulations {'fields': 'Id,SimulationState', 'filters': 'ExperimentId=b2d07e24-e360-ea11-a2c5-c4346bcb1550', 'count': 100000}
03/07 18:22:45 [DEBUG] [25400] [COMPS.Client] REQUEST -> GET https://comps.idmod.org/api/Simulations {'fields': 'Id,SimulationState', 'filters': 'ExperimentId=b2d07e24-e360-ea11-a2c5-c4346bcb1550', 'count': 100000}
03/07 18:22:51 [DEBUG] [25400] [COMPS.Client] REQUEST -> GET https://comps.idmod.org/api/Simulations {'fields': 'Id,SimulationState', 'filters': 'ExperimentId=b2d07e24-e360-ea11-a2c5-c4346bcb1550', 'count': 100000}
03/07 18:22:56 [DEBUG] [25400] [COMPS.Client] REQUEST -> GET https://comps.idmod.org/api/Simulations {'fields': 'Id,SimulationState', 'filters': 'ExperimentId=b2d07e24-e360-ea11-a2c5-c4346bcb1550', 'count': 100000}
03/07 18:23:01 [DEBUG] [25400] [COMPS.Client] REQUEST -> GET https://comps.idmod.org/api/Simulations {'fields': 'Id,SimulationState', 'filters': 'ExperimentId=b2d07e24-e360-ea11-a2c5-c4346bcb1550', 'count': 100000}
03/07 18:23:06 [DEBUG] [25400] [COMPS.Client] REQUEST -> GET https://comps.idmod.org/api/Simulations {'fields': 'Id,SimulationState', 'filters': 'ExperimentId=b2d07e24-e360-ea11-a2c5-c4346bcb1550', 'count': 100000}
03/07 18:23:12 [DEBUG] [25400] [COMPS.Client] REQUEST -> GET https://comps.idmod.org/api/Simulations {'fields': 'Id,SimulationState', 'filters': 'ExperimentId=b2d07e24-e360-ea11-a2c5-c4346bcb1550', 'count': 100000}
03/07 18:23:17 [DEBUG] [25400] [COMPS.Client] REQUEST -> GET https://comps.idmod.org/api/Simulations {'fields': 'Id,SimulationState', 'filters': 'ExperimentId=b2d07e24-e360-ea11-a2c5-c4346bcb1550', 'count': 100000}
03/07 18:23:22 [DEBUG] [25400] [COMPS.Client] REQUEST -> GET https://comps.idmod.org/api/Simulations {'fields': 'Id,SimulationState', 'filters': 'ExperimentId=b2d07e24-e360-ea11-a2c5-c4346bcb1550', 'count': 100000}
03/07 18:23:27 [DEBUG] [25400] [COMPS.Client] REQUEST -> GET https://comps.idmod.org/api/Simulations {'fields': 'Id,SimulationState', 'filters': 'ExperimentId=b2d07e24-e360-ea11-a2c5-c4346bcb1550', 'count': 100000}
03/07 18:23:35 [DEBUG] [25400] [COMPS.Client] REQUEST -> GET https://comps.idmod.org/api/Simulations {'fields': 'Id,SimulationState', 'filters': 'ExperimentId=b2d07e24-e360-ea11-a2c5-c4346bcb1550', 'count': 100000}
03/07 18:23:41 [DEBUG] [25400] [COMPS.Client] REQUEST -> GET https://comps.idmod.org/api/Simulations {'fields': 'Id,SimulationState', 'filters': 'ExperimentId=b2d07e24-e360-ea11-a2c5-c4346bcb1550', 'count': 100000}
03/07 18:23:46 [DEBUG] [25400] [COMPS.Client] REQUEST -> GET https://comps.idmod.org/api/Simulations {'fields': 'Id,SimulationState', 'filters': 'ExperimentId=b2d07e24-e360-ea11-a2c5-c4346bcb1550', 'count': 100000}
03/07 18:23:51 [DEBUG] [25400] [COMPS.Client] REQUEST -> GET https://comps.idmod.org/api/Simulations {'fields': 'Id,SimulationState', 'filters': 'ExperimentId=b2d07e24-e360-ea11-a2c5-c4346bcb1550', 'count': 100000}
03/07 18:23:56 [DEBUG] [25400] [COMPS.Client] REQUEST -> GET https://comps.idmod.org/api/Simulations {'fields': 'Id,SimulationState', 'filters': 'ExperimentId=b2d07e24-e360-ea11-a2c5-c4346bcb1550', 'count': 100000}
03/07 18:24:02 [DEBUG] [25400] [COMPS.Client] REQUEST -> GET https://comps.idmod.org/api/Simulations {'fields': 'Id,SimulationState', 'filters': 'ExperimentId=b2d07e24-e360-ea11-a2c5-c4346bcb1550', 'count': 100000}
03/07 18:24:07 [DEBUG] [25400] [COMPS.Client] REQUEST -> GET https://comps.idmod.org/api/Simulations {'fields': 'Id,SimulationState', 'filters': 'ExperimentId=b2d07e24-e360-ea11-a2c5-c4346bcb1550', 'count': 100000}
03/07 18:24:12 [DEBUG] [25400] [COMPS.Client] REQUEST -> GET https://comps.idmod.org/api/Simulations {'fields': 'Id,SimulationState', 'filters': 'ExperimentId=b2d07e24-e360-ea11-a2c5-c4346bcb1550', 'count': 100000}
03/07 18:24:17 [DEBUG] [25400] [COMPS.Client] REQUEST -> GET https://comps.idmod.org/api/Simulations {'fields': 'Id,SimulationState', 'filters': 'ExperimentId=b2d07e24-e360-ea11-a2c5-c4346bcb1550', 'count': 100000}
03/07 18:24:22 [DEBUG] [25400] [COMPS.Client] REQUEST -> GET https://comps.idmod.org/api/Simulations {'fields': 'Id,SimulationState', 'filters': 'ExperimentId=b2d07e24-e360-ea11-a2c5-c4346bcb1550', 'count': 100000}
03/07 18:24:28 [DEBUG] [25400] [COMPS.Client] REQUEST -> GET https://comps.idmod.org/api/Simulations {'fields': 'Id,SimulationState', 'filters': 'ExperimentId=b2d07e24-e360-ea11-a2c5-c4346bcb1550', 'count': 100000}
03/07 18:24:33 [DEBUG] [25400] [COMPS.Client] REQUEST -> GET https://comps.idmod.org/api/Simulations {'fields': 'Id,SimulationState', 'filters': 'ExperimentId=b2d07e24-e360-ea11-a2c5-c4346bcb1550', 'count': 100000}
03/07 18:24:38 [DEBUG] [25400] [COMPS.Client] REQUEST -> GET https://comps.idmod.org/api/Simulations {'fields': 'Id,SimulationState', 'filters': 'ExperimentId=b2d07e24-e360-ea11-a2c5-c4346bcb1550', 'count': 100000}
03/07 18:24:43 [DEBUG] [25400] [COMPS.Client] REQUEST -> GET https://comps.idmod.org/api/Simulations {'fields': 'Id,SimulationState', 'filters': 'ExperimentId=b2d07e24-e360-ea11-a2c5-c4346bcb1550', 'count': 100000}
03/07 18:24:49 [DEBUG] [25400] [COMPS.Client] REQUEST -> GET https://comps.idmod.org/api/Simulations {'fields': 'Id,SimulationState', 'filters': 'ExperimentId=b2d07e24-e360-ea11-a2c5-c4346bcb1550', 'count': 100000}
03/07 18:24:54 [DEBUG] [25400] [COMPS.Client] REQUEST -> GET https://comps.idmod.org/api/Simulations {'fields': 'Id,SimulationState', 'filters': 'ExperimentId=b2d07e24-e360-ea11-a2c5-c4346bcb1550', 'count': 100000}
03/07 18:24:59 [DEBUG] [25400] [COMPS.Client] REQUEST -> GET https://comps.idmod.org/api/Simulations {'fields': 'Id,SimulationState', 'filters': 'ExperimentId=b2d07e24-e360-ea11-a2c5-c4346bcb1550', 'count': 100000}
03/07 18:25:04 [DEBUG] [25400] [COMPS.Client] REQUEST -> GET https://comps.idmod.org/api/Simulations {'fields': 'Id,SimulationState', 'filters': 'ExperimentId=b2d07e24-e360-ea11-a2c5-c4346bcb1550', 'count': 100000}
03/07 18:25:10 [DEBUG] [25400] [COMPS.Client] REQUEST -> GET https://comps.idmod.org/api/Simulations {'fields': 'Id,SimulationState', 'filters': 'ExperimentId=b2d07e24-e360-ea11-a2c5-c4346bcb1550', 'count': 100000}
03/07 18:25:15 [DEBUG] [25400] [COMPS.Client] REQUEST -> GET https://comps.idmod.org/api/Simulations {'fields': 'Id,SimulationState', 'filters': 'ExperimentId=b2d07e24-e360-ea11-a2c5-c4346bcb1550', 'count': 100000}
03/07 18:25:21 [DEBUG] [25400] [COMPS.Client] REQUEST -> GET https://comps.idmod.org/api/Simulations {'fields': 'Id,SimulationState', 'filters': 'ExperimentId=b2d07e24-e360-ea11-a2c5-c4346bcb1550', 'count': 100000}
03/07 18:25:26 [DEBUG] [25400] [COMPS.Client] REQUEST -> GET https://comps.idmod.org/api/Simulations {'fields': 'Id,SimulationState', 'filters': 'ExperimentId=b2d07e24-e360-ea11-a2c5-c4346bcb1550', 'count': 100000}
03/07 18:25:31 [DEBUG] [25400] [COMPS.Client] REQUEST -> GET https://comps.idmod.org/api/Simulations {'fields': 'Id,SimulationState', 'filters': 'ExperimentId=b2d07e24-e360-ea11-a2c5-c4346bcb1550', 'count': 100000}
03/07 18:25:36 [DEBUG] [25400] [COMPS.Client] REQUEST -> GET https://comps.idmod.org/api/Simulations {'fields': 'Id,SimulationState', 'filters': 'ExperimentId=b2d07e24-e360-ea11-a2c5-c4346bcb1550', 'count': 100000}
03/07 18:25:42 [DEBUG] [25400] [COMPS.Client] REQUEST -> GET https://comps.idmod.org/api/Simulations {'fields': 'Id,SimulationState', 'filters': 'ExperimentId=b2d07e24-e360-ea11-a2c5-c4346bcb1550', 'count': 100000}
03/07 18:25:47 [DEBUG] [25400] [COMPS.Client] REQUEST -> GET https://comps.idmod.org/api/Simulations {'fields': 'Id,SimulationState', 'filters': 'ExperimentId=b2d07e24-e360-ea11-a2c5-c4346bcb1550', 'count': 100000}
03/07 18:25:52 [DEBUG] [25400] [COMPS.Client] REQUEST -> GET https://comps.idmod.org/api/Simulations {'fields': 'Id,SimulationState', 'filters': 'ExperimentId=b2d07e24-e360-ea11-a2c5-c4346bcb1550', 'count': 100000}
03/07 18:25:57 [DEBUG] [25400] [COMPS.Client] REQUEST -> GET https://comps.idmod.org/api/Simulations {'fields': 'Id,SimulationState', 'filters': 'ExperimentId=b2d07e24-e360-ea11-a2c5-c4346bcb1550', 'count': 100000}
03/07 18:26:02 [DEBUG] [25400] [COMPS.Client] REQUEST -> GET https://comps.idmod.org/api/Simulations {'fields': 'Id,SimulationState', 'filters': 'ExperimentId=b2d07e24-e360-ea11-a2c5-c4346bcb1550', 'count': 100000}
03/07 18:26:08 [DEBUG] [25400] [COMPS.Client] REQUEST -> GET https://comps.idmod.org/api/Simulations {'fields': 'Id,SimulationState', 'filters': 'ExperimentId=b2d07e24-e360-ea11-a2c5-c4346bcb1550', 'count': 100000}
03/07 18:26:13 [DEBUG] [25400] [COMPS.Client] REQUEST -> GET https://comps.idmod.org/api/Simulations {'fields': 'Id,SimulationState', 'filters': 'ExperimentId=b2d07e24-e360-ea11-a2c5-c4346bcb1550', 'count': 100000}
03/07 18:26:18 [DEBUG] [25400] [COMPS.Client] REQUEST -> GET https://comps.idmod.org/api/Simulations {'fields': 'Id,SimulationState', 'filters': 'ExperimentId=b2d07e24-e360-ea11-a2c5-c4346bcb1550', 'count': 100000}
03/07 18:26:23 [DEBUG] [25400] [COMPS.Client] REQUEST -> GET https://comps.idmod.org/api/Simulations {'fields': 'Id,SimulationState', 'filters': 'ExperimentId=b2d07e24-e360-ea11-a2c5-c4346bcb1550', 'count': 100000}
03/07 18:26:29 [DEBUG] [25400] [COMPS.Client] REQUEST -> GET https://comps.idmod.org/api/Simulations {'fields': 'Id,SimulationState', 'filters': 'ExperimentId=b2d07e24-e360-ea11-a2c5-c4346bcb1550', 'count': 100000}
03/07 18:26:34 [DEBUG] [25400] [COMPS.Client] REQUEST -> GET https://comps.idmod.org/api/Simulations {'fields': 'Id,SimulationState', 'filters': 'ExperimentId=b2d07e24-e360-ea11-a2c5-c4346bcb1550', 'count': 100000}
03/07 18:26:39 [DEBUG] [25400] [COMPS.Client] REQUEST -> GET https://comps.idmod.org/api/Simulations {'fields': 'Id,SimulationState', 'filters': 'ExperimentId=b2d07e24-e360-ea11-a2c5-c4346bcb1550', 'count': 100000}
03/07 18:26:44 [DEBUG] [25400] [COMPS.Client] REQUEST -> GET https://comps.idmod.org/api/Simulations {'fields': 'Id,SimulationState', 'filters': 'ExperimentId=b2d07e24-e360-ea11-a2c5-c4346bcb1550', 'count': 100000}
03/07 18:26:50 [DEBUG] [25400] [COMPS.Client] REQUEST -> GET https://comps.idmod.org/api/Simulations {'fields': 'Id,SimulationState', 'filters': 'ExperimentId=b2d07e24-e360-ea11-a2c5-c4346bcb1550', 'count': 100000}
03/07 18:26:55 [DEBUG] [25400] [COMPS.Client] REQUEST -> GET https://comps.idmod.org/api/Simulations {'fields': 'Id,SimulationState', 'filters': 'ExperimentId=b2d07e24-e360-ea11-a2c5-c4346bcb1550', 'count': 100000}
03/07 18:27:00 [DEBUG] [25400] [COMPS.Client] REQUEST -> GET https://comps.idmod.org/api/Simulations {'fields': 'Id,SimulationState', 'filters': 'ExperimentId=b2d07e24-e360-ea11-a2c5-c4346bcb1550', 'count': 100000}
03/07 18:27:05 [DEBUG] [25400] [COMPS.Client] REQUEST -> GET https://comps.idmod.org/api/Simulations {'fields': 'Id,SimulationState', 'filters': 'ExperimentId=b2d07e24-e360-ea11-a2c5-c4346bcb1550', 'count': 100000}
03/07 18:27:11 [DEBUG] [25400] [COMPS.Client] REQUEST -> GET https://comps.idmod.org/api/Simulations {'fields': 'Id,SimulationState', 'filters': 'ExperimentId=b2d07e24-e360-ea11-a2c5-c4346bcb1550', 'count': 100000}
03/07 18:27:16 [DEBUG] [25400] [COMPS.Client] REQUEST -> GET https://comps.idmod.org/api/Simulations {'fields': 'Id,SimulationState', 'filters': 'ExperimentId=b2d07e24-e360-ea11-a2c5-c4346bcb1550', 'count': 100000}
03/07 18:27:21 [DEBUG] [25400] [COMPS.Client] REQUEST -> GET https://comps.idmod.org/api/Simulations {'fields': 'Id,SimulationState', 'filters': 'ExperimentId=b2d07e24-e360-ea11-a2c5-c4346bcb1550', 'count': 100000}
03/07 18:27:26 [DEBUG] [25400] [COMPS.Client] REQUEST -> GET https://comps.idmod.org/api/Simulations {'fields': 'Id,SimulationState', 'filters': 'ExperimentId=b2d07e24-e360-ea11-a2c5-c4346bcb1550', 'count': 100000}
03/07 18:27:31 [DEBUG] [25400] [COMPS.Client] REQUEST -> GET https://comps.idmod.org/api/Simulations {'fields': 'Id,SimulationState', 'filters': 'ExperimentId=b2d07e24-e360-ea11-a2c5-c4346bcb1550', 'count': 100000}
03/07 18:27:37 [DEBUG] [25400] [COMPS.Client] REQUEST -> GET https://comps.idmod.org/api/Simulations {'fields': 'Id,SimulationState', 'filters': 'ExperimentId=b2d07e24-e360-ea11-a2c5-c4346bcb1550', 'count': 100000}
03/07 18:27:42 [DEBUG] [25400] [COMPS.Client] REQUEST -> GET https://comps.idmod.org/api/Simulations {'fields': 'Id,SimulationState', 'filters': 'ExperimentId=b2d07e24-e360-ea11-a2c5-c4346bcb1550', 'count': 100000}
03/07 18:27:47 [DEBUG] [25400] [COMPS.Client] REQUEST -> GET https://comps.idmod.org/api/Simulations {'fields': 'Id,SimulationState', 'filters': 'ExperimentId=b2d07e24-e360-ea11-a2c5-c4346bcb1550', 'count': 100000}
03/07 18:27:52 [DEBUG] [25400] [COMPS.Client] REQUEST -> GET https://comps.idmod.org/api/Simulations {'fields': 'Id,SimulationState', 'filters': 'ExperimentId=b2d07e24-e360-ea11-a2c5-c4346bcb1550', 'count': 100000}
03/07 18:27:57 [DEBUG] [25400] [COMPS.Client] REQUEST -> GET https://comps.idmod.org/api/Simulations {'fields': 'Id,SimulationState', 'filters': 'ExperimentId=b2d07e24-e360-ea11-a2c5-c4346bcb1550', 'count': 100000}
03/07 18:28:03 [DEBUG] [25400] [COMPS.Client] REQUEST -> GET https://comps.idmod.org/api/Simulations {'fields': 'Id,SimulationState', 'filters': 'ExperimentId=b2d07e24-e360-ea11-a2c5-c4346bcb1550', 'count': 100000}
03/07 18:28:08 [DEBUG] [25400] [COMPS.Client] REQUEST -> GET https://comps.idmod.org/api/Simulations {'fields': 'Id,SimulationState', 'filters': 'ExperimentId=b2d07e24-e360-ea11-a2c5-c4346bcb1550', 'count': 100000}
03/07 18:28:13 [DEBUG] [25400] [COMPS.Client] REQUEST -> GET https://comps.idmod.org/api/Simulations {'fields': 'Id,SimulationState', 'filters': 'ExperimentId=b2d07e24-e360-ea11-a2c5-c4346bcb1550', 'count': 100000}
03/07 18:28:18 [DEBUG] [25400] [COMPS.Client] REQUEST -> GET https://comps.idmod.org/api/Simulations {'fields': 'Id,SimulationState', 'filters': 'ExperimentId=b2d07e24-e360-ea11-a2c5-c4346bcb1550', 'count': 100000}
03/07 18:28:23 [DEBUG] [25400] [COMPS.Client] REQUEST -> GET https://comps.idmod.org/api/Simulations {'fields': 'Id,SimulationState', 'filters': 'ExperimentId=b2d07e24-e360-ea11-a2c5-c4346bcb1550', 'count': 100000}
03/07 18:28:29 [DEBUG] [25400] [COMPS.Client] REQUEST -> GET https://comps.idmod.org/api/Simulations {'fields': 'Id,SimulationState', 'filters': 'ExperimentId=b2d07e24-e360-ea11-a2c5-c4346bcb1550', 'count': 100000}
03/07 18:28:34 [DEBUG] [25400] [COMPS.Client] REQUEST -> GET https://comps.idmod.org/api/Simulations {'fields': 'Id,SimulationState', 'filters': 'ExperimentId=b2d07e24-e360-ea11-a2c5-c4346bcb1550', 'count': 100000}
03/07 18:28:39 [DEBUG] [25400] [COMPS.Client] REQUEST -> GET https://comps.idmod.org/api/Simulations {'fields': 'Id,SimulationState', 'filters': 'ExperimentId=b2d07e24-e360-ea11-a2c5-c4346bcb1550', 'count': 100000}
03/07 18:28:45 [DEBUG] [25400] [COMPS.Client] REQUEST -> GET https://comps.idmod.org/api/Simulations {'fields': 'Id,SimulationState', 'filters': 'ExperimentId=b2d07e24-e360-ea11-a2c5-c4346bcb1550', 'count': 100000}
03/07 18:28:50 [DEBUG] [25400] [COMPS.Client] REQUEST -> GET https://comps.idmod.org/api/Simulations {'fields': 'Id,SimulationState', 'filters': 'ExperimentId=b2d07e24-e360-ea11-a2c5-c4346bcb1550', 'count': 100000}
03/07 18:28:56 [DEBUG] [25400] [COMPS.Client] REQUEST -> GET https://comps.idmod.org/api/Simulations {'fields': 'Id,SimulationState', 'filters': 'ExperimentId=b2d07e24-e360-ea11-a2c5-c4346bcb1550', 'count': 100000}
03/07 18:29:01 [DEBUG] [25400] [COMPS.Client] REQUEST -> GET https://comps.idmod.org/api/Simulations {'fields': 'Id,SimulationState', 'filters': 'ExperimentId=b2d07e24-e360-ea11-a2c5-c4346bcb1550', 'count': 100000}
03/07 18:29:06 [DEBUG] [25400] [COMPS.Client] REQUEST -> GET https://comps.idmod.org/api/Simulations {'fields': 'Id,SimulationState', 'filters': 'ExperimentId=b2d07e24-e360-ea11-a2c5-c4346bcb1550', 'count': 100000}
03/07 18:29:12 [DEBUG] [25400] [COMPS.Client] REQUEST -> GET https://comps.idmod.org/api/Simulations {'fields': 'Id,SimulationState', 'filters': 'ExperimentId=b2d07e24-e360-ea11-a2c5-c4346bcb1550', 'count': 100000}
03/07 18:29:17 [DEBUG] [25400] [COMPS.Client] REQUEST -> GET https://comps.idmod.org/api/Simulations {'fields': 'Id,SimulationState', 'filters': 'ExperimentId=b2d07e24-e360-ea11-a2c5-c4346bcb1550', 'count': 100000}
03/07 18:29:23 [DEBUG] [25400] [COMPS.Client] REQUEST -> GET https://comps.idmod.org/api/Simulations {'fields': 'Id,SimulationState', 'filters': 'ExperimentId=b2d07e24-e360-ea11-a2c5-c4346bcb1550', 'count': 100000}
03/07 18:29:28 [DEBUG] [25400] [COMPS.Client] REQUEST -> GET https://comps.idmod.org/api/Simulations {'fields': 'Id,SimulationState', 'filters': 'ExperimentId=b2d07e24-e360-ea11-a2c5-c4346bcb1550', 'count': 100000}
03/07 18:29:34 [DEBUG] [25400] [COMPS.Client] REQUEST -> GET https://comps.idmod.org/api/Simulations {'fields': 'Id,SimulationState', 'filters': 'ExperimentId=b2d07e24-e360-ea11-a2c5-c4346bcb1550', 'count': 100000}
03/07 18:29:39 [DEBUG] [25400] [COMPS.Client] REQUEST -> GET https://comps.idmod.org/api/Simulations {'fields': 'Id,SimulationState', 'filters': 'ExperimentId=b2d07e24-e360-ea11-a2c5-c4346bcb1550', 'count': 100000}
03/07 18:29:44 [DEBUG] [25400] [COMPS.Client] REQUEST -> GET https://comps.idmod.org/api/Simulations {'fields': 'Id,SimulationState', 'filters': 'ExperimentId=b2d07e24-e360-ea11-a2c5-c4346bcb1550', 'count': 100000}
03/07 18:29:49 [DEBUG] [25400] [COMPS.Client] REQUEST -> GET https://comps.idmod.org/api/Simulations {'fields': 'Id,SimulationState', 'filters': 'ExperimentId=b2d07e24-e360-ea11-a2c5-c4346bcb1550', 'count': 100000}
03/07 18:29:54 [DEBUG] [25400] [COMPS.Client] REQUEST -> GET https://comps.idmod.org/api/Simulations {'fields': 'Id,SimulationState', 'filters': 'ExperimentId=b2d07e24-e360-ea11-a2c5-c4346bcb1550', 'count': 100000}
03/07 18:30:00 [DEBUG] [25400] [COMPS.Client] REQUEST -> GET https://comps.idmod.org/api/Simulations {'fields': 'Id,SimulationState', 'filters': 'ExperimentId=b2d07e24-e360-ea11-a2c5-c4346bcb1550', 'count': 100000}
03/07 18:30:05 [DEBUG] [25400] [COMPS.Client] REQUEST -> GET https://comps.idmod.org/api/Simulations {'fields': 'Id,SimulationState', 'filters': 'ExperimentId=b2d07e24-e360-ea11-a2c5-c4346bcb1550', 'count': 100000}
03/07 18:30:10 [DEBUG] [25400] [COMPS.Client] REQUEST -> GET https://comps.idmod.org/api/Simulations {'fields': 'Id,SimulationState', 'filters': 'ExperimentId=b2d07e24-e360-ea11-a2c5-c4346bcb1550', 'count': 100000}
03/07 18:30:15 [DEBUG] [25400] [COMPS.Client] REQUEST -> GET https://comps.idmod.org/api/Simulations {'fields': 'Id,SimulationState', 'filters': 'ExperimentId=b2d07e24-e360-ea11-a2c5-c4346bcb1550', 'count': 100000}
03/07 18:30:20 [DEBUG] [25400] [COMPS.Client] REQUEST -> GET https://comps.idmod.org/api/Simulations {'fields': 'Id,SimulationState', 'filters': 'ExperimentId=b2d07e24-e360-ea11-a2c5-c4346bcb1550', 'count': 100000}
03/07 18:30:26 [DEBUG] [25400] [COMPS.Client] REQUEST -> GET https://comps.idmod.org/api/Simulations {'fields': 'Id,SimulationState', 'filters': 'ExperimentId=b2d07e24-e360-ea11-a2c5-c4346bcb1550', 'count': 100000}
03/07 18:30:31 [DEBUG] [25400] [COMPS.Client] REQUEST -> GET https://comps.idmod.org/api/Simulations {'fields': 'Id,SimulationState', 'filters': 'ExperimentId=b2d07e24-e360-ea11-a2c5-c4346bcb1550', 'count': 100000}
03/07 18:30:36 [DEBUG] [25400] [COMPS.Client] REQUEST -> GET https://comps.idmod.org/api/Simulations {'fields': 'Id,SimulationState', 'filters': 'ExperimentId=b2d07e24-e360-ea11-a2c5-c4346bcb1550', 'count': 100000}
03/07 18:30:41 [DEBUG] [25400] [COMPS.Client] REQUEST -> GET https://comps.idmod.org/api/Simulations {'fields': 'Id,SimulationState', 'filters': 'ExperimentId=b2d07e24-e360-ea11-a2c5-c4346bcb1550', 'count': 100000}
03/07 18:30:47 [DEBUG] [25400] [COMPS.Client] REQUEST -> GET https://comps.idmod.org/api/Simulations {'fields': 'Id,SimulationState', 'filters': 'ExperimentId=b2d07e24-e360-ea11-a2c5-c4346bcb1550', 'count': 100000}
03/07 18:30:52 [DEBUG] [25400] [COMPS.Client] REQUEST -> GET https://comps.idmod.org/api/Simulations {'fields': 'Id,SimulationState', 'filters': 'ExperimentId=b2d07e24-e360-ea11-a2c5-c4346bcb1550', 'count': 100000}
03/07 18:30:57 [DEBUG] [25400] [COMPS.Client] REQUEST -> GET https://comps.idmod.org/api/Simulations {'fields': 'Id,SimulationState', 'filters': 'ExperimentId=b2d07e24-e360-ea11-a2c5-c4346bcb1550', 'count': 100000}
03/07 18:31:02 [DEBUG] [25400] [COMPS.Client] REQUEST -> GET https://comps.idmod.org/api/Simulations {'fields': 'Id,SimulationState', 'filters': 'ExperimentId=b2d07e24-e360-ea11-a2c5-c4346bcb1550', 'count': 100000}
03/07 18:31:07 [DEBUG] [25400] [COMPS.Client] REQUEST -> GET https://comps.idmod.org/api/Simulations {'fields': 'Id,SimulationState', 'filters': 'ExperimentId=b2d07e24-e360-ea11-a2c5-c4346bcb1550', 'count': 100000}
03/07 18:31:13 [DEBUG] [25400] [COMPS.Client] REQUEST -> GET https://comps.idmod.org/api/Simulations {'fields': 'Id,SimulationState', 'filters': 'ExperimentId=b2d07e24-e360-ea11-a2c5-c4346bcb1550', 'count': 100000}
03/07 18:31:18 [DEBUG] [25400] [COMPS.Client] REQUEST -> GET https://comps.idmod.org/api/Simulations {'fields': 'Id,SimulationState', 'filters': 'ExperimentId=b2d07e24-e360-ea11-a2c5-c4346bcb1550', 'count': 100000}
03/07 18:31:23 [DEBUG] [25400] [COMPS.Client] REQUEST -> GET https://comps.idmod.org/api/Simulations {'fields': 'Id,SimulationState', 'filters': 'ExperimentId=b2d07e24-e360-ea11-a2c5-c4346bcb1550', 'count': 100000}
03/07 18:31:28 [DEBUG] [25400] [COMPS.Client] REQUEST -> GET https://comps.idmod.org/api/Simulations {'fields': 'Id,SimulationState', 'filters': 'ExperimentId=b2d07e24-e360-ea11-a2c5-c4346bcb1550', 'count': 100000}
03/07 18:31:34 [DEBUG] [25400] [COMPS.Client] REQUEST -> GET https://comps.idmod.org/api/Simulations {'fields': 'Id,SimulationState', 'filters': 'ExperimentId=b2d07e24-e360-ea11-a2c5-c4346bcb1550', 'count': 100000}
03/07 18:31:39 [DEBUG] [25400] [COMPS.Client] REQUEST -> GET https://comps.idmod.org/api/Simulations {'fields': 'Id,SimulationState', 'filters': 'ExperimentId=b2d07e24-e360-ea11-a2c5-c4346bcb1550', 'count': 100000}
03/07 18:31:44 [DEBUG] [25400] [COMPS.Client] REQUEST -> GET https://comps.idmod.org/api/Simulations {'fields': 'Id,SimulationState', 'filters': 'ExperimentId=b2d07e24-e360-ea11-a2c5-c4346bcb1550', 'count': 100000}
03/07 18:31:50 [DEBUG] [25400] [COMPS.Client] REQUEST -> GET https://comps.idmod.org/api/Simulations {'fields': 'Id,SimulationState', 'filters': 'ExperimentId=b2d07e24-e360-ea11-a2c5-c4346bcb1550', 'count': 100000}
03/07 18:31:55 [DEBUG] [25400] [COMPS.Client] REQUEST -> GET https://comps.idmod.org/api/Simulations {'fields': 'Id,SimulationState', 'filters': 'ExperimentId=b2d07e24-e360-ea11-a2c5-c4346bcb1550', 'count': 100000}
03/07 18:32:00 [DEBUG] [25400] [COMPS.Client] REQUEST -> GET https://comps.idmod.org/api/Simulations {'fields': 'Id,SimulationState', 'filters': 'ExperimentId=b2d07e24-e360-ea11-a2c5-c4346bcb1550', 'count': 100000}
03/07 18:32:05 [DEBUG] [25400] [COMPS.Client] REQUEST -> GET https://comps.idmod.org/api/Simulations {'fields': 'Id,SimulationState', 'filters': 'ExperimentId=b2d07e24-e360-ea11-a2c5-c4346bcb1550', 'count': 100000}
03/07 18:32:11 [DEBUG] [25400] [COMPS.Client] REQUEST -> GET https://comps.idmod.org/api/Simulations {'fields': 'Id,SimulationState', 'filters': 'ExperimentId=b2d07e24-e360-ea11-a2c5-c4346bcb1550', 'count': 100000}
03/07 18:32:16 [DEBUG] [25400] [COMPS.Client] REQUEST -> GET https://comps.idmod.org/api/Simulations {'fields': 'Id,SimulationState', 'filters': 'ExperimentId=b2d07e24-e360-ea11-a2c5-c4346bcb1550', 'count': 100000}
03/07 18:32:21 [DEBUG] [25400] [COMPS.Client] REQUEST -> GET https://comps.idmod.org/api/Simulations {'fields': 'Id,SimulationState', 'filters': 'ExperimentId=b2d07e24-e360-ea11-a2c5-c4346bcb1550', 'count': 100000}
03/07 18:32:26 [DEBUG] [25400] [COMPS.Client] REQUEST -> GET https://comps.idmod.org/api/Simulations {'fields': 'Id,SimulationState', 'filters': 'ExperimentId=b2d07e24-e360-ea11-a2c5-c4346bcb1550', 'count': 100000}
03/07 18:32:31 [DEBUG] [25400] [COMPS.Client] REQUEST -> GET https://comps.idmod.org/api/Simulations {'fields': 'Id,SimulationState', 'filters': 'ExperimentId=b2d07e24-e360-ea11-a2c5-c4346bcb1550', 'count': 100000}
03/07 18:32:37 [DEBUG] [25400] [COMPS.Client] REQUEST -> GET https://comps.idmod.org/api/Simulations {'fields': 'Id,SimulationState', 'filters': 'ExperimentId=b2d07e24-e360-ea11-a2c5-c4346bcb1550', 'count': 100000}
03/07 18:32:42 [DEBUG] [25400] [COMPS.Client] REQUEST -> GET https://comps.idmod.org/api/Simulations {'fields': 'Id,SimulationState', 'filters': 'ExperimentId=b2d07e24-e360-ea11-a2c5-c4346bcb1550', 'count': 100000}
03/07 18:32:47 [DEBUG] [25400] [COMPS.Client] REQUEST -> GET https://comps.idmod.org/api/Simulations {'fields': 'Id,SimulationState', 'filters': 'ExperimentId=b2d07e24-e360-ea11-a2c5-c4346bcb1550', 'count': 100000}
03/07 18:32:52 [DEBUG] [25400] [COMPS.Client] REQUEST -> GET https://comps.idmod.org/api/Simulations {'fields': 'Id,SimulationState', 'filters': 'ExperimentId=b2d07e24-e360-ea11-a2c5-c4346bcb1550', 'count': 100000}
03/07 18:32:58 [DEBUG] [25400] [COMPS.Client] REQUEST -> GET https://comps.idmod.org/api/Simulations {'fields': 'Id,SimulationState', 'filters': 'ExperimentId=b2d07e24-e360-ea11-a2c5-c4346bcb1550', 'count': 100000}
03/07 18:33:03 [DEBUG] [25400] [COMPS.Client] REQUEST -> GET https://comps.idmod.org/api/Simulations {'fields': 'Id,SimulationState', 'filters': 'ExperimentId=b2d07e24-e360-ea11-a2c5-c4346bcb1550', 'count': 100000}
03/07 18:33:08 [DEBUG] [25400] [COMPS.Client] REQUEST -> GET https://comps.idmod.org/api/Simulations {'fields': 'Id,SimulationState', 'filters': 'ExperimentId=b2d07e24-e360-ea11-a2c5-c4346bcb1550', 'count': 100000}
03/07 18:33:13 [DEBUG] [25400] [COMPS.Client] REQUEST -> GET https://comps.idmod.org/api/Simulations {'fields': 'Id,SimulationState', 'filters': 'ExperimentId=b2d07e24-e360-ea11-a2c5-c4346bcb1550', 'count': 100000}
03/07 18:33:19 [DEBUG] [25400] [COMPS.Client] REQUEST -> GET https://comps.idmod.org/api/Simulations {'fields': 'Id,SimulationState', 'filters': 'ExperimentId=b2d07e24-e360-ea11-a2c5-c4346bcb1550', 'count': 100000}
