01/21 12:27:26 [DEBUG] [25256] [COMPS.Data.SerializableEntity] OutputFileMetadata --> {'Id': '_internal_id', 'Length': 'length', 'FriendlyName': 'friendly_name', 'PathFromRoot': 'path_from_root', 'Url': 'url', 'MimeType': 'mime_type'}
01/21 12:27:26 [DEBUG] [25256] [COMPS.Data.SerializableEntity] AssetFile --> {'FileName': 'file_name', 'MD5Checksum': 'md5_checksum', 'Length': 'length', 'Uri': 'uri'}
01/21 12:27:26 [DEBUG] [25256] [COMPS.Data.SerializableEntity] AssetCollectionFile --> {'RelativePath': 'relative_path', 'Tags': 'tags', 'FileName': 'file_name', 'MD5Checksum': 'md5_checksum', 'Length': 'length', 'Uri': 'uri'}
01/21 12:27:26 [DEBUG] [25256] [COMPS.Data.SerializableEntity] AssetCollection --> {'Id': 'id', 'DateCreated': 'date_created', 'Tags': 'tags', 'Assets': 'assets'}
01/21 12:27:26 [DEBUG] [25256] [COMPS.Data.SerializableEntity] Configuration --> {'EnvironmentName': 'environment_name', 'SimulationInputArgs': 'simulation_input_args', 'WorkingDirectoryRoot': 'working_directory_root', 'ExecutablePath': 'executable_path', 'NodeGroupName': 'node_group_name', 'MaximumNumberOfRetries': 'maximum_number_of_retries', 'Priority': 'priority', 'MinCores': 'min_cores', 'MaxCores': 'max_cores', 'Exclusive': 'exclusive', 'AssetCollectionId': 'asset_collection_id'}
01/21 12:27:26 [DEBUG] [25256] [COMPS.Data.SerializableEntity] SimulationFile --> {'FileType': 'file_type', 'Description': 'description', 'FileName': 'file_name', 'MD5Checksum': 'md5_checksum', 'Length': 'length', 'Uri': 'uri'}
01/21 12:27:26 [DEBUG] [25256] [COMPS.Data.SerializableEntity] WorkItemFile --> {'FileType': 'file_type', 'Description': 'description', 'FileName': 'file_name', 'MD5Checksum': 'md5_checksum', 'Length': 'length', 'Uri': 'uri'}
01/21 12:27:26 [DEBUG] [25256] [COMPS.Data.SerializableEntity] HpcJob --> {'Id': '_internal_id', 'JobId': 'job_id', 'JobState': 'job_state', 'Priority': 'priority', 'WorkingDirectory': 'working_directory', 'OutputDirectorySize': 'output_directory_size', 'SubmitTime': 'submit_time', 'StartTime': 'start_time', 'EndTime': 'end_time', 'ErrorMessage': 'error_message', 'Configuration': 'configuration'}
01/21 12:27:26 [DEBUG] [25256] [COMPS.Data.SerializableEntity] Simulation --> {'Id': 'id', 'ExperimentId': 'experiment_id', 'Name': 'name', 'Description': 'description', 'Owner': 'owner', 'DateCreated': 'date_created', 'LastModified': 'last_modified', 'SimulationState': 'state', 'ErrorMessage': 'error_message', 'Tags': 'tags', 'Configuration': 'configuration', 'Files': 'files', 'HPCJobs': 'hpc_jobs'}
01/21 12:27:26 [DEBUG] [25256] [COMPS.Data.SerializableEntity] Experiment --> {'Id': 'id', 'SuiteId': 'suite_id', 'Name': 'name', 'Description': 'description', 'Owner': 'owner', 'DateCreated': 'date_created', 'LastModified': 'last_modified', 'Tags': 'tags', 'Configuration': 'configuration'}
01/21 12:27:26 [DEBUG] [25256] [COMPS.Data.SerializableEntity] Suite --> {'Id': 'id', 'Name': 'name', 'Description': 'description', 'Owner': 'owner', 'DateCreated': 'date_created', 'LastModified': 'last_modified', 'Tags': 'tags', 'Configuration': 'configuration'}
01/21 12:27:26 [DEBUG] [25256] [COMPS.Data.SerializableEntity] WorkItem --> {'Id': 'id', 'Name': 'name', 'Worker': 'worker', 'EnvironmentName': 'environment_name', 'Description': 'description', 'Owner': 'owner', 'DateCreated': 'date_created', 'LastModified': 'last_modified', 'State': 'state', 'ErrorMessage': 'error_message', 'HostName': 'host_name', 'WorkerInstanceId': 'worker_instance_id', 'WorkItemPriority': 'priority', 'WorkingDirectory': 'working_directory', 'WorkingDirectorySize': 'working_directory_size', 'AssetCollectionId': 'asset_collection_id', 'Tags': 'tags', 'Files': 'files', 'Plugins': 'plugins'}
01/21 12:27:28 [DEBUG] [25256] [COMPS.Client] Parsed login host: ('https', 'comps.idmod.org', None)
01/21 12:27:28 [DEBUG] [25256] [COMPS.Client] REQUEST -> GET https://comps.idmod.org/api/Simulations {'fields': 'Id', 'filters': 'SimulationState=0,ExperimentId=37ba9749-8c3c-ea11-a2c3-c4346bcb1551', 'count': 100000}
01/21 12:27:31 [DEBUG] [25256] [COMPS.Client] REQUEST -> GET https://comps.idmod.org/api/Simulations {'fields': 'Id,SimulationState', 'filters': 'ExperimentId=37ba9749-8c3c-ea11-a2c3-c4346bcb1551', 'count': 100000}
01/21 12:27:37 [DEBUG] [25256] [COMPS.Client] REQUEST -> GET https://comps.idmod.org/api/Simulations {'fields': 'Id,SimulationState', 'filters': 'ExperimentId=37ba9749-8c3c-ea11-a2c3-c4346bcb1551', 'count': 100000}
01/21 12:27:43 [DEBUG] [25256] [COMPS.Client] REQUEST -> GET https://comps.idmod.org/api/Simulations {'fields': 'Id,SimulationState', 'filters': 'ExperimentId=37ba9749-8c3c-ea11-a2c3-c4346bcb1551', 'count': 100000}
01/21 12:27:49 [DEBUG] [25256] [COMPS.Client] REQUEST -> GET https://comps.idmod.org/api/Simulations {'fields': 'Id,SimulationState', 'filters': 'ExperimentId=37ba9749-8c3c-ea11-a2c3-c4346bcb1551', 'count': 100000}
01/21 12:27:55 [DEBUG] [25256] [COMPS.Client] REQUEST -> GET https://comps.idmod.org/api/Simulations {'fields': 'Id,SimulationState', 'filters': 'ExperimentId=37ba9749-8c3c-ea11-a2c3-c4346bcb1551', 'count': 100000}
01/21 12:28:01 [DEBUG] [25256] [COMPS.Client] REQUEST -> GET https://comps.idmod.org/api/Simulations {'fields': 'Id,SimulationState', 'filters': 'ExperimentId=37ba9749-8c3c-ea11-a2c3-c4346bcb1551', 'count': 100000}
01/21 12:28:06 [DEBUG] [25256] [COMPS.Client] REQUEST -> GET https://comps.idmod.org/api/Simulations {'fields': 'Id,SimulationState', 'filters': 'ExperimentId=37ba9749-8c3c-ea11-a2c3-c4346bcb1551', 'count': 100000}
01/21 12:28:12 [DEBUG] [25256] [COMPS.Client] REQUEST -> GET https://comps.idmod.org/api/Simulations {'fields': 'Id,SimulationState', 'filters': 'ExperimentId=37ba9749-8c3c-ea11-a2c3-c4346bcb1551', 'count': 100000}
01/21 12:28:18 [DEBUG] [25256] [COMPS.Client] REQUEST -> GET https://comps.idmod.org/api/Simulations {'fields': 'Id,SimulationState', 'filters': 'ExperimentId=37ba9749-8c3c-ea11-a2c3-c4346bcb1551', 'count': 100000}
01/21 12:28:23 [DEBUG] [25256] [COMPS.Client] REQUEST -> GET https://comps.idmod.org/api/Simulations {'fields': 'Id,SimulationState', 'filters': 'ExperimentId=37ba9749-8c3c-ea11-a2c3-c4346bcb1551', 'count': 100000}
01/21 12:28:28 [DEBUG] [25256] [COMPS.Client] REQUEST -> GET https://comps.idmod.org/api/Simulations {'fields': 'Id,SimulationState', 'filters': 'ExperimentId=37ba9749-8c3c-ea11-a2c3-c4346bcb1551', 'count': 100000}
01/21 12:28:34 [DEBUG] [25256] [COMPS.Client] REQUEST -> GET https://comps.idmod.org/api/Simulations {'fields': 'Id,SimulationState', 'filters': 'ExperimentId=37ba9749-8c3c-ea11-a2c3-c4346bcb1551', 'count': 100000}
01/21 12:28:39 [DEBUG] [25256] [COMPS.Client] REQUEST -> GET https://comps.idmod.org/api/Simulations {'fields': 'Id,SimulationState', 'filters': 'ExperimentId=37ba9749-8c3c-ea11-a2c3-c4346bcb1551', 'count': 100000}
01/21 12:28:45 [DEBUG] [25256] [COMPS.Client] REQUEST -> GET https://comps.idmod.org/api/Simulations {'fields': 'Id,SimulationState', 'filters': 'ExperimentId=37ba9749-8c3c-ea11-a2c3-c4346bcb1551', 'count': 100000}
01/21 12:28:50 [DEBUG] [25256] [COMPS.Client] REQUEST -> GET https://comps.idmod.org/api/Simulations {'fields': 'Id,SimulationState', 'filters': 'ExperimentId=37ba9749-8c3c-ea11-a2c3-c4346bcb1551', 'count': 100000}
01/21 12:28:55 [DEBUG] [25256] [COMPS.Client] REQUEST -> GET https://comps.idmod.org/api/Simulations {'fields': 'Id,SimulationState', 'filters': 'ExperimentId=37ba9749-8c3c-ea11-a2c3-c4346bcb1551', 'count': 100000}
01/21 12:29:01 [DEBUG] [25256] [COMPS.Client] REQUEST -> GET https://comps.idmod.org/api/Simulations {'fields': 'Id,SimulationState', 'filters': 'ExperimentId=37ba9749-8c3c-ea11-a2c3-c4346bcb1551', 'count': 100000}
01/21 12:29:07 [DEBUG] [25256] [COMPS.Client] REQUEST -> GET https://comps.idmod.org/api/Simulations {'fields': 'Id,SimulationState', 'filters': 'ExperimentId=37ba9749-8c3c-ea11-a2c3-c4346bcb1551', 'count': 100000}
01/21 12:29:12 [DEBUG] [25256] [COMPS.Client] REQUEST -> GET https://comps.idmod.org/api/Simulations {'fields': 'Id,SimulationState', 'filters': 'ExperimentId=37ba9749-8c3c-ea11-a2c3-c4346bcb1551', 'count': 100000}
01/21 12:29:18 [DEBUG] [25256] [COMPS.Client] REQUEST -> GET https://comps.idmod.org/api/Simulations {'fields': 'Id,SimulationState', 'filters': 'ExperimentId=37ba9749-8c3c-ea11-a2c3-c4346bcb1551', 'count': 100000}
01/21 12:29:23 [DEBUG] [25256] [COMPS.Client] REQUEST -> GET https://comps.idmod.org/api/Simulations {'fields': 'Id,SimulationState', 'filters': 'ExperimentId=37ba9749-8c3c-ea11-a2c3-c4346bcb1551', 'count': 100000}
01/21 12:29:28 [DEBUG] [25256] [COMPS.Client] REQUEST -> GET https://comps.idmod.org/api/Simulations {'fields': 'Id,SimulationState', 'filters': 'ExperimentId=37ba9749-8c3c-ea11-a2c3-c4346bcb1551', 'count': 100000}
01/21 12:29:35 [DEBUG] [25256] [COMPS.Client] REQUEST -> GET https://comps.idmod.org/api/Simulations {'fields': 'Id,SimulationState', 'filters': 'ExperimentId=37ba9749-8c3c-ea11-a2c3-c4346bcb1551', 'count': 100000}
01/21 12:29:40 [DEBUG] [25256] [COMPS.Client] REQUEST -> GET https://comps.idmod.org/api/Simulations {'fields': 'Id,SimulationState', 'filters': 'ExperimentId=37ba9749-8c3c-ea11-a2c3-c4346bcb1551', 'count': 100000}
01/21 12:29:45 [DEBUG] [25256] [COMPS.Client] REQUEST -> GET https://comps.idmod.org/api/Simulations {'fields': 'Id,SimulationState', 'filters': 'ExperimentId=37ba9749-8c3c-ea11-a2c3-c4346bcb1551', 'count': 100000}
01/21 12:29:51 [DEBUG] [25256] [COMPS.Client] REQUEST -> GET https://comps.idmod.org/api/Simulations {'fields': 'Id,SimulationState', 'filters': 'ExperimentId=37ba9749-8c3c-ea11-a2c3-c4346bcb1551', 'count': 100000}
01/21 12:29:56 [DEBUG] [25256] [COMPS.Client] REQUEST -> GET https://comps.idmod.org/api/Simulations {'fields': 'Id,SimulationState', 'filters': 'ExperimentId=37ba9749-8c3c-ea11-a2c3-c4346bcb1551', 'count': 100000}
01/21 12:30:04 [DEBUG] [25256] [COMPS.Client] REQUEST -> GET https://comps.idmod.org/api/Simulations {'fields': 'Id,SimulationState', 'filters': 'ExperimentId=37ba9749-8c3c-ea11-a2c3-c4346bcb1551', 'count': 100000}
01/21 12:30:10 [DEBUG] [25256] [COMPS.Client] REQUEST -> GET https://comps.idmod.org/api/Simulations {'fields': 'Id,SimulationState', 'filters': 'ExperimentId=37ba9749-8c3c-ea11-a2c3-c4346bcb1551', 'count': 100000}
01/21 12:30:15 [DEBUG] [25256] [COMPS.Client] REQUEST -> GET https://comps.idmod.org/api/Simulations {'fields': 'Id,SimulationState', 'filters': 'ExperimentId=37ba9749-8c3c-ea11-a2c3-c4346bcb1551', 'count': 100000}
01/21 12:30:20 [DEBUG] [25256] [COMPS.Client] REQUEST -> GET https://comps.idmod.org/api/Simulations {'fields': 'Id,SimulationState', 'filters': 'ExperimentId=37ba9749-8c3c-ea11-a2c3-c4346bcb1551', 'count': 100000}
01/21 12:30:27 [DEBUG] [25256] [COMPS.Client] REQUEST -> GET https://comps.idmod.org/api/Simulations {'fields': 'Id,SimulationState', 'filters': 'ExperimentId=37ba9749-8c3c-ea11-a2c3-c4346bcb1551', 'count': 100000}
01/21 12:30:33 [DEBUG] [25256] [COMPS.Client] REQUEST -> GET https://comps.idmod.org/api/Simulations {'fields': 'Id,SimulationState', 'filters': 'ExperimentId=37ba9749-8c3c-ea11-a2c3-c4346bcb1551', 'count': 100000}
01/21 12:30:38 [DEBUG] [25256] [COMPS.Client] REQUEST -> GET https://comps.idmod.org/api/Simulations {'fields': 'Id,SimulationState', 'filters': 'ExperimentId=37ba9749-8c3c-ea11-a2c3-c4346bcb1551', 'count': 100000}
01/21 12:30:44 [DEBUG] [25256] [COMPS.Client] REQUEST -> GET https://comps.idmod.org/api/Simulations {'fields': 'Id,SimulationState', 'filters': 'ExperimentId=37ba9749-8c3c-ea11-a2c3-c4346bcb1551', 'count': 100000}
01/21 12:30:49 [DEBUG] [25256] [COMPS.Client] REQUEST -> GET https://comps.idmod.org/api/Simulations {'fields': 'Id,SimulationState', 'filters': 'ExperimentId=37ba9749-8c3c-ea11-a2c3-c4346bcb1551', 'count': 100000}
01/21 12:30:54 [DEBUG] [25256] [COMPS.Client] REQUEST -> GET https://comps.idmod.org/api/Simulations {'fields': 'Id,SimulationState', 'filters': 'ExperimentId=37ba9749-8c3c-ea11-a2c3-c4346bcb1551', 'count': 100000}
01/21 12:31:00 [DEBUG] [25256] [COMPS.Client] REQUEST -> GET https://comps.idmod.org/api/Simulations {'fields': 'Id,SimulationState', 'filters': 'ExperimentId=37ba9749-8c3c-ea11-a2c3-c4346bcb1551', 'count': 100000}
01/21 12:31:05 [DEBUG] [25256] [COMPS.Client] REQUEST -> GET https://comps.idmod.org/api/Simulations {'fields': 'Id,SimulationState', 'filters': 'ExperimentId=37ba9749-8c3c-ea11-a2c3-c4346bcb1551', 'count': 100000}
01/21 12:31:11 [DEBUG] [25256] [COMPS.Client] REQUEST -> GET https://comps.idmod.org/api/Simulations {'fields': 'Id,SimulationState', 'filters': 'ExperimentId=37ba9749-8c3c-ea11-a2c3-c4346bcb1551', 'count': 100000}
01/21 12:31:18 [DEBUG] [25256] [COMPS.Client] REQUEST -> GET https://comps.idmod.org/api/Simulations {'fields': 'Id,SimulationState', 'filters': 'ExperimentId=37ba9749-8c3c-ea11-a2c3-c4346bcb1551', 'count': 100000}
01/21 12:31:23 [DEBUG] [25256] [COMPS.Client] REQUEST -> GET https://comps.idmod.org/api/Simulations {'fields': 'Id,SimulationState', 'filters': 'ExperimentId=37ba9749-8c3c-ea11-a2c3-c4346bcb1551', 'count': 100000}
01/21 12:31:28 [DEBUG] [25256] [COMPS.Client] REQUEST -> GET https://comps.idmod.org/api/Simulations {'fields': 'Id,SimulationState', 'filters': 'ExperimentId=37ba9749-8c3c-ea11-a2c3-c4346bcb1551', 'count': 100000}
01/21 12:31:34 [DEBUG] [25256] [COMPS.Client] REQUEST -> GET https://comps.idmod.org/api/Simulations {'fields': 'Id,SimulationState', 'filters': 'ExperimentId=37ba9749-8c3c-ea11-a2c3-c4346bcb1551', 'count': 100000}
01/21 12:31:39 [DEBUG] [25256] [COMPS.Client] REQUEST -> GET https://comps.idmod.org/api/Simulations {'fields': 'Id,SimulationState', 'filters': 'ExperimentId=37ba9749-8c3c-ea11-a2c3-c4346bcb1551', 'count': 100000}
01/21 12:31:44 [DEBUG] [25256] [COMPS.Client] REQUEST -> GET https://comps.idmod.org/api/Simulations {'fields': 'Id,SimulationState', 'filters': 'ExperimentId=37ba9749-8c3c-ea11-a2c3-c4346bcb1551', 'count': 100000}
01/21 12:31:51 [DEBUG] [25256] [COMPS.Client] REQUEST -> GET https://comps.idmod.org/api/Simulations {'fields': 'Id,SimulationState', 'filters': 'ExperimentId=37ba9749-8c3c-ea11-a2c3-c4346bcb1551', 'count': 100000}
01/21 12:31:56 [DEBUG] [25256] [COMPS.Client] REQUEST -> GET https://comps.idmod.org/api/Simulations {'fields': 'Id,SimulationState', 'filters': 'ExperimentId=37ba9749-8c3c-ea11-a2c3-c4346bcb1551', 'count': 100000}
01/21 12:32:02 [DEBUG] [25256] [COMPS.Client] REQUEST -> GET https://comps.idmod.org/api/Simulations {'fields': 'Id,SimulationState', 'filters': 'ExperimentId=37ba9749-8c3c-ea11-a2c3-c4346bcb1551', 'count': 100000}
01/21 12:32:07 [DEBUG] [25256] [COMPS.Client] REQUEST -> GET https://comps.idmod.org/api/Simulations {'fields': 'Id,SimulationState', 'filters': 'ExperimentId=37ba9749-8c3c-ea11-a2c3-c4346bcb1551', 'count': 100000}
01/21 12:32:12 [DEBUG] [25256] [COMPS.Client] REQUEST -> GET https://comps.idmod.org/api/Simulations {'fields': 'Id,SimulationState', 'filters': 'ExperimentId=37ba9749-8c3c-ea11-a2c3-c4346bcb1551', 'count': 100000}
01/21 12:32:19 [DEBUG] [25256] [COMPS.Client] REQUEST -> GET https://comps.idmod.org/api/Simulations {'fields': 'Id,SimulationState', 'filters': 'ExperimentId=37ba9749-8c3c-ea11-a2c3-c4346bcb1551', 'count': 100000}
01/21 12:45:03 [DEBUG] [25256] [COMPS.Client] REQUEST -> GET https://comps.idmod.org/api/Simulations {'fields': 'Id,SimulationState', 'filters': 'ExperimentId=37ba9749-8c3c-ea11-a2c3-c4346bcb1551', 'count': 100000}
01/21 12:45:03 [DEBUG] [25256] [COMPS.Client] Failed attempt 1 of 10: requests.exceptions.ConnectionError: HTTPSConnectionPool(host='comps.idmod.org', port=443): Max retries exceeded with url: /api/Simulations?fields=Id%2CSimulationState&filters=ExperimentId%3D37ba9749-8c3c-ea11-a2c3-c4346bcb1551&count=100000 (Caused by NewConnectionError('<urllib3.connection.VerifiedHTTPSConnection object at 0x0000020E8E133668>: Failed to establish a new connection: [Errno 11001] getaddrinfo failed',))
01/21 12:45:03 [DEBUG] [25256] [COMPS.Client] Retrying...
01/21 12:45:03 [DEBUG] [25256] [COMPS.Client] Failed attempt 2 of 10: requests.exceptions.ConnectionError: HTTPSConnectionPool(host='comps.idmod.org', port=443): Max retries exceeded with url: /api/Simulations?fields=Id%2CSimulationState&filters=ExperimentId%3D37ba9749-8c3c-ea11-a2c3-c4346bcb1551&count=100000 (Caused by NewConnectionError('<urllib3.connection.VerifiedHTTPSConnection object at 0x0000020E8E133C18>: Failed to establish a new connection: [Errno 11001] getaddrinfo failed',))
01/21 12:45:03 [DEBUG] [25256] [COMPS.Client] Retrying...
01/21 12:45:04 [DEBUG] [25256] [COMPS.Client] Succeeded on attempt 3 of 10
