03/07 17:41:02 [DEBUG] [17848] [COMPS.Data.SerializableEntity] OutputFileMetadata --> {'Id': '_internal_id', 'Length': 'length', 'FriendlyName': 'friendly_name', 'PathFromRoot': 'path_from_root', 'Url': 'url', 'MimeType': 'mime_type'}
03/07 17:41:02 [DEBUG] [17848] [COMPS.Data.SerializableEntity] AssetFile --> {'FileName': 'file_name', 'MD5Checksum': 'md5_checksum', 'Length': 'length', 'Uri': 'uri'}
03/07 17:41:02 [DEBUG] [17848] [COMPS.Data.SerializableEntity] AssetCollectionFile --> {'RelativePath': 'relative_path', 'Tags': 'tags', 'FileName': 'file_name', 'MD5Checksum': 'md5_checksum', 'Length': 'length', 'Uri': 'uri'}
03/07 17:41:02 [DEBUG] [17848] [COMPS.Data.SerializableEntity] AssetCollection --> {'Id': 'id', 'DateCreated': 'date_created', 'Tags': 'tags', 'Assets': 'assets'}
03/07 17:41:02 [DEBUG] [17848] [COMPS.Data.SerializableEntity] Configuration --> {'EnvironmentName': 'environment_name', 'SimulationInputArgs': 'simulation_input_args', 'WorkingDirectoryRoot': 'working_directory_root', 'ExecutablePath': 'executable_path', 'NodeGroupName': 'node_group_name', 'MaximumNumberOfRetries': 'maximum_number_of_retries', 'Priority': 'priority', 'MinCores': 'min_cores', 'MaxCores': 'max_cores', 'Exclusive': 'exclusive', 'AssetCollectionId': 'asset_collection_id'}
03/07 17:41:02 [DEBUG] [17848] [COMPS.Data.SerializableEntity] SimulationFile --> {'FileType': 'file_type', 'Description': 'description', 'FileName': 'file_name', 'MD5Checksum': 'md5_checksum', 'Length': 'length', 'Uri': 'uri'}
03/07 17:41:02 [DEBUG] [17848] [COMPS.Data.SerializableEntity] WorkItemFile --> {'FileType': 'file_type', 'Description': 'description', 'FileName': 'file_name', 'MD5Checksum': 'md5_checksum', 'Length': 'length', 'Uri': 'uri'}
03/07 17:41:02 [DEBUG] [17848] [COMPS.Data.SerializableEntity] HpcJob --> {'Id': '_internal_id', 'JobId': 'job_id', 'JobState': 'job_state', 'Priority': 'priority', 'WorkingDirectory': 'working_directory', 'OutputDirectorySize': 'output_directory_size', 'SubmitTime': 'submit_time', 'StartTime': 'start_time', 'EndTime': 'end_time', 'ErrorMessage': 'error_message', 'Configuration': 'configuration'}
03/07 17:41:02 [DEBUG] [17848] [COMPS.Data.SerializableEntity] Simulation --> {'Id': 'id', 'ExperimentId': 'experiment_id', 'Name': 'name', 'Description': 'description', 'Owner': 'owner', 'DateCreated': 'date_created', 'LastModified': 'last_modified', 'SimulationState': 'state', 'ErrorMessage': 'error_message', 'Tags': 'tags', 'Configuration': 'configuration', 'Files': 'files', 'HPCJobs': 'hpc_jobs'}
03/07 17:41:02 [DEBUG] [17848] [COMPS.Data.SerializableEntity] Experiment --> {'Id': 'id', 'SuiteId': 'suite_id', 'Name': 'name', 'Description': 'description', 'Owner': 'owner', 'DateCreated': 'date_created', 'LastModified': 'last_modified', 'Tags': 'tags', 'Configuration': 'configuration'}
03/07 17:41:02 [DEBUG] [17848] [COMPS.Data.SerializableEntity] Suite --> {'Id': 'id', 'Name': 'name', 'Description': 'description', 'Owner': 'owner', 'DateCreated': 'date_created', 'LastModified': 'last_modified', 'Tags': 'tags', 'Configuration': 'configuration'}
03/07 17:41:02 [DEBUG] [17848] [COMPS.Data.SerializableEntity] WorkItem --> {'Id': 'id', 'Name': 'name', 'Worker': 'worker', 'EnvironmentName': 'environment_name', 'Description': 'description', 'Owner': 'owner', 'DateCreated': 'date_created', 'LastModified': 'last_modified', 'State': 'state', 'ErrorMessage': 'error_message', 'HostName': 'host_name', 'WorkerInstanceId': 'worker_instance_id', 'WorkItemPriority': 'priority', 'WorkingDirectory': 'working_directory', 'WorkingDirectorySize': 'working_directory_size', 'AssetCollectionId': 'asset_collection_id', 'Tags': 'tags', 'Files': 'files', 'Plugins': 'plugins'}
03/07 17:41:02 [DEBUG] [17848] [COMPS.Client] Parsed login host: ('https', 'comps.idmod.org', None)
03/07 17:41:02 [DEBUG] [17848] [COMPS.Client] REQUEST -> GET https://comps.idmod.org/api/Simulations {'fields': 'Id', 'filters': 'SimulationState=0,ExperimentId=7d95a4cd-dd60-ea11-a2c5-c4346bcb1550', 'count': 100000}
03/07 17:41:03 [DEBUG] [17848] [COMPS.Client] REQUEST -> GET https://comps.idmod.org/api/Simulations {'fields': 'Id,SimulationState', 'filters': 'ExperimentId=7d95a4cd-dd60-ea11-a2c5-c4346bcb1550', 'count': 100000}
03/07 17:41:08 [DEBUG] [17848] [COMPS.Client] REQUEST -> GET https://comps.idmod.org/api/Simulations {'fields': 'Id,SimulationState', 'filters': 'ExperimentId=7d95a4cd-dd60-ea11-a2c5-c4346bcb1550', 'count': 100000}
03/07 17:41:14 [DEBUG] [17848] [COMPS.Client] REQUEST -> GET https://comps.idmod.org/api/Simulations {'fields': 'Id,SimulationState', 'filters': 'ExperimentId=7d95a4cd-dd60-ea11-a2c5-c4346bcb1550', 'count': 100000}
03/07 17:41:19 [DEBUG] [17848] [COMPS.Client] REQUEST -> GET https://comps.idmod.org/api/Simulations {'fields': 'Id,SimulationState', 'filters': 'ExperimentId=7d95a4cd-dd60-ea11-a2c5-c4346bcb1550', 'count': 100000}
03/07 17:41:24 [DEBUG] [17848] [COMPS.Client] REQUEST -> GET https://comps.idmod.org/api/Simulations {'fields': 'Id,SimulationState', 'filters': 'ExperimentId=7d95a4cd-dd60-ea11-a2c5-c4346bcb1550', 'count': 100000}
03/07 17:41:29 [DEBUG] [17848] [COMPS.Client] REQUEST -> GET https://comps.idmod.org/api/Simulations {'fields': 'Id,SimulationState', 'filters': 'ExperimentId=7d95a4cd-dd60-ea11-a2c5-c4346bcb1550', 'count': 100000}
03/07 17:41:35 [DEBUG] [17848] [COMPS.Client] REQUEST -> GET https://comps.idmod.org/api/Simulations {'fields': 'Id,SimulationState', 'filters': 'ExperimentId=7d95a4cd-dd60-ea11-a2c5-c4346bcb1550', 'count': 100000}
03/07 17:41:40 [DEBUG] [17848] [COMPS.Client] REQUEST -> GET https://comps.idmod.org/api/Simulations {'fields': 'Id,SimulationState', 'filters': 'ExperimentId=7d95a4cd-dd60-ea11-a2c5-c4346bcb1550', 'count': 100000}
03/07 17:41:45 [DEBUG] [17848] [COMPS.Client] REQUEST -> GET https://comps.idmod.org/api/Simulations {'fields': 'Id,SimulationState', 'filters': 'ExperimentId=7d95a4cd-dd60-ea11-a2c5-c4346bcb1550', 'count': 100000}
03/07 17:41:50 [DEBUG] [17848] [COMPS.Client] REQUEST -> GET https://comps.idmod.org/api/Simulations {'fields': 'Id,SimulationState', 'filters': 'ExperimentId=7d95a4cd-dd60-ea11-a2c5-c4346bcb1550', 'count': 100000}
03/07 17:41:56 [DEBUG] [17848] [COMPS.Client] REQUEST -> GET https://comps.idmod.org/api/Simulations {'fields': 'Id,SimulationState', 'filters': 'ExperimentId=7d95a4cd-dd60-ea11-a2c5-c4346bcb1550', 'count': 100000}
03/07 17:42:01 [DEBUG] [17848] [COMPS.Client] REQUEST -> GET https://comps.idmod.org/api/Simulations {'fields': 'Id,SimulationState', 'filters': 'ExperimentId=7d95a4cd-dd60-ea11-a2c5-c4346bcb1550', 'count': 100000}
03/07 17:42:07 [DEBUG] [17848] [COMPS.Client] REQUEST -> GET https://comps.idmod.org/api/Simulations {'fields': 'Id,SimulationState', 'filters': 'ExperimentId=7d95a4cd-dd60-ea11-a2c5-c4346bcb1550', 'count': 100000}
03/07 17:42:12 [DEBUG] [17848] [COMPS.Client] REQUEST -> GET https://comps.idmod.org/api/Simulations {'fields': 'Id,SimulationState', 'filters': 'ExperimentId=7d95a4cd-dd60-ea11-a2c5-c4346bcb1550', 'count': 100000}
03/07 17:42:17 [DEBUG] [17848] [COMPS.Client] REQUEST -> GET https://comps.idmod.org/api/Simulations {'fields': 'Id,SimulationState', 'filters': 'ExperimentId=7d95a4cd-dd60-ea11-a2c5-c4346bcb1550', 'count': 100000}
03/07 17:42:22 [DEBUG] [17848] [COMPS.Client] REQUEST -> GET https://comps.idmod.org/api/Simulations {'fields': 'Id,SimulationState', 'filters': 'ExperimentId=7d95a4cd-dd60-ea11-a2c5-c4346bcb1550', 'count': 100000}
03/07 17:42:28 [DEBUG] [17848] [COMPS.Client] REQUEST -> GET https://comps.idmod.org/api/Simulations {'fields': 'Id,SimulationState', 'filters': 'ExperimentId=7d95a4cd-dd60-ea11-a2c5-c4346bcb1550', 'count': 100000}
03/07 17:42:33 [DEBUG] [17848] [COMPS.Client] REQUEST -> GET https://comps.idmod.org/api/Simulations {'fields': 'Id,SimulationState', 'filters': 'ExperimentId=7d95a4cd-dd60-ea11-a2c5-c4346bcb1550', 'count': 100000}
03/07 17:42:38 [DEBUG] [17848] [COMPS.Client] REQUEST -> GET https://comps.idmod.org/api/Simulations {'fields': 'Id,SimulationState', 'filters': 'ExperimentId=7d95a4cd-dd60-ea11-a2c5-c4346bcb1550', 'count': 100000}
03/07 17:42:43 [DEBUG] [17848] [COMPS.Client] REQUEST -> GET https://comps.idmod.org/api/Simulations {'fields': 'Id,SimulationState', 'filters': 'ExperimentId=7d95a4cd-dd60-ea11-a2c5-c4346bcb1550', 'count': 100000}
03/07 17:42:48 [DEBUG] [17848] [COMPS.Client] REQUEST -> GET https://comps.idmod.org/api/Simulations {'fields': 'Id,SimulationState', 'filters': 'ExperimentId=7d95a4cd-dd60-ea11-a2c5-c4346bcb1550', 'count': 100000}
03/07 17:42:54 [DEBUG] [17848] [COMPS.Client] REQUEST -> GET https://comps.idmod.org/api/Simulations {'fields': 'Id,SimulationState', 'filters': 'ExperimentId=7d95a4cd-dd60-ea11-a2c5-c4346bcb1550', 'count': 100000}
03/07 17:42:59 [DEBUG] [17848] [COMPS.Client] REQUEST -> GET https://comps.idmod.org/api/Simulations {'fields': 'Id,SimulationState', 'filters': 'ExperimentId=7d95a4cd-dd60-ea11-a2c5-c4346bcb1550', 'count': 100000}
03/07 17:43:04 [DEBUG] [17848] [COMPS.Client] REQUEST -> GET https://comps.idmod.org/api/Simulations {'fields': 'Id,SimulationState', 'filters': 'ExperimentId=7d95a4cd-dd60-ea11-a2c5-c4346bcb1550', 'count': 100000}
03/07 17:43:09 [DEBUG] [17848] [COMPS.Client] REQUEST -> GET https://comps.idmod.org/api/Simulations {'fields': 'Id,SimulationState', 'filters': 'ExperimentId=7d95a4cd-dd60-ea11-a2c5-c4346bcb1550', 'count': 100000}
03/07 17:43:14 [DEBUG] [17848] [COMPS.Client] REQUEST -> GET https://comps.idmod.org/api/Simulations {'fields': 'Id,SimulationState', 'filters': 'ExperimentId=7d95a4cd-dd60-ea11-a2c5-c4346bcb1550', 'count': 100000}
03/07 17:43:20 [DEBUG] [17848] [COMPS.Client] REQUEST -> GET https://comps.idmod.org/api/Simulations {'fields': 'Id,SimulationState', 'filters': 'ExperimentId=7d95a4cd-dd60-ea11-a2c5-c4346bcb1550', 'count': 100000}
03/07 17:43:25 [DEBUG] [17848] [COMPS.Client] REQUEST -> GET https://comps.idmod.org/api/Simulations {'fields': 'Id,SimulationState', 'filters': 'ExperimentId=7d95a4cd-dd60-ea11-a2c5-c4346bcb1550', 'count': 100000}
03/07 17:43:30 [DEBUG] [17848] [COMPS.Client] REQUEST -> GET https://comps.idmod.org/api/Simulations {'fields': 'Id,SimulationState', 'filters': 'ExperimentId=7d95a4cd-dd60-ea11-a2c5-c4346bcb1550', 'count': 100000}
03/07 17:43:35 [DEBUG] [17848] [COMPS.Client] REQUEST -> GET https://comps.idmod.org/api/Simulations {'fields': 'Id,SimulationState', 'filters': 'ExperimentId=7d95a4cd-dd60-ea11-a2c5-c4346bcb1550', 'count': 100000}
03/07 17:43:41 [DEBUG] [17848] [COMPS.Client] REQUEST -> GET https://comps.idmod.org/api/Simulations {'fields': 'Id,SimulationState', 'filters': 'ExperimentId=7d95a4cd-dd60-ea11-a2c5-c4346bcb1550', 'count': 100000}
03/07 17:43:46 [DEBUG] [17848] [COMPS.Client] REQUEST -> GET https://comps.idmod.org/api/Simulations {'fields': 'Id,SimulationState', 'filters': 'ExperimentId=7d95a4cd-dd60-ea11-a2c5-c4346bcb1550', 'count': 100000}
03/07 17:43:51 [DEBUG] [17848] [COMPS.Client] REQUEST -> GET https://comps.idmod.org/api/Simulations {'fields': 'Id,SimulationState', 'filters': 'ExperimentId=7d95a4cd-dd60-ea11-a2c5-c4346bcb1550', 'count': 100000}
03/07 17:43:56 [DEBUG] [17848] [COMPS.Client] REQUEST -> GET https://comps.idmod.org/api/Simulations {'fields': 'Id,SimulationState', 'filters': 'ExperimentId=7d95a4cd-dd60-ea11-a2c5-c4346bcb1550', 'count': 100000}
03/07 17:44:01 [DEBUG] [17848] [COMPS.Client] REQUEST -> GET https://comps.idmod.org/api/Simulations {'fields': 'Id,SimulationState', 'filters': 'ExperimentId=7d95a4cd-dd60-ea11-a2c5-c4346bcb1550', 'count': 100000}
03/07 17:44:07 [DEBUG] [17848] [COMPS.Client] REQUEST -> GET https://comps.idmod.org/api/Simulations {'fields': 'Id,SimulationState', 'filters': 'ExperimentId=7d95a4cd-dd60-ea11-a2c5-c4346bcb1550', 'count': 100000}
03/07 17:44:12 [DEBUG] [17848] [COMPS.Client] REQUEST -> GET https://comps.idmod.org/api/Simulations {'fields': 'Id,SimulationState', 'filters': 'ExperimentId=7d95a4cd-dd60-ea11-a2c5-c4346bcb1550', 'count': 100000}
03/07 17:44:17 [DEBUG] [17848] [COMPS.Client] REQUEST -> GET https://comps.idmod.org/api/Simulations {'fields': 'Id,SimulationState', 'filters': 'ExperimentId=7d95a4cd-dd60-ea11-a2c5-c4346bcb1550', 'count': 100000}
03/07 17:44:22 [DEBUG] [17848] [COMPS.Client] REQUEST -> GET https://comps.idmod.org/api/Simulations {'fields': 'Id,SimulationState', 'filters': 'ExperimentId=7d95a4cd-dd60-ea11-a2c5-c4346bcb1550', 'count': 100000}
03/07 17:44:28 [DEBUG] [17848] [COMPS.Client] REQUEST -> GET https://comps.idmod.org/api/Simulations {'fields': 'Id,SimulationState', 'filters': 'ExperimentId=7d95a4cd-dd60-ea11-a2c5-c4346bcb1550', 'count': 100000}
03/07 17:44:33 [DEBUG] [17848] [COMPS.Client] REQUEST -> GET https://comps.idmod.org/api/Simulations {'fields': 'Id,SimulationState', 'filters': 'ExperimentId=7d95a4cd-dd60-ea11-a2c5-c4346bcb1550', 'count': 100000}
03/07 17:44:38 [DEBUG] [17848] [COMPS.Client] REQUEST -> GET https://comps.idmod.org/api/Simulations {'fields': 'Id,SimulationState', 'filters': 'ExperimentId=7d95a4cd-dd60-ea11-a2c5-c4346bcb1550', 'count': 100000}
03/07 17:44:43 [DEBUG] [17848] [COMPS.Client] REQUEST -> GET https://comps.idmod.org/api/Simulations {'fields': 'Id,SimulationState', 'filters': 'ExperimentId=7d95a4cd-dd60-ea11-a2c5-c4346bcb1550', 'count': 100000}
03/07 17:44:48 [DEBUG] [17848] [COMPS.Client] REQUEST -> GET https://comps.idmod.org/api/Simulations {'fields': 'Id,SimulationState', 'filters': 'ExperimentId=7d95a4cd-dd60-ea11-a2c5-c4346bcb1550', 'count': 100000}
03/07 17:44:54 [DEBUG] [17848] [COMPS.Client] REQUEST -> GET https://comps.idmod.org/api/Simulations {'fields': 'Id,SimulationState', 'filters': 'ExperimentId=7d95a4cd-dd60-ea11-a2c5-c4346bcb1550', 'count': 100000}
03/07 17:44:59 [DEBUG] [17848] [COMPS.Client] REQUEST -> GET https://comps.idmod.org/api/Simulations {'fields': 'Id,SimulationState', 'filters': 'ExperimentId=7d95a4cd-dd60-ea11-a2c5-c4346bcb1550', 'count': 100000}
03/07 17:45:04 [DEBUG] [17848] [COMPS.Client] REQUEST -> GET https://comps.idmod.org/api/Simulations {'fields': 'Id,SimulationState', 'filters': 'ExperimentId=7d95a4cd-dd60-ea11-a2c5-c4346bcb1550', 'count': 100000}
03/07 17:45:09 [DEBUG] [17848] [COMPS.Client] REQUEST -> GET https://comps.idmod.org/api/Simulations {'fields': 'Id,SimulationState', 'filters': 'ExperimentId=7d95a4cd-dd60-ea11-a2c5-c4346bcb1550', 'count': 100000}
03/07 17:45:15 [DEBUG] [17848] [COMPS.Client] REQUEST -> GET https://comps.idmod.org/api/Simulations {'fields': 'Id,SimulationState', 'filters': 'ExperimentId=7d95a4cd-dd60-ea11-a2c5-c4346bcb1550', 'count': 100000}
03/07 17:45:20 [DEBUG] [17848] [COMPS.Client] REQUEST -> GET https://comps.idmod.org/api/Simulations {'fields': 'Id,SimulationState', 'filters': 'ExperimentId=7d95a4cd-dd60-ea11-a2c5-c4346bcb1550', 'count': 100000}
03/07 17:45:25 [DEBUG] [17848] [COMPS.Client] REQUEST -> GET https://comps.idmod.org/api/Simulations {'fields': 'Id,SimulationState', 'filters': 'ExperimentId=7d95a4cd-dd60-ea11-a2c5-c4346bcb1550', 'count': 100000}
03/07 17:45:30 [DEBUG] [17848] [COMPS.Client] REQUEST -> GET https://comps.idmod.org/api/Simulations {'fields': 'Id,SimulationState', 'filters': 'ExperimentId=7d95a4cd-dd60-ea11-a2c5-c4346bcb1550', 'count': 100000}
03/07 17:45:35 [DEBUG] [17848] [COMPS.Client] REQUEST -> GET https://comps.idmod.org/api/Simulations {'fields': 'Id,SimulationState', 'filters': 'ExperimentId=7d95a4cd-dd60-ea11-a2c5-c4346bcb1550', 'count': 100000}
03/07 17:45:41 [DEBUG] [17848] [COMPS.Client] REQUEST -> GET https://comps.idmod.org/api/Simulations {'fields': 'Id,SimulationState', 'filters': 'ExperimentId=7d95a4cd-dd60-ea11-a2c5-c4346bcb1550', 'count': 100000}
03/07 17:45:46 [DEBUG] [17848] [COMPS.Client] REQUEST -> GET https://comps.idmod.org/api/Simulations {'fields': 'Id,SimulationState', 'filters': 'ExperimentId=7d95a4cd-dd60-ea11-a2c5-c4346bcb1550', 'count': 100000}
03/07 17:45:51 [DEBUG] [17848] [COMPS.Client] REQUEST -> GET https://comps.idmod.org/api/Simulations {'fields': 'Id,SimulationState', 'filters': 'ExperimentId=7d95a4cd-dd60-ea11-a2c5-c4346bcb1550', 'count': 100000}
03/07 17:45:56 [DEBUG] [17848] [COMPS.Client] REQUEST -> GET https://comps.idmod.org/api/Simulations {'fields': 'Id,SimulationState', 'filters': 'ExperimentId=7d95a4cd-dd60-ea11-a2c5-c4346bcb1550', 'count': 100000}
03/07 17:46:02 [DEBUG] [17848] [COMPS.Client] REQUEST -> GET https://comps.idmod.org/api/Simulations {'fields': 'Id,SimulationState', 'filters': 'ExperimentId=7d95a4cd-dd60-ea11-a2c5-c4346bcb1550', 'count': 100000}
03/07 17:46:07 [DEBUG] [17848] [COMPS.Client] REQUEST -> GET https://comps.idmod.org/api/Simulations {'fields': 'Id,SimulationState', 'filters': 'ExperimentId=7d95a4cd-dd60-ea11-a2c5-c4346bcb1550', 'count': 100000}
03/07 17:46:13 [DEBUG] [17848] [COMPS.Client] REQUEST -> GET https://comps.idmod.org/api/Simulations {'fields': 'Id,SimulationState', 'filters': 'ExperimentId=7d95a4cd-dd60-ea11-a2c5-c4346bcb1550', 'count': 100000}
03/07 17:46:18 [DEBUG] [17848] [COMPS.Client] REQUEST -> GET https://comps.idmod.org/api/Simulations {'fields': 'Id,SimulationState', 'filters': 'ExperimentId=7d95a4cd-dd60-ea11-a2c5-c4346bcb1550', 'count': 100000}
03/07 17:46:23 [DEBUG] [17848] [COMPS.Client] REQUEST -> GET https://comps.idmod.org/api/Simulations {'fields': 'Id,SimulationState', 'filters': 'ExperimentId=7d95a4cd-dd60-ea11-a2c5-c4346bcb1550', 'count': 100000}
03/07 17:46:29 [DEBUG] [17848] [COMPS.Client] REQUEST -> GET https://comps.idmod.org/api/Simulations {'fields': 'Id,SimulationState', 'filters': 'ExperimentId=7d95a4cd-dd60-ea11-a2c5-c4346bcb1550', 'count': 100000}
03/07 17:46:34 [DEBUG] [17848] [COMPS.Client] REQUEST -> GET https://comps.idmod.org/api/Simulations {'fields': 'Id,SimulationState', 'filters': 'ExperimentId=7d95a4cd-dd60-ea11-a2c5-c4346bcb1550', 'count': 100000}
03/07 17:46:39 [DEBUG] [17848] [COMPS.Client] REQUEST -> GET https://comps.idmod.org/api/Simulations {'fields': 'Id,SimulationState', 'filters': 'ExperimentId=7d95a4cd-dd60-ea11-a2c5-c4346bcb1550', 'count': 100000}
03/07 17:46:44 [DEBUG] [17848] [COMPS.Client] REQUEST -> GET https://comps.idmod.org/api/Simulations {'fields': 'Id,SimulationState', 'filters': 'ExperimentId=7d95a4cd-dd60-ea11-a2c5-c4346bcb1550', 'count': 100000}
03/07 17:46:50 [DEBUG] [17848] [COMPS.Client] REQUEST -> GET https://comps.idmod.org/api/Simulations {'fields': 'Id,SimulationState', 'filters': 'ExperimentId=7d95a4cd-dd60-ea11-a2c5-c4346bcb1550', 'count': 100000}
03/07 17:46:55 [DEBUG] [17848] [COMPS.Client] REQUEST -> GET https://comps.idmod.org/api/Simulations {'fields': 'Id,SimulationState', 'filters': 'ExperimentId=7d95a4cd-dd60-ea11-a2c5-c4346bcb1550', 'count': 100000}
03/07 17:47:00 [DEBUG] [17848] [COMPS.Client] REQUEST -> GET https://comps.idmod.org/api/Simulations {'fields': 'Id,SimulationState', 'filters': 'ExperimentId=7d95a4cd-dd60-ea11-a2c5-c4346bcb1550', 'count': 100000}
03/07 17:47:05 [DEBUG] [17848] [COMPS.Client] REQUEST -> GET https://comps.idmod.org/api/Simulations {'fields': 'Id,SimulationState', 'filters': 'ExperimentId=7d95a4cd-dd60-ea11-a2c5-c4346bcb1550', 'count': 100000}
03/07 17:47:11 [DEBUG] [17848] [COMPS.Client] REQUEST -> GET https://comps.idmod.org/api/Simulations {'fields': 'Id,SimulationState', 'filters': 'ExperimentId=7d95a4cd-dd60-ea11-a2c5-c4346bcb1550', 'count': 100000}
03/07 17:47:16 [DEBUG] [17848] [COMPS.Client] REQUEST -> GET https://comps.idmod.org/api/Simulations {'fields': 'Id,SimulationState', 'filters': 'ExperimentId=7d95a4cd-dd60-ea11-a2c5-c4346bcb1550', 'count': 100000}
03/07 17:47:21 [DEBUG] [17848] [COMPS.Client] REQUEST -> GET https://comps.idmod.org/api/Simulations {'fields': 'Id,SimulationState', 'filters': 'ExperimentId=7d95a4cd-dd60-ea11-a2c5-c4346bcb1550', 'count': 100000}
03/07 17:47:26 [DEBUG] [17848] [COMPS.Client] REQUEST -> GET https://comps.idmod.org/api/Simulations {'fields': 'Id,SimulationState', 'filters': 'ExperimentId=7d95a4cd-dd60-ea11-a2c5-c4346bcb1550', 'count': 100000}
03/07 17:47:31 [DEBUG] [17848] [COMPS.Client] REQUEST -> GET https://comps.idmod.org/api/Simulations {'fields': 'Id,SimulationState', 'filters': 'ExperimentId=7d95a4cd-dd60-ea11-a2c5-c4346bcb1550', 'count': 100000}
03/07 17:47:37 [DEBUG] [17848] [COMPS.Client] REQUEST -> GET https://comps.idmod.org/api/Simulations {'fields': 'Id,SimulationState', 'filters': 'ExperimentId=7d95a4cd-dd60-ea11-a2c5-c4346bcb1550', 'count': 100000}
03/07 17:47:42 [DEBUG] [17848] [COMPS.Client] REQUEST -> GET https://comps.idmod.org/api/Simulations {'fields': 'Id,SimulationState', 'filters': 'ExperimentId=7d95a4cd-dd60-ea11-a2c5-c4346bcb1550', 'count': 100000}
03/07 17:47:47 [DEBUG] [17848] [COMPS.Client] REQUEST -> GET https://comps.idmod.org/api/Simulations {'fields': 'Id,SimulationState', 'filters': 'ExperimentId=7d95a4cd-dd60-ea11-a2c5-c4346bcb1550', 'count': 100000}
03/07 17:47:52 [DEBUG] [17848] [COMPS.Client] REQUEST -> GET https://comps.idmod.org/api/Simulations {'fields': 'Id,SimulationState', 'filters': 'ExperimentId=7d95a4cd-dd60-ea11-a2c5-c4346bcb1550', 'count': 100000}
03/07 17:47:58 [DEBUG] [17848] [COMPS.Client] REQUEST -> GET https://comps.idmod.org/api/Simulations {'fields': 'Id,SimulationState', 'filters': 'ExperimentId=7d95a4cd-dd60-ea11-a2c5-c4346bcb1550', 'count': 100000}
03/07 17:48:03 [DEBUG] [17848] [COMPS.Client] REQUEST -> GET https://comps.idmod.org/api/Simulations {'fields': 'Id,SimulationState', 'filters': 'ExperimentId=7d95a4cd-dd60-ea11-a2c5-c4346bcb1550', 'count': 100000}
03/07 17:48:09 [DEBUG] [17848] [COMPS.Client] REQUEST -> GET https://comps.idmod.org/api/Simulations {'fields': 'Id,SimulationState', 'filters': 'ExperimentId=7d95a4cd-dd60-ea11-a2c5-c4346bcb1550', 'count': 100000}
03/07 17:48:14 [DEBUG] [17848] [COMPS.Client] REQUEST -> GET https://comps.idmod.org/api/Simulations {'fields': 'Id,SimulationState', 'filters': 'ExperimentId=7d95a4cd-dd60-ea11-a2c5-c4346bcb1550', 'count': 100000}
03/07 17:48:19 [DEBUG] [17848] [COMPS.Client] REQUEST -> GET https://comps.idmod.org/api/Simulations {'fields': 'Id,SimulationState', 'filters': 'ExperimentId=7d95a4cd-dd60-ea11-a2c5-c4346bcb1550', 'count': 100000}
03/07 17:48:24 [DEBUG] [17848] [COMPS.Client] REQUEST -> GET https://comps.idmod.org/api/Simulations {'fields': 'Id,SimulationState', 'filters': 'ExperimentId=7d95a4cd-dd60-ea11-a2c5-c4346bcb1550', 'count': 100000}
03/07 17:48:30 [DEBUG] [17848] [COMPS.Client] REQUEST -> GET https://comps.idmod.org/api/Simulations {'fields': 'Id,SimulationState', 'filters': 'ExperimentId=7d95a4cd-dd60-ea11-a2c5-c4346bcb1550', 'count': 100000}
03/07 17:48:36 [DEBUG] [17848] [COMPS.Client] REQUEST -> GET https://comps.idmod.org/api/Simulations {'fields': 'Id,SimulationState', 'filters': 'ExperimentId=7d95a4cd-dd60-ea11-a2c5-c4346bcb1550', 'count': 100000}
03/07 17:48:41 [DEBUG] [17848] [COMPS.Client] REQUEST -> GET https://comps.idmod.org/api/Simulations {'fields': 'Id,SimulationState', 'filters': 'ExperimentId=7d95a4cd-dd60-ea11-a2c5-c4346bcb1550', 'count': 100000}
03/07 17:48:46 [DEBUG] [17848] [COMPS.Client] REQUEST -> GET https://comps.idmod.org/api/Simulations {'fields': 'Id,SimulationState', 'filters': 'ExperimentId=7d95a4cd-dd60-ea11-a2c5-c4346bcb1550', 'count': 100000}
03/07 17:48:52 [DEBUG] [17848] [COMPS.Client] REQUEST -> GET https://comps.idmod.org/api/Simulations {'fields': 'Id,SimulationState', 'filters': 'ExperimentId=7d95a4cd-dd60-ea11-a2c5-c4346bcb1550', 'count': 100000}
03/07 17:48:57 [DEBUG] [17848] [COMPS.Client] REQUEST -> GET https://comps.idmod.org/api/Simulations {'fields': 'Id,SimulationState', 'filters': 'ExperimentId=7d95a4cd-dd60-ea11-a2c5-c4346bcb1550', 'count': 100000}
03/07 17:49:02 [DEBUG] [17848] [COMPS.Client] REQUEST -> GET https://comps.idmod.org/api/Simulations {'fields': 'Id,SimulationState', 'filters': 'ExperimentId=7d95a4cd-dd60-ea11-a2c5-c4346bcb1550', 'count': 100000}
03/07 17:49:08 [DEBUG] [17848] [COMPS.Client] REQUEST -> GET https://comps.idmod.org/api/Simulations {'fields': 'Id,SimulationState', 'filters': 'ExperimentId=7d95a4cd-dd60-ea11-a2c5-c4346bcb1550', 'count': 100000}
03/07 17:49:13 [DEBUG] [17848] [COMPS.Client] REQUEST -> GET https://comps.idmod.org/api/Simulations {'fields': 'Id,SimulationState', 'filters': 'ExperimentId=7d95a4cd-dd60-ea11-a2c5-c4346bcb1550', 'count': 100000}
03/07 17:49:18 [DEBUG] [17848] [COMPS.Client] REQUEST -> GET https://comps.idmod.org/api/Simulations {'fields': 'Id,SimulationState', 'filters': 'ExperimentId=7d95a4cd-dd60-ea11-a2c5-c4346bcb1550', 'count': 100000}
03/07 17:49:23 [DEBUG] [17848] [COMPS.Client] REQUEST -> GET https://comps.idmod.org/api/Simulations {'fields': 'Id,SimulationState', 'filters': 'ExperimentId=7d95a4cd-dd60-ea11-a2c5-c4346bcb1550', 'count': 100000}
03/07 17:49:28 [DEBUG] [17848] [COMPS.Client] REQUEST -> GET https://comps.idmod.org/api/Simulations {'fields': 'Id,SimulationState', 'filters': 'ExperimentId=7d95a4cd-dd60-ea11-a2c5-c4346bcb1550', 'count': 100000}
03/07 17:49:34 [DEBUG] [17848] [COMPS.Client] REQUEST -> GET https://comps.idmod.org/api/Simulations {'fields': 'Id,SimulationState', 'filters': 'ExperimentId=7d95a4cd-dd60-ea11-a2c5-c4346bcb1550', 'count': 100000}
03/07 17:49:39 [DEBUG] [17848] [COMPS.Client] REQUEST -> GET https://comps.idmod.org/api/Simulations {'fields': 'Id,SimulationState', 'filters': 'ExperimentId=7d95a4cd-dd60-ea11-a2c5-c4346bcb1550', 'count': 100000}
03/07 17:49:44 [DEBUG] [17848] [COMPS.Client] REQUEST -> GET https://comps.idmod.org/api/Simulations {'fields': 'Id,SimulationState', 'filters': 'ExperimentId=7d95a4cd-dd60-ea11-a2c5-c4346bcb1550', 'count': 100000}
03/07 17:49:49 [DEBUG] [17848] [COMPS.Client] REQUEST -> GET https://comps.idmod.org/api/Simulations {'fields': 'Id,SimulationState', 'filters': 'ExperimentId=7d95a4cd-dd60-ea11-a2c5-c4346bcb1550', 'count': 100000}
03/07 17:49:55 [DEBUG] [17848] [COMPS.Client] REQUEST -> GET https://comps.idmod.org/api/Simulations {'fields': 'Id,SimulationState', 'filters': 'ExperimentId=7d95a4cd-dd60-ea11-a2c5-c4346bcb1550', 'count': 100000}
03/07 17:50:00 [DEBUG] [17848] [COMPS.Client] REQUEST -> GET https://comps.idmod.org/api/Simulations {'fields': 'Id,SimulationState', 'filters': 'ExperimentId=7d95a4cd-dd60-ea11-a2c5-c4346bcb1550', 'count': 100000}
03/07 17:50:05 [DEBUG] [17848] [COMPS.Client] REQUEST -> GET https://comps.idmod.org/api/Simulations {'fields': 'Id,SimulationState', 'filters': 'ExperimentId=7d95a4cd-dd60-ea11-a2c5-c4346bcb1550', 'count': 100000}
03/07 17:50:10 [DEBUG] [17848] [COMPS.Client] REQUEST -> GET https://comps.idmod.org/api/Simulations {'fields': 'Id,SimulationState', 'filters': 'ExperimentId=7d95a4cd-dd60-ea11-a2c5-c4346bcb1550', 'count': 100000}
03/07 17:50:15 [DEBUG] [17848] [COMPS.Client] REQUEST -> GET https://comps.idmod.org/api/Simulations {'fields': 'Id,SimulationState', 'filters': 'ExperimentId=7d95a4cd-dd60-ea11-a2c5-c4346bcb1550', 'count': 100000}
03/07 17:50:21 [DEBUG] [17848] [COMPS.Client] REQUEST -> GET https://comps.idmod.org/api/Simulations {'fields': 'Id,SimulationState', 'filters': 'ExperimentId=7d95a4cd-dd60-ea11-a2c5-c4346bcb1550', 'count': 100000}
03/07 17:50:26 [DEBUG] [17848] [COMPS.Client] REQUEST -> GET https://comps.idmod.org/api/Simulations {'fields': 'Id,SimulationState', 'filters': 'ExperimentId=7d95a4cd-dd60-ea11-a2c5-c4346bcb1550', 'count': 100000}
03/07 17:50:31 [DEBUG] [17848] [COMPS.Client] REQUEST -> GET https://comps.idmod.org/api/Simulations {'fields': 'Id,SimulationState', 'filters': 'ExperimentId=7d95a4cd-dd60-ea11-a2c5-c4346bcb1550', 'count': 100000}
03/07 17:50:36 [DEBUG] [17848] [COMPS.Client] REQUEST -> GET https://comps.idmod.org/api/Simulations {'fields': 'Id,SimulationState', 'filters': 'ExperimentId=7d95a4cd-dd60-ea11-a2c5-c4346bcb1550', 'count': 100000}
03/07 17:50:42 [DEBUG] [17848] [COMPS.Client] REQUEST -> GET https://comps.idmod.org/api/Simulations {'fields': 'Id,SimulationState', 'filters': 'ExperimentId=7d95a4cd-dd60-ea11-a2c5-c4346bcb1550', 'count': 100000}
03/07 17:50:47 [DEBUG] [17848] [COMPS.Client] REQUEST -> GET https://comps.idmod.org/api/Simulations {'fields': 'Id,SimulationState', 'filters': 'ExperimentId=7d95a4cd-dd60-ea11-a2c5-c4346bcb1550', 'count': 100000}
03/07 17:50:52 [DEBUG] [17848] [COMPS.Client] REQUEST -> GET https://comps.idmod.org/api/Simulations {'fields': 'Id,SimulationState', 'filters': 'ExperimentId=7d95a4cd-dd60-ea11-a2c5-c4346bcb1550', 'count': 100000}
03/07 17:50:57 [DEBUG] [17848] [COMPS.Client] REQUEST -> GET https://comps.idmod.org/api/Simulations {'fields': 'Id,SimulationState', 'filters': 'ExperimentId=7d95a4cd-dd60-ea11-a2c5-c4346bcb1550', 'count': 100000}
03/07 17:51:03 [DEBUG] [17848] [COMPS.Client] REQUEST -> GET https://comps.idmod.org/api/Simulations {'fields': 'Id,SimulationState', 'filters': 'ExperimentId=7d95a4cd-dd60-ea11-a2c5-c4346bcb1550', 'count': 100000}
03/07 17:51:08 [DEBUG] [17848] [COMPS.Client] REQUEST -> GET https://comps.idmod.org/api/Simulations {'fields': 'Id,SimulationState', 'filters': 'ExperimentId=7d95a4cd-dd60-ea11-a2c5-c4346bcb1550', 'count': 100000}
03/07 17:51:13 [DEBUG] [17848] [COMPS.Client] REQUEST -> GET https://comps.idmod.org/api/Simulations {'fields': 'Id,SimulationState', 'filters': 'ExperimentId=7d95a4cd-dd60-ea11-a2c5-c4346bcb1550', 'count': 100000}
03/07 17:51:18 [DEBUG] [17848] [COMPS.Client] REQUEST -> GET https://comps.idmod.org/api/Simulations {'fields': 'Id,SimulationState', 'filters': 'ExperimentId=7d95a4cd-dd60-ea11-a2c5-c4346bcb1550', 'count': 100000}
03/07 17:51:24 [DEBUG] [17848] [COMPS.Client] REQUEST -> GET https://comps.idmod.org/api/Simulations {'fields': 'Id,SimulationState', 'filters': 'ExperimentId=7d95a4cd-dd60-ea11-a2c5-c4346bcb1550', 'count': 100000}
03/07 17:51:29 [DEBUG] [17848] [COMPS.Client] REQUEST -> GET https://comps.idmod.org/api/Simulations {'fields': 'Id,SimulationState', 'filters': 'ExperimentId=7d95a4cd-dd60-ea11-a2c5-c4346bcb1550', 'count': 100000}
03/07 17:51:34 [DEBUG] [17848] [COMPS.Client] REQUEST -> GET https://comps.idmod.org/api/Simulations {'fields': 'Id,SimulationState', 'filters': 'ExperimentId=7d95a4cd-dd60-ea11-a2c5-c4346bcb1550', 'count': 100000}
03/07 17:51:39 [DEBUG] [17848] [COMPS.Client] REQUEST -> GET https://comps.idmod.org/api/Simulations {'fields': 'Id,SimulationState', 'filters': 'ExperimentId=7d95a4cd-dd60-ea11-a2c5-c4346bcb1550', 'count': 100000}
03/07 17:51:45 [DEBUG] [17848] [COMPS.Client] REQUEST -> GET https://comps.idmod.org/api/Simulations {'fields': 'Id,SimulationState', 'filters': 'ExperimentId=7d95a4cd-dd60-ea11-a2c5-c4346bcb1550', 'count': 100000}
03/07 17:51:50 [DEBUG] [17848] [COMPS.Client] REQUEST -> GET https://comps.idmod.org/api/Simulations {'fields': 'Id,SimulationState', 'filters': 'ExperimentId=7d95a4cd-dd60-ea11-a2c5-c4346bcb1550', 'count': 100000}
03/07 17:51:55 [DEBUG] [17848] [COMPS.Client] REQUEST -> GET https://comps.idmod.org/api/Simulations {'fields': 'Id,SimulationState', 'filters': 'ExperimentId=7d95a4cd-dd60-ea11-a2c5-c4346bcb1550', 'count': 100000}
03/07 17:52:00 [DEBUG] [17848] [COMPS.Client] REQUEST -> GET https://comps.idmod.org/api/Simulations {'fields': 'Id,SimulationState', 'filters': 'ExperimentId=7d95a4cd-dd60-ea11-a2c5-c4346bcb1550', 'count': 100000}
03/07 17:52:05 [DEBUG] [17848] [COMPS.Client] REQUEST -> GET https://comps.idmod.org/api/Simulations {'fields': 'Id,SimulationState', 'filters': 'ExperimentId=7d95a4cd-dd60-ea11-a2c5-c4346bcb1550', 'count': 100000}
03/07 17:52:11 [DEBUG] [17848] [COMPS.Client] REQUEST -> GET https://comps.idmod.org/api/Simulations {'fields': 'Id,SimulationState', 'filters': 'ExperimentId=7d95a4cd-dd60-ea11-a2c5-c4346bcb1550', 'count': 100000}
03/07 17:52:16 [DEBUG] [17848] [COMPS.Client] REQUEST -> GET https://comps.idmod.org/api/Simulations {'fields': 'Id,SimulationState', 'filters': 'ExperimentId=7d95a4cd-dd60-ea11-a2c5-c4346bcb1550', 'count': 100000}
03/07 17:52:21 [DEBUG] [17848] [COMPS.Client] REQUEST -> GET https://comps.idmod.org/api/Simulations {'fields': 'Id,SimulationState', 'filters': 'ExperimentId=7d95a4cd-dd60-ea11-a2c5-c4346bcb1550', 'count': 100000}
03/07 17:52:26 [DEBUG] [17848] [COMPS.Client] REQUEST -> GET https://comps.idmod.org/api/Simulations {'fields': 'Id,SimulationState', 'filters': 'ExperimentId=7d95a4cd-dd60-ea11-a2c5-c4346bcb1550', 'count': 100000}
03/07 17:52:31 [DEBUG] [17848] [COMPS.Client] REQUEST -> GET https://comps.idmod.org/api/Simulations {'fields': 'Id,SimulationState', 'filters': 'ExperimentId=7d95a4cd-dd60-ea11-a2c5-c4346bcb1550', 'count': 100000}
03/07 17:52:37 [DEBUG] [17848] [COMPS.Client] REQUEST -> GET https://comps.idmod.org/api/Simulations {'fields': 'Id,SimulationState', 'filters': 'ExperimentId=7d95a4cd-dd60-ea11-a2c5-c4346bcb1550', 'count': 100000}
03/07 17:52:42 [DEBUG] [17848] [COMPS.Client] REQUEST -> GET https://comps.idmod.org/api/Simulations {'fields': 'Id,SimulationState', 'filters': 'ExperimentId=7d95a4cd-dd60-ea11-a2c5-c4346bcb1550', 'count': 100000}
03/07 17:52:47 [DEBUG] [17848] [COMPS.Client] REQUEST -> GET https://comps.idmod.org/api/Simulations {'fields': 'Id,SimulationState', 'filters': 'ExperimentId=7d95a4cd-dd60-ea11-a2c5-c4346bcb1550', 'count': 100000}
03/07 17:52:52 [DEBUG] [17848] [COMPS.Client] REQUEST -> GET https://comps.idmod.org/api/Simulations {'fields': 'Id,SimulationState', 'filters': 'ExperimentId=7d95a4cd-dd60-ea11-a2c5-c4346bcb1550', 'count': 100000}
03/07 17:52:58 [DEBUG] [17848] [COMPS.Client] REQUEST -> GET https://comps.idmod.org/api/Simulations {'fields': 'Id,SimulationState', 'filters': 'ExperimentId=7d95a4cd-dd60-ea11-a2c5-c4346bcb1550', 'count': 100000}
03/07 17:53:03 [DEBUG] [17848] [COMPS.Client] REQUEST -> GET https://comps.idmod.org/api/Simulations {'fields': 'Id,SimulationState', 'filters': 'ExperimentId=7d95a4cd-dd60-ea11-a2c5-c4346bcb1550', 'count': 100000}
03/07 17:53:08 [DEBUG] [17848] [COMPS.Client] REQUEST -> GET https://comps.idmod.org/api/Simulations {'fields': 'Id,SimulationState', 'filters': 'ExperimentId=7d95a4cd-dd60-ea11-a2c5-c4346bcb1550', 'count': 100000}
