08/06 14:03:38 [DEBUG] [21692] [COMPS.Data.SerializableEntity] OutputFileMetadata --> {'Id': '_internal_id', 'Length': 'length', 'FriendlyName': 'friendly_name', 'PathFromRoot': 'path_from_root', 'Url': 'url', 'MimeType': 'mime_type'}
08/06 14:03:38 [DEBUG] [21692] [COMPS.Data.SerializableEntity] AssetFile --> {'FileName': 'file_name', 'MD5Checksum': 'md5_checksum', 'Length': 'length', 'Uri': 'uri'}
08/06 14:03:38 [DEBUG] [21692] [COMPS.Data.SerializableEntity] AssetCollectionFile --> {'RelativePath': 'relative_path', 'Tags': 'tags', 'FileName': 'file_name', 'MD5Checksum': 'md5_checksum', 'Length': 'length', 'Uri': 'uri'}
08/06 14:03:38 [DEBUG] [21692] [COMPS.Data.SerializableEntity] AssetCollection --> {'Id': 'id', 'DateCreated': 'date_created', 'Tags': 'tags', 'Assets': 'assets'}
08/06 14:03:38 [DEBUG] [21692] [COMPS.Data.SerializableEntity] Configuration --> {'EnvironmentName': 'environment_name', 'SimulationInputArgs': 'simulation_input_args', 'WorkingDirectoryRoot': 'working_directory_root', 'ExecutablePath': 'executable_path', 'NodeGroupName': 'node_group_name', 'MaximumNumberOfRetries': 'maximum_number_of_retries', 'Priority': 'priority', 'MinCores': 'min_cores', 'MaxCores': 'max_cores', 'Exclusive': 'exclusive', 'AssetCollectionId': 'asset_collection_id'}
08/06 14:03:38 [DEBUG] [21692] [COMPS.Data.SerializableEntity] SimulationFile --> {'FileType': 'file_type', 'Description': 'description', 'FileName': 'file_name', 'MD5Checksum': 'md5_checksum', 'Length': 'length', 'Uri': 'uri'}
08/06 14:03:38 [DEBUG] [21692] [COMPS.Data.SerializableEntity] WorkItemFile --> {'FileType': 'file_type', 'Description': 'description', 'FileName': 'file_name', 'MD5Checksum': 'md5_checksum', 'Length': 'length', 'Uri': 'uri'}
08/06 14:03:38 [DEBUG] [21692] [COMPS.Data.SerializableEntity] HpcJob --> {'Id': '_internal_id', 'JobId': 'job_id', 'JobState': 'job_state', 'Priority': 'priority', 'WorkingDirectory': 'working_directory', 'OutputDirectorySize': 'output_directory_size', 'SubmitTime': 'submit_time', 'StartTime': 'start_time', 'EndTime': 'end_time', 'ErrorMessage': 'error_message', 'Configuration': 'configuration'}
08/06 14:03:38 [DEBUG] [21692] [COMPS.Data.SerializableEntity] Simulation --> {'Id': 'id', 'ExperimentId': 'experiment_id', 'Name': 'name', 'Description': 'description', 'Owner': 'owner', 'DateCreated': 'date_created', 'LastModified': 'last_modified', 'SimulationState': 'state', 'ErrorMessage': 'error_message', 'Tags': 'tags', 'Configuration': 'configuration', 'Files': 'files', 'HPCJobs': 'hpc_jobs'}
08/06 14:03:38 [DEBUG] [21692] [COMPS.Data.SerializableEntity] Experiment --> {'Id': 'id', 'SuiteId': 'suite_id', 'Name': 'name', 'Description': 'description', 'Owner': 'owner', 'DateCreated': 'date_created', 'LastModified': 'last_modified', 'Tags': 'tags', 'Configuration': 'configuration'}
08/06 14:03:38 [DEBUG] [21692] [COMPS.Data.SerializableEntity] Suite --> {'Id': 'id', 'Name': 'name', 'Description': 'description', 'Owner': 'owner', 'DateCreated': 'date_created', 'LastModified': 'last_modified', 'Tags': 'tags', 'Configuration': 'configuration'}
08/06 14:03:38 [DEBUG] [21692] [COMPS.Data.SerializableEntity] WorkItem --> {'Id': 'id', 'Name': 'name', 'Worker': 'worker', 'EnvironmentName': 'environment_name', 'Description': 'description', 'Owner': 'owner', 'DateCreated': 'date_created', 'LastModified': 'last_modified', 'State': 'state', 'ErrorMessage': 'error_message', 'HostName': 'host_name', 'WorkerInstanceId': 'worker_instance_id', 'WorkItemPriority': 'priority', 'WorkingDirectory': 'working_directory', 'WorkingDirectorySize': 'working_directory_size', 'AssetCollectionId': 'asset_collection_id', 'Tags': 'tags', 'Files': 'files', 'Plugins': 'plugins'}
08/06 14:03:39 [DEBUG] [21692] [COMPS.Client] Parsed login host: ('https', 'comps.idmod.org', None)
08/06 14:03:39 [DEBUG] [21692] [COMPS.Client] REQUEST -> GET https://comps.idmod.org/api/Simulations {'fields': 'Id', 'filters': 'SimulationState=0,ExperimentId=a7c53091-8db8-e911-a2c1-c4346bcb1555', 'count': 100000}
08/06 14:03:41 [DEBUG] [21692] [COMPS.Client] REQUEST -> GET https://comps.idmod.org/api/Simulations {'fields': 'Id,SimulationState', 'filters': 'ExperimentId=a7c53091-8db8-e911-a2c1-c4346bcb1555', 'count': 100000}
08/06 14:03:46 [DEBUG] [21692] [COMPS.Client] REQUEST -> GET https://comps.idmod.org/api/Simulations {'fields': 'Id,SimulationState', 'filters': 'ExperimentId=a7c53091-8db8-e911-a2c1-c4346bcb1555', 'count': 100000}
08/06 14:03:52 [DEBUG] [21692] [COMPS.Client] REQUEST -> GET https://comps.idmod.org/api/Simulations {'fields': 'Id,SimulationState', 'filters': 'ExperimentId=a7c53091-8db8-e911-a2c1-c4346bcb1555', 'count': 100000}
08/06 14:03:57 [DEBUG] [21692] [COMPS.Client] REQUEST -> GET https://comps.idmod.org/api/Simulations {'fields': 'Id,SimulationState', 'filters': 'ExperimentId=a7c53091-8db8-e911-a2c1-c4346bcb1555', 'count': 100000}
08/06 14:04:02 [DEBUG] [21692] [COMPS.Client] REQUEST -> GET https://comps.idmod.org/api/Simulations {'fields': 'Id,SimulationState', 'filters': 'ExperimentId=a7c53091-8db8-e911-a2c1-c4346bcb1555', 'count': 100000}
08/06 14:04:07 [DEBUG] [21692] [COMPS.Client] REQUEST -> GET https://comps.idmod.org/api/Simulations {'fields': 'Id,SimulationState', 'filters': 'ExperimentId=a7c53091-8db8-e911-a2c1-c4346bcb1555', 'count': 100000}
08/06 14:04:13 [DEBUG] [21692] [COMPS.Client] REQUEST -> GET https://comps.idmod.org/api/Simulations {'fields': 'Id,SimulationState', 'filters': 'ExperimentId=a7c53091-8db8-e911-a2c1-c4346bcb1555', 'count': 100000}
08/06 14:04:18 [DEBUG] [21692] [COMPS.Client] REQUEST -> GET https://comps.idmod.org/api/Simulations {'fields': 'Id,SimulationState', 'filters': 'ExperimentId=a7c53091-8db8-e911-a2c1-c4346bcb1555', 'count': 100000}
08/06 14:04:23 [DEBUG] [21692] [COMPS.Client] REQUEST -> GET https://comps.idmod.org/api/Simulations {'fields': 'Id,SimulationState', 'filters': 'ExperimentId=a7c53091-8db8-e911-a2c1-c4346bcb1555', 'count': 100000}
08/06 14:04:28 [DEBUG] [21692] [COMPS.Client] REQUEST -> GET https://comps.idmod.org/api/Simulations {'fields': 'Id,SimulationState', 'filters': 'ExperimentId=a7c53091-8db8-e911-a2c1-c4346bcb1555', 'count': 100000}
08/06 14:04:33 [DEBUG] [21692] [COMPS.Client] REQUEST -> GET https://comps.idmod.org/api/Simulations {'fields': 'Id,SimulationState', 'filters': 'ExperimentId=a7c53091-8db8-e911-a2c1-c4346bcb1555', 'count': 100000}
08/06 14:04:38 [DEBUG] [21692] [COMPS.Client] REQUEST -> GET https://comps.idmod.org/api/Simulations {'fields': 'Id,SimulationState', 'filters': 'ExperimentId=a7c53091-8db8-e911-a2c1-c4346bcb1555', 'count': 100000}
08/06 14:04:44 [DEBUG] [21692] [COMPS.Client] REQUEST -> GET https://comps.idmod.org/api/Simulations {'fields': 'Id,SimulationState', 'filters': 'ExperimentId=a7c53091-8db8-e911-a2c1-c4346bcb1555', 'count': 100000}
08/06 14:04:49 [DEBUG] [21692] [COMPS.Client] REQUEST -> GET https://comps.idmod.org/api/Simulations {'fields': 'Id,SimulationState', 'filters': 'ExperimentId=a7c53091-8db8-e911-a2c1-c4346bcb1555', 'count': 100000}
08/06 14:04:54 [DEBUG] [21692] [COMPS.Client] REQUEST -> GET https://comps.idmod.org/api/Simulations {'fields': 'Id,SimulationState', 'filters': 'ExperimentId=a7c53091-8db8-e911-a2c1-c4346bcb1555', 'count': 100000}
08/06 14:04:59 [DEBUG] [21692] [COMPS.Client] REQUEST -> GET https://comps.idmod.org/api/Simulations {'fields': 'Id,SimulationState', 'filters': 'ExperimentId=a7c53091-8db8-e911-a2c1-c4346bcb1555', 'count': 100000}
08/06 14:05:04 [DEBUG] [21692] [COMPS.Client] REQUEST -> GET https://comps.idmod.org/api/Simulations {'fields': 'Id,SimulationState', 'filters': 'ExperimentId=a7c53091-8db8-e911-a2c1-c4346bcb1555', 'count': 100000}
08/06 14:05:10 [DEBUG] [21692] [COMPS.Client] REQUEST -> GET https://comps.idmod.org/api/Simulations {'fields': 'Id,SimulationState', 'filters': 'ExperimentId=a7c53091-8db8-e911-a2c1-c4346bcb1555', 'count': 100000}
08/06 14:05:15 [DEBUG] [21692] [COMPS.Client] REQUEST -> GET https://comps.idmod.org/api/Simulations {'fields': 'Id,SimulationState', 'filters': 'ExperimentId=a7c53091-8db8-e911-a2c1-c4346bcb1555', 'count': 100000}
08/06 14:05:20 [DEBUG] [21692] [COMPS.Client] REQUEST -> GET https://comps.idmod.org/api/Simulations {'fields': 'Id,SimulationState', 'filters': 'ExperimentId=a7c53091-8db8-e911-a2c1-c4346bcb1555', 'count': 100000}
08/06 14:05:25 [DEBUG] [21692] [COMPS.Client] REQUEST -> GET https://comps.idmod.org/api/Simulations {'fields': 'Id,SimulationState', 'filters': 'ExperimentId=a7c53091-8db8-e911-a2c1-c4346bcb1555', 'count': 100000}
08/06 14:05:30 [DEBUG] [21692] [COMPS.Client] REQUEST -> GET https://comps.idmod.org/api/Simulations {'fields': 'Id,SimulationState', 'filters': 'ExperimentId=a7c53091-8db8-e911-a2c1-c4346bcb1555', 'count': 100000}
08/06 14:05:35 [DEBUG] [21692] [COMPS.Client] REQUEST -> GET https://comps.idmod.org/api/Simulations {'fields': 'Id,SimulationState', 'filters': 'ExperimentId=a7c53091-8db8-e911-a2c1-c4346bcb1555', 'count': 100000}
08/06 14:05:41 [DEBUG] [21692] [COMPS.Client] REQUEST -> GET https://comps.idmod.org/api/Simulations {'fields': 'Id,SimulationState', 'filters': 'ExperimentId=a7c53091-8db8-e911-a2c1-c4346bcb1555', 'count': 100000}
08/06 14:05:46 [DEBUG] [21692] [COMPS.Client] REQUEST -> GET https://comps.idmod.org/api/Simulations {'fields': 'Id,SimulationState', 'filters': 'ExperimentId=a7c53091-8db8-e911-a2c1-c4346bcb1555', 'count': 100000}
08/06 14:05:51 [DEBUG] [21692] [COMPS.Client] REQUEST -> GET https://comps.idmod.org/api/Simulations {'fields': 'Id,SimulationState', 'filters': 'ExperimentId=a7c53091-8db8-e911-a2c1-c4346bcb1555', 'count': 100000}
08/06 14:05:56 [DEBUG] [21692] [COMPS.Client] REQUEST -> GET https://comps.idmod.org/api/Simulations {'fields': 'Id,SimulationState', 'filters': 'ExperimentId=a7c53091-8db8-e911-a2c1-c4346bcb1555', 'count': 100000}
08/06 14:06:01 [DEBUG] [21692] [COMPS.Client] REQUEST -> GET https://comps.idmod.org/api/Simulations {'fields': 'Id,SimulationState', 'filters': 'ExperimentId=a7c53091-8db8-e911-a2c1-c4346bcb1555', 'count': 100000}
08/06 14:06:03 [DEBUG] [21692] [COMPS.Client] Failed attempt 1 of 10: requests.exceptions.ConnectionError: HTTPSConnectionPool(host='comps.idmod.org', port=443): Max retries exceeded with url: /api/Simulations?fields=Id%2CSimulationState&filters=ExperimentId%3Da7c53091-8db8-e911-a2c1-c4346bcb1555&count=100000 (Caused by NewConnectionError('<urllib3.connection.VerifiedHTTPSConnection object at 0x00000234A4FD01D0>: Failed to establish a new connection: [Errno 11001] getaddrinfo failed',))
08/06 14:06:03 [DEBUG] [21692] [COMPS.Client] Retrying...
08/06 14:06:03 [DEBUG] [21692] [COMPS.Client] Failed attempt 2 of 10: requests.exceptions.ConnectionError: HTTPSConnectionPool(host='comps.idmod.org', port=443): Max retries exceeded with url: /api/Simulations?fields=Id%2CSimulationState&filters=ExperimentId%3Da7c53091-8db8-e911-a2c1-c4346bcb1555&count=100000 (Caused by NewConnectionError('<urllib3.connection.VerifiedHTTPSConnection object at 0x00000234A4FD04E0>: Failed to establish a new connection: [Errno 11001] getaddrinfo failed',))
08/06 14:06:03 [DEBUG] [21692] [COMPS.Client] Retrying...
08/06 14:06:03 [DEBUG] [21692] [COMPS.Client] Failed attempt 3 of 10: requests.exceptions.ConnectionError: HTTPSConnectionPool(host='comps.idmod.org', port=443): Max retries exceeded with url: /api/Simulations?fields=Id%2CSimulationState&filters=ExperimentId%3Da7c53091-8db8-e911-a2c1-c4346bcb1555&count=100000 (Caused by NewConnectionError('<urllib3.connection.VerifiedHTTPSConnection object at 0x00000234A4FD0A58>: Failed to establish a new connection: [Errno 11001] getaddrinfo failed',))
08/06 14:06:04 [DEBUG] [21692] [COMPS.Client] Retrying...
08/06 14:06:04 [DEBUG] [21692] [COMPS.Client] Failed attempt 4 of 10: requests.exceptions.ConnectionError: HTTPSConnectionPool(host='comps.idmod.org', port=443): Max retries exceeded with url: /api/Simulations?fields=Id%2CSimulationState&filters=ExperimentId%3Da7c53091-8db8-e911-a2c1-c4346bcb1555&count=100000 (Caused by NewConnectionError('<urllib3.connection.VerifiedHTTPSConnection object at 0x00000234A4FD01D0>: Failed to establish a new connection: [Errno 11001] getaddrinfo failed',))
08/06 14:06:04 [DEBUG] [21692] [COMPS.Client] Retrying...
08/06 14:06:06 [DEBUG] [21692] [COMPS.Client] Succeeded on attempt 5 of 10
08/06 14:06:12 [DEBUG] [21692] [COMPS.Client] REQUEST -> GET https://comps.idmod.org/api/Simulations {'fields': 'Id,SimulationState', 'filters': 'ExperimentId=a7c53091-8db8-e911-a2c1-c4346bcb1555', 'count': 100000}
08/06 14:06:17 [DEBUG] [21692] [COMPS.Client] REQUEST -> GET https://comps.idmod.org/api/Simulations {'fields': 'Id,SimulationState', 'filters': 'ExperimentId=a7c53091-8db8-e911-a2c1-c4346bcb1555', 'count': 100000}
08/06 14:06:23 [DEBUG] [21692] [COMPS.Client] REQUEST -> GET https://comps.idmod.org/api/Simulations {'fields': 'Id,SimulationState', 'filters': 'ExperimentId=a7c53091-8db8-e911-a2c1-c4346bcb1555', 'count': 100000}
08/06 14:06:28 [DEBUG] [21692] [COMPS.Client] REQUEST -> GET https://comps.idmod.org/api/Simulations {'fields': 'Id,SimulationState', 'filters': 'ExperimentId=a7c53091-8db8-e911-a2c1-c4346bcb1555', 'count': 100000}
08/06 14:06:33 [DEBUG] [21692] [COMPS.Client] REQUEST -> GET https://comps.idmod.org/api/Simulations {'fields': 'Id,SimulationState', 'filters': 'ExperimentId=a7c53091-8db8-e911-a2c1-c4346bcb1555', 'count': 100000}
08/06 14:06:39 [DEBUG] [21692] [COMPS.Client] REQUEST -> GET https://comps.idmod.org/api/Simulations {'fields': 'Id,SimulationState', 'filters': 'ExperimentId=a7c53091-8db8-e911-a2c1-c4346bcb1555', 'count': 100000}
08/06 14:06:44 [DEBUG] [21692] [COMPS.Client] REQUEST -> GET https://comps.idmod.org/api/Simulations {'fields': 'Id,SimulationState', 'filters': 'ExperimentId=a7c53091-8db8-e911-a2c1-c4346bcb1555', 'count': 100000}
08/06 14:06:49 [DEBUG] [21692] [COMPS.Client] REQUEST -> GET https://comps.idmod.org/api/Simulations {'fields': 'Id,SimulationState', 'filters': 'ExperimentId=a7c53091-8db8-e911-a2c1-c4346bcb1555', 'count': 100000}
08/06 14:06:54 [DEBUG] [21692] [COMPS.Client] REQUEST -> GET https://comps.idmod.org/api/Simulations {'fields': 'Id,SimulationState', 'filters': 'ExperimentId=a7c53091-8db8-e911-a2c1-c4346bcb1555', 'count': 100000}
08/06 14:07:00 [DEBUG] [21692] [COMPS.Client] REQUEST -> GET https://comps.idmod.org/api/Simulations {'fields': 'Id,SimulationState', 'filters': 'ExperimentId=a7c53091-8db8-e911-a2c1-c4346bcb1555', 'count': 100000}
08/06 14:07:05 [DEBUG] [21692] [COMPS.Client] REQUEST -> GET https://comps.idmod.org/api/Simulations {'fields': 'Id,SimulationState', 'filters': 'ExperimentId=a7c53091-8db8-e911-a2c1-c4346bcb1555', 'count': 100000}
08/06 14:07:10 [DEBUG] [21692] [COMPS.Client] REQUEST -> GET https://comps.idmod.org/api/Simulations {'fields': 'Id,SimulationState', 'filters': 'ExperimentId=a7c53091-8db8-e911-a2c1-c4346bcb1555', 'count': 100000}
08/06 14:07:16 [DEBUG] [21692] [COMPS.Client] REQUEST -> GET https://comps.idmod.org/api/Simulations {'fields': 'Id,SimulationState', 'filters': 'ExperimentId=a7c53091-8db8-e911-a2c1-c4346bcb1555', 'count': 100000}
08/06 14:07:21 [DEBUG] [21692] [COMPS.Client] REQUEST -> GET https://comps.idmod.org/api/Simulations {'fields': 'Id,SimulationState', 'filters': 'ExperimentId=a7c53091-8db8-e911-a2c1-c4346bcb1555', 'count': 100000}
08/06 14:07:26 [DEBUG] [21692] [COMPS.Client] REQUEST -> GET https://comps.idmod.org/api/Simulations {'fields': 'Id,SimulationState', 'filters': 'ExperimentId=a7c53091-8db8-e911-a2c1-c4346bcb1555', 'count': 100000}
08/06 14:07:32 [DEBUG] [21692] [COMPS.Client] REQUEST -> GET https://comps.idmod.org/api/Simulations {'fields': 'Id,SimulationState', 'filters': 'ExperimentId=a7c53091-8db8-e911-a2c1-c4346bcb1555', 'count': 100000}
08/06 14:07:37 [DEBUG] [21692] [COMPS.Client] REQUEST -> GET https://comps.idmod.org/api/Simulations {'fields': 'Id,SimulationState', 'filters': 'ExperimentId=a7c53091-8db8-e911-a2c1-c4346bcb1555', 'count': 100000}
08/06 14:07:42 [DEBUG] [21692] [COMPS.Client] REQUEST -> GET https://comps.idmod.org/api/Simulations {'fields': 'Id,SimulationState', 'filters': 'ExperimentId=a7c53091-8db8-e911-a2c1-c4346bcb1555', 'count': 100000}
08/06 14:07:48 [DEBUG] [21692] [COMPS.Client] REQUEST -> GET https://comps.idmod.org/api/Simulations {'fields': 'Id,SimulationState', 'filters': 'ExperimentId=a7c53091-8db8-e911-a2c1-c4346bcb1555', 'count': 100000}
08/06 14:07:53 [DEBUG] [21692] [COMPS.Client] REQUEST -> GET https://comps.idmod.org/api/Simulations {'fields': 'Id,SimulationState', 'filters': 'ExperimentId=a7c53091-8db8-e911-a2c1-c4346bcb1555', 'count': 100000}
08/06 14:07:58 [DEBUG] [21692] [COMPS.Client] REQUEST -> GET https://comps.idmod.org/api/Simulations {'fields': 'Id,SimulationState', 'filters': 'ExperimentId=a7c53091-8db8-e911-a2c1-c4346bcb1555', 'count': 100000}
08/06 14:08:04 [DEBUG] [21692] [COMPS.Client] REQUEST -> GET https://comps.idmod.org/api/Simulations {'fields': 'Id,SimulationState', 'filters': 'ExperimentId=a7c53091-8db8-e911-a2c1-c4346bcb1555', 'count': 100000}
08/06 14:08:09 [DEBUG] [21692] [COMPS.Client] REQUEST -> GET https://comps.idmod.org/api/Simulations {'fields': 'Id,SimulationState', 'filters': 'ExperimentId=a7c53091-8db8-e911-a2c1-c4346bcb1555', 'count': 100000}
08/06 14:08:14 [DEBUG] [21692] [COMPS.Client] REQUEST -> GET https://comps.idmod.org/api/Simulations {'fields': 'Id,SimulationState', 'filters': 'ExperimentId=a7c53091-8db8-e911-a2c1-c4346bcb1555', 'count': 100000}
08/06 14:08:19 [DEBUG] [21692] [COMPS.Client] REQUEST -> GET https://comps.idmod.org/api/Simulations {'fields': 'Id,SimulationState', 'filters': 'ExperimentId=a7c53091-8db8-e911-a2c1-c4346bcb1555', 'count': 100000}
08/06 14:08:25 [DEBUG] [21692] [COMPS.Client] REQUEST -> GET https://comps.idmod.org/api/Simulations {'fields': 'Id,SimulationState', 'filters': 'ExperimentId=a7c53091-8db8-e911-a2c1-c4346bcb1555', 'count': 100000}
08/06 14:08:30 [DEBUG] [21692] [COMPS.Client] REQUEST -> GET https://comps.idmod.org/api/Simulations {'fields': 'Id,SimulationState', 'filters': 'ExperimentId=a7c53091-8db8-e911-a2c1-c4346bcb1555', 'count': 100000}
08/06 14:08:35 [DEBUG] [21692] [COMPS.Client] REQUEST -> GET https://comps.idmod.org/api/Simulations {'fields': 'Id,SimulationState', 'filters': 'ExperimentId=a7c53091-8db8-e911-a2c1-c4346bcb1555', 'count': 100000}
08/06 14:08:40 [DEBUG] [21692] [COMPS.Client] REQUEST -> GET https://comps.idmod.org/api/Simulations {'fields': 'Id,SimulationState', 'filters': 'ExperimentId=a7c53091-8db8-e911-a2c1-c4346bcb1555', 'count': 100000}
08/06 14:08:46 [DEBUG] [21692] [COMPS.Client] REQUEST -> GET https://comps.idmod.org/api/Simulations {'fields': 'Id,SimulationState', 'filters': 'ExperimentId=a7c53091-8db8-e911-a2c1-c4346bcb1555', 'count': 100000}
08/06 14:08:51 [DEBUG] [21692] [COMPS.Client] REQUEST -> GET https://comps.idmod.org/api/Simulations {'fields': 'Id,SimulationState', 'filters': 'ExperimentId=a7c53091-8db8-e911-a2c1-c4346bcb1555', 'count': 100000}
08/06 14:08:57 [DEBUG] [21692] [COMPS.Client] REQUEST -> GET https://comps.idmod.org/api/Simulations {'fields': 'Id,SimulationState', 'filters': 'ExperimentId=a7c53091-8db8-e911-a2c1-c4346bcb1555', 'count': 100000}
08/06 14:09:02 [DEBUG] [21692] [COMPS.Client] REQUEST -> GET https://comps.idmod.org/api/Simulations {'fields': 'Id,SimulationState', 'filters': 'ExperimentId=a7c53091-8db8-e911-a2c1-c4346bcb1555', 'count': 100000}
08/06 14:09:07 [DEBUG] [21692] [COMPS.Client] REQUEST -> GET https://comps.idmod.org/api/Simulations {'fields': 'Id,SimulationState', 'filters': 'ExperimentId=a7c53091-8db8-e911-a2c1-c4346bcb1555', 'count': 100000}
08/06 14:09:13 [DEBUG] [21692] [COMPS.Client] REQUEST -> GET https://comps.idmod.org/api/Simulations {'fields': 'Id,SimulationState', 'filters': 'ExperimentId=a7c53091-8db8-e911-a2c1-c4346bcb1555', 'count': 100000}
08/06 14:09:18 [DEBUG] [21692] [COMPS.Client] REQUEST -> GET https://comps.idmod.org/api/Simulations {'fields': 'Id,SimulationState', 'filters': 'ExperimentId=a7c53091-8db8-e911-a2c1-c4346bcb1555', 'count': 100000}
08/06 14:09:23 [DEBUG] [21692] [COMPS.Client] REQUEST -> GET https://comps.idmod.org/api/Simulations {'fields': 'Id,SimulationState', 'filters': 'ExperimentId=a7c53091-8db8-e911-a2c1-c4346bcb1555', 'count': 100000}
08/06 14:09:29 [DEBUG] [21692] [COMPS.Client] REQUEST -> GET https://comps.idmod.org/api/Simulations {'fields': 'Id,SimulationState', 'filters': 'ExperimentId=a7c53091-8db8-e911-a2c1-c4346bcb1555', 'count': 100000}
08/06 14:09:34 [DEBUG] [21692] [COMPS.Client] REQUEST -> GET https://comps.idmod.org/api/Simulations {'fields': 'Id,SimulationState', 'filters': 'ExperimentId=a7c53091-8db8-e911-a2c1-c4346bcb1555', 'count': 100000}
08/06 14:09:40 [DEBUG] [21692] [COMPS.Client] REQUEST -> GET https://comps.idmod.org/api/Simulations {'fields': 'Id,SimulationState', 'filters': 'ExperimentId=a7c53091-8db8-e911-a2c1-c4346bcb1555', 'count': 100000}
08/06 14:09:45 [DEBUG] [21692] [COMPS.Client] REQUEST -> GET https://comps.idmod.org/api/Simulations {'fields': 'Id,SimulationState', 'filters': 'ExperimentId=a7c53091-8db8-e911-a2c1-c4346bcb1555', 'count': 100000}
08/06 14:09:50 [DEBUG] [21692] [COMPS.Client] REQUEST -> GET https://comps.idmod.org/api/Simulations {'fields': 'Id,SimulationState', 'filters': 'ExperimentId=a7c53091-8db8-e911-a2c1-c4346bcb1555', 'count': 100000}
08/06 14:09:55 [DEBUG] [21692] [COMPS.Client] REQUEST -> GET https://comps.idmod.org/api/Simulations {'fields': 'Id,SimulationState', 'filters': 'ExperimentId=a7c53091-8db8-e911-a2c1-c4346bcb1555', 'count': 100000}
08/06 14:10:01 [DEBUG] [21692] [COMPS.Client] REQUEST -> GET https://comps.idmod.org/api/Simulations {'fields': 'Id,SimulationState', 'filters': 'ExperimentId=a7c53091-8db8-e911-a2c1-c4346bcb1555', 'count': 100000}
08/06 14:10:06 [DEBUG] [21692] [COMPS.Client] REQUEST -> GET https://comps.idmod.org/api/Simulations {'fields': 'Id,SimulationState', 'filters': 'ExperimentId=a7c53091-8db8-e911-a2c1-c4346bcb1555', 'count': 100000}
08/06 14:10:11 [DEBUG] [21692] [COMPS.Client] REQUEST -> GET https://comps.idmod.org/api/Simulations {'fields': 'Id,SimulationState', 'filters': 'ExperimentId=a7c53091-8db8-e911-a2c1-c4346bcb1555', 'count': 100000}
08/06 14:10:17 [DEBUG] [21692] [COMPS.Client] REQUEST -> GET https://comps.idmod.org/api/Simulations {'fields': 'Id,SimulationState', 'filters': 'ExperimentId=a7c53091-8db8-e911-a2c1-c4346bcb1555', 'count': 100000}
08/06 14:10:22 [DEBUG] [21692] [COMPS.Client] REQUEST -> GET https://comps.idmod.org/api/Simulations {'fields': 'Id,SimulationState', 'filters': 'ExperimentId=a7c53091-8db8-e911-a2c1-c4346bcb1555', 'count': 100000}
08/06 14:10:27 [DEBUG] [21692] [COMPS.Client] REQUEST -> GET https://comps.idmod.org/api/Simulations {'fields': 'Id,SimulationState', 'filters': 'ExperimentId=a7c53091-8db8-e911-a2c1-c4346bcb1555', 'count': 100000}
08/06 14:10:32 [DEBUG] [21692] [COMPS.Client] REQUEST -> GET https://comps.idmod.org/api/Simulations {'fields': 'Id,SimulationState', 'filters': 'ExperimentId=a7c53091-8db8-e911-a2c1-c4346bcb1555', 'count': 100000}
08/06 14:10:38 [DEBUG] [21692] [COMPS.Client] REQUEST -> GET https://comps.idmod.org/api/Simulations {'fields': 'Id,SimulationState', 'filters': 'ExperimentId=a7c53091-8db8-e911-a2c1-c4346bcb1555', 'count': 100000}
08/06 14:10:43 [DEBUG] [21692] [COMPS.Client] REQUEST -> GET https://comps.idmod.org/api/Simulations {'fields': 'Id,SimulationState', 'filters': 'ExperimentId=a7c53091-8db8-e911-a2c1-c4346bcb1555', 'count': 100000}
08/06 14:10:48 [DEBUG] [21692] [COMPS.Client] REQUEST -> GET https://comps.idmod.org/api/Simulations {'fields': 'Id,SimulationState', 'filters': 'ExperimentId=a7c53091-8db8-e911-a2c1-c4346bcb1555', 'count': 100000}
08/06 14:10:54 [DEBUG] [21692] [COMPS.Client] REQUEST -> GET https://comps.idmod.org/api/Simulations {'fields': 'Id,SimulationState', 'filters': 'ExperimentId=a7c53091-8db8-e911-a2c1-c4346bcb1555', 'count': 100000}
08/06 14:10:59 [DEBUG] [21692] [COMPS.Client] REQUEST -> GET https://comps.idmod.org/api/Simulations {'fields': 'Id,SimulationState', 'filters': 'ExperimentId=a7c53091-8db8-e911-a2c1-c4346bcb1555', 'count': 100000}
08/06 14:11:04 [DEBUG] [21692] [COMPS.Client] REQUEST -> GET https://comps.idmod.org/api/Simulations {'fields': 'Id,SimulationState', 'filters': 'ExperimentId=a7c53091-8db8-e911-a2c1-c4346bcb1555', 'count': 100000}
08/06 14:11:10 [DEBUG] [21692] [COMPS.Client] REQUEST -> GET https://comps.idmod.org/api/Simulations {'fields': 'Id,SimulationState', 'filters': 'ExperimentId=a7c53091-8db8-e911-a2c1-c4346bcb1555', 'count': 100000}
08/06 14:11:15 [DEBUG] [21692] [COMPS.Client] REQUEST -> GET https://comps.idmod.org/api/Simulations {'fields': 'Id,SimulationState', 'filters': 'ExperimentId=a7c53091-8db8-e911-a2c1-c4346bcb1555', 'count': 100000}
08/06 14:11:20 [DEBUG] [21692] [COMPS.Client] REQUEST -> GET https://comps.idmod.org/api/Simulations {'fields': 'Id,SimulationState', 'filters': 'ExperimentId=a7c53091-8db8-e911-a2c1-c4346bcb1555', 'count': 100000}
08/06 14:11:26 [DEBUG] [21692] [COMPS.Client] REQUEST -> GET https://comps.idmod.org/api/Simulations {'fields': 'Id,SimulationState', 'filters': 'ExperimentId=a7c53091-8db8-e911-a2c1-c4346bcb1555', 'count': 100000}
08/06 14:11:31 [DEBUG] [21692] [COMPS.Client] REQUEST -> GET https://comps.idmod.org/api/Simulations {'fields': 'Id,SimulationState', 'filters': 'ExperimentId=a7c53091-8db8-e911-a2c1-c4346bcb1555', 'count': 100000}
08/06 14:11:36 [DEBUG] [21692] [COMPS.Client] REQUEST -> GET https://comps.idmod.org/api/Simulations {'fields': 'Id,SimulationState', 'filters': 'ExperimentId=a7c53091-8db8-e911-a2c1-c4346bcb1555', 'count': 100000}
08/06 14:11:42 [DEBUG] [21692] [COMPS.Client] REQUEST -> GET https://comps.idmod.org/api/Simulations {'fields': 'Id,SimulationState', 'filters': 'ExperimentId=a7c53091-8db8-e911-a2c1-c4346bcb1555', 'count': 100000}
08/06 14:11:47 [DEBUG] [21692] [COMPS.Client] REQUEST -> GET https://comps.idmod.org/api/Simulations {'fields': 'Id,SimulationState', 'filters': 'ExperimentId=a7c53091-8db8-e911-a2c1-c4346bcb1555', 'count': 100000}
08/06 14:11:52 [DEBUG] [21692] [COMPS.Client] REQUEST -> GET https://comps.idmod.org/api/Simulations {'fields': 'Id,SimulationState', 'filters': 'ExperimentId=a7c53091-8db8-e911-a2c1-c4346bcb1555', 'count': 100000}
08/06 14:11:57 [DEBUG] [21692] [COMPS.Client] REQUEST -> GET https://comps.idmod.org/api/Simulations {'fields': 'Id,SimulationState', 'filters': 'ExperimentId=a7c53091-8db8-e911-a2c1-c4346bcb1555', 'count': 100000}
08/06 14:12:03 [DEBUG] [21692] [COMPS.Client] REQUEST -> GET https://comps.idmod.org/api/Simulations {'fields': 'Id,SimulationState', 'filters': 'ExperimentId=a7c53091-8db8-e911-a2c1-c4346bcb1555', 'count': 100000}
08/06 14:12:08 [DEBUG] [21692] [COMPS.Client] REQUEST -> GET https://comps.idmod.org/api/Simulations {'fields': 'Id,SimulationState', 'filters': 'ExperimentId=a7c53091-8db8-e911-a2c1-c4346bcb1555', 'count': 100000}
08/06 14:12:14 [DEBUG] [21692] [COMPS.Client] REQUEST -> GET https://comps.idmod.org/api/Simulations {'fields': 'Id,SimulationState', 'filters': 'ExperimentId=a7c53091-8db8-e911-a2c1-c4346bcb1555', 'count': 100000}
08/06 14:12:19 [DEBUG] [21692] [COMPS.Client] REQUEST -> GET https://comps.idmod.org/api/Simulations {'fields': 'Id,SimulationState', 'filters': 'ExperimentId=a7c53091-8db8-e911-a2c1-c4346bcb1555', 'count': 100000}
08/06 14:12:24 [DEBUG] [21692] [COMPS.Client] REQUEST -> GET https://comps.idmod.org/api/Simulations {'fields': 'Id,SimulationState', 'filters': 'ExperimentId=a7c53091-8db8-e911-a2c1-c4346bcb1555', 'count': 100000}
08/06 14:12:29 [DEBUG] [21692] [COMPS.Client] REQUEST -> GET https://comps.idmod.org/api/Simulations {'fields': 'Id,SimulationState', 'filters': 'ExperimentId=a7c53091-8db8-e911-a2c1-c4346bcb1555', 'count': 100000}
08/06 14:12:35 [DEBUG] [21692] [COMPS.Client] REQUEST -> GET https://comps.idmod.org/api/Simulations {'fields': 'Id,SimulationState', 'filters': 'ExperimentId=a7c53091-8db8-e911-a2c1-c4346bcb1555', 'count': 100000}
08/06 14:12:40 [DEBUG] [21692] [COMPS.Client] REQUEST -> GET https://comps.idmod.org/api/Simulations {'fields': 'Id,SimulationState', 'filters': 'ExperimentId=a7c53091-8db8-e911-a2c1-c4346bcb1555', 'count': 100000}
08/06 14:12:46 [DEBUG] [21692] [COMPS.Client] REQUEST -> GET https://comps.idmod.org/api/Simulations {'fields': 'Id,SimulationState', 'filters': 'ExperimentId=a7c53091-8db8-e911-a2c1-c4346bcb1555', 'count': 100000}
08/06 14:12:51 [DEBUG] [21692] [COMPS.Client] REQUEST -> GET https://comps.idmod.org/api/Simulations {'fields': 'Id,SimulationState', 'filters': 'ExperimentId=a7c53091-8db8-e911-a2c1-c4346bcb1555', 'count': 100000}
08/06 14:12:56 [DEBUG] [21692] [COMPS.Client] REQUEST -> GET https://comps.idmod.org/api/Simulations {'fields': 'Id,SimulationState', 'filters': 'ExperimentId=a7c53091-8db8-e911-a2c1-c4346bcb1555', 'count': 100000}
08/06 14:13:02 [DEBUG] [21692] [COMPS.Client] REQUEST -> GET https://comps.idmod.org/api/Simulations {'fields': 'Id,SimulationState', 'filters': 'ExperimentId=a7c53091-8db8-e911-a2c1-c4346bcb1555', 'count': 100000}
08/06 14:13:07 [DEBUG] [21692] [COMPS.Client] REQUEST -> GET https://comps.idmod.org/api/Simulations {'fields': 'Id,SimulationState', 'filters': 'ExperimentId=a7c53091-8db8-e911-a2c1-c4346bcb1555', 'count': 100000}
08/06 14:13:12 [DEBUG] [21692] [COMPS.Client] REQUEST -> GET https://comps.idmod.org/api/Simulations {'fields': 'Id,SimulationState', 'filters': 'ExperimentId=a7c53091-8db8-e911-a2c1-c4346bcb1555', 'count': 100000}
08/06 14:13:18 [DEBUG] [21692] [COMPS.Client] REQUEST -> GET https://comps.idmod.org/api/Simulations {'fields': 'Id,SimulationState', 'filters': 'ExperimentId=a7c53091-8db8-e911-a2c1-c4346bcb1555', 'count': 100000}
08/06 14:13:23 [DEBUG] [21692] [COMPS.Client] REQUEST -> GET https://comps.idmod.org/api/Simulations {'fields': 'Id,SimulationState', 'filters': 'ExperimentId=a7c53091-8db8-e911-a2c1-c4346bcb1555', 'count': 100000}
08/06 14:13:29 [DEBUG] [21692] [COMPS.Client] REQUEST -> GET https://comps.idmod.org/api/Simulations {'fields': 'Id,SimulationState', 'filters': 'ExperimentId=a7c53091-8db8-e911-a2c1-c4346bcb1555', 'count': 100000}
08/06 14:13:34 [DEBUG] [21692] [COMPS.Client] REQUEST -> GET https://comps.idmod.org/api/Simulations {'fields': 'Id,SimulationState', 'filters': 'ExperimentId=a7c53091-8db8-e911-a2c1-c4346bcb1555', 'count': 100000}
08/06 14:13:39 [DEBUG] [21692] [COMPS.Client] REQUEST -> GET https://comps.idmod.org/api/Simulations {'fields': 'Id,SimulationState', 'filters': 'ExperimentId=a7c53091-8db8-e911-a2c1-c4346bcb1555', 'count': 100000}
08/06 14:13:44 [DEBUG] [21692] [COMPS.Client] REQUEST -> GET https://comps.idmod.org/api/Simulations {'fields': 'Id,SimulationState', 'filters': 'ExperimentId=a7c53091-8db8-e911-a2c1-c4346bcb1555', 'count': 100000}
08/06 14:13:50 [DEBUG] [21692] [COMPS.Client] REQUEST -> GET https://comps.idmod.org/api/Simulations {'fields': 'Id,SimulationState', 'filters': 'ExperimentId=a7c53091-8db8-e911-a2c1-c4346bcb1555', 'count': 100000}
08/06 14:13:55 [DEBUG] [21692] [COMPS.Client] REQUEST -> GET https://comps.idmod.org/api/Simulations {'fields': 'Id,SimulationState', 'filters': 'ExperimentId=a7c53091-8db8-e911-a2c1-c4346bcb1555', 'count': 100000}
08/06 14:14:00 [DEBUG] [21692] [COMPS.Client] REQUEST -> GET https://comps.idmod.org/api/Simulations {'fields': 'Id,SimulationState', 'filters': 'ExperimentId=a7c53091-8db8-e911-a2c1-c4346bcb1555', 'count': 100000}
08/06 14:14:05 [DEBUG] [21692] [COMPS.Client] REQUEST -> GET https://comps.idmod.org/api/Simulations {'fields': 'Id,SimulationState', 'filters': 'ExperimentId=a7c53091-8db8-e911-a2c1-c4346bcb1555', 'count': 100000}
08/06 14:14:11 [DEBUG] [21692] [COMPS.Client] REQUEST -> GET https://comps.idmod.org/api/Simulations {'fields': 'Id,SimulationState', 'filters': 'ExperimentId=a7c53091-8db8-e911-a2c1-c4346bcb1555', 'count': 100000}
08/06 14:14:16 [DEBUG] [21692] [COMPS.Client] REQUEST -> GET https://comps.idmod.org/api/Simulations {'fields': 'Id,SimulationState', 'filters': 'ExperimentId=a7c53091-8db8-e911-a2c1-c4346bcb1555', 'count': 100000}
08/06 14:14:22 [DEBUG] [21692] [COMPS.Client] REQUEST -> GET https://comps.idmod.org/api/Simulations {'fields': 'Id,SimulationState', 'filters': 'ExperimentId=a7c53091-8db8-e911-a2c1-c4346bcb1555', 'count': 100000}
08/06 14:14:27 [DEBUG] [21692] [COMPS.Client] REQUEST -> GET https://comps.idmod.org/api/Simulations {'fields': 'Id,SimulationState', 'filters': 'ExperimentId=a7c53091-8db8-e911-a2c1-c4346bcb1555', 'count': 100000}
08/06 14:14:32 [DEBUG] [21692] [COMPS.Client] REQUEST -> GET https://comps.idmod.org/api/Simulations {'fields': 'Id,SimulationState', 'filters': 'ExperimentId=a7c53091-8db8-e911-a2c1-c4346bcb1555', 'count': 100000}
08/06 14:14:38 [DEBUG] [21692] [COMPS.Client] REQUEST -> GET https://comps.idmod.org/api/Simulations {'fields': 'Id,SimulationState', 'filters': 'ExperimentId=a7c53091-8db8-e911-a2c1-c4346bcb1555', 'count': 100000}
08/06 14:14:43 [DEBUG] [21692] [COMPS.Client] REQUEST -> GET https://comps.idmod.org/api/Simulations {'fields': 'Id,SimulationState', 'filters': 'ExperimentId=a7c53091-8db8-e911-a2c1-c4346bcb1555', 'count': 100000}
08/06 14:14:48 [DEBUG] [21692] [COMPS.Client] REQUEST -> GET https://comps.idmod.org/api/Simulations {'fields': 'Id,SimulationState', 'filters': 'ExperimentId=a7c53091-8db8-e911-a2c1-c4346bcb1555', 'count': 100000}
08/06 14:14:54 [DEBUG] [21692] [COMPS.Client] REQUEST -> GET https://comps.idmod.org/api/Simulations {'fields': 'Id,SimulationState', 'filters': 'ExperimentId=a7c53091-8db8-e911-a2c1-c4346bcb1555', 'count': 100000}
08/06 14:14:59 [DEBUG] [21692] [COMPS.Client] REQUEST -> GET https://comps.idmod.org/api/Simulations {'fields': 'Id,SimulationState', 'filters': 'ExperimentId=a7c53091-8db8-e911-a2c1-c4346bcb1555', 'count': 100000}
08/06 14:15:04 [DEBUG] [21692] [COMPS.Client] REQUEST -> GET https://comps.idmod.org/api/Simulations {'fields': 'Id,SimulationState', 'filters': 'ExperimentId=a7c53091-8db8-e911-a2c1-c4346bcb1555', 'count': 100000}
08/06 14:15:10 [DEBUG] [21692] [COMPS.Client] REQUEST -> GET https://comps.idmod.org/api/Simulations {'fields': 'Id,SimulationState', 'filters': 'ExperimentId=a7c53091-8db8-e911-a2c1-c4346bcb1555', 'count': 100000}
08/06 14:15:15 [DEBUG] [21692] [COMPS.Client] REQUEST -> GET https://comps.idmod.org/api/Simulations {'fields': 'Id,SimulationState', 'filters': 'ExperimentId=a7c53091-8db8-e911-a2c1-c4346bcb1555', 'count': 100000}
08/06 14:15:20 [DEBUG] [21692] [COMPS.Client] REQUEST -> GET https://comps.idmod.org/api/Simulations {'fields': 'Id,SimulationState', 'filters': 'ExperimentId=a7c53091-8db8-e911-a2c1-c4346bcb1555', 'count': 100000}
08/06 14:15:26 [DEBUG] [21692] [COMPS.Client] REQUEST -> GET https://comps.idmod.org/api/Simulations {'fields': 'Id,SimulationState', 'filters': 'ExperimentId=a7c53091-8db8-e911-a2c1-c4346bcb1555', 'count': 100000}
08/06 14:15:31 [DEBUG] [21692] [COMPS.Client] REQUEST -> GET https://comps.idmod.org/api/Simulations {'fields': 'Id,SimulationState', 'filters': 'ExperimentId=a7c53091-8db8-e911-a2c1-c4346bcb1555', 'count': 100000}
08/06 14:15:36 [DEBUG] [21692] [COMPS.Client] REQUEST -> GET https://comps.idmod.org/api/Simulations {'fields': 'Id,SimulationState', 'filters': 'ExperimentId=a7c53091-8db8-e911-a2c1-c4346bcb1555', 'count': 100000}
08/06 14:15:42 [DEBUG] [21692] [COMPS.Client] REQUEST -> GET https://comps.idmod.org/api/Simulations {'fields': 'Id,SimulationState', 'filters': 'ExperimentId=a7c53091-8db8-e911-a2c1-c4346bcb1555', 'count': 100000}
08/06 14:15:47 [DEBUG] [21692] [COMPS.Client] REQUEST -> GET https://comps.idmod.org/api/Simulations {'fields': 'Id,SimulationState', 'filters': 'ExperimentId=a7c53091-8db8-e911-a2c1-c4346bcb1555', 'count': 100000}
08/06 14:15:52 [DEBUG] [21692] [COMPS.Client] REQUEST -> GET https://comps.idmod.org/api/Simulations {'fields': 'Id,SimulationState', 'filters': 'ExperimentId=a7c53091-8db8-e911-a2c1-c4346bcb1555', 'count': 100000}
08/06 14:15:58 [DEBUG] [21692] [COMPS.Client] REQUEST -> GET https://comps.idmod.org/api/Simulations {'fields': 'Id,SimulationState', 'filters': 'ExperimentId=a7c53091-8db8-e911-a2c1-c4346bcb1555', 'count': 100000}
08/06 14:16:03 [DEBUG] [21692] [COMPS.Client] REQUEST -> GET https://comps.idmod.org/api/Simulations {'fields': 'Id,SimulationState', 'filters': 'ExperimentId=a7c53091-8db8-e911-a2c1-c4346bcb1555', 'count': 100000}
08/06 14:16:08 [DEBUG] [21692] [COMPS.Client] REQUEST -> GET https://comps.idmod.org/api/Simulations {'fields': 'Id,SimulationState', 'filters': 'ExperimentId=a7c53091-8db8-e911-a2c1-c4346bcb1555', 'count': 100000}
08/06 14:16:14 [DEBUG] [21692] [COMPS.Client] REQUEST -> GET https://comps.idmod.org/api/Simulations {'fields': 'Id,SimulationState', 'filters': 'ExperimentId=a7c53091-8db8-e911-a2c1-c4346bcb1555', 'count': 100000}
08/06 14:16:19 [DEBUG] [21692] [COMPS.Client] REQUEST -> GET https://comps.idmod.org/api/Simulations {'fields': 'Id,SimulationState', 'filters': 'ExperimentId=a7c53091-8db8-e911-a2c1-c4346bcb1555', 'count': 100000}
08/06 14:16:25 [DEBUG] [21692] [COMPS.Client] REQUEST -> GET https://comps.idmod.org/api/Simulations {'fields': 'Id,SimulationState', 'filters': 'ExperimentId=a7c53091-8db8-e911-a2c1-c4346bcb1555', 'count': 100000}
08/06 14:16:30 [DEBUG] [21692] [COMPS.Client] REQUEST -> GET https://comps.idmod.org/api/Simulations {'fields': 'Id,SimulationState', 'filters': 'ExperimentId=a7c53091-8db8-e911-a2c1-c4346bcb1555', 'count': 100000}
08/06 14:16:35 [DEBUG] [21692] [COMPS.Client] REQUEST -> GET https://comps.idmod.org/api/Simulations {'fields': 'Id,SimulationState', 'filters': 'ExperimentId=a7c53091-8db8-e911-a2c1-c4346bcb1555', 'count': 100000}
08/06 14:16:41 [DEBUG] [21692] [COMPS.Client] REQUEST -> GET https://comps.idmod.org/api/Simulations {'fields': 'Id,SimulationState', 'filters': 'ExperimentId=a7c53091-8db8-e911-a2c1-c4346bcb1555', 'count': 100000}
08/06 14:16:46 [DEBUG] [21692] [COMPS.Client] REQUEST -> GET https://comps.idmod.org/api/Simulations {'fields': 'Id,SimulationState', 'filters': 'ExperimentId=a7c53091-8db8-e911-a2c1-c4346bcb1555', 'count': 100000}
08/06 14:16:51 [DEBUG] [21692] [COMPS.Client] REQUEST -> GET https://comps.idmod.org/api/Simulations {'fields': 'Id,SimulationState', 'filters': 'ExperimentId=a7c53091-8db8-e911-a2c1-c4346bcb1555', 'count': 100000}
08/06 14:16:57 [DEBUG] [21692] [COMPS.Client] REQUEST -> GET https://comps.idmod.org/api/Simulations {'fields': 'Id,SimulationState', 'filters': 'ExperimentId=a7c53091-8db8-e911-a2c1-c4346bcb1555', 'count': 100000}
08/06 14:17:02 [DEBUG] [21692] [COMPS.Client] REQUEST -> GET https://comps.idmod.org/api/Simulations {'fields': 'Id,SimulationState', 'filters': 'ExperimentId=a7c53091-8db8-e911-a2c1-c4346bcb1555', 'count': 100000}
08/06 14:17:07 [DEBUG] [21692] [COMPS.Client] REQUEST -> GET https://comps.idmod.org/api/Simulations {'fields': 'Id,SimulationState', 'filters': 'ExperimentId=a7c53091-8db8-e911-a2c1-c4346bcb1555', 'count': 100000}
08/06 14:17:13 [DEBUG] [21692] [COMPS.Client] REQUEST -> GET https://comps.idmod.org/api/Simulations {'fields': 'Id,SimulationState', 'filters': 'ExperimentId=a7c53091-8db8-e911-a2c1-c4346bcb1555', 'count': 100000}
08/06 14:17:18 [DEBUG] [21692] [COMPS.Client] REQUEST -> GET https://comps.idmod.org/api/Simulations {'fields': 'Id,SimulationState', 'filters': 'ExperimentId=a7c53091-8db8-e911-a2c1-c4346bcb1555', 'count': 100000}
08/06 14:17:23 [DEBUG] [21692] [COMPS.Client] REQUEST -> GET https://comps.idmod.org/api/Simulations {'fields': 'Id,SimulationState', 'filters': 'ExperimentId=a7c53091-8db8-e911-a2c1-c4346bcb1555', 'count': 100000}
08/06 14:17:28 [DEBUG] [21692] [COMPS.Client] REQUEST -> GET https://comps.idmod.org/api/Simulations {'fields': 'Id,SimulationState', 'filters': 'ExperimentId=a7c53091-8db8-e911-a2c1-c4346bcb1555', 'count': 100000}
08/06 14:17:34 [DEBUG] [21692] [COMPS.Client] REQUEST -> GET https://comps.idmod.org/api/Simulations {'fields': 'Id,SimulationState', 'filters': 'ExperimentId=a7c53091-8db8-e911-a2c1-c4346bcb1555', 'count': 100000}
08/06 14:17:39 [DEBUG] [21692] [COMPS.Client] REQUEST -> GET https://comps.idmod.org/api/Simulations {'fields': 'Id,SimulationState', 'filters': 'ExperimentId=a7c53091-8db8-e911-a2c1-c4346bcb1555', 'count': 100000}
08/06 14:17:44 [DEBUG] [21692] [COMPS.Client] REQUEST -> GET https://comps.idmod.org/api/Simulations {'fields': 'Id,SimulationState', 'filters': 'ExperimentId=a7c53091-8db8-e911-a2c1-c4346bcb1555', 'count': 100000}
08/06 14:17:50 [DEBUG] [21692] [COMPS.Client] REQUEST -> GET https://comps.idmod.org/api/Simulations {'fields': 'Id,SimulationState', 'filters': 'ExperimentId=a7c53091-8db8-e911-a2c1-c4346bcb1555', 'count': 100000}
08/06 14:17:55 [DEBUG] [21692] [COMPS.Client] REQUEST -> GET https://comps.idmod.org/api/Simulations {'fields': 'Id,SimulationState', 'filters': 'ExperimentId=a7c53091-8db8-e911-a2c1-c4346bcb1555', 'count': 100000}
08/06 14:18:00 [DEBUG] [21692] [COMPS.Client] REQUEST -> GET https://comps.idmod.org/api/Simulations {'fields': 'Id,SimulationState', 'filters': 'ExperimentId=a7c53091-8db8-e911-a2c1-c4346bcb1555', 'count': 100000}
08/06 14:18:06 [DEBUG] [21692] [COMPS.Client] REQUEST -> GET https://comps.idmod.org/api/Simulations {'fields': 'Id,SimulationState', 'filters': 'ExperimentId=a7c53091-8db8-e911-a2c1-c4346bcb1555', 'count': 100000}
08/06 14:18:11 [DEBUG] [21692] [COMPS.Client] REQUEST -> GET https://comps.idmod.org/api/Simulations {'fields': 'Id,SimulationState', 'filters': 'ExperimentId=a7c53091-8db8-e911-a2c1-c4346bcb1555', 'count': 100000}
08/06 14:18:16 [DEBUG] [21692] [COMPS.Client] REQUEST -> GET https://comps.idmod.org/api/Simulations {'fields': 'Id,SimulationState', 'filters': 'ExperimentId=a7c53091-8db8-e911-a2c1-c4346bcb1555', 'count': 100000}
08/06 14:18:22 [DEBUG] [21692] [COMPS.Client] REQUEST -> GET https://comps.idmod.org/api/Simulations {'fields': 'Id,SimulationState', 'filters': 'ExperimentId=a7c53091-8db8-e911-a2c1-c4346bcb1555', 'count': 100000}
08/06 14:18:27 [DEBUG] [21692] [COMPS.Client] REQUEST -> GET https://comps.idmod.org/api/Simulations {'fields': 'Id,SimulationState', 'filters': 'ExperimentId=a7c53091-8db8-e911-a2c1-c4346bcb1555', 'count': 100000}
08/06 14:18:32 [DEBUG] [21692] [COMPS.Client] REQUEST -> GET https://comps.idmod.org/api/Simulations {'fields': 'Id,SimulationState', 'filters': 'ExperimentId=a7c53091-8db8-e911-a2c1-c4346bcb1555', 'count': 100000}
08/06 14:18:37 [DEBUG] [21692] [COMPS.Client] REQUEST -> GET https://comps.idmod.org/api/Simulations {'fields': 'Id,SimulationState', 'filters': 'ExperimentId=a7c53091-8db8-e911-a2c1-c4346bcb1555', 'count': 100000}
08/06 14:18:43 [DEBUG] [21692] [COMPS.Client] REQUEST -> GET https://comps.idmod.org/api/Simulations {'fields': 'Id,SimulationState', 'filters': 'ExperimentId=a7c53091-8db8-e911-a2c1-c4346bcb1555', 'count': 100000}
08/06 14:18:48 [DEBUG] [21692] [COMPS.Client] REQUEST -> GET https://comps.idmod.org/api/Simulations {'fields': 'Id,SimulationState', 'filters': 'ExperimentId=a7c53091-8db8-e911-a2c1-c4346bcb1555', 'count': 100000}
08/06 14:18:53 [DEBUG] [21692] [COMPS.Client] REQUEST -> GET https://comps.idmod.org/api/Simulations {'fields': 'Id,SimulationState', 'filters': 'ExperimentId=a7c53091-8db8-e911-a2c1-c4346bcb1555', 'count': 100000}
08/06 14:18:59 [DEBUG] [21692] [COMPS.Client] REQUEST -> GET https://comps.idmod.org/api/Simulations {'fields': 'Id,SimulationState', 'filters': 'ExperimentId=a7c53091-8db8-e911-a2c1-c4346bcb1555', 'count': 100000}
08/06 14:19:04 [DEBUG] [21692] [COMPS.Client] REQUEST -> GET https://comps.idmod.org/api/Simulations {'fields': 'Id,SimulationState', 'filters': 'ExperimentId=a7c53091-8db8-e911-a2c1-c4346bcb1555', 'count': 100000}
08/06 14:19:09 [DEBUG] [21692] [COMPS.Client] REQUEST -> GET https://comps.idmod.org/api/Simulations {'fields': 'Id,SimulationState', 'filters': 'ExperimentId=a7c53091-8db8-e911-a2c1-c4346bcb1555', 'count': 100000}
08/06 14:19:15 [DEBUG] [21692] [COMPS.Client] REQUEST -> GET https://comps.idmod.org/api/Simulations {'fields': 'Id,SimulationState', 'filters': 'ExperimentId=a7c53091-8db8-e911-a2c1-c4346bcb1555', 'count': 100000}
08/06 14:19:20 [DEBUG] [21692] [COMPS.Client] REQUEST -> GET https://comps.idmod.org/api/Simulations {'fields': 'Id,SimulationState', 'filters': 'ExperimentId=a7c53091-8db8-e911-a2c1-c4346bcb1555', 'count': 100000}
08/06 14:19:26 [DEBUG] [21692] [COMPS.Client] REQUEST -> GET https://comps.idmod.org/api/Simulations {'fields': 'Id,SimulationState', 'filters': 'ExperimentId=a7c53091-8db8-e911-a2c1-c4346bcb1555', 'count': 100000}
08/06 14:19:31 [DEBUG] [21692] [COMPS.Client] REQUEST -> GET https://comps.idmod.org/api/Simulations {'fields': 'Id,SimulationState', 'filters': 'ExperimentId=a7c53091-8db8-e911-a2c1-c4346bcb1555', 'count': 100000}
08/06 14:19:37 [DEBUG] [21692] [COMPS.Client] REQUEST -> GET https://comps.idmod.org/api/Simulations {'fields': 'Id,SimulationState', 'filters': 'ExperimentId=a7c53091-8db8-e911-a2c1-c4346bcb1555', 'count': 100000}
08/06 14:19:42 [DEBUG] [21692] [COMPS.Client] REQUEST -> GET https://comps.idmod.org/api/Simulations {'fields': 'Id,SimulationState', 'filters': 'ExperimentId=a7c53091-8db8-e911-a2c1-c4346bcb1555', 'count': 100000}
08/06 14:19:47 [DEBUG] [21692] [COMPS.Client] REQUEST -> GET https://comps.idmod.org/api/Simulations {'fields': 'Id,SimulationState', 'filters': 'ExperimentId=a7c53091-8db8-e911-a2c1-c4346bcb1555', 'count': 100000}
08/06 14:19:52 [DEBUG] [21692] [COMPS.Client] REQUEST -> GET https://comps.idmod.org/api/Simulations {'fields': 'Id,SimulationState', 'filters': 'ExperimentId=a7c53091-8db8-e911-a2c1-c4346bcb1555', 'count': 100000}
08/06 14:19:58 [DEBUG] [21692] [COMPS.Client] REQUEST -> GET https://comps.idmod.org/api/Simulations {'fields': 'Id,SimulationState', 'filters': 'ExperimentId=a7c53091-8db8-e911-a2c1-c4346bcb1555', 'count': 100000}
08/06 14:20:03 [DEBUG] [21692] [COMPS.Client] REQUEST -> GET https://comps.idmod.org/api/Simulations {'fields': 'Id,SimulationState', 'filters': 'ExperimentId=a7c53091-8db8-e911-a2c1-c4346bcb1555', 'count': 100000}
08/06 14:20:08 [DEBUG] [21692] [COMPS.Client] REQUEST -> GET https://comps.idmod.org/api/Simulations {'fields': 'Id,SimulationState', 'filters': 'ExperimentId=a7c53091-8db8-e911-a2c1-c4346bcb1555', 'count': 100000}
08/06 14:20:14 [DEBUG] [21692] [COMPS.Client] REQUEST -> GET https://comps.idmod.org/api/Simulations {'fields': 'Id,SimulationState', 'filters': 'ExperimentId=a7c53091-8db8-e911-a2c1-c4346bcb1555', 'count': 100000}
08/06 14:20:19 [DEBUG] [21692] [COMPS.Client] REQUEST -> GET https://comps.idmod.org/api/Simulations {'fields': 'Id,SimulationState', 'filters': 'ExperimentId=a7c53091-8db8-e911-a2c1-c4346bcb1555', 'count': 100000}
08/06 14:20:24 [DEBUG] [21692] [COMPS.Client] REQUEST -> GET https://comps.idmod.org/api/Simulations {'fields': 'Id,SimulationState', 'filters': 'ExperimentId=a7c53091-8db8-e911-a2c1-c4346bcb1555', 'count': 100000}
08/06 14:20:30 [DEBUG] [21692] [COMPS.Client] REQUEST -> GET https://comps.idmod.org/api/Simulations {'fields': 'Id,SimulationState', 'filters': 'ExperimentId=a7c53091-8db8-e911-a2c1-c4346bcb1555', 'count': 100000}
08/06 14:20:35 [DEBUG] [21692] [COMPS.Client] REQUEST -> GET https://comps.idmod.org/api/Simulations {'fields': 'Id,SimulationState', 'filters': 'ExperimentId=a7c53091-8db8-e911-a2c1-c4346bcb1555', 'count': 100000}
08/06 14:20:40 [DEBUG] [21692] [COMPS.Client] REQUEST -> GET https://comps.idmod.org/api/Simulations {'fields': 'Id,SimulationState', 'filters': 'ExperimentId=a7c53091-8db8-e911-a2c1-c4346bcb1555', 'count': 100000}
08/06 14:20:46 [DEBUG] [21692] [COMPS.Client] REQUEST -> GET https://comps.idmod.org/api/Simulations {'fields': 'Id,SimulationState', 'filters': 'ExperimentId=a7c53091-8db8-e911-a2c1-c4346bcb1555', 'count': 100000}
08/06 14:20:51 [DEBUG] [21692] [COMPS.Client] REQUEST -> GET https://comps.idmod.org/api/Simulations {'fields': 'Id,SimulationState', 'filters': 'ExperimentId=a7c53091-8db8-e911-a2c1-c4346bcb1555', 'count': 100000}
08/06 14:20:56 [DEBUG] [21692] [COMPS.Client] REQUEST -> GET https://comps.idmod.org/api/Simulations {'fields': 'Id,SimulationState', 'filters': 'ExperimentId=a7c53091-8db8-e911-a2c1-c4346bcb1555', 'count': 100000}
08/06 14:21:01 [DEBUG] [21692] [COMPS.Client] REQUEST -> GET https://comps.idmod.org/api/Simulations {'fields': 'Id,SimulationState', 'filters': 'ExperimentId=a7c53091-8db8-e911-a2c1-c4346bcb1555', 'count': 100000}
08/06 14:21:07 [DEBUG] [21692] [COMPS.Client] REQUEST -> GET https://comps.idmod.org/api/Simulations {'fields': 'Id,SimulationState', 'filters': 'ExperimentId=a7c53091-8db8-e911-a2c1-c4346bcb1555', 'count': 100000}
08/06 14:21:12 [DEBUG] [21692] [COMPS.Client] REQUEST -> GET https://comps.idmod.org/api/Simulations {'fields': 'Id,SimulationState', 'filters': 'ExperimentId=a7c53091-8db8-e911-a2c1-c4346bcb1555', 'count': 100000}
08/06 14:21:17 [DEBUG] [21692] [COMPS.Client] REQUEST -> GET https://comps.idmod.org/api/Simulations {'fields': 'Id,SimulationState', 'filters': 'ExperimentId=a7c53091-8db8-e911-a2c1-c4346bcb1555', 'count': 100000}
08/06 14:21:23 [DEBUG] [21692] [COMPS.Client] REQUEST -> GET https://comps.idmod.org/api/Simulations {'fields': 'Id,SimulationState', 'filters': 'ExperimentId=a7c53091-8db8-e911-a2c1-c4346bcb1555', 'count': 100000}
08/06 14:21:28 [DEBUG] [21692] [COMPS.Client] REQUEST -> GET https://comps.idmod.org/api/Simulations {'fields': 'Id,SimulationState', 'filters': 'ExperimentId=a7c53091-8db8-e911-a2c1-c4346bcb1555', 'count': 100000}
08/06 14:21:34 [DEBUG] [21692] [COMPS.Client] REQUEST -> GET https://comps.idmod.org/api/Simulations {'fields': 'Id,SimulationState', 'filters': 'ExperimentId=a7c53091-8db8-e911-a2c1-c4346bcb1555', 'count': 100000}
08/06 14:21:39 [DEBUG] [21692] [COMPS.Client] REQUEST -> GET https://comps.idmod.org/api/Simulations {'fields': 'Id,SimulationState', 'filters': 'ExperimentId=a7c53091-8db8-e911-a2c1-c4346bcb1555', 'count': 100000}
08/06 14:21:44 [DEBUG] [21692] [COMPS.Client] REQUEST -> GET https://comps.idmod.org/api/Simulations {'fields': 'Id,SimulationState', 'filters': 'ExperimentId=a7c53091-8db8-e911-a2c1-c4346bcb1555', 'count': 100000}
08/06 14:21:49 [DEBUG] [21692] [COMPS.Client] REQUEST -> GET https://comps.idmod.org/api/Simulations {'fields': 'Id,SimulationState', 'filters': 'ExperimentId=a7c53091-8db8-e911-a2c1-c4346bcb1555', 'count': 100000}
08/06 14:21:55 [DEBUG] [21692] [COMPS.Client] REQUEST -> GET https://comps.idmod.org/api/Simulations {'fields': 'Id,SimulationState', 'filters': 'ExperimentId=a7c53091-8db8-e911-a2c1-c4346bcb1555', 'count': 100000}
08/06 14:22:00 [DEBUG] [21692] [COMPS.Client] REQUEST -> GET https://comps.idmod.org/api/Simulations {'fields': 'Id,SimulationState', 'filters': 'ExperimentId=a7c53091-8db8-e911-a2c1-c4346bcb1555', 'count': 100000}
08/06 14:22:05 [DEBUG] [21692] [COMPS.Client] REQUEST -> GET https://comps.idmod.org/api/Simulations {'fields': 'Id,SimulationState', 'filters': 'ExperimentId=a7c53091-8db8-e911-a2c1-c4346bcb1555', 'count': 100000}
08/06 14:22:11 [DEBUG] [21692] [COMPS.Client] REQUEST -> GET https://comps.idmod.org/api/Simulations {'fields': 'Id,SimulationState', 'filters': 'ExperimentId=a7c53091-8db8-e911-a2c1-c4346bcb1555', 'count': 100000}
