01/22 15:48:18 [DEBUG] [25292] [COMPS.Data.SerializableEntity] OutputFileMetadata --> {'Id': '_internal_id', 'Length': 'length', 'FriendlyName': 'friendly_name', 'PathFromRoot': 'path_from_root', 'Url': 'url', 'MimeType': 'mime_type'}
01/22 15:48:18 [DEBUG] [25292] [COMPS.Data.SerializableEntity] AssetFile --> {'FileName': 'file_name', 'MD5Checksum': 'md5_checksum', 'Length': 'length', 'Uri': 'uri'}
01/22 15:48:18 [DEBUG] [25292] [COMPS.Data.SerializableEntity] AssetCollectionFile --> {'RelativePath': 'relative_path', 'Tags': 'tags', 'FileName': 'file_name', 'MD5Checksum': 'md5_checksum', 'Length': 'length', 'Uri': 'uri'}
01/22 15:48:18 [DEBUG] [25292] [COMPS.Data.SerializableEntity] AssetCollection --> {'Id': 'id', 'DateCreated': 'date_created', 'Tags': 'tags', 'Assets': 'assets'}
01/22 15:48:18 [DEBUG] [25292] [COMPS.Data.SerializableEntity] Configuration --> {'EnvironmentName': 'environment_name', 'SimulationInputArgs': 'simulation_input_args', 'WorkingDirectoryRoot': 'working_directory_root', 'ExecutablePath': 'executable_path', 'NodeGroupName': 'node_group_name', 'MaximumNumberOfRetries': 'maximum_number_of_retries', 'Priority': 'priority', 'MinCores': 'min_cores', 'MaxCores': 'max_cores', 'Exclusive': 'exclusive', 'AssetCollectionId': 'asset_collection_id'}
01/22 15:48:18 [DEBUG] [25292] [COMPS.Data.SerializableEntity] SimulationFile --> {'FileType': 'file_type', 'Description': 'description', 'FileName': 'file_name', 'MD5Checksum': 'md5_checksum', 'Length': 'length', 'Uri': 'uri'}
01/22 15:48:18 [DEBUG] [25292] [COMPS.Data.SerializableEntity] WorkItemFile --> {'FileType': 'file_type', 'Description': 'description', 'FileName': 'file_name', 'MD5Checksum': 'md5_checksum', 'Length': 'length', 'Uri': 'uri'}
01/22 15:48:18 [DEBUG] [25292] [COMPS.Data.SerializableEntity] HpcJob --> {'Id': '_internal_id', 'JobId': 'job_id', 'JobState': 'job_state', 'Priority': 'priority', 'WorkingDirectory': 'working_directory', 'OutputDirectorySize': 'output_directory_size', 'SubmitTime': 'submit_time', 'StartTime': 'start_time', 'EndTime': 'end_time', 'ErrorMessage': 'error_message', 'Configuration': 'configuration'}
01/22 15:48:18 [DEBUG] [25292] [COMPS.Data.SerializableEntity] Simulation --> {'Id': 'id', 'ExperimentId': 'experiment_id', 'Name': 'name', 'Description': 'description', 'Owner': 'owner', 'DateCreated': 'date_created', 'LastModified': 'last_modified', 'SimulationState': 'state', 'ErrorMessage': 'error_message', 'Tags': 'tags', 'Configuration': 'configuration', 'Files': 'files', 'HPCJobs': 'hpc_jobs'}
01/22 15:48:18 [DEBUG] [25292] [COMPS.Data.SerializableEntity] Experiment --> {'Id': 'id', 'SuiteId': 'suite_id', 'Name': 'name', 'Description': 'description', 'Owner': 'owner', 'DateCreated': 'date_created', 'LastModified': 'last_modified', 'Tags': 'tags', 'Configuration': 'configuration'}
01/22 15:48:18 [DEBUG] [25292] [COMPS.Data.SerializableEntity] Suite --> {'Id': 'id', 'Name': 'name', 'Description': 'description', 'Owner': 'owner', 'DateCreated': 'date_created', 'LastModified': 'last_modified', 'Tags': 'tags', 'Configuration': 'configuration'}
01/22 15:48:18 [DEBUG] [25292] [COMPS.Data.SerializableEntity] WorkItem --> {'Id': 'id', 'Name': 'name', 'Worker': 'worker', 'EnvironmentName': 'environment_name', 'Description': 'description', 'Owner': 'owner', 'DateCreated': 'date_created', 'LastModified': 'last_modified', 'State': 'state', 'ErrorMessage': 'error_message', 'HostName': 'host_name', 'WorkerInstanceId': 'worker_instance_id', 'WorkItemPriority': 'priority', 'WorkingDirectory': 'working_directory', 'WorkingDirectorySize': 'working_directory_size', 'AssetCollectionId': 'asset_collection_id', 'Tags': 'tags', 'Files': 'files', 'Plugins': 'plugins'}
01/22 15:48:18 [DEBUG] [25292] [COMPS.Client] Parsed login host: ('https', 'comps.idmod.org', None)
01/22 15:48:18 [DEBUG] [25292] [COMPS.Client] REQUEST -> GET https://comps.idmod.org/api/Simulations {'fields': 'Id', 'filters': 'SimulationState=0,ExperimentId=f814758f-713d-ea11-a2c3-c4346bcb1551', 'count': 100000}
01/22 15:48:20 [DEBUG] [25292] [COMPS.Client] REQUEST -> GET https://comps.idmod.org/api/Simulations {'fields': 'Id,SimulationState', 'filters': 'ExperimentId=f814758f-713d-ea11-a2c3-c4346bcb1551', 'count': 100000}
01/22 15:48:25 [DEBUG] [25292] [COMPS.Client] REQUEST -> GET https://comps.idmod.org/api/Simulations {'fields': 'Id,SimulationState', 'filters': 'ExperimentId=f814758f-713d-ea11-a2c3-c4346bcb1551', 'count': 100000}
01/22 15:48:30 [DEBUG] [25292] [COMPS.Client] REQUEST -> GET https://comps.idmod.org/api/Simulations {'fields': 'Id,SimulationState', 'filters': 'ExperimentId=f814758f-713d-ea11-a2c3-c4346bcb1551', 'count': 100000}
01/22 15:48:35 [DEBUG] [25292] [COMPS.Client] REQUEST -> GET https://comps.idmod.org/api/Simulations {'fields': 'Id,SimulationState', 'filters': 'ExperimentId=f814758f-713d-ea11-a2c3-c4346bcb1551', 'count': 100000}
01/22 15:48:40 [DEBUG] [25292] [COMPS.Client] REQUEST -> GET https://comps.idmod.org/api/Simulations {'fields': 'Id,SimulationState', 'filters': 'ExperimentId=f814758f-713d-ea11-a2c3-c4346bcb1551', 'count': 100000}
01/22 15:48:46 [DEBUG] [25292] [COMPS.Client] REQUEST -> GET https://comps.idmod.org/api/Simulations {'fields': 'Id,SimulationState', 'filters': 'ExperimentId=f814758f-713d-ea11-a2c3-c4346bcb1551', 'count': 100000}
01/22 15:48:51 [DEBUG] [25292] [COMPS.Client] REQUEST -> GET https://comps.idmod.org/api/Simulations {'fields': 'Id,SimulationState', 'filters': 'ExperimentId=f814758f-713d-ea11-a2c3-c4346bcb1551', 'count': 100000}
01/22 15:48:56 [DEBUG] [25292] [COMPS.Client] REQUEST -> GET https://comps.idmod.org/api/Simulations {'fields': 'Id,SimulationState', 'filters': 'ExperimentId=f814758f-713d-ea11-a2c3-c4346bcb1551', 'count': 100000}
01/22 15:49:01 [DEBUG] [25292] [COMPS.Client] REQUEST -> GET https://comps.idmod.org/api/Simulations {'fields': 'Id,SimulationState', 'filters': 'ExperimentId=f814758f-713d-ea11-a2c3-c4346bcb1551', 'count': 100000}
01/22 15:49:07 [DEBUG] [25292] [COMPS.Client] REQUEST -> GET https://comps.idmod.org/api/Simulations {'fields': 'Id,SimulationState', 'filters': 'ExperimentId=f814758f-713d-ea11-a2c3-c4346bcb1551', 'count': 100000}
01/22 15:49:12 [DEBUG] [25292] [COMPS.Client] REQUEST -> GET https://comps.idmod.org/api/Simulations {'fields': 'Id,SimulationState', 'filters': 'ExperimentId=f814758f-713d-ea11-a2c3-c4346bcb1551', 'count': 100000}
01/22 15:49:17 [DEBUG] [25292] [COMPS.Client] REQUEST -> GET https://comps.idmod.org/api/Simulations {'fields': 'Id,SimulationState', 'filters': 'ExperimentId=f814758f-713d-ea11-a2c3-c4346bcb1551', 'count': 100000}
01/22 15:49:23 [DEBUG] [25292] [COMPS.Client] REQUEST -> GET https://comps.idmod.org/api/Simulations {'fields': 'Id,SimulationState', 'filters': 'ExperimentId=f814758f-713d-ea11-a2c3-c4346bcb1551', 'count': 100000}
01/22 15:49:28 [DEBUG] [25292] [COMPS.Client] REQUEST -> GET https://comps.idmod.org/api/Simulations {'fields': 'Id,SimulationState', 'filters': 'ExperimentId=f814758f-713d-ea11-a2c3-c4346bcb1551', 'count': 100000}
01/22 15:49:33 [DEBUG] [25292] [COMPS.Client] REQUEST -> GET https://comps.idmod.org/api/Simulations {'fields': 'Id,SimulationState', 'filters': 'ExperimentId=f814758f-713d-ea11-a2c3-c4346bcb1551', 'count': 100000}
01/22 15:49:38 [DEBUG] [25292] [COMPS.Client] REQUEST -> GET https://comps.idmod.org/api/Simulations {'fields': 'Id,SimulationState', 'filters': 'ExperimentId=f814758f-713d-ea11-a2c3-c4346bcb1551', 'count': 100000}
01/22 15:49:43 [DEBUG] [25292] [COMPS.Client] REQUEST -> GET https://comps.idmod.org/api/Simulations {'fields': 'Id,SimulationState', 'filters': 'ExperimentId=f814758f-713d-ea11-a2c3-c4346bcb1551', 'count': 100000}
01/22 15:49:48 [DEBUG] [25292] [COMPS.Client] REQUEST -> GET https://comps.idmod.org/api/Simulations {'fields': 'Id,SimulationState', 'filters': 'ExperimentId=f814758f-713d-ea11-a2c3-c4346bcb1551', 'count': 100000}
01/22 15:49:54 [DEBUG] [25292] [COMPS.Client] REQUEST -> GET https://comps.idmod.org/api/Simulations {'fields': 'Id,SimulationState', 'filters': 'ExperimentId=f814758f-713d-ea11-a2c3-c4346bcb1551', 'count': 100000}
01/22 15:49:59 [DEBUG] [25292] [COMPS.Client] REQUEST -> GET https://comps.idmod.org/api/Simulations {'fields': 'Id,SimulationState', 'filters': 'ExperimentId=f814758f-713d-ea11-a2c3-c4346bcb1551', 'count': 100000}
01/22 15:50:04 [DEBUG] [25292] [COMPS.Client] REQUEST -> GET https://comps.idmod.org/api/Simulations {'fields': 'Id,SimulationState', 'filters': 'ExperimentId=f814758f-713d-ea11-a2c3-c4346bcb1551', 'count': 100000}
01/22 15:50:09 [DEBUG] [25292] [COMPS.Client] REQUEST -> GET https://comps.idmod.org/api/Simulations {'fields': 'Id,SimulationState', 'filters': 'ExperimentId=f814758f-713d-ea11-a2c3-c4346bcb1551', 'count': 100000}
01/22 15:50:14 [DEBUG] [25292] [COMPS.Client] REQUEST -> GET https://comps.idmod.org/api/Simulations {'fields': 'Id,SimulationState', 'filters': 'ExperimentId=f814758f-713d-ea11-a2c3-c4346bcb1551', 'count': 100000}
01/22 15:50:19 [DEBUG] [25292] [COMPS.Client] REQUEST -> GET https://comps.idmod.org/api/Simulations {'fields': 'Id,SimulationState', 'filters': 'ExperimentId=f814758f-713d-ea11-a2c3-c4346bcb1551', 'count': 100000}
01/22 15:50:25 [DEBUG] [25292] [COMPS.Client] REQUEST -> GET https://comps.idmod.org/api/Simulations {'fields': 'Id,SimulationState', 'filters': 'ExperimentId=f814758f-713d-ea11-a2c3-c4346bcb1551', 'count': 100000}
01/22 15:50:30 [DEBUG] [25292] [COMPS.Client] REQUEST -> GET https://comps.idmod.org/api/Simulations {'fields': 'Id,SimulationState', 'filters': 'ExperimentId=f814758f-713d-ea11-a2c3-c4346bcb1551', 'count': 100000}
01/22 15:50:35 [DEBUG] [25292] [COMPS.Client] REQUEST -> GET https://comps.idmod.org/api/Simulations {'fields': 'Id,SimulationState', 'filters': 'ExperimentId=f814758f-713d-ea11-a2c3-c4346bcb1551', 'count': 100000}
01/22 15:50:40 [DEBUG] [25292] [COMPS.Client] REQUEST -> GET https://comps.idmod.org/api/Simulations {'fields': 'Id,SimulationState', 'filters': 'ExperimentId=f814758f-713d-ea11-a2c3-c4346bcb1551', 'count': 100000}
01/22 15:50:45 [DEBUG] [25292] [COMPS.Client] REQUEST -> GET https://comps.idmod.org/api/Simulations {'fields': 'Id,SimulationState', 'filters': 'ExperimentId=f814758f-713d-ea11-a2c3-c4346bcb1551', 'count': 100000}
01/22 15:50:51 [DEBUG] [25292] [COMPS.Client] REQUEST -> GET https://comps.idmod.org/api/Simulations {'fields': 'Id,SimulationState', 'filters': 'ExperimentId=f814758f-713d-ea11-a2c3-c4346bcb1551', 'count': 100000}
01/22 15:50:56 [DEBUG] [25292] [COMPS.Client] REQUEST -> GET https://comps.idmod.org/api/Simulations {'fields': 'Id,SimulationState', 'filters': 'ExperimentId=f814758f-713d-ea11-a2c3-c4346bcb1551', 'count': 100000}
01/22 15:51:01 [DEBUG] [25292] [COMPS.Client] REQUEST -> GET https://comps.idmod.org/api/Simulations {'fields': 'Id,SimulationState', 'filters': 'ExperimentId=f814758f-713d-ea11-a2c3-c4346bcb1551', 'count': 100000}
01/22 15:51:06 [DEBUG] [25292] [COMPS.Client] REQUEST -> GET https://comps.idmod.org/api/Simulations {'fields': 'Id,SimulationState', 'filters': 'ExperimentId=f814758f-713d-ea11-a2c3-c4346bcb1551', 'count': 100000}
01/22 15:51:11 [DEBUG] [25292] [COMPS.Client] REQUEST -> GET https://comps.idmod.org/api/Simulations {'fields': 'Id,SimulationState', 'filters': 'ExperimentId=f814758f-713d-ea11-a2c3-c4346bcb1551', 'count': 100000}
01/22 15:51:16 [DEBUG] [25292] [COMPS.Client] REQUEST -> GET https://comps.idmod.org/api/Simulations {'fields': 'Id,SimulationState', 'filters': 'ExperimentId=f814758f-713d-ea11-a2c3-c4346bcb1551', 'count': 100000}
01/22 15:51:22 [DEBUG] [25292] [COMPS.Client] REQUEST -> GET https://comps.idmod.org/api/Simulations {'fields': 'Id,SimulationState', 'filters': 'ExperimentId=f814758f-713d-ea11-a2c3-c4346bcb1551', 'count': 100000}
01/22 15:51:27 [DEBUG] [25292] [COMPS.Client] REQUEST -> GET https://comps.idmod.org/api/Simulations {'fields': 'Id,SimulationState', 'filters': 'ExperimentId=f814758f-713d-ea11-a2c3-c4346bcb1551', 'count': 100000}
01/22 15:51:32 [DEBUG] [25292] [COMPS.Client] REQUEST -> GET https://comps.idmod.org/api/Simulations {'fields': 'Id,SimulationState', 'filters': 'ExperimentId=f814758f-713d-ea11-a2c3-c4346bcb1551', 'count': 100000}
01/22 15:51:37 [DEBUG] [25292] [COMPS.Client] REQUEST -> GET https://comps.idmod.org/api/Simulations {'fields': 'Id,SimulationState', 'filters': 'ExperimentId=f814758f-713d-ea11-a2c3-c4346bcb1551', 'count': 100000}
01/22 15:51:42 [DEBUG] [25292] [COMPS.Client] REQUEST -> GET https://comps.idmod.org/api/Simulations {'fields': 'Id,SimulationState', 'filters': 'ExperimentId=f814758f-713d-ea11-a2c3-c4346bcb1551', 'count': 100000}
01/22 15:51:47 [DEBUG] [25292] [COMPS.Client] REQUEST -> GET https://comps.idmod.org/api/Simulations {'fields': 'Id,SimulationState', 'filters': 'ExperimentId=f814758f-713d-ea11-a2c3-c4346bcb1551', 'count': 100000}
01/22 15:51:53 [DEBUG] [25292] [COMPS.Client] REQUEST -> GET https://comps.idmod.org/api/Simulations {'fields': 'Id,SimulationState', 'filters': 'ExperimentId=f814758f-713d-ea11-a2c3-c4346bcb1551', 'count': 100000}
01/22 15:51:58 [DEBUG] [25292] [COMPS.Client] REQUEST -> GET https://comps.idmod.org/api/Simulations {'fields': 'Id,SimulationState', 'filters': 'ExperimentId=f814758f-713d-ea11-a2c3-c4346bcb1551', 'count': 100000}
01/22 15:52:03 [DEBUG] [25292] [COMPS.Client] REQUEST -> GET https://comps.idmod.org/api/Simulations {'fields': 'Id,SimulationState', 'filters': 'ExperimentId=f814758f-713d-ea11-a2c3-c4346bcb1551', 'count': 100000}
01/22 15:52:08 [DEBUG] [25292] [COMPS.Client] REQUEST -> GET https://comps.idmod.org/api/Simulations {'fields': 'Id,SimulationState', 'filters': 'ExperimentId=f814758f-713d-ea11-a2c3-c4346bcb1551', 'count': 100000}
01/22 15:52:13 [DEBUG] [25292] [COMPS.Client] REQUEST -> GET https://comps.idmod.org/api/Simulations {'fields': 'Id,SimulationState', 'filters': 'ExperimentId=f814758f-713d-ea11-a2c3-c4346bcb1551', 'count': 100000}
01/22 15:52:18 [DEBUG] [25292] [COMPS.Client] REQUEST -> GET https://comps.idmod.org/api/Simulations {'fields': 'Id,SimulationState', 'filters': 'ExperimentId=f814758f-713d-ea11-a2c3-c4346bcb1551', 'count': 100000}
01/22 15:52:23 [DEBUG] [25292] [COMPS.Client] REQUEST -> GET https://comps.idmod.org/api/Simulations {'fields': 'Id,SimulationState', 'filters': 'ExperimentId=f814758f-713d-ea11-a2c3-c4346bcb1551', 'count': 100000}
01/22 15:52:29 [DEBUG] [25292] [COMPS.Client] REQUEST -> GET https://comps.idmod.org/api/Simulations {'fields': 'Id,SimulationState', 'filters': 'ExperimentId=f814758f-713d-ea11-a2c3-c4346bcb1551', 'count': 100000}
01/22 15:52:34 [DEBUG] [25292] [COMPS.Client] REQUEST -> GET https://comps.idmod.org/api/Simulations {'fields': 'Id,SimulationState', 'filters': 'ExperimentId=f814758f-713d-ea11-a2c3-c4346bcb1551', 'count': 100000}
01/22 15:52:39 [DEBUG] [25292] [COMPS.Client] REQUEST -> GET https://comps.idmod.org/api/Simulations {'fields': 'Id,SimulationState', 'filters': 'ExperimentId=f814758f-713d-ea11-a2c3-c4346bcb1551', 'count': 100000}
01/22 15:52:44 [DEBUG] [25292] [COMPS.Client] REQUEST -> GET https://comps.idmod.org/api/Simulations {'fields': 'Id,SimulationState', 'filters': 'ExperimentId=f814758f-713d-ea11-a2c3-c4346bcb1551', 'count': 100000}
01/22 15:52:49 [DEBUG] [25292] [COMPS.Client] REQUEST -> GET https://comps.idmod.org/api/Simulations {'fields': 'Id,SimulationState', 'filters': 'ExperimentId=f814758f-713d-ea11-a2c3-c4346bcb1551', 'count': 100000}
01/22 15:52:54 [DEBUG] [25292] [COMPS.Client] REQUEST -> GET https://comps.idmod.org/api/Simulations {'fields': 'Id,SimulationState', 'filters': 'ExperimentId=f814758f-713d-ea11-a2c3-c4346bcb1551', 'count': 100000}
01/22 15:53:00 [DEBUG] [25292] [COMPS.Client] REQUEST -> GET https://comps.idmod.org/api/Simulations {'fields': 'Id,SimulationState', 'filters': 'ExperimentId=f814758f-713d-ea11-a2c3-c4346bcb1551', 'count': 100000}
01/22 15:53:05 [DEBUG] [25292] [COMPS.Client] REQUEST -> GET https://comps.idmod.org/api/Simulations {'fields': 'Id,SimulationState', 'filters': 'ExperimentId=f814758f-713d-ea11-a2c3-c4346bcb1551', 'count': 100000}
01/22 15:53:10 [DEBUG] [25292] [COMPS.Client] REQUEST -> GET https://comps.idmod.org/api/Simulations {'fields': 'Id,SimulationState', 'filters': 'ExperimentId=f814758f-713d-ea11-a2c3-c4346bcb1551', 'count': 100000}
01/22 15:53:15 [DEBUG] [25292] [COMPS.Client] REQUEST -> GET https://comps.idmod.org/api/Simulations {'fields': 'Id,SimulationState', 'filters': 'ExperimentId=f814758f-713d-ea11-a2c3-c4346bcb1551', 'count': 100000}
01/22 15:53:20 [DEBUG] [25292] [COMPS.Client] REQUEST -> GET https://comps.idmod.org/api/Simulations {'fields': 'Id,SimulationState', 'filters': 'ExperimentId=f814758f-713d-ea11-a2c3-c4346bcb1551', 'count': 100000}
01/22 15:53:26 [DEBUG] [25292] [COMPS.Client] REQUEST -> GET https://comps.idmod.org/api/Simulations {'fields': 'Id,SimulationState', 'filters': 'ExperimentId=f814758f-713d-ea11-a2c3-c4346bcb1551', 'count': 100000}
01/22 15:53:31 [DEBUG] [25292] [COMPS.Client] REQUEST -> GET https://comps.idmod.org/api/Simulations {'fields': 'Id,SimulationState', 'filters': 'ExperimentId=f814758f-713d-ea11-a2c3-c4346bcb1551', 'count': 100000}
01/22 15:53:36 [DEBUG] [25292] [COMPS.Client] REQUEST -> GET https://comps.idmod.org/api/Simulations {'fields': 'Id,SimulationState', 'filters': 'ExperimentId=f814758f-713d-ea11-a2c3-c4346bcb1551', 'count': 100000}
01/22 15:53:41 [DEBUG] [25292] [COMPS.Client] REQUEST -> GET https://comps.idmod.org/api/Simulations {'fields': 'Id,SimulationState', 'filters': 'ExperimentId=f814758f-713d-ea11-a2c3-c4346bcb1551', 'count': 100000}
01/22 15:53:47 [DEBUG] [25292] [COMPS.Client] REQUEST -> GET https://comps.idmod.org/api/Simulations {'fields': 'Id,SimulationState', 'filters': 'ExperimentId=f814758f-713d-ea11-a2c3-c4346bcb1551', 'count': 100000}
01/22 15:53:52 [DEBUG] [25292] [COMPS.Client] REQUEST -> GET https://comps.idmod.org/api/Simulations {'fields': 'Id,SimulationState', 'filters': 'ExperimentId=f814758f-713d-ea11-a2c3-c4346bcb1551', 'count': 100000}
01/22 15:53:57 [DEBUG] [25292] [COMPS.Client] REQUEST -> GET https://comps.idmod.org/api/Simulations {'fields': 'Id,SimulationState', 'filters': 'ExperimentId=f814758f-713d-ea11-a2c3-c4346bcb1551', 'count': 100000}
01/22 15:54:02 [DEBUG] [25292] [COMPS.Client] REQUEST -> GET https://comps.idmod.org/api/Simulations {'fields': 'Id,SimulationState', 'filters': 'ExperimentId=f814758f-713d-ea11-a2c3-c4346bcb1551', 'count': 100000}
01/22 15:54:07 [DEBUG] [25292] [COMPS.Client] REQUEST -> GET https://comps.idmod.org/api/Simulations {'fields': 'Id,SimulationState', 'filters': 'ExperimentId=f814758f-713d-ea11-a2c3-c4346bcb1551', 'count': 100000}
01/22 15:54:12 [DEBUG] [25292] [COMPS.Client] REQUEST -> GET https://comps.idmod.org/api/Simulations {'fields': 'Id,SimulationState', 'filters': 'ExperimentId=f814758f-713d-ea11-a2c3-c4346bcb1551', 'count': 100000}
01/22 15:54:18 [DEBUG] [25292] [COMPS.Client] REQUEST -> GET https://comps.idmod.org/api/Simulations {'fields': 'Id,SimulationState', 'filters': 'ExperimentId=f814758f-713d-ea11-a2c3-c4346bcb1551', 'count': 100000}
01/22 15:54:23 [DEBUG] [25292] [COMPS.Client] REQUEST -> GET https://comps.idmod.org/api/Simulations {'fields': 'Id,SimulationState', 'filters': 'ExperimentId=f814758f-713d-ea11-a2c3-c4346bcb1551', 'count': 100000}
01/22 15:54:28 [DEBUG] [25292] [COMPS.Client] REQUEST -> GET https://comps.idmod.org/api/Simulations {'fields': 'Id,SimulationState', 'filters': 'ExperimentId=f814758f-713d-ea11-a2c3-c4346bcb1551', 'count': 100000}
01/22 15:54:33 [DEBUG] [25292] [COMPS.Client] REQUEST -> GET https://comps.idmod.org/api/Simulations {'fields': 'Id,SimulationState', 'filters': 'ExperimentId=f814758f-713d-ea11-a2c3-c4346bcb1551', 'count': 100000}
01/22 15:54:38 [DEBUG] [25292] [COMPS.Client] REQUEST -> GET https://comps.idmod.org/api/Simulations {'fields': 'Id,SimulationState', 'filters': 'ExperimentId=f814758f-713d-ea11-a2c3-c4346bcb1551', 'count': 100000}
01/22 15:54:43 [DEBUG] [25292] [COMPS.Client] REQUEST -> GET https://comps.idmod.org/api/Simulations {'fields': 'Id,SimulationState', 'filters': 'ExperimentId=f814758f-713d-ea11-a2c3-c4346bcb1551', 'count': 100000}
01/22 15:54:49 [DEBUG] [25292] [COMPS.Client] REQUEST -> GET https://comps.idmod.org/api/Simulations {'fields': 'Id,SimulationState', 'filters': 'ExperimentId=f814758f-713d-ea11-a2c3-c4346bcb1551', 'count': 100000}
