01/09 12:34:06 [DEBUG] [29604] [COMPS.Data.SerializableEntity] OutputFileMetadata --> {'Id': '_internal_id', 'Length': 'length', 'FriendlyName': 'friendly_name', 'PathFromRoot': 'path_from_root', 'Url': 'url', 'MimeType': 'mime_type'}
01/09 12:34:06 [DEBUG] [29604] [COMPS.Data.SerializableEntity] AssetFile --> {'FileName': 'file_name', 'MD5Checksum': 'md5_checksum', 'Length': 'length', 'Uri': 'uri'}
01/09 12:34:06 [DEBUG] [29604] [COMPS.Data.SerializableEntity] AssetCollectionFile --> {'RelativePath': 'relative_path', 'Tags': 'tags', 'FileName': 'file_name', 'MD5Checksum': 'md5_checksum', 'Length': 'length', 'Uri': 'uri'}
01/09 12:34:06 [DEBUG] [29604] [COMPS.Data.SerializableEntity] AssetCollection --> {'Id': 'id', 'DateCreated': 'date_created', 'Tags': 'tags', 'Assets': 'assets'}
01/09 12:34:06 [DEBUG] [29604] [COMPS.Data.SerializableEntity] Configuration --> {'EnvironmentName': 'environment_name', 'SimulationInputArgs': 'simulation_input_args', 'WorkingDirectoryRoot': 'working_directory_root', 'ExecutablePath': 'executable_path', 'NodeGroupName': 'node_group_name', 'MaximumNumberOfRetries': 'maximum_number_of_retries', 'Priority': 'priority', 'MinCores': 'min_cores', 'MaxCores': 'max_cores', 'Exclusive': 'exclusive', 'AssetCollectionId': 'asset_collection_id'}
01/09 12:34:06 [DEBUG] [29604] [COMPS.Data.SerializableEntity] SimulationFile --> {'FileType': 'file_type', 'Description': 'description', 'FileName': 'file_name', 'MD5Checksum': 'md5_checksum', 'Length': 'length', 'Uri': 'uri'}
01/09 12:34:06 [DEBUG] [29604] [COMPS.Data.SerializableEntity] WorkItemFile --> {'FileType': 'file_type', 'Description': 'description', 'FileName': 'file_name', 'MD5Checksum': 'md5_checksum', 'Length': 'length', 'Uri': 'uri'}
01/09 12:34:06 [DEBUG] [29604] [COMPS.Data.SerializableEntity] HpcJob --> {'Id': '_internal_id', 'JobId': 'job_id', 'JobState': 'job_state', 'Priority': 'priority', 'WorkingDirectory': 'working_directory', 'OutputDirectorySize': 'output_directory_size', 'SubmitTime': 'submit_time', 'StartTime': 'start_time', 'EndTime': 'end_time', 'ErrorMessage': 'error_message', 'Configuration': 'configuration'}
01/09 12:34:06 [DEBUG] [29604] [COMPS.Data.SerializableEntity] Simulation --> {'Id': 'id', 'ExperimentId': 'experiment_id', 'Name': 'name', 'Description': 'description', 'Owner': 'owner', 'DateCreated': 'date_created', 'LastModified': 'last_modified', 'SimulationState': 'state', 'ErrorMessage': 'error_message', 'Tags': 'tags', 'Configuration': 'configuration', 'Files': 'files', 'HPCJobs': 'hpc_jobs'}
01/09 12:34:06 [DEBUG] [29604] [COMPS.Data.SerializableEntity] Experiment --> {'Id': 'id', 'SuiteId': 'suite_id', 'Name': 'name', 'Description': 'description', 'Owner': 'owner', 'DateCreated': 'date_created', 'LastModified': 'last_modified', 'Tags': 'tags', 'Configuration': 'configuration'}
01/09 12:34:06 [DEBUG] [29604] [COMPS.Data.SerializableEntity] Suite --> {'Id': 'id', 'Name': 'name', 'Description': 'description', 'Owner': 'owner', 'DateCreated': 'date_created', 'LastModified': 'last_modified', 'Tags': 'tags', 'Configuration': 'configuration'}
01/09 12:34:06 [DEBUG] [29604] [COMPS.Data.SerializableEntity] WorkItem --> {'Id': 'id', 'Name': 'name', 'Worker': 'worker', 'EnvironmentName': 'environment_name', 'Description': 'description', 'Owner': 'owner', 'DateCreated': 'date_created', 'LastModified': 'last_modified', 'State': 'state', 'ErrorMessage': 'error_message', 'HostName': 'host_name', 'WorkerInstanceId': 'worker_instance_id', 'WorkItemPriority': 'priority', 'WorkingDirectory': 'working_directory', 'WorkingDirectorySize': 'working_directory_size', 'AssetCollectionId': 'asset_collection_id', 'Tags': 'tags', 'Files': 'files', 'Plugins': 'plugins'}
01/09 12:34:06 [DEBUG] [29604] [COMPS.Client] Parsed login host: ('https', 'comps.idmod.org', None)
01/09 12:34:06 [DEBUG] [29604] [COMPS.Client] REQUEST -> GET https://comps.idmod.org/api/Simulations {'fields': 'Id', 'filters': 'SimulationState=0,ExperimentId=afef8c54-1f33-ea11-a2c3-c4346bcb1551', 'count': 100000}
01/09 12:34:07 [DEBUG] [29604] [COMPS.Client] REQUEST -> GET https://comps.idmod.org/api/Simulations {'fields': 'Id,SimulationState', 'filters': 'ExperimentId=afef8c54-1f33-ea11-a2c3-c4346bcb1551', 'count': 100000}
01/09 12:34:12 [DEBUG] [29604] [COMPS.Client] REQUEST -> GET https://comps.idmod.org/api/Simulations {'fields': 'Id,SimulationState', 'filters': 'ExperimentId=afef8c54-1f33-ea11-a2c3-c4346bcb1551', 'count': 100000}
01/09 12:34:17 [DEBUG] [29604] [COMPS.Client] REQUEST -> GET https://comps.idmod.org/api/Simulations {'fields': 'Id,SimulationState', 'filters': 'ExperimentId=afef8c54-1f33-ea11-a2c3-c4346bcb1551', 'count': 100000}
01/09 12:34:23 [DEBUG] [29604] [COMPS.Client] REQUEST -> GET https://comps.idmod.org/api/Simulations {'fields': 'Id,SimulationState', 'filters': 'ExperimentId=afef8c54-1f33-ea11-a2c3-c4346bcb1551', 'count': 100000}
01/09 12:34:28 [DEBUG] [29604] [COMPS.Client] REQUEST -> GET https://comps.idmod.org/api/Simulations {'fields': 'Id,SimulationState', 'filters': 'ExperimentId=afef8c54-1f33-ea11-a2c3-c4346bcb1551', 'count': 100000}
01/09 12:34:33 [DEBUG] [29604] [COMPS.Client] REQUEST -> GET https://comps.idmod.org/api/Simulations {'fields': 'Id,SimulationState', 'filters': 'ExperimentId=afef8c54-1f33-ea11-a2c3-c4346bcb1551', 'count': 100000}
01/09 12:34:38 [DEBUG] [29604] [COMPS.Client] REQUEST -> GET https://comps.idmod.org/api/Simulations {'fields': 'Id,SimulationState', 'filters': 'ExperimentId=afef8c54-1f33-ea11-a2c3-c4346bcb1551', 'count': 100000}
01/09 12:34:44 [DEBUG] [29604] [COMPS.Client] REQUEST -> GET https://comps.idmod.org/api/Simulations {'fields': 'Id,SimulationState', 'filters': 'ExperimentId=afef8c54-1f33-ea11-a2c3-c4346bcb1551', 'count': 100000}
01/09 12:34:49 [DEBUG] [29604] [COMPS.Client] REQUEST -> GET https://comps.idmod.org/api/Simulations {'fields': 'Id,SimulationState', 'filters': 'ExperimentId=afef8c54-1f33-ea11-a2c3-c4346bcb1551', 'count': 100000}
01/09 12:34:54 [DEBUG] [29604] [COMPS.Client] REQUEST -> GET https://comps.idmod.org/api/Simulations {'fields': 'Id,SimulationState', 'filters': 'ExperimentId=afef8c54-1f33-ea11-a2c3-c4346bcb1551', 'count': 100000}
01/09 12:35:00 [DEBUG] [29604] [COMPS.Client] REQUEST -> GET https://comps.idmod.org/api/Simulations {'fields': 'Id,SimulationState', 'filters': 'ExperimentId=afef8c54-1f33-ea11-a2c3-c4346bcb1551', 'count': 100000}
01/09 12:35:05 [DEBUG] [29604] [COMPS.Client] REQUEST -> GET https://comps.idmod.org/api/Simulations {'fields': 'Id,SimulationState', 'filters': 'ExperimentId=afef8c54-1f33-ea11-a2c3-c4346bcb1551', 'count': 100000}
01/09 12:35:10 [DEBUG] [29604] [COMPS.Client] REQUEST -> GET https://comps.idmod.org/api/Simulations {'fields': 'Id,SimulationState', 'filters': 'ExperimentId=afef8c54-1f33-ea11-a2c3-c4346bcb1551', 'count': 100000}
01/09 12:35:15 [DEBUG] [29604] [COMPS.Client] REQUEST -> GET https://comps.idmod.org/api/Simulations {'fields': 'Id,SimulationState', 'filters': 'ExperimentId=afef8c54-1f33-ea11-a2c3-c4346bcb1551', 'count': 100000}
01/09 12:35:21 [DEBUG] [29604] [COMPS.Client] REQUEST -> GET https://comps.idmod.org/api/Simulations {'fields': 'Id,SimulationState', 'filters': 'ExperimentId=afef8c54-1f33-ea11-a2c3-c4346bcb1551', 'count': 100000}
01/09 12:35:26 [DEBUG] [29604] [COMPS.Client] REQUEST -> GET https://comps.idmod.org/api/Simulations {'fields': 'Id,SimulationState', 'filters': 'ExperimentId=afef8c54-1f33-ea11-a2c3-c4346bcb1551', 'count': 100000}
01/09 12:35:31 [DEBUG] [29604] [COMPS.Client] REQUEST -> GET https://comps.idmod.org/api/Simulations {'fields': 'Id,SimulationState', 'filters': 'ExperimentId=afef8c54-1f33-ea11-a2c3-c4346bcb1551', 'count': 100000}
01/09 12:35:36 [DEBUG] [29604] [COMPS.Client] REQUEST -> GET https://comps.idmod.org/api/Simulations {'fields': 'Id,SimulationState', 'filters': 'ExperimentId=afef8c54-1f33-ea11-a2c3-c4346bcb1551', 'count': 100000}
01/09 12:35:42 [DEBUG] [29604] [COMPS.Client] REQUEST -> GET https://comps.idmod.org/api/Simulations {'fields': 'Id,SimulationState', 'filters': 'ExperimentId=afef8c54-1f33-ea11-a2c3-c4346bcb1551', 'count': 100000}
01/09 12:35:47 [DEBUG] [29604] [COMPS.Client] REQUEST -> GET https://comps.idmod.org/api/Simulations {'fields': 'Id,SimulationState', 'filters': 'ExperimentId=afef8c54-1f33-ea11-a2c3-c4346bcb1551', 'count': 100000}
01/09 12:35:52 [DEBUG] [29604] [COMPS.Client] REQUEST -> GET https://comps.idmod.org/api/Simulations {'fields': 'Id,SimulationState', 'filters': 'ExperimentId=afef8c54-1f33-ea11-a2c3-c4346bcb1551', 'count': 100000}
01/09 12:35:58 [DEBUG] [29604] [COMPS.Client] REQUEST -> GET https://comps.idmod.org/api/Simulations {'fields': 'Id,SimulationState', 'filters': 'ExperimentId=afef8c54-1f33-ea11-a2c3-c4346bcb1551', 'count': 100000}
01/09 12:36:03 [DEBUG] [29604] [COMPS.Client] REQUEST -> GET https://comps.idmod.org/api/Simulations {'fields': 'Id,SimulationState', 'filters': 'ExperimentId=afef8c54-1f33-ea11-a2c3-c4346bcb1551', 'count': 100000}
01/09 12:36:08 [DEBUG] [29604] [COMPS.Client] REQUEST -> GET https://comps.idmod.org/api/Simulations {'fields': 'Id,SimulationState', 'filters': 'ExperimentId=afef8c54-1f33-ea11-a2c3-c4346bcb1551', 'count': 100000}
01/09 12:36:13 [DEBUG] [29604] [COMPS.Client] REQUEST -> GET https://comps.idmod.org/api/Simulations {'fields': 'Id,SimulationState', 'filters': 'ExperimentId=afef8c54-1f33-ea11-a2c3-c4346bcb1551', 'count': 100000}
01/09 12:36:19 [DEBUG] [29604] [COMPS.Client] REQUEST -> GET https://comps.idmod.org/api/Simulations {'fields': 'Id,SimulationState', 'filters': 'ExperimentId=afef8c54-1f33-ea11-a2c3-c4346bcb1551', 'count': 100000}
01/09 12:36:24 [DEBUG] [29604] [COMPS.Client] REQUEST -> GET https://comps.idmod.org/api/Simulations {'fields': 'Id,SimulationState', 'filters': 'ExperimentId=afef8c54-1f33-ea11-a2c3-c4346bcb1551', 'count': 100000}
01/09 12:36:29 [DEBUG] [29604] [COMPS.Client] REQUEST -> GET https://comps.idmod.org/api/Simulations {'fields': 'Id,SimulationState', 'filters': 'ExperimentId=afef8c54-1f33-ea11-a2c3-c4346bcb1551', 'count': 100000}
01/09 12:36:35 [DEBUG] [29604] [COMPS.Client] REQUEST -> GET https://comps.idmod.org/api/Simulations {'fields': 'Id,SimulationState', 'filters': 'ExperimentId=afef8c54-1f33-ea11-a2c3-c4346bcb1551', 'count': 100000}
01/09 12:36:40 [DEBUG] [29604] [COMPS.Client] REQUEST -> GET https://comps.idmod.org/api/Simulations {'fields': 'Id,SimulationState', 'filters': 'ExperimentId=afef8c54-1f33-ea11-a2c3-c4346bcb1551', 'count': 100000}
01/09 12:36:45 [DEBUG] [29604] [COMPS.Client] REQUEST -> GET https://comps.idmod.org/api/Simulations {'fields': 'Id,SimulationState', 'filters': 'ExperimentId=afef8c54-1f33-ea11-a2c3-c4346bcb1551', 'count': 100000}
01/09 12:36:50 [DEBUG] [29604] [COMPS.Client] REQUEST -> GET https://comps.idmod.org/api/Simulations {'fields': 'Id,SimulationState', 'filters': 'ExperimentId=afef8c54-1f33-ea11-a2c3-c4346bcb1551', 'count': 100000}
01/09 12:36:56 [DEBUG] [29604] [COMPS.Client] REQUEST -> GET https://comps.idmod.org/api/Simulations {'fields': 'Id,SimulationState', 'filters': 'ExperimentId=afef8c54-1f33-ea11-a2c3-c4346bcb1551', 'count': 100000}
01/09 12:37:01 [DEBUG] [29604] [COMPS.Client] REQUEST -> GET https://comps.idmod.org/api/Simulations {'fields': 'Id,SimulationState', 'filters': 'ExperimentId=afef8c54-1f33-ea11-a2c3-c4346bcb1551', 'count': 100000}
01/09 12:37:06 [DEBUG] [29604] [COMPS.Client] REQUEST -> GET https://comps.idmod.org/api/Simulations {'fields': 'Id,SimulationState', 'filters': 'ExperimentId=afef8c54-1f33-ea11-a2c3-c4346bcb1551', 'count': 100000}
01/09 12:37:11 [DEBUG] [29604] [COMPS.Client] REQUEST -> GET https://comps.idmod.org/api/Simulations {'fields': 'Id,SimulationState', 'filters': 'ExperimentId=afef8c54-1f33-ea11-a2c3-c4346bcb1551', 'count': 100000}
01/09 12:37:17 [DEBUG] [29604] [COMPS.Client] REQUEST -> GET https://comps.idmod.org/api/Simulations {'fields': 'Id,SimulationState', 'filters': 'ExperimentId=afef8c54-1f33-ea11-a2c3-c4346bcb1551', 'count': 100000}
01/09 12:37:22 [DEBUG] [29604] [COMPS.Client] REQUEST -> GET https://comps.idmod.org/api/Simulations {'fields': 'Id,SimulationState', 'filters': 'ExperimentId=afef8c54-1f33-ea11-a2c3-c4346bcb1551', 'count': 100000}
01/09 12:37:27 [DEBUG] [29604] [COMPS.Client] REQUEST -> GET https://comps.idmod.org/api/Simulations {'fields': 'Id,SimulationState', 'filters': 'ExperimentId=afef8c54-1f33-ea11-a2c3-c4346bcb1551', 'count': 100000}
01/09 12:37:33 [DEBUG] [29604] [COMPS.Client] REQUEST -> GET https://comps.idmod.org/api/Simulations {'fields': 'Id,SimulationState', 'filters': 'ExperimentId=afef8c54-1f33-ea11-a2c3-c4346bcb1551', 'count': 100000}
01/09 12:37:38 [DEBUG] [29604] [COMPS.Client] REQUEST -> GET https://comps.idmod.org/api/Simulations {'fields': 'Id,SimulationState', 'filters': 'ExperimentId=afef8c54-1f33-ea11-a2c3-c4346bcb1551', 'count': 100000}
01/09 12:37:43 [DEBUG] [29604] [COMPS.Client] REQUEST -> GET https://comps.idmod.org/api/Simulations {'fields': 'Id,SimulationState', 'filters': 'ExperimentId=afef8c54-1f33-ea11-a2c3-c4346bcb1551', 'count': 100000}
01/09 12:37:48 [DEBUG] [29604] [COMPS.Client] REQUEST -> GET https://comps.idmod.org/api/Simulations {'fields': 'Id,SimulationState', 'filters': 'ExperimentId=afef8c54-1f33-ea11-a2c3-c4346bcb1551', 'count': 100000}
01/09 12:37:54 [DEBUG] [29604] [COMPS.Client] REQUEST -> GET https://comps.idmod.org/api/Simulations {'fields': 'Id,SimulationState', 'filters': 'ExperimentId=afef8c54-1f33-ea11-a2c3-c4346bcb1551', 'count': 100000}
01/09 12:37:59 [DEBUG] [29604] [COMPS.Client] REQUEST -> GET https://comps.idmod.org/api/Simulations {'fields': 'Id,SimulationState', 'filters': 'ExperimentId=afef8c54-1f33-ea11-a2c3-c4346bcb1551', 'count': 100000}
01/09 12:38:04 [DEBUG] [29604] [COMPS.Client] REQUEST -> GET https://comps.idmod.org/api/Simulations {'fields': 'Id,SimulationState', 'filters': 'ExperimentId=afef8c54-1f33-ea11-a2c3-c4346bcb1551', 'count': 100000}
01/09 12:38:10 [DEBUG] [29604] [COMPS.Client] REQUEST -> GET https://comps.idmod.org/api/Simulations {'fields': 'Id,SimulationState', 'filters': 'ExperimentId=afef8c54-1f33-ea11-a2c3-c4346bcb1551', 'count': 100000}
01/09 12:38:15 [DEBUG] [29604] [COMPS.Client] REQUEST -> GET https://comps.idmod.org/api/Simulations {'fields': 'Id,SimulationState', 'filters': 'ExperimentId=afef8c54-1f33-ea11-a2c3-c4346bcb1551', 'count': 100000}
01/09 12:38:20 [DEBUG] [29604] [COMPS.Client] REQUEST -> GET https://comps.idmod.org/api/Simulations {'fields': 'Id,SimulationState', 'filters': 'ExperimentId=afef8c54-1f33-ea11-a2c3-c4346bcb1551', 'count': 100000}
01/09 12:38:25 [DEBUG] [29604] [COMPS.Client] REQUEST -> GET https://comps.idmod.org/api/Simulations {'fields': 'Id,SimulationState', 'filters': 'ExperimentId=afef8c54-1f33-ea11-a2c3-c4346bcb1551', 'count': 100000}
01/09 12:38:31 [DEBUG] [29604] [COMPS.Client] REQUEST -> GET https://comps.idmod.org/api/Simulations {'fields': 'Id,SimulationState', 'filters': 'ExperimentId=afef8c54-1f33-ea11-a2c3-c4346bcb1551', 'count': 100000}
01/09 12:38:36 [DEBUG] [29604] [COMPS.Client] REQUEST -> GET https://comps.idmod.org/api/Simulations {'fields': 'Id,SimulationState', 'filters': 'ExperimentId=afef8c54-1f33-ea11-a2c3-c4346bcb1551', 'count': 100000}
01/09 12:38:41 [DEBUG] [29604] [COMPS.Client] REQUEST -> GET https://comps.idmod.org/api/Simulations {'fields': 'Id,SimulationState', 'filters': 'ExperimentId=afef8c54-1f33-ea11-a2c3-c4346bcb1551', 'count': 100000}
01/09 12:38:46 [DEBUG] [29604] [COMPS.Client] REQUEST -> GET https://comps.idmod.org/api/Simulations {'fields': 'Id,SimulationState', 'filters': 'ExperimentId=afef8c54-1f33-ea11-a2c3-c4346bcb1551', 'count': 100000}
01/09 12:38:52 [DEBUG] [29604] [COMPS.Client] REQUEST -> GET https://comps.idmod.org/api/Simulations {'fields': 'Id,SimulationState', 'filters': 'ExperimentId=afef8c54-1f33-ea11-a2c3-c4346bcb1551', 'count': 100000}
01/09 12:38:57 [DEBUG] [29604] [COMPS.Client] REQUEST -> GET https://comps.idmod.org/api/Simulations {'fields': 'Id,SimulationState', 'filters': 'ExperimentId=afef8c54-1f33-ea11-a2c3-c4346bcb1551', 'count': 100000}
01/09 12:39:02 [DEBUG] [29604] [COMPS.Client] REQUEST -> GET https://comps.idmod.org/api/Simulations {'fields': 'Id,SimulationState', 'filters': 'ExperimentId=afef8c54-1f33-ea11-a2c3-c4346bcb1551', 'count': 100000}
