01/22 09:45:09 [DEBUG] [14956] [COMPS.Data.SerializableEntity] OutputFileMetadata --> {'Id': '_internal_id', 'Length': 'length', 'FriendlyName': 'friendly_name', 'PathFromRoot': 'path_from_root', 'Url': 'url', 'MimeType': 'mime_type'}
01/22 09:45:09 [DEBUG] [14956] [COMPS.Data.SerializableEntity] AssetFile --> {'FileName': 'file_name', 'MD5Checksum': 'md5_checksum', 'Length': 'length', 'Uri': 'uri'}
01/22 09:45:09 [DEBUG] [14956] [COMPS.Data.SerializableEntity] AssetCollectionFile --> {'RelativePath': 'relative_path', 'Tags': 'tags', 'FileName': 'file_name', 'MD5Checksum': 'md5_checksum', 'Length': 'length', 'Uri': 'uri'}
01/22 09:45:09 [DEBUG] [14956] [COMPS.Data.SerializableEntity] AssetCollection --> {'Id': 'id', 'DateCreated': 'date_created', 'Tags': 'tags', 'Assets': 'assets'}
01/22 09:45:09 [DEBUG] [14956] [COMPS.Data.SerializableEntity] Configuration --> {'EnvironmentName': 'environment_name', 'SimulationInputArgs': 'simulation_input_args', 'WorkingDirectoryRoot': 'working_directory_root', 'ExecutablePath': 'executable_path', 'NodeGroupName': 'node_group_name', 'MaximumNumberOfRetries': 'maximum_number_of_retries', 'Priority': 'priority', 'MinCores': 'min_cores', 'MaxCores': 'max_cores', 'Exclusive': 'exclusive', 'AssetCollectionId': 'asset_collection_id'}
01/22 09:45:09 [DEBUG] [14956] [COMPS.Data.SerializableEntity] SimulationFile --> {'FileType': 'file_type', 'Description': 'description', 'FileName': 'file_name', 'MD5Checksum': 'md5_checksum', 'Length': 'length', 'Uri': 'uri'}
01/22 09:45:09 [DEBUG] [14956] [COMPS.Data.SerializableEntity] WorkItemFile --> {'FileType': 'file_type', 'Description': 'description', 'FileName': 'file_name', 'MD5Checksum': 'md5_checksum', 'Length': 'length', 'Uri': 'uri'}
01/22 09:45:09 [DEBUG] [14956] [COMPS.Data.SerializableEntity] HpcJob --> {'Id': '_internal_id', 'JobId': 'job_id', 'JobState': 'job_state', 'Priority': 'priority', 'WorkingDirectory': 'working_directory', 'OutputDirectorySize': 'output_directory_size', 'SubmitTime': 'submit_time', 'StartTime': 'start_time', 'EndTime': 'end_time', 'ErrorMessage': 'error_message', 'Configuration': 'configuration'}
01/22 09:45:09 [DEBUG] [14956] [COMPS.Data.SerializableEntity] Simulation --> {'Id': 'id', 'ExperimentId': 'experiment_id', 'Name': 'name', 'Description': 'description', 'Owner': 'owner', 'DateCreated': 'date_created', 'LastModified': 'last_modified', 'SimulationState': 'state', 'ErrorMessage': 'error_message', 'Tags': 'tags', 'Configuration': 'configuration', 'Files': 'files', 'HPCJobs': 'hpc_jobs'}
01/22 09:45:09 [DEBUG] [14956] [COMPS.Data.SerializableEntity] Experiment --> {'Id': 'id', 'SuiteId': 'suite_id', 'Name': 'name', 'Description': 'description', 'Owner': 'owner', 'DateCreated': 'date_created', 'LastModified': 'last_modified', 'Tags': 'tags', 'Configuration': 'configuration'}
01/22 09:45:09 [DEBUG] [14956] [COMPS.Data.SerializableEntity] Suite --> {'Id': 'id', 'Name': 'name', 'Description': 'description', 'Owner': 'owner', 'DateCreated': 'date_created', 'LastModified': 'last_modified', 'Tags': 'tags', 'Configuration': 'configuration'}
01/22 09:45:09 [DEBUG] [14956] [COMPS.Data.SerializableEntity] WorkItem --> {'Id': 'id', 'Name': 'name', 'Worker': 'worker', 'EnvironmentName': 'environment_name', 'Description': 'description', 'Owner': 'owner', 'DateCreated': 'date_created', 'LastModified': 'last_modified', 'State': 'state', 'ErrorMessage': 'error_message', 'HostName': 'host_name', 'WorkerInstanceId': 'worker_instance_id', 'WorkItemPriority': 'priority', 'WorkingDirectory': 'working_directory', 'WorkingDirectorySize': 'working_directory_size', 'AssetCollectionId': 'asset_collection_id', 'Tags': 'tags', 'Files': 'files', 'Plugins': 'plugins'}
01/22 09:45:10 [DEBUG] [14956] [COMPS.Client] Parsed login host: ('https', 'comps.idmod.org', None)
01/22 09:45:10 [DEBUG] [14956] [COMPS.Client] REQUEST -> GET https://comps.idmod.org/api/Simulations {'fields': 'Id', 'filters': 'SimulationState=0,ExperimentId=3d1429d9-3e3d-ea11-a2c3-c4346bcb1551', 'count': 100000}
01/22 09:45:11 [DEBUG] [14956] [COMPS.Client] REQUEST -> GET https://comps.idmod.org/api/Simulations {'fields': 'Id,SimulationState', 'filters': 'ExperimentId=3d1429d9-3e3d-ea11-a2c3-c4346bcb1551', 'count': 100000}
01/22 09:45:16 [DEBUG] [14956] [COMPS.Client] REQUEST -> GET https://comps.idmod.org/api/Simulations {'fields': 'Id,SimulationState', 'filters': 'ExperimentId=3d1429d9-3e3d-ea11-a2c3-c4346bcb1551', 'count': 100000}
01/22 09:45:22 [DEBUG] [14956] [COMPS.Client] REQUEST -> GET https://comps.idmod.org/api/Simulations {'fields': 'Id,SimulationState', 'filters': 'ExperimentId=3d1429d9-3e3d-ea11-a2c3-c4346bcb1551', 'count': 100000}
01/22 09:45:27 [DEBUG] [14956] [COMPS.Client] REQUEST -> GET https://comps.idmod.org/api/Simulations {'fields': 'Id,SimulationState', 'filters': 'ExperimentId=3d1429d9-3e3d-ea11-a2c3-c4346bcb1551', 'count': 100000}
01/22 09:45:32 [DEBUG] [14956] [COMPS.Client] REQUEST -> GET https://comps.idmod.org/api/Simulations {'fields': 'Id,SimulationState', 'filters': 'ExperimentId=3d1429d9-3e3d-ea11-a2c3-c4346bcb1551', 'count': 100000}
01/22 09:45:37 [DEBUG] [14956] [COMPS.Client] REQUEST -> GET https://comps.idmod.org/api/Simulations {'fields': 'Id,SimulationState', 'filters': 'ExperimentId=3d1429d9-3e3d-ea11-a2c3-c4346bcb1551', 'count': 100000}
01/22 09:45:42 [DEBUG] [14956] [COMPS.Client] REQUEST -> GET https://comps.idmod.org/api/Simulations {'fields': 'Id,SimulationState', 'filters': 'ExperimentId=3d1429d9-3e3d-ea11-a2c3-c4346bcb1551', 'count': 100000}
01/22 09:45:47 [DEBUG] [14956] [COMPS.Client] REQUEST -> GET https://comps.idmod.org/api/Simulations {'fields': 'Id,SimulationState', 'filters': 'ExperimentId=3d1429d9-3e3d-ea11-a2c3-c4346bcb1551', 'count': 100000}
01/22 09:45:53 [DEBUG] [14956] [COMPS.Client] REQUEST -> GET https://comps.idmod.org/api/Simulations {'fields': 'Id,SimulationState', 'filters': 'ExperimentId=3d1429d9-3e3d-ea11-a2c3-c4346bcb1551', 'count': 100000}
01/22 09:45:58 [DEBUG] [14956] [COMPS.Client] REQUEST -> GET https://comps.idmod.org/api/Simulations {'fields': 'Id,SimulationState', 'filters': 'ExperimentId=3d1429d9-3e3d-ea11-a2c3-c4346bcb1551', 'count': 100000}
01/22 09:46:03 [DEBUG] [14956] [COMPS.Client] REQUEST -> GET https://comps.idmod.org/api/Simulations {'fields': 'Id,SimulationState', 'filters': 'ExperimentId=3d1429d9-3e3d-ea11-a2c3-c4346bcb1551', 'count': 100000}
01/22 09:46:08 [DEBUG] [14956] [COMPS.Client] REQUEST -> GET https://comps.idmod.org/api/Simulations {'fields': 'Id,SimulationState', 'filters': 'ExperimentId=3d1429d9-3e3d-ea11-a2c3-c4346bcb1551', 'count': 100000}
01/22 09:46:13 [DEBUG] [14956] [COMPS.Client] REQUEST -> GET https://comps.idmod.org/api/Simulations {'fields': 'Id,SimulationState', 'filters': 'ExperimentId=3d1429d9-3e3d-ea11-a2c3-c4346bcb1551', 'count': 100000}
01/22 09:46:18 [DEBUG] [14956] [COMPS.Client] REQUEST -> GET https://comps.idmod.org/api/Simulations {'fields': 'Id,SimulationState', 'filters': 'ExperimentId=3d1429d9-3e3d-ea11-a2c3-c4346bcb1551', 'count': 100000}
01/22 09:46:23 [DEBUG] [14956] [COMPS.Client] REQUEST -> GET https://comps.idmod.org/api/Simulations {'fields': 'Id,SimulationState', 'filters': 'ExperimentId=3d1429d9-3e3d-ea11-a2c3-c4346bcb1551', 'count': 100000}
01/22 09:46:29 [DEBUG] [14956] [COMPS.Client] REQUEST -> GET https://comps.idmod.org/api/Simulations {'fields': 'Id,SimulationState', 'filters': 'ExperimentId=3d1429d9-3e3d-ea11-a2c3-c4346bcb1551', 'count': 100000}
01/22 09:46:34 [DEBUG] [14956] [COMPS.Client] REQUEST -> GET https://comps.idmod.org/api/Simulations {'fields': 'Id,SimulationState', 'filters': 'ExperimentId=3d1429d9-3e3d-ea11-a2c3-c4346bcb1551', 'count': 100000}
01/22 09:46:39 [DEBUG] [14956] [COMPS.Client] REQUEST -> GET https://comps.idmod.org/api/Simulations {'fields': 'Id,SimulationState', 'filters': 'ExperimentId=3d1429d9-3e3d-ea11-a2c3-c4346bcb1551', 'count': 100000}
01/22 09:46:44 [DEBUG] [14956] [COMPS.Client] REQUEST -> GET https://comps.idmod.org/api/Simulations {'fields': 'Id,SimulationState', 'filters': 'ExperimentId=3d1429d9-3e3d-ea11-a2c3-c4346bcb1551', 'count': 100000}
01/22 09:46:49 [DEBUG] [14956] [COMPS.Client] REQUEST -> GET https://comps.idmod.org/api/Simulations {'fields': 'Id,SimulationState', 'filters': 'ExperimentId=3d1429d9-3e3d-ea11-a2c3-c4346bcb1551', 'count': 100000}
01/22 09:46:55 [DEBUG] [14956] [COMPS.Client] REQUEST -> GET https://comps.idmod.org/api/Simulations {'fields': 'Id,SimulationState', 'filters': 'ExperimentId=3d1429d9-3e3d-ea11-a2c3-c4346bcb1551', 'count': 100000}
01/22 09:47:00 [DEBUG] [14956] [COMPS.Client] REQUEST -> GET https://comps.idmod.org/api/Simulations {'fields': 'Id,SimulationState', 'filters': 'ExperimentId=3d1429d9-3e3d-ea11-a2c3-c4346bcb1551', 'count': 100000}
01/22 09:47:05 [DEBUG] [14956] [COMPS.Client] REQUEST -> GET https://comps.idmod.org/api/Simulations {'fields': 'Id,SimulationState', 'filters': 'ExperimentId=3d1429d9-3e3d-ea11-a2c3-c4346bcb1551', 'count': 100000}
01/22 09:47:10 [DEBUG] [14956] [COMPS.Client] REQUEST -> GET https://comps.idmod.org/api/Simulations {'fields': 'Id,SimulationState', 'filters': 'ExperimentId=3d1429d9-3e3d-ea11-a2c3-c4346bcb1551', 'count': 100000}
01/22 09:47:15 [DEBUG] [14956] [COMPS.Client] REQUEST -> GET https://comps.idmod.org/api/Simulations {'fields': 'Id,SimulationState', 'filters': 'ExperimentId=3d1429d9-3e3d-ea11-a2c3-c4346bcb1551', 'count': 100000}
01/22 09:47:20 [DEBUG] [14956] [COMPS.Client] REQUEST -> GET https://comps.idmod.org/api/Simulations {'fields': 'Id,SimulationState', 'filters': 'ExperimentId=3d1429d9-3e3d-ea11-a2c3-c4346bcb1551', 'count': 100000}
01/22 09:47:25 [DEBUG] [14956] [COMPS.Client] REQUEST -> GET https://comps.idmod.org/api/Simulations {'fields': 'Id,SimulationState', 'filters': 'ExperimentId=3d1429d9-3e3d-ea11-a2c3-c4346bcb1551', 'count': 100000}
01/22 09:47:31 [DEBUG] [14956] [COMPS.Client] REQUEST -> GET https://comps.idmod.org/api/Simulations {'fields': 'Id,SimulationState', 'filters': 'ExperimentId=3d1429d9-3e3d-ea11-a2c3-c4346bcb1551', 'count': 100000}
01/22 09:47:36 [DEBUG] [14956] [COMPS.Client] REQUEST -> GET https://comps.idmod.org/api/Simulations {'fields': 'Id,SimulationState', 'filters': 'ExperimentId=3d1429d9-3e3d-ea11-a2c3-c4346bcb1551', 'count': 100000}
01/22 09:47:41 [DEBUG] [14956] [COMPS.Client] REQUEST -> GET https://comps.idmod.org/api/Simulations {'fields': 'Id,SimulationState', 'filters': 'ExperimentId=3d1429d9-3e3d-ea11-a2c3-c4346bcb1551', 'count': 100000}
01/22 09:47:46 [DEBUG] [14956] [COMPS.Client] REQUEST -> GET https://comps.idmod.org/api/Simulations {'fields': 'Id,SimulationState', 'filters': 'ExperimentId=3d1429d9-3e3d-ea11-a2c3-c4346bcb1551', 'count': 100000}
01/22 09:47:51 [DEBUG] [14956] [COMPS.Client] REQUEST -> GET https://comps.idmod.org/api/Simulations {'fields': 'Id,SimulationState', 'filters': 'ExperimentId=3d1429d9-3e3d-ea11-a2c3-c4346bcb1551', 'count': 100000}
01/22 09:47:56 [DEBUG] [14956] [COMPS.Client] REQUEST -> GET https://comps.idmod.org/api/Simulations {'fields': 'Id,SimulationState', 'filters': 'ExperimentId=3d1429d9-3e3d-ea11-a2c3-c4346bcb1551', 'count': 100000}
01/22 09:48:01 [DEBUG] [14956] [COMPS.Client] REQUEST -> GET https://comps.idmod.org/api/Simulations {'fields': 'Id,SimulationState', 'filters': 'ExperimentId=3d1429d9-3e3d-ea11-a2c3-c4346bcb1551', 'count': 100000}
01/22 09:48:07 [DEBUG] [14956] [COMPS.Client] REQUEST -> GET https://comps.idmod.org/api/Simulations {'fields': 'Id,SimulationState', 'filters': 'ExperimentId=3d1429d9-3e3d-ea11-a2c3-c4346bcb1551', 'count': 100000}
01/22 09:48:12 [DEBUG] [14956] [COMPS.Client] REQUEST -> GET https://comps.idmod.org/api/Simulations {'fields': 'Id,SimulationState', 'filters': 'ExperimentId=3d1429d9-3e3d-ea11-a2c3-c4346bcb1551', 'count': 100000}
01/22 09:48:17 [DEBUG] [14956] [COMPS.Client] REQUEST -> GET https://comps.idmod.org/api/Simulations {'fields': 'Id,SimulationState', 'filters': 'ExperimentId=3d1429d9-3e3d-ea11-a2c3-c4346bcb1551', 'count': 100000}
01/22 09:48:22 [DEBUG] [14956] [COMPS.Client] REQUEST -> GET https://comps.idmod.org/api/Simulations {'fields': 'Id,SimulationState', 'filters': 'ExperimentId=3d1429d9-3e3d-ea11-a2c3-c4346bcb1551', 'count': 100000}
01/22 09:48:27 [DEBUG] [14956] [COMPS.Client] REQUEST -> GET https://comps.idmod.org/api/Simulations {'fields': 'Id,SimulationState', 'filters': 'ExperimentId=3d1429d9-3e3d-ea11-a2c3-c4346bcb1551', 'count': 100000}
01/22 09:48:32 [DEBUG] [14956] [COMPS.Client] REQUEST -> GET https://comps.idmod.org/api/Simulations {'fields': 'Id,SimulationState', 'filters': 'ExperimentId=3d1429d9-3e3d-ea11-a2c3-c4346bcb1551', 'count': 100000}
01/22 09:48:37 [DEBUG] [14956] [COMPS.Client] REQUEST -> GET https://comps.idmod.org/api/Simulations {'fields': 'Id,SimulationState', 'filters': 'ExperimentId=3d1429d9-3e3d-ea11-a2c3-c4346bcb1551', 'count': 100000}
01/22 09:48:43 [DEBUG] [14956] [COMPS.Client] REQUEST -> GET https://comps.idmod.org/api/Simulations {'fields': 'Id,SimulationState', 'filters': 'ExperimentId=3d1429d9-3e3d-ea11-a2c3-c4346bcb1551', 'count': 100000}
01/22 09:48:48 [DEBUG] [14956] [COMPS.Client] REQUEST -> GET https://comps.idmod.org/api/Simulations {'fields': 'Id,SimulationState', 'filters': 'ExperimentId=3d1429d9-3e3d-ea11-a2c3-c4346bcb1551', 'count': 100000}
01/22 09:48:53 [DEBUG] [14956] [COMPS.Client] REQUEST -> GET https://comps.idmod.org/api/Simulations {'fields': 'Id,SimulationState', 'filters': 'ExperimentId=3d1429d9-3e3d-ea11-a2c3-c4346bcb1551', 'count': 100000}
01/22 09:48:58 [DEBUG] [14956] [COMPS.Client] REQUEST -> GET https://comps.idmod.org/api/Simulations {'fields': 'Id,SimulationState', 'filters': 'ExperimentId=3d1429d9-3e3d-ea11-a2c3-c4346bcb1551', 'count': 100000}
01/22 09:49:03 [DEBUG] [14956] [COMPS.Client] REQUEST -> GET https://comps.idmod.org/api/Simulations {'fields': 'Id,SimulationState', 'filters': 'ExperimentId=3d1429d9-3e3d-ea11-a2c3-c4346bcb1551', 'count': 100000}
01/22 09:49:08 [DEBUG] [14956] [COMPS.Client] REQUEST -> GET https://comps.idmod.org/api/Simulations {'fields': 'Id,SimulationState', 'filters': 'ExperimentId=3d1429d9-3e3d-ea11-a2c3-c4346bcb1551', 'count': 100000}
01/22 09:49:14 [DEBUG] [14956] [COMPS.Client] REQUEST -> GET https://comps.idmod.org/api/Simulations {'fields': 'Id,SimulationState', 'filters': 'ExperimentId=3d1429d9-3e3d-ea11-a2c3-c4346bcb1551', 'count': 100000}
01/22 09:49:19 [DEBUG] [14956] [COMPS.Client] REQUEST -> GET https://comps.idmod.org/api/Simulations {'fields': 'Id,SimulationState', 'filters': 'ExperimentId=3d1429d9-3e3d-ea11-a2c3-c4346bcb1551', 'count': 100000}
01/22 09:49:24 [DEBUG] [14956] [COMPS.Client] REQUEST -> GET https://comps.idmod.org/api/Simulations {'fields': 'Id,SimulationState', 'filters': 'ExperimentId=3d1429d9-3e3d-ea11-a2c3-c4346bcb1551', 'count': 100000}
01/22 09:49:29 [DEBUG] [14956] [COMPS.Client] REQUEST -> GET https://comps.idmod.org/api/Simulations {'fields': 'Id,SimulationState', 'filters': 'ExperimentId=3d1429d9-3e3d-ea11-a2c3-c4346bcb1551', 'count': 100000}
01/22 09:49:34 [DEBUG] [14956] [COMPS.Client] REQUEST -> GET https://comps.idmod.org/api/Simulations {'fields': 'Id,SimulationState', 'filters': 'ExperimentId=3d1429d9-3e3d-ea11-a2c3-c4346bcb1551', 'count': 100000}
01/22 09:49:39 [DEBUG] [14956] [COMPS.Client] REQUEST -> GET https://comps.idmod.org/api/Simulations {'fields': 'Id,SimulationState', 'filters': 'ExperimentId=3d1429d9-3e3d-ea11-a2c3-c4346bcb1551', 'count': 100000}
01/22 09:49:44 [DEBUG] [14956] [COMPS.Client] REQUEST -> GET https://comps.idmod.org/api/Simulations {'fields': 'Id,SimulationState', 'filters': 'ExperimentId=3d1429d9-3e3d-ea11-a2c3-c4346bcb1551', 'count': 100000}
01/22 09:49:50 [DEBUG] [14956] [COMPS.Client] REQUEST -> GET https://comps.idmod.org/api/Simulations {'fields': 'Id,SimulationState', 'filters': 'ExperimentId=3d1429d9-3e3d-ea11-a2c3-c4346bcb1551', 'count': 100000}
01/22 09:49:55 [DEBUG] [14956] [COMPS.Client] REQUEST -> GET https://comps.idmod.org/api/Simulations {'fields': 'Id,SimulationState', 'filters': 'ExperimentId=3d1429d9-3e3d-ea11-a2c3-c4346bcb1551', 'count': 100000}
01/22 09:50:00 [DEBUG] [14956] [COMPS.Client] REQUEST -> GET https://comps.idmod.org/api/Simulations {'fields': 'Id,SimulationState', 'filters': 'ExperimentId=3d1429d9-3e3d-ea11-a2c3-c4346bcb1551', 'count': 100000}
01/22 09:50:05 [DEBUG] [14956] [COMPS.Client] REQUEST -> GET https://comps.idmod.org/api/Simulations {'fields': 'Id,SimulationState', 'filters': 'ExperimentId=3d1429d9-3e3d-ea11-a2c3-c4346bcb1551', 'count': 100000}
01/22 09:50:10 [DEBUG] [14956] [COMPS.Client] REQUEST -> GET https://comps.idmod.org/api/Simulations {'fields': 'Id,SimulationState', 'filters': 'ExperimentId=3d1429d9-3e3d-ea11-a2c3-c4346bcb1551', 'count': 100000}
01/22 09:50:15 [DEBUG] [14956] [COMPS.Client] REQUEST -> GET https://comps.idmod.org/api/Simulations {'fields': 'Id,SimulationState', 'filters': 'ExperimentId=3d1429d9-3e3d-ea11-a2c3-c4346bcb1551', 'count': 100000}
01/22 09:50:21 [DEBUG] [14956] [COMPS.Client] REQUEST -> GET https://comps.idmod.org/api/Simulations {'fields': 'Id,SimulationState', 'filters': 'ExperimentId=3d1429d9-3e3d-ea11-a2c3-c4346bcb1551', 'count': 100000}
01/22 09:50:26 [DEBUG] [14956] [COMPS.Client] REQUEST -> GET https://comps.idmod.org/api/Simulations {'fields': 'Id,SimulationState', 'filters': 'ExperimentId=3d1429d9-3e3d-ea11-a2c3-c4346bcb1551', 'count': 100000}
01/22 09:50:31 [DEBUG] [14956] [COMPS.Client] REQUEST -> GET https://comps.idmod.org/api/Simulations {'fields': 'Id,SimulationState', 'filters': 'ExperimentId=3d1429d9-3e3d-ea11-a2c3-c4346bcb1551', 'count': 100000}
01/22 09:50:36 [DEBUG] [14956] [COMPS.Client] REQUEST -> GET https://comps.idmod.org/api/Simulations {'fields': 'Id,SimulationState', 'filters': 'ExperimentId=3d1429d9-3e3d-ea11-a2c3-c4346bcb1551', 'count': 100000}
01/22 09:50:41 [DEBUG] [14956] [COMPS.Client] REQUEST -> GET https://comps.idmod.org/api/Simulations {'fields': 'Id,SimulationState', 'filters': 'ExperimentId=3d1429d9-3e3d-ea11-a2c3-c4346bcb1551', 'count': 100000}
01/22 09:50:46 [DEBUG] [14956] [COMPS.Client] REQUEST -> GET https://comps.idmod.org/api/Simulations {'fields': 'Id,SimulationState', 'filters': 'ExperimentId=3d1429d9-3e3d-ea11-a2c3-c4346bcb1551', 'count': 100000}
01/22 09:50:51 [DEBUG] [14956] [COMPS.Client] REQUEST -> GET https://comps.idmod.org/api/Simulations {'fields': 'Id,SimulationState', 'filters': 'ExperimentId=3d1429d9-3e3d-ea11-a2c3-c4346bcb1551', 'count': 100000}
01/22 09:50:57 [DEBUG] [14956] [COMPS.Client] REQUEST -> GET https://comps.idmod.org/api/Simulations {'fields': 'Id,SimulationState', 'filters': 'ExperimentId=3d1429d9-3e3d-ea11-a2c3-c4346bcb1551', 'count': 100000}
01/22 09:51:02 [DEBUG] [14956] [COMPS.Client] REQUEST -> GET https://comps.idmod.org/api/Simulations {'fields': 'Id,SimulationState', 'filters': 'ExperimentId=3d1429d9-3e3d-ea11-a2c3-c4346bcb1551', 'count': 100000}
01/22 09:51:07 [DEBUG] [14956] [COMPS.Client] REQUEST -> GET https://comps.idmod.org/api/Simulations {'fields': 'Id,SimulationState', 'filters': 'ExperimentId=3d1429d9-3e3d-ea11-a2c3-c4346bcb1551', 'count': 100000}
01/22 09:51:12 [DEBUG] [14956] [COMPS.Client] REQUEST -> GET https://comps.idmod.org/api/Simulations {'fields': 'Id,SimulationState', 'filters': 'ExperimentId=3d1429d9-3e3d-ea11-a2c3-c4346bcb1551', 'count': 100000}
01/22 09:51:17 [DEBUG] [14956] [COMPS.Client] REQUEST -> GET https://comps.idmod.org/api/Simulations {'fields': 'Id,SimulationState', 'filters': 'ExperimentId=3d1429d9-3e3d-ea11-a2c3-c4346bcb1551', 'count': 100000}
01/22 09:51:22 [DEBUG] [14956] [COMPS.Client] REQUEST -> GET https://comps.idmod.org/api/Simulations {'fields': 'Id,SimulationState', 'filters': 'ExperimentId=3d1429d9-3e3d-ea11-a2c3-c4346bcb1551', 'count': 100000}
01/22 09:51:28 [DEBUG] [14956] [COMPS.Client] REQUEST -> GET https://comps.idmod.org/api/Simulations {'fields': 'Id,SimulationState', 'filters': 'ExperimentId=3d1429d9-3e3d-ea11-a2c3-c4346bcb1551', 'count': 100000}
01/22 09:51:33 [DEBUG] [14956] [COMPS.Client] REQUEST -> GET https://comps.idmod.org/api/Simulations {'fields': 'Id,SimulationState', 'filters': 'ExperimentId=3d1429d9-3e3d-ea11-a2c3-c4346bcb1551', 'count': 100000}
01/22 09:51:38 [DEBUG] [14956] [COMPS.Client] REQUEST -> GET https://comps.idmod.org/api/Simulations {'fields': 'Id,SimulationState', 'filters': 'ExperimentId=3d1429d9-3e3d-ea11-a2c3-c4346bcb1551', 'count': 100000}
01/22 09:51:43 [DEBUG] [14956] [COMPS.Client] REQUEST -> GET https://comps.idmod.org/api/Simulations {'fields': 'Id,SimulationState', 'filters': 'ExperimentId=3d1429d9-3e3d-ea11-a2c3-c4346bcb1551', 'count': 100000}
01/22 09:51:48 [DEBUG] [14956] [COMPS.Client] REQUEST -> GET https://comps.idmod.org/api/Simulations {'fields': 'Id,SimulationState', 'filters': 'ExperimentId=3d1429d9-3e3d-ea11-a2c3-c4346bcb1551', 'count': 100000}
01/22 09:51:53 [DEBUG] [14956] [COMPS.Client] REQUEST -> GET https://comps.idmod.org/api/Simulations {'fields': 'Id,SimulationState', 'filters': 'ExperimentId=3d1429d9-3e3d-ea11-a2c3-c4346bcb1551', 'count': 100000}
01/22 09:51:59 [DEBUG] [14956] [COMPS.Client] REQUEST -> GET https://comps.idmod.org/api/Simulations {'fields': 'Id,SimulationState', 'filters': 'ExperimentId=3d1429d9-3e3d-ea11-a2c3-c4346bcb1551', 'count': 100000}
01/22 09:52:04 [DEBUG] [14956] [COMPS.Client] REQUEST -> GET https://comps.idmod.org/api/Simulations {'fields': 'Id,SimulationState', 'filters': 'ExperimentId=3d1429d9-3e3d-ea11-a2c3-c4346bcb1551', 'count': 100000}
01/22 09:52:09 [DEBUG] [14956] [COMPS.Client] REQUEST -> GET https://comps.idmod.org/api/Simulations {'fields': 'Id,SimulationState', 'filters': 'ExperimentId=3d1429d9-3e3d-ea11-a2c3-c4346bcb1551', 'count': 100000}
01/22 09:52:14 [DEBUG] [14956] [COMPS.Client] REQUEST -> GET https://comps.idmod.org/api/Simulations {'fields': 'Id,SimulationState', 'filters': 'ExperimentId=3d1429d9-3e3d-ea11-a2c3-c4346bcb1551', 'count': 100000}
01/22 09:52:19 [DEBUG] [14956] [COMPS.Client] REQUEST -> GET https://comps.idmod.org/api/Simulations {'fields': 'Id,SimulationState', 'filters': 'ExperimentId=3d1429d9-3e3d-ea11-a2c3-c4346bcb1551', 'count': 100000}
01/22 09:52:25 [DEBUG] [14956] [COMPS.Client] REQUEST -> GET https://comps.idmod.org/api/Simulations {'fields': 'Id,SimulationState', 'filters': 'ExperimentId=3d1429d9-3e3d-ea11-a2c3-c4346bcb1551', 'count': 100000}
01/22 09:52:30 [DEBUG] [14956] [COMPS.Client] REQUEST -> GET https://comps.idmod.org/api/Simulations {'fields': 'Id,SimulationState', 'filters': 'ExperimentId=3d1429d9-3e3d-ea11-a2c3-c4346bcb1551', 'count': 100000}
01/22 09:52:35 [DEBUG] [14956] [COMPS.Client] REQUEST -> GET https://comps.idmod.org/api/Simulations {'fields': 'Id,SimulationState', 'filters': 'ExperimentId=3d1429d9-3e3d-ea11-a2c3-c4346bcb1551', 'count': 100000}
01/22 09:52:40 [DEBUG] [14956] [COMPS.Client] REQUEST -> GET https://comps.idmod.org/api/Simulations {'fields': 'Id,SimulationState', 'filters': 'ExperimentId=3d1429d9-3e3d-ea11-a2c3-c4346bcb1551', 'count': 100000}
01/22 09:52:45 [DEBUG] [14956] [COMPS.Client] REQUEST -> GET https://comps.idmod.org/api/Simulations {'fields': 'Id,SimulationState', 'filters': 'ExperimentId=3d1429d9-3e3d-ea11-a2c3-c4346bcb1551', 'count': 100000}
01/22 09:52:50 [DEBUG] [14956] [COMPS.Client] REQUEST -> GET https://comps.idmod.org/api/Simulations {'fields': 'Id,SimulationState', 'filters': 'ExperimentId=3d1429d9-3e3d-ea11-a2c3-c4346bcb1551', 'count': 100000}
01/22 09:52:56 [DEBUG] [14956] [COMPS.Client] REQUEST -> GET https://comps.idmod.org/api/Simulations {'fields': 'Id,SimulationState', 'filters': 'ExperimentId=3d1429d9-3e3d-ea11-a2c3-c4346bcb1551', 'count': 100000}
01/22 09:53:01 [DEBUG] [14956] [COMPS.Client] REQUEST -> GET https://comps.idmod.org/api/Simulations {'fields': 'Id,SimulationState', 'filters': 'ExperimentId=3d1429d9-3e3d-ea11-a2c3-c4346bcb1551', 'count': 100000}
01/22 09:53:06 [DEBUG] [14956] [COMPS.Client] REQUEST -> GET https://comps.idmod.org/api/Simulations {'fields': 'Id,SimulationState', 'filters': 'ExperimentId=3d1429d9-3e3d-ea11-a2c3-c4346bcb1551', 'count': 100000}
01/22 09:53:11 [DEBUG] [14956] [COMPS.Client] REQUEST -> GET https://comps.idmod.org/api/Simulations {'fields': 'Id,SimulationState', 'filters': 'ExperimentId=3d1429d9-3e3d-ea11-a2c3-c4346bcb1551', 'count': 100000}
01/22 09:53:16 [DEBUG] [14956] [COMPS.Client] REQUEST -> GET https://comps.idmod.org/api/Simulations {'fields': 'Id,SimulationState', 'filters': 'ExperimentId=3d1429d9-3e3d-ea11-a2c3-c4346bcb1551', 'count': 100000}
01/22 09:53:21 [DEBUG] [14956] [COMPS.Client] REQUEST -> GET https://comps.idmod.org/api/Simulations {'fields': 'Id,SimulationState', 'filters': 'ExperimentId=3d1429d9-3e3d-ea11-a2c3-c4346bcb1551', 'count': 100000}
01/22 09:53:27 [DEBUG] [14956] [COMPS.Client] REQUEST -> GET https://comps.idmod.org/api/Simulations {'fields': 'Id,SimulationState', 'filters': 'ExperimentId=3d1429d9-3e3d-ea11-a2c3-c4346bcb1551', 'count': 100000}
01/22 09:53:32 [DEBUG] [14956] [COMPS.Client] REQUEST -> GET https://comps.idmod.org/api/Simulations {'fields': 'Id,SimulationState', 'filters': 'ExperimentId=3d1429d9-3e3d-ea11-a2c3-c4346bcb1551', 'count': 100000}
01/22 09:53:37 [DEBUG] [14956] [COMPS.Client] REQUEST -> GET https://comps.idmod.org/api/Simulations {'fields': 'Id,SimulationState', 'filters': 'ExperimentId=3d1429d9-3e3d-ea11-a2c3-c4346bcb1551', 'count': 100000}
01/22 09:53:42 [DEBUG] [14956] [COMPS.Client] REQUEST -> GET https://comps.idmod.org/api/Simulations {'fields': 'Id,SimulationState', 'filters': 'ExperimentId=3d1429d9-3e3d-ea11-a2c3-c4346bcb1551', 'count': 100000}
01/22 09:53:48 [DEBUG] [14956] [COMPS.Client] REQUEST -> GET https://comps.idmod.org/api/Simulations {'fields': 'Id,SimulationState', 'filters': 'ExperimentId=3d1429d9-3e3d-ea11-a2c3-c4346bcb1551', 'count': 100000}
01/22 09:53:53 [DEBUG] [14956] [COMPS.Client] REQUEST -> GET https://comps.idmod.org/api/Simulations {'fields': 'Id,SimulationState', 'filters': 'ExperimentId=3d1429d9-3e3d-ea11-a2c3-c4346bcb1551', 'count': 100000}
01/22 09:53:58 [DEBUG] [14956] [COMPS.Client] REQUEST -> GET https://comps.idmod.org/api/Simulations {'fields': 'Id,SimulationState', 'filters': 'ExperimentId=3d1429d9-3e3d-ea11-a2c3-c4346bcb1551', 'count': 100000}
01/22 09:54:03 [DEBUG] [14956] [COMPS.Client] REQUEST -> GET https://comps.idmod.org/api/Simulations {'fields': 'Id,SimulationState', 'filters': 'ExperimentId=3d1429d9-3e3d-ea11-a2c3-c4346bcb1551', 'count': 100000}
01/22 09:54:09 [DEBUG] [14956] [COMPS.Client] REQUEST -> GET https://comps.idmod.org/api/Simulations {'fields': 'Id,SimulationState', 'filters': 'ExperimentId=3d1429d9-3e3d-ea11-a2c3-c4346bcb1551', 'count': 100000}
01/22 09:54:14 [DEBUG] [14956] [COMPS.Client] REQUEST -> GET https://comps.idmod.org/api/Simulations {'fields': 'Id,SimulationState', 'filters': 'ExperimentId=3d1429d9-3e3d-ea11-a2c3-c4346bcb1551', 'count': 100000}
01/22 09:54:20 [DEBUG] [14956] [COMPS.Client] REQUEST -> GET https://comps.idmod.org/api/Simulations {'fields': 'Id,SimulationState', 'filters': 'ExperimentId=3d1429d9-3e3d-ea11-a2c3-c4346bcb1551', 'count': 100000}
01/22 09:54:25 [DEBUG] [14956] [COMPS.Client] REQUEST -> GET https://comps.idmod.org/api/Simulations {'fields': 'Id,SimulationState', 'filters': 'ExperimentId=3d1429d9-3e3d-ea11-a2c3-c4346bcb1551', 'count': 100000}
01/22 09:54:30 [DEBUG] [14956] [COMPS.Client] REQUEST -> GET https://comps.idmod.org/api/Simulations {'fields': 'Id,SimulationState', 'filters': 'ExperimentId=3d1429d9-3e3d-ea11-a2c3-c4346bcb1551', 'count': 100000}
01/22 09:54:35 [DEBUG] [14956] [COMPS.Client] REQUEST -> GET https://comps.idmod.org/api/Simulations {'fields': 'Id,SimulationState', 'filters': 'ExperimentId=3d1429d9-3e3d-ea11-a2c3-c4346bcb1551', 'count': 100000}
01/22 09:54:40 [DEBUG] [14956] [COMPS.Client] REQUEST -> GET https://comps.idmod.org/api/Simulations {'fields': 'Id,SimulationState', 'filters': 'ExperimentId=3d1429d9-3e3d-ea11-a2c3-c4346bcb1551', 'count': 100000}
01/22 09:54:46 [DEBUG] [14956] [COMPS.Client] REQUEST -> GET https://comps.idmod.org/api/Simulations {'fields': 'Id,SimulationState', 'filters': 'ExperimentId=3d1429d9-3e3d-ea11-a2c3-c4346bcb1551', 'count': 100000}
01/22 09:54:51 [DEBUG] [14956] [COMPS.Client] REQUEST -> GET https://comps.idmod.org/api/Simulations {'fields': 'Id,SimulationState', 'filters': 'ExperimentId=3d1429d9-3e3d-ea11-a2c3-c4346bcb1551', 'count': 100000}
01/22 09:54:56 [DEBUG] [14956] [COMPS.Client] REQUEST -> GET https://comps.idmod.org/api/Simulations {'fields': 'Id,SimulationState', 'filters': 'ExperimentId=3d1429d9-3e3d-ea11-a2c3-c4346bcb1551', 'count': 100000}
01/22 09:55:01 [DEBUG] [14956] [COMPS.Client] REQUEST -> GET https://comps.idmod.org/api/Simulations {'fields': 'Id,SimulationState', 'filters': 'ExperimentId=3d1429d9-3e3d-ea11-a2c3-c4346bcb1551', 'count': 100000}
01/22 09:55:06 [DEBUG] [14956] [COMPS.Client] REQUEST -> GET https://comps.idmod.org/api/Simulations {'fields': 'Id,SimulationState', 'filters': 'ExperimentId=3d1429d9-3e3d-ea11-a2c3-c4346bcb1551', 'count': 100000}
01/22 09:55:12 [DEBUG] [14956] [COMPS.Client] REQUEST -> GET https://comps.idmod.org/api/Simulations {'fields': 'Id,SimulationState', 'filters': 'ExperimentId=3d1429d9-3e3d-ea11-a2c3-c4346bcb1551', 'count': 100000}
01/22 09:55:17 [DEBUG] [14956] [COMPS.Client] REQUEST -> GET https://comps.idmod.org/api/Simulations {'fields': 'Id,SimulationState', 'filters': 'ExperimentId=3d1429d9-3e3d-ea11-a2c3-c4346bcb1551', 'count': 100000}
01/22 09:55:22 [DEBUG] [14956] [COMPS.Client] REQUEST -> GET https://comps.idmod.org/api/Simulations {'fields': 'Id,SimulationState', 'filters': 'ExperimentId=3d1429d9-3e3d-ea11-a2c3-c4346bcb1551', 'count': 100000}
