01/22 14:20:04 [DEBUG] [23868] [COMPS.Data.SerializableEntity] OutputFileMetadata --> {'Id': '_internal_id', 'Length': 'length', 'FriendlyName': 'friendly_name', 'PathFromRoot': 'path_from_root', 'Url': 'url', 'MimeType': 'mime_type'}
01/22 14:20:04 [DEBUG] [23868] [COMPS.Data.SerializableEntity] AssetFile --> {'FileName': 'file_name', 'MD5Checksum': 'md5_checksum', 'Length': 'length', 'Uri': 'uri'}
01/22 14:20:04 [DEBUG] [23868] [COMPS.Data.SerializableEntity] AssetCollectionFile --> {'RelativePath': 'relative_path', 'Tags': 'tags', 'FileName': 'file_name', 'MD5Checksum': 'md5_checksum', 'Length': 'length', 'Uri': 'uri'}
01/22 14:20:04 [DEBUG] [23868] [COMPS.Data.SerializableEntity] AssetCollection --> {'Id': 'id', 'DateCreated': 'date_created', 'Tags': 'tags', 'Assets': 'assets'}
01/22 14:20:04 [DEBUG] [23868] [COMPS.Data.SerializableEntity] Configuration --> {'EnvironmentName': 'environment_name', 'SimulationInputArgs': 'simulation_input_args', 'WorkingDirectoryRoot': 'working_directory_root', 'ExecutablePath': 'executable_path', 'NodeGroupName': 'node_group_name', 'MaximumNumberOfRetries': 'maximum_number_of_retries', 'Priority': 'priority', 'MinCores': 'min_cores', 'MaxCores': 'max_cores', 'Exclusive': 'exclusive', 'AssetCollectionId': 'asset_collection_id'}
01/22 14:20:04 [DEBUG] [23868] [COMPS.Data.SerializableEntity] SimulationFile --> {'FileType': 'file_type', 'Description': 'description', 'FileName': 'file_name', 'MD5Checksum': 'md5_checksum', 'Length': 'length', 'Uri': 'uri'}
01/22 14:20:04 [DEBUG] [23868] [COMPS.Data.SerializableEntity] WorkItemFile --> {'FileType': 'file_type', 'Description': 'description', 'FileName': 'file_name', 'MD5Checksum': 'md5_checksum', 'Length': 'length', 'Uri': 'uri'}
01/22 14:20:04 [DEBUG] [23868] [COMPS.Data.SerializableEntity] HpcJob --> {'Id': '_internal_id', 'JobId': 'job_id', 'JobState': 'job_state', 'Priority': 'priority', 'WorkingDirectory': 'working_directory', 'OutputDirectorySize': 'output_directory_size', 'SubmitTime': 'submit_time', 'StartTime': 'start_time', 'EndTime': 'end_time', 'ErrorMessage': 'error_message', 'Configuration': 'configuration'}
01/22 14:20:04 [DEBUG] [23868] [COMPS.Data.SerializableEntity] Simulation --> {'Id': 'id', 'ExperimentId': 'experiment_id', 'Name': 'name', 'Description': 'description', 'Owner': 'owner', 'DateCreated': 'date_created', 'LastModified': 'last_modified', 'SimulationState': 'state', 'ErrorMessage': 'error_message', 'Tags': 'tags', 'Configuration': 'configuration', 'Files': 'files', 'HPCJobs': 'hpc_jobs'}
01/22 14:20:04 [DEBUG] [23868] [COMPS.Data.SerializableEntity] Experiment --> {'Id': 'id', 'SuiteId': 'suite_id', 'Name': 'name', 'Description': 'description', 'Owner': 'owner', 'DateCreated': 'date_created', 'LastModified': 'last_modified', 'Tags': 'tags', 'Configuration': 'configuration'}
01/22 14:20:04 [DEBUG] [23868] [COMPS.Data.SerializableEntity] Suite --> {'Id': 'id', 'Name': 'name', 'Description': 'description', 'Owner': 'owner', 'DateCreated': 'date_created', 'LastModified': 'last_modified', 'Tags': 'tags', 'Configuration': 'configuration'}
01/22 14:20:04 [DEBUG] [23868] [COMPS.Data.SerializableEntity] WorkItem --> {'Id': 'id', 'Name': 'name', 'Worker': 'worker', 'EnvironmentName': 'environment_name', 'Description': 'description', 'Owner': 'owner', 'DateCreated': 'date_created', 'LastModified': 'last_modified', 'State': 'state', 'ErrorMessage': 'error_message', 'HostName': 'host_name', 'WorkerInstanceId': 'worker_instance_id', 'WorkItemPriority': 'priority', 'WorkingDirectory': 'working_directory', 'WorkingDirectorySize': 'working_directory_size', 'AssetCollectionId': 'asset_collection_id', 'Tags': 'tags', 'Files': 'files', 'Plugins': 'plugins'}
01/22 14:20:05 [DEBUG] [23868] [COMPS.Client] Parsed login host: ('https', 'comps.idmod.org', None)
01/22 14:20:05 [DEBUG] [23868] [COMPS.Client] REQUEST -> GET https://comps.idmod.org/api/Simulations {'fields': 'Id', 'filters': 'SimulationState=0,ExperimentId=454ec13b-653d-ea11-a2c3-c4346bcb1551', 'count': 100000}
01/22 14:20:06 [DEBUG] [23868] [COMPS.Client] REQUEST -> GET https://comps.idmod.org/api/Simulations {'fields': 'Id,SimulationState', 'filters': 'ExperimentId=454ec13b-653d-ea11-a2c3-c4346bcb1551', 'count': 100000}
01/22 14:20:11 [DEBUG] [23868] [COMPS.Client] REQUEST -> GET https://comps.idmod.org/api/Simulations {'fields': 'Id,SimulationState', 'filters': 'ExperimentId=454ec13b-653d-ea11-a2c3-c4346bcb1551', 'count': 100000}
01/22 14:20:16 [DEBUG] [23868] [COMPS.Client] REQUEST -> GET https://comps.idmod.org/api/Simulations {'fields': 'Id,SimulationState', 'filters': 'ExperimentId=454ec13b-653d-ea11-a2c3-c4346bcb1551', 'count': 100000}
01/22 14:20:21 [DEBUG] [23868] [COMPS.Client] REQUEST -> GET https://comps.idmod.org/api/Simulations {'fields': 'Id,SimulationState', 'filters': 'ExperimentId=454ec13b-653d-ea11-a2c3-c4346bcb1551', 'count': 100000}
01/22 14:20:26 [DEBUG] [23868] [COMPS.Client] REQUEST -> GET https://comps.idmod.org/api/Simulations {'fields': 'Id,SimulationState', 'filters': 'ExperimentId=454ec13b-653d-ea11-a2c3-c4346bcb1551', 'count': 100000}
01/22 14:20:32 [DEBUG] [23868] [COMPS.Client] REQUEST -> GET https://comps.idmod.org/api/Simulations {'fields': 'Id,SimulationState', 'filters': 'ExperimentId=454ec13b-653d-ea11-a2c3-c4346bcb1551', 'count': 100000}
01/22 14:20:37 [DEBUG] [23868] [COMPS.Client] REQUEST -> GET https://comps.idmod.org/api/Simulations {'fields': 'Id,SimulationState', 'filters': 'ExperimentId=454ec13b-653d-ea11-a2c3-c4346bcb1551', 'count': 100000}
01/22 14:20:42 [DEBUG] [23868] [COMPS.Client] REQUEST -> GET https://comps.idmod.org/api/Simulations {'fields': 'Id,SimulationState', 'filters': 'ExperimentId=454ec13b-653d-ea11-a2c3-c4346bcb1551', 'count': 100000}
01/22 14:20:47 [DEBUG] [23868] [COMPS.Client] REQUEST -> GET https://comps.idmod.org/api/Simulations {'fields': 'Id,SimulationState', 'filters': 'ExperimentId=454ec13b-653d-ea11-a2c3-c4346bcb1551', 'count': 100000}
01/22 14:20:53 [DEBUG] [23868] [COMPS.Client] REQUEST -> GET https://comps.idmod.org/api/Simulations {'fields': 'Id,SimulationState', 'filters': 'ExperimentId=454ec13b-653d-ea11-a2c3-c4346bcb1551', 'count': 100000}
01/22 14:20:58 [DEBUG] [23868] [COMPS.Client] REQUEST -> GET https://comps.idmod.org/api/Simulations {'fields': 'Id,SimulationState', 'filters': 'ExperimentId=454ec13b-653d-ea11-a2c3-c4346bcb1551', 'count': 100000}
01/22 14:21:03 [DEBUG] [23868] [COMPS.Client] REQUEST -> GET https://comps.idmod.org/api/Simulations {'fields': 'Id,SimulationState', 'filters': 'ExperimentId=454ec13b-653d-ea11-a2c3-c4346bcb1551', 'count': 100000}
01/22 14:21:08 [DEBUG] [23868] [COMPS.Client] REQUEST -> GET https://comps.idmod.org/api/Simulations {'fields': 'Id,SimulationState', 'filters': 'ExperimentId=454ec13b-653d-ea11-a2c3-c4346bcb1551', 'count': 100000}
01/22 14:21:13 [DEBUG] [23868] [COMPS.Client] REQUEST -> GET https://comps.idmod.org/api/Simulations {'fields': 'Id,SimulationState', 'filters': 'ExperimentId=454ec13b-653d-ea11-a2c3-c4346bcb1551', 'count': 100000}
01/22 14:21:18 [DEBUG] [23868] [COMPS.Client] REQUEST -> GET https://comps.idmod.org/api/Simulations {'fields': 'Id,SimulationState', 'filters': 'ExperimentId=454ec13b-653d-ea11-a2c3-c4346bcb1551', 'count': 100000}
01/22 14:21:24 [DEBUG] [23868] [COMPS.Client] REQUEST -> GET https://comps.idmod.org/api/Simulations {'fields': 'Id,SimulationState', 'filters': 'ExperimentId=454ec13b-653d-ea11-a2c3-c4346bcb1551', 'count': 100000}
01/22 14:21:29 [DEBUG] [23868] [COMPS.Client] REQUEST -> GET https://comps.idmod.org/api/Simulations {'fields': 'Id,SimulationState', 'filters': 'ExperimentId=454ec13b-653d-ea11-a2c3-c4346bcb1551', 'count': 100000}
01/22 14:21:35 [DEBUG] [23868] [COMPS.Client] REQUEST -> GET https://comps.idmod.org/api/Simulations {'fields': 'Id,SimulationState', 'filters': 'ExperimentId=454ec13b-653d-ea11-a2c3-c4346bcb1551', 'count': 100000}
01/22 14:21:40 [DEBUG] [23868] [COMPS.Client] REQUEST -> GET https://comps.idmod.org/api/Simulations {'fields': 'Id,SimulationState', 'filters': 'ExperimentId=454ec13b-653d-ea11-a2c3-c4346bcb1551', 'count': 100000}
01/22 14:21:45 [DEBUG] [23868] [COMPS.Client] REQUEST -> GET https://comps.idmod.org/api/Simulations {'fields': 'Id,SimulationState', 'filters': 'ExperimentId=454ec13b-653d-ea11-a2c3-c4346bcb1551', 'count': 100000}
01/22 14:21:50 [DEBUG] [23868] [COMPS.Client] REQUEST -> GET https://comps.idmod.org/api/Simulations {'fields': 'Id,SimulationState', 'filters': 'ExperimentId=454ec13b-653d-ea11-a2c3-c4346bcb1551', 'count': 100000}
01/22 14:21:56 [DEBUG] [23868] [COMPS.Client] REQUEST -> GET https://comps.idmod.org/api/Simulations {'fields': 'Id,SimulationState', 'filters': 'ExperimentId=454ec13b-653d-ea11-a2c3-c4346bcb1551', 'count': 100000}
01/22 14:22:01 [DEBUG] [23868] [COMPS.Client] REQUEST -> GET https://comps.idmod.org/api/Simulations {'fields': 'Id,SimulationState', 'filters': 'ExperimentId=454ec13b-653d-ea11-a2c3-c4346bcb1551', 'count': 100000}
01/22 14:22:07 [DEBUG] [23868] [COMPS.Client] REQUEST -> GET https://comps.idmod.org/api/Simulations {'fields': 'Id,SimulationState', 'filters': 'ExperimentId=454ec13b-653d-ea11-a2c3-c4346bcb1551', 'count': 100000}
01/22 14:22:12 [DEBUG] [23868] [COMPS.Client] REQUEST -> GET https://comps.idmod.org/api/Simulations {'fields': 'Id,SimulationState', 'filters': 'ExperimentId=454ec13b-653d-ea11-a2c3-c4346bcb1551', 'count': 100000}
01/22 14:22:17 [DEBUG] [23868] [COMPS.Client] REQUEST -> GET https://comps.idmod.org/api/Simulations {'fields': 'Id,SimulationState', 'filters': 'ExperimentId=454ec13b-653d-ea11-a2c3-c4346bcb1551', 'count': 100000}
01/22 14:22:22 [DEBUG] [23868] [COMPS.Client] REQUEST -> GET https://comps.idmod.org/api/Simulations {'fields': 'Id,SimulationState', 'filters': 'ExperimentId=454ec13b-653d-ea11-a2c3-c4346bcb1551', 'count': 100000}
01/22 14:22:27 [DEBUG] [23868] [COMPS.Client] REQUEST -> GET https://comps.idmod.org/api/Simulations {'fields': 'Id,SimulationState', 'filters': 'ExperimentId=454ec13b-653d-ea11-a2c3-c4346bcb1551', 'count': 100000}
01/22 14:22:32 [DEBUG] [23868] [COMPS.Client] REQUEST -> GET https://comps.idmod.org/api/Simulations {'fields': 'Id,SimulationState', 'filters': 'ExperimentId=454ec13b-653d-ea11-a2c3-c4346bcb1551', 'count': 100000}
01/22 14:22:37 [DEBUG] [23868] [COMPS.Client] REQUEST -> GET https://comps.idmod.org/api/Simulations {'fields': 'Id,SimulationState', 'filters': 'ExperimentId=454ec13b-653d-ea11-a2c3-c4346bcb1551', 'count': 100000}
01/22 14:22:43 [DEBUG] [23868] [COMPS.Client] REQUEST -> GET https://comps.idmod.org/api/Simulations {'fields': 'Id,SimulationState', 'filters': 'ExperimentId=454ec13b-653d-ea11-a2c3-c4346bcb1551', 'count': 100000}
01/22 14:22:48 [DEBUG] [23868] [COMPS.Client] REQUEST -> GET https://comps.idmod.org/api/Simulations {'fields': 'Id,SimulationState', 'filters': 'ExperimentId=454ec13b-653d-ea11-a2c3-c4346bcb1551', 'count': 100000}
01/22 14:22:53 [DEBUG] [23868] [COMPS.Client] REQUEST -> GET https://comps.idmod.org/api/Simulations {'fields': 'Id,SimulationState', 'filters': 'ExperimentId=454ec13b-653d-ea11-a2c3-c4346bcb1551', 'count': 100000}
01/22 14:22:58 [DEBUG] [23868] [COMPS.Client] REQUEST -> GET https://comps.idmod.org/api/Simulations {'fields': 'Id,SimulationState', 'filters': 'ExperimentId=454ec13b-653d-ea11-a2c3-c4346bcb1551', 'count': 100000}
01/22 14:23:03 [DEBUG] [23868] [COMPS.Client] REQUEST -> GET https://comps.idmod.org/api/Simulations {'fields': 'Id,SimulationState', 'filters': 'ExperimentId=454ec13b-653d-ea11-a2c3-c4346bcb1551', 'count': 100000}
01/22 14:23:08 [DEBUG] [23868] [COMPS.Client] REQUEST -> GET https://comps.idmod.org/api/Simulations {'fields': 'Id,SimulationState', 'filters': 'ExperimentId=454ec13b-653d-ea11-a2c3-c4346bcb1551', 'count': 100000}
01/22 14:23:14 [DEBUG] [23868] [COMPS.Client] REQUEST -> GET https://comps.idmod.org/api/Simulations {'fields': 'Id,SimulationState', 'filters': 'ExperimentId=454ec13b-653d-ea11-a2c3-c4346bcb1551', 'count': 100000}
01/22 14:23:19 [DEBUG] [23868] [COMPS.Client] REQUEST -> GET https://comps.idmod.org/api/Simulations {'fields': 'Id,SimulationState', 'filters': 'ExperimentId=454ec13b-653d-ea11-a2c3-c4346bcb1551', 'count': 100000}
01/22 14:23:24 [DEBUG] [23868] [COMPS.Client] REQUEST -> GET https://comps.idmod.org/api/Simulations {'fields': 'Id,SimulationState', 'filters': 'ExperimentId=454ec13b-653d-ea11-a2c3-c4346bcb1551', 'count': 100000}
01/22 14:23:29 [DEBUG] [23868] [COMPS.Client] REQUEST -> GET https://comps.idmod.org/api/Simulations {'fields': 'Id,SimulationState', 'filters': 'ExperimentId=454ec13b-653d-ea11-a2c3-c4346bcb1551', 'count': 100000}
01/22 14:23:34 [DEBUG] [23868] [COMPS.Client] REQUEST -> GET https://comps.idmod.org/api/Simulations {'fields': 'Id,SimulationState', 'filters': 'ExperimentId=454ec13b-653d-ea11-a2c3-c4346bcb1551', 'count': 100000}
01/22 14:23:39 [DEBUG] [23868] [COMPS.Client] REQUEST -> GET https://comps.idmod.org/api/Simulations {'fields': 'Id,SimulationState', 'filters': 'ExperimentId=454ec13b-653d-ea11-a2c3-c4346bcb1551', 'count': 100000}
01/22 14:23:45 [DEBUG] [23868] [COMPS.Client] REQUEST -> GET https://comps.idmod.org/api/Simulations {'fields': 'Id,SimulationState', 'filters': 'ExperimentId=454ec13b-653d-ea11-a2c3-c4346bcb1551', 'count': 100000}
