03/06 13:58:06 [DEBUG] [23680] [COMPS.Data.SerializableEntity] OutputFileMetadata --> {'Id': '_internal_id', 'Length': 'length', 'FriendlyName': 'friendly_name', 'PathFromRoot': 'path_from_root', 'Url': 'url', 'MimeType': 'mime_type'}
03/06 13:58:06 [DEBUG] [23680] [COMPS.Data.SerializableEntity] AssetFile --> {'FileName': 'file_name', 'MD5Checksum': 'md5_checksum', 'Length': 'length', 'Uri': 'uri'}
03/06 13:58:06 [DEBUG] [23680] [COMPS.Data.SerializableEntity] AssetCollectionFile --> {'RelativePath': 'relative_path', 'Tags': 'tags', 'FileName': 'file_name', 'MD5Checksum': 'md5_checksum', 'Length': 'length', 'Uri': 'uri'}
03/06 13:58:06 [DEBUG] [23680] [COMPS.Data.SerializableEntity] AssetCollection --> {'Id': 'id', 'DateCreated': 'date_created', 'Tags': 'tags', 'Assets': 'assets'}
03/06 13:58:06 [DEBUG] [23680] [COMPS.Data.SerializableEntity] Configuration --> {'EnvironmentName': 'environment_name', 'SimulationInputArgs': 'simulation_input_args', 'WorkingDirectoryRoot': 'working_directory_root', 'ExecutablePath': 'executable_path', 'NodeGroupName': 'node_group_name', 'MaximumNumberOfRetries': 'maximum_number_of_retries', 'Priority': 'priority', 'MinCores': 'min_cores', 'MaxCores': 'max_cores', 'Exclusive': 'exclusive', 'AssetCollectionId': 'asset_collection_id'}
03/06 13:58:06 [DEBUG] [23680] [COMPS.Data.SerializableEntity] SimulationFile --> {'FileType': 'file_type', 'Description': 'description', 'FileName': 'file_name', 'MD5Checksum': 'md5_checksum', 'Length': 'length', 'Uri': 'uri'}
03/06 13:58:06 [DEBUG] [23680] [COMPS.Data.SerializableEntity] WorkItemFile --> {'FileType': 'file_type', 'Description': 'description', 'FileName': 'file_name', 'MD5Checksum': 'md5_checksum', 'Length': 'length', 'Uri': 'uri'}
03/06 13:58:06 [DEBUG] [23680] [COMPS.Data.SerializableEntity] HpcJob --> {'Id': '_internal_id', 'JobId': 'job_id', 'JobState': 'job_state', 'Priority': 'priority', 'WorkingDirectory': 'working_directory', 'OutputDirectorySize': 'output_directory_size', 'SubmitTime': 'submit_time', 'StartTime': 'start_time', 'EndTime': 'end_time', 'ErrorMessage': 'error_message', 'Configuration': 'configuration'}
03/06 13:58:06 [DEBUG] [23680] [COMPS.Data.SerializableEntity] Simulation --> {'Id': 'id', 'ExperimentId': 'experiment_id', 'Name': 'name', 'Description': 'description', 'Owner': 'owner', 'DateCreated': 'date_created', 'LastModified': 'last_modified', 'SimulationState': 'state', 'ErrorMessage': 'error_message', 'Tags': 'tags', 'Configuration': 'configuration', 'Files': 'files', 'HPCJobs': 'hpc_jobs'}
03/06 13:58:06 [DEBUG] [23680] [COMPS.Data.SerializableEntity] Experiment --> {'Id': 'id', 'SuiteId': 'suite_id', 'Name': 'name', 'Description': 'description', 'Owner': 'owner', 'DateCreated': 'date_created', 'LastModified': 'last_modified', 'Tags': 'tags', 'Configuration': 'configuration'}
03/06 13:58:06 [DEBUG] [23680] [COMPS.Data.SerializableEntity] Suite --> {'Id': 'id', 'Name': 'name', 'Description': 'description', 'Owner': 'owner', 'DateCreated': 'date_created', 'LastModified': 'last_modified', 'Tags': 'tags', 'Configuration': 'configuration'}
03/06 13:58:06 [DEBUG] [23680] [COMPS.Data.SerializableEntity] WorkItem --> {'Id': 'id', 'Name': 'name', 'Worker': 'worker', 'EnvironmentName': 'environment_name', 'Description': 'description', 'Owner': 'owner', 'DateCreated': 'date_created', 'LastModified': 'last_modified', 'State': 'state', 'ErrorMessage': 'error_message', 'HostName': 'host_name', 'WorkerInstanceId': 'worker_instance_id', 'WorkItemPriority': 'priority', 'WorkingDirectory': 'working_directory', 'WorkingDirectorySize': 'working_directory_size', 'AssetCollectionId': 'asset_collection_id', 'Tags': 'tags', 'Files': 'files', 'Plugins': 'plugins'}
03/06 13:58:07 [DEBUG] [23680] [COMPS.Client] Parsed login host: ('https', 'comps.idmod.org', None)
03/06 13:58:07 [DEBUG] [23680] [COMPS.Client] REQUEST -> GET https://comps.idmod.org/api/Simulations {'fields': 'Id', 'filters': 'SimulationState=0,ExperimentId=08352e45-f55f-ea11-a2c5-c4346bcb1550', 'count': 100000}
03/06 13:58:09 [DEBUG] [23680] [COMPS.Client] REQUEST -> GET https://comps.idmod.org/api/Simulations {'fields': 'Id,SimulationState', 'filters': 'ExperimentId=08352e45-f55f-ea11-a2c5-c4346bcb1550', 'count': 100000}
03/06 13:58:15 [DEBUG] [23680] [COMPS.Client] REQUEST -> GET https://comps.idmod.org/api/Simulations {'fields': 'Id,SimulationState', 'filters': 'ExperimentId=08352e45-f55f-ea11-a2c5-c4346bcb1550', 'count': 100000}
03/06 13:58:20 [DEBUG] [23680] [COMPS.Client] REQUEST -> GET https://comps.idmod.org/api/Simulations {'fields': 'Id,SimulationState', 'filters': 'ExperimentId=08352e45-f55f-ea11-a2c5-c4346bcb1550', 'count': 100000}
03/06 13:58:26 [DEBUG] [23680] [COMPS.Client] REQUEST -> GET https://comps.idmod.org/api/Simulations {'fields': 'Id,SimulationState', 'filters': 'ExperimentId=08352e45-f55f-ea11-a2c5-c4346bcb1550', 'count': 100000}
03/06 13:58:31 [DEBUG] [23680] [COMPS.Client] REQUEST -> GET https://comps.idmod.org/api/Simulations {'fields': 'Id,SimulationState', 'filters': 'ExperimentId=08352e45-f55f-ea11-a2c5-c4346bcb1550', 'count': 100000}
03/06 13:58:37 [DEBUG] [23680] [COMPS.Client] REQUEST -> GET https://comps.idmod.org/api/Simulations {'fields': 'Id,SimulationState', 'filters': 'ExperimentId=08352e45-f55f-ea11-a2c5-c4346bcb1550', 'count': 100000}
03/06 13:58:43 [DEBUG] [23680] [COMPS.Client] REQUEST -> GET https://comps.idmod.org/api/Simulations {'fields': 'Id,SimulationState', 'filters': 'ExperimentId=08352e45-f55f-ea11-a2c5-c4346bcb1550', 'count': 100000}
03/06 13:58:48 [DEBUG] [23680] [COMPS.Client] REQUEST -> GET https://comps.idmod.org/api/Simulations {'fields': 'Id,SimulationState', 'filters': 'ExperimentId=08352e45-f55f-ea11-a2c5-c4346bcb1550', 'count': 100000}
03/06 13:58:54 [DEBUG] [23680] [COMPS.Client] REQUEST -> GET https://comps.idmod.org/api/Simulations {'fields': 'Id,SimulationState', 'filters': 'ExperimentId=08352e45-f55f-ea11-a2c5-c4346bcb1550', 'count': 100000}
03/06 13:58:59 [DEBUG] [23680] [COMPS.Client] REQUEST -> GET https://comps.idmod.org/api/Simulations {'fields': 'Id,SimulationState', 'filters': 'ExperimentId=08352e45-f55f-ea11-a2c5-c4346bcb1550', 'count': 100000}
03/06 13:59:05 [DEBUG] [23680] [COMPS.Client] REQUEST -> GET https://comps.idmod.org/api/Simulations {'fields': 'Id,SimulationState', 'filters': 'ExperimentId=08352e45-f55f-ea11-a2c5-c4346bcb1550', 'count': 100000}
03/06 13:59:10 [DEBUG] [23680] [COMPS.Client] REQUEST -> GET https://comps.idmod.org/api/Simulations {'fields': 'Id,SimulationState', 'filters': 'ExperimentId=08352e45-f55f-ea11-a2c5-c4346bcb1550', 'count': 100000}
03/06 13:59:16 [DEBUG] [23680] [COMPS.Client] REQUEST -> GET https://comps.idmod.org/api/Simulations {'fields': 'Id,SimulationState', 'filters': 'ExperimentId=08352e45-f55f-ea11-a2c5-c4346bcb1550', 'count': 100000}
03/06 13:59:21 [DEBUG] [23680] [COMPS.Client] REQUEST -> GET https://comps.idmod.org/api/Simulations {'fields': 'Id,SimulationState', 'filters': 'ExperimentId=08352e45-f55f-ea11-a2c5-c4346bcb1550', 'count': 100000}
03/06 13:59:28 [DEBUG] [23680] [COMPS.Client] REQUEST -> GET https://comps.idmod.org/api/Simulations {'fields': 'Id,SimulationState', 'filters': 'ExperimentId=08352e45-f55f-ea11-a2c5-c4346bcb1550', 'count': 100000}
03/06 13:59:34 [DEBUG] [23680] [COMPS.Client] REQUEST -> GET https://comps.idmod.org/api/Simulations {'fields': 'Id,SimulationState', 'filters': 'ExperimentId=08352e45-f55f-ea11-a2c5-c4346bcb1550', 'count': 100000}
03/06 13:59:39 [DEBUG] [23680] [COMPS.Client] REQUEST -> GET https://comps.idmod.org/api/Simulations {'fields': 'Id,SimulationState', 'filters': 'ExperimentId=08352e45-f55f-ea11-a2c5-c4346bcb1550', 'count': 100000}
03/06 13:59:44 [DEBUG] [23680] [COMPS.Client] REQUEST -> GET https://comps.idmod.org/api/Simulations {'fields': 'Id,SimulationState', 'filters': 'ExperimentId=08352e45-f55f-ea11-a2c5-c4346bcb1550', 'count': 100000}
03/06 13:59:50 [DEBUG] [23680] [COMPS.Client] REQUEST -> GET https://comps.idmod.org/api/Simulations {'fields': 'Id,SimulationState', 'filters': 'ExperimentId=08352e45-f55f-ea11-a2c5-c4346bcb1550', 'count': 100000}
03/06 13:59:55 [DEBUG] [23680] [COMPS.Client] REQUEST -> GET https://comps.idmod.org/api/Simulations {'fields': 'Id,SimulationState', 'filters': 'ExperimentId=08352e45-f55f-ea11-a2c5-c4346bcb1550', 'count': 100000}
03/06 14:00:01 [DEBUG] [23680] [COMPS.Client] REQUEST -> GET https://comps.idmod.org/api/Simulations {'fields': 'Id,SimulationState', 'filters': 'ExperimentId=08352e45-f55f-ea11-a2c5-c4346bcb1550', 'count': 100000}
03/06 14:00:06 [DEBUG] [23680] [COMPS.Client] REQUEST -> GET https://comps.idmod.org/api/Simulations {'fields': 'Id,SimulationState', 'filters': 'ExperimentId=08352e45-f55f-ea11-a2c5-c4346bcb1550', 'count': 100000}
03/06 14:00:12 [DEBUG] [23680] [COMPS.Client] REQUEST -> GET https://comps.idmod.org/api/Simulations {'fields': 'Id,SimulationState', 'filters': 'ExperimentId=08352e45-f55f-ea11-a2c5-c4346bcb1550', 'count': 100000}
03/06 14:00:18 [DEBUG] [23680] [COMPS.Client] REQUEST -> GET https://comps.idmod.org/api/Simulations {'fields': 'Id,SimulationState', 'filters': 'ExperimentId=08352e45-f55f-ea11-a2c5-c4346bcb1550', 'count': 100000}
03/06 14:00:24 [DEBUG] [23680] [COMPS.Client] REQUEST -> GET https://comps.idmod.org/api/Simulations {'fields': 'Id,SimulationState', 'filters': 'ExperimentId=08352e45-f55f-ea11-a2c5-c4346bcb1550', 'count': 100000}
03/06 14:00:30 [DEBUG] [23680] [COMPS.Client] REQUEST -> GET https://comps.idmod.org/api/Simulations {'fields': 'Id,SimulationState', 'filters': 'ExperimentId=08352e45-f55f-ea11-a2c5-c4346bcb1550', 'count': 100000}
03/06 14:00:36 [DEBUG] [23680] [COMPS.Client] REQUEST -> GET https://comps.idmod.org/api/Simulations {'fields': 'Id,SimulationState', 'filters': 'ExperimentId=08352e45-f55f-ea11-a2c5-c4346bcb1550', 'count': 100000}
03/06 14:00:43 [DEBUG] [23680] [COMPS.Client] REQUEST -> GET https://comps.idmod.org/api/Simulations {'fields': 'Id,SimulationState', 'filters': 'ExperimentId=08352e45-f55f-ea11-a2c5-c4346bcb1550', 'count': 100000}
03/06 14:00:48 [DEBUG] [23680] [COMPS.Client] REQUEST -> GET https://comps.idmod.org/api/Simulations {'fields': 'Id,SimulationState', 'filters': 'ExperimentId=08352e45-f55f-ea11-a2c5-c4346bcb1550', 'count': 100000}
03/06 14:00:54 [DEBUG] [23680] [COMPS.Client] REQUEST -> GET https://comps.idmod.org/api/Simulations {'fields': 'Id,SimulationState', 'filters': 'ExperimentId=08352e45-f55f-ea11-a2c5-c4346bcb1550', 'count': 100000}
03/06 14:00:59 [DEBUG] [23680] [COMPS.Client] REQUEST -> GET https://comps.idmod.org/api/Simulations {'fields': 'Id,SimulationState', 'filters': 'ExperimentId=08352e45-f55f-ea11-a2c5-c4346bcb1550', 'count': 100000}
03/06 14:01:05 [DEBUG] [23680] [COMPS.Client] REQUEST -> GET https://comps.idmod.org/api/Simulations {'fields': 'Id,SimulationState', 'filters': 'ExperimentId=08352e45-f55f-ea11-a2c5-c4346bcb1550', 'count': 100000}
03/06 14:01:10 [DEBUG] [23680] [COMPS.Client] REQUEST -> GET https://comps.idmod.org/api/Simulations {'fields': 'Id,SimulationState', 'filters': 'ExperimentId=08352e45-f55f-ea11-a2c5-c4346bcb1550', 'count': 100000}
03/06 14:01:16 [DEBUG] [23680] [COMPS.Client] REQUEST -> GET https://comps.idmod.org/api/Simulations {'fields': 'Id,SimulationState', 'filters': 'ExperimentId=08352e45-f55f-ea11-a2c5-c4346bcb1550', 'count': 100000}
03/06 14:01:21 [DEBUG] [23680] [COMPS.Client] REQUEST -> GET https://comps.idmod.org/api/Simulations {'fields': 'Id,SimulationState', 'filters': 'ExperimentId=08352e45-f55f-ea11-a2c5-c4346bcb1550', 'count': 100000}
03/06 14:01:27 [DEBUG] [23680] [COMPS.Client] REQUEST -> GET https://comps.idmod.org/api/Simulations {'fields': 'Id,SimulationState', 'filters': 'ExperimentId=08352e45-f55f-ea11-a2c5-c4346bcb1550', 'count': 100000}
03/06 14:01:32 [DEBUG] [23680] [COMPS.Client] REQUEST -> GET https://comps.idmod.org/api/Simulations {'fields': 'Id,SimulationState', 'filters': 'ExperimentId=08352e45-f55f-ea11-a2c5-c4346bcb1550', 'count': 100000}
03/06 14:01:38 [DEBUG] [23680] [COMPS.Client] REQUEST -> GET https://comps.idmod.org/api/Simulations {'fields': 'Id,SimulationState', 'filters': 'ExperimentId=08352e45-f55f-ea11-a2c5-c4346bcb1550', 'count': 100000}
03/06 14:01:44 [DEBUG] [23680] [COMPS.Client] REQUEST -> GET https://comps.idmod.org/api/Simulations {'fields': 'Id,SimulationState', 'filters': 'ExperimentId=08352e45-f55f-ea11-a2c5-c4346bcb1550', 'count': 100000}
03/06 14:01:50 [DEBUG] [23680] [COMPS.Client] REQUEST -> GET https://comps.idmod.org/api/Simulations {'fields': 'Id,SimulationState', 'filters': 'ExperimentId=08352e45-f55f-ea11-a2c5-c4346bcb1550', 'count': 100000}
03/06 14:01:55 [DEBUG] [23680] [COMPS.Client] REQUEST -> GET https://comps.idmod.org/api/Simulations {'fields': 'Id,SimulationState', 'filters': 'ExperimentId=08352e45-f55f-ea11-a2c5-c4346bcb1550', 'count': 100000}
03/06 14:02:01 [DEBUG] [23680] [COMPS.Client] REQUEST -> GET https://comps.idmod.org/api/Simulations {'fields': 'Id,SimulationState', 'filters': 'ExperimentId=08352e45-f55f-ea11-a2c5-c4346bcb1550', 'count': 100000}
03/06 14:02:06 [DEBUG] [23680] [COMPS.Client] REQUEST -> GET https://comps.idmod.org/api/Simulations {'fields': 'Id,SimulationState', 'filters': 'ExperimentId=08352e45-f55f-ea11-a2c5-c4346bcb1550', 'count': 100000}
03/06 14:02:11 [DEBUG] [23680] [COMPS.Client] REQUEST -> GET https://comps.idmod.org/api/Simulations {'fields': 'Id,SimulationState', 'filters': 'ExperimentId=08352e45-f55f-ea11-a2c5-c4346bcb1550', 'count': 100000}
03/06 14:02:17 [DEBUG] [23680] [COMPS.Client] REQUEST -> GET https://comps.idmod.org/api/Simulations {'fields': 'Id,SimulationState', 'filters': 'ExperimentId=08352e45-f55f-ea11-a2c5-c4346bcb1550', 'count': 100000}
03/06 14:02:22 [DEBUG] [23680] [COMPS.Client] REQUEST -> GET https://comps.idmod.org/api/Simulations {'fields': 'Id,SimulationState', 'filters': 'ExperimentId=08352e45-f55f-ea11-a2c5-c4346bcb1550', 'count': 100000}
03/06 14:02:28 [DEBUG] [23680] [COMPS.Client] REQUEST -> GET https://comps.idmod.org/api/Simulations {'fields': 'Id,SimulationState', 'filters': 'ExperimentId=08352e45-f55f-ea11-a2c5-c4346bcb1550', 'count': 100000}
03/06 14:02:34 [DEBUG] [23680] [COMPS.Client] REQUEST -> GET https://comps.idmod.org/api/Simulations {'fields': 'Id,SimulationState', 'filters': 'ExperimentId=08352e45-f55f-ea11-a2c5-c4346bcb1550', 'count': 100000}
03/06 14:02:40 [DEBUG] [23680] [COMPS.Client] REQUEST -> GET https://comps.idmod.org/api/Simulations {'fields': 'Id,SimulationState', 'filters': 'ExperimentId=08352e45-f55f-ea11-a2c5-c4346bcb1550', 'count': 100000}
03/06 14:02:46 [DEBUG] [23680] [COMPS.Client] REQUEST -> GET https://comps.idmod.org/api/Simulations {'fields': 'Id,SimulationState', 'filters': 'ExperimentId=08352e45-f55f-ea11-a2c5-c4346bcb1550', 'count': 100000}
03/06 14:02:52 [DEBUG] [23680] [COMPS.Client] REQUEST -> GET https://comps.idmod.org/api/Simulations {'fields': 'Id,SimulationState', 'filters': 'ExperimentId=08352e45-f55f-ea11-a2c5-c4346bcb1550', 'count': 100000}
03/06 14:02:58 [DEBUG] [23680] [COMPS.Client] REQUEST -> GET https://comps.idmod.org/api/Simulations {'fields': 'Id,SimulationState', 'filters': 'ExperimentId=08352e45-f55f-ea11-a2c5-c4346bcb1550', 'count': 100000}
03/06 14:03:04 [DEBUG] [23680] [COMPS.Client] REQUEST -> GET https://comps.idmod.org/api/Simulations {'fields': 'Id,SimulationState', 'filters': 'ExperimentId=08352e45-f55f-ea11-a2c5-c4346bcb1550', 'count': 100000}
03/06 14:03:10 [DEBUG] [23680] [COMPS.Client] REQUEST -> GET https://comps.idmod.org/api/Simulations {'fields': 'Id,SimulationState', 'filters': 'ExperimentId=08352e45-f55f-ea11-a2c5-c4346bcb1550', 'count': 100000}
03/06 14:03:16 [DEBUG] [23680] [COMPS.Client] REQUEST -> GET https://comps.idmod.org/api/Simulations {'fields': 'Id,SimulationState', 'filters': 'ExperimentId=08352e45-f55f-ea11-a2c5-c4346bcb1550', 'count': 100000}
03/06 14:03:23 [DEBUG] [23680] [COMPS.Client] REQUEST -> GET https://comps.idmod.org/api/Simulations {'fields': 'Id,SimulationState', 'filters': 'ExperimentId=08352e45-f55f-ea11-a2c5-c4346bcb1550', 'count': 100000}
03/06 14:03:29 [DEBUG] [23680] [COMPS.Client] REQUEST -> GET https://comps.idmod.org/api/Simulations {'fields': 'Id,SimulationState', 'filters': 'ExperimentId=08352e45-f55f-ea11-a2c5-c4346bcb1550', 'count': 100000}
03/06 14:03:35 [DEBUG] [23680] [COMPS.Client] REQUEST -> GET https://comps.idmod.org/api/Simulations {'fields': 'Id,SimulationState', 'filters': 'ExperimentId=08352e45-f55f-ea11-a2c5-c4346bcb1550', 'count': 100000}
03/06 14:03:41 [DEBUG] [23680] [COMPS.Client] REQUEST -> GET https://comps.idmod.org/api/Simulations {'fields': 'Id,SimulationState', 'filters': 'ExperimentId=08352e45-f55f-ea11-a2c5-c4346bcb1550', 'count': 100000}
03/06 14:03:48 [DEBUG] [23680] [COMPS.Client] REQUEST -> GET https://comps.idmod.org/api/Simulations {'fields': 'Id,SimulationState', 'filters': 'ExperimentId=08352e45-f55f-ea11-a2c5-c4346bcb1550', 'count': 100000}
03/06 14:03:53 [DEBUG] [23680] [COMPS.Client] REQUEST -> GET https://comps.idmod.org/api/Simulations {'fields': 'Id,SimulationState', 'filters': 'ExperimentId=08352e45-f55f-ea11-a2c5-c4346bcb1550', 'count': 100000}
03/06 14:03:59 [DEBUG] [23680] [COMPS.Client] REQUEST -> GET https://comps.idmod.org/api/Simulations {'fields': 'Id,SimulationState', 'filters': 'ExperimentId=08352e45-f55f-ea11-a2c5-c4346bcb1550', 'count': 100000}
03/06 14:04:05 [DEBUG] [23680] [COMPS.Client] REQUEST -> GET https://comps.idmod.org/api/Simulations {'fields': 'Id,SimulationState', 'filters': 'ExperimentId=08352e45-f55f-ea11-a2c5-c4346bcb1550', 'count': 100000}
03/06 14:04:10 [DEBUG] [23680] [COMPS.Client] REQUEST -> GET https://comps.idmod.org/api/Simulations {'fields': 'Id,SimulationState', 'filters': 'ExperimentId=08352e45-f55f-ea11-a2c5-c4346bcb1550', 'count': 100000}
03/06 14:04:16 [DEBUG] [23680] [COMPS.Client] REQUEST -> GET https://comps.idmod.org/api/Simulations {'fields': 'Id,SimulationState', 'filters': 'ExperimentId=08352e45-f55f-ea11-a2c5-c4346bcb1550', 'count': 100000}
03/06 14:04:21 [DEBUG] [23680] [COMPS.Client] REQUEST -> GET https://comps.idmod.org/api/Simulations {'fields': 'Id,SimulationState', 'filters': 'ExperimentId=08352e45-f55f-ea11-a2c5-c4346bcb1550', 'count': 100000}
03/06 14:04:27 [DEBUG] [23680] [COMPS.Client] REQUEST -> GET https://comps.idmod.org/api/Simulations {'fields': 'Id,SimulationState', 'filters': 'ExperimentId=08352e45-f55f-ea11-a2c5-c4346bcb1550', 'count': 100000}
03/06 14:04:33 [DEBUG] [23680] [COMPS.Client] REQUEST -> GET https://comps.idmod.org/api/Simulations {'fields': 'Id,SimulationState', 'filters': 'ExperimentId=08352e45-f55f-ea11-a2c5-c4346bcb1550', 'count': 100000}
03/06 14:04:40 [DEBUG] [23680] [COMPS.Client] REQUEST -> GET https://comps.idmod.org/api/Simulations {'fields': 'Id,SimulationState', 'filters': 'ExperimentId=08352e45-f55f-ea11-a2c5-c4346bcb1550', 'count': 100000}
03/06 14:04:46 [DEBUG] [23680] [COMPS.Client] REQUEST -> GET https://comps.idmod.org/api/Simulations {'fields': 'Id,SimulationState', 'filters': 'ExperimentId=08352e45-f55f-ea11-a2c5-c4346bcb1550', 'count': 100000}
03/06 14:04:54 [DEBUG] [23680] [COMPS.Client] REQUEST -> GET https://comps.idmod.org/api/Simulations {'fields': 'Id,SimulationState', 'filters': 'ExperimentId=08352e45-f55f-ea11-a2c5-c4346bcb1550', 'count': 100000}
03/06 14:04:59 [DEBUG] [23680] [COMPS.Client] REQUEST -> GET https://comps.idmod.org/api/Simulations {'fields': 'Id,SimulationState', 'filters': 'ExperimentId=08352e45-f55f-ea11-a2c5-c4346bcb1550', 'count': 100000}
03/06 14:05:04 [DEBUG] [23680] [COMPS.Client] REQUEST -> GET https://comps.idmod.org/api/Simulations {'fields': 'Id,SimulationState', 'filters': 'ExperimentId=08352e45-f55f-ea11-a2c5-c4346bcb1550', 'count': 100000}
03/06 14:05:10 [DEBUG] [23680] [COMPS.Client] REQUEST -> GET https://comps.idmod.org/api/Simulations {'fields': 'Id,SimulationState', 'filters': 'ExperimentId=08352e45-f55f-ea11-a2c5-c4346bcb1550', 'count': 100000}
03/06 14:05:15 [DEBUG] [23680] [COMPS.Client] REQUEST -> GET https://comps.idmod.org/api/Simulations {'fields': 'Id,SimulationState', 'filters': 'ExperimentId=08352e45-f55f-ea11-a2c5-c4346bcb1550', 'count': 100000}
03/06 14:05:23 [DEBUG] [23680] [COMPS.Client] REQUEST -> GET https://comps.idmod.org/api/Simulations {'fields': 'Id,SimulationState', 'filters': 'ExperimentId=08352e45-f55f-ea11-a2c5-c4346bcb1550', 'count': 100000}
03/06 14:05:29 [DEBUG] [23680] [COMPS.Client] REQUEST -> GET https://comps.idmod.org/api/Simulations {'fields': 'Id,SimulationState', 'filters': 'ExperimentId=08352e45-f55f-ea11-a2c5-c4346bcb1550', 'count': 100000}
03/06 14:05:34 [DEBUG] [23680] [COMPS.Client] REQUEST -> GET https://comps.idmod.org/api/Simulations {'fields': 'Id,SimulationState', 'filters': 'ExperimentId=08352e45-f55f-ea11-a2c5-c4346bcb1550', 'count': 100000}
03/06 14:05:40 [DEBUG] [23680] [COMPS.Client] REQUEST -> GET https://comps.idmod.org/api/Simulations {'fields': 'Id,SimulationState', 'filters': 'ExperimentId=08352e45-f55f-ea11-a2c5-c4346bcb1550', 'count': 100000}
03/06 14:05:45 [DEBUG] [23680] [COMPS.Client] REQUEST -> GET https://comps.idmod.org/api/Simulations {'fields': 'Id,SimulationState', 'filters': 'ExperimentId=08352e45-f55f-ea11-a2c5-c4346bcb1550', 'count': 100000}
03/06 14:05:52 [DEBUG] [23680] [COMPS.Client] REQUEST -> GET https://comps.idmod.org/api/Simulations {'fields': 'Id,SimulationState', 'filters': 'ExperimentId=08352e45-f55f-ea11-a2c5-c4346bcb1550', 'count': 100000}
03/06 14:05:57 [DEBUG] [23680] [COMPS.Client] REQUEST -> GET https://comps.idmod.org/api/Simulations {'fields': 'Id,SimulationState', 'filters': 'ExperimentId=08352e45-f55f-ea11-a2c5-c4346bcb1550', 'count': 100000}
03/06 14:06:03 [DEBUG] [23680] [COMPS.Client] REQUEST -> GET https://comps.idmod.org/api/Simulations {'fields': 'Id,SimulationState', 'filters': 'ExperimentId=08352e45-f55f-ea11-a2c5-c4346bcb1550', 'count': 100000}
03/06 14:06:08 [DEBUG] [23680] [COMPS.Client] REQUEST -> GET https://comps.idmod.org/api/Simulations {'fields': 'Id,SimulationState', 'filters': 'ExperimentId=08352e45-f55f-ea11-a2c5-c4346bcb1550', 'count': 100000}
03/06 14:06:14 [DEBUG] [23680] [COMPS.Client] REQUEST -> GET https://comps.idmod.org/api/Simulations {'fields': 'Id,SimulationState', 'filters': 'ExperimentId=08352e45-f55f-ea11-a2c5-c4346bcb1550', 'count': 100000}
03/06 14:06:19 [DEBUG] [23680] [COMPS.Client] REQUEST -> GET https://comps.idmod.org/api/Simulations {'fields': 'Id,SimulationState', 'filters': 'ExperimentId=08352e45-f55f-ea11-a2c5-c4346bcb1550', 'count': 100000}
03/06 14:06:25 [DEBUG] [23680] [COMPS.Client] REQUEST -> GET https://comps.idmod.org/api/Simulations {'fields': 'Id,SimulationState', 'filters': 'ExperimentId=08352e45-f55f-ea11-a2c5-c4346bcb1550', 'count': 100000}
03/06 14:06:32 [DEBUG] [23680] [COMPS.Client] REQUEST -> GET https://comps.idmod.org/api/Simulations {'fields': 'Id,SimulationState', 'filters': 'ExperimentId=08352e45-f55f-ea11-a2c5-c4346bcb1550', 'count': 100000}
03/06 14:06:37 [DEBUG] [23680] [COMPS.Client] REQUEST -> GET https://comps.idmod.org/api/Simulations {'fields': 'Id,SimulationState', 'filters': 'ExperimentId=08352e45-f55f-ea11-a2c5-c4346bcb1550', 'count': 100000}
03/06 14:06:44 [DEBUG] [23680] [COMPS.Client] REQUEST -> GET https://comps.idmod.org/api/Simulations {'fields': 'Id,SimulationState', 'filters': 'ExperimentId=08352e45-f55f-ea11-a2c5-c4346bcb1550', 'count': 100000}
03/06 14:06:50 [DEBUG] [23680] [COMPS.Client] REQUEST -> GET https://comps.idmod.org/api/Simulations {'fields': 'Id,SimulationState', 'filters': 'ExperimentId=08352e45-f55f-ea11-a2c5-c4346bcb1550', 'count': 100000}
03/06 14:06:57 [DEBUG] [23680] [COMPS.Client] REQUEST -> GET https://comps.idmod.org/api/Simulations {'fields': 'Id,SimulationState', 'filters': 'ExperimentId=08352e45-f55f-ea11-a2c5-c4346bcb1550', 'count': 100000}
03/06 14:07:02 [DEBUG] [23680] [COMPS.Client] REQUEST -> GET https://comps.idmod.org/api/Simulations {'fields': 'Id,SimulationState', 'filters': 'ExperimentId=08352e45-f55f-ea11-a2c5-c4346bcb1550', 'count': 100000}
03/06 14:07:10 [DEBUG] [23680] [COMPS.Client] REQUEST -> GET https://comps.idmod.org/api/Simulations {'fields': 'Id,SimulationState', 'filters': 'ExperimentId=08352e45-f55f-ea11-a2c5-c4346bcb1550', 'count': 100000}
03/06 14:07:15 [DEBUG] [23680] [COMPS.Client] REQUEST -> GET https://comps.idmod.org/api/Simulations {'fields': 'Id,SimulationState', 'filters': 'ExperimentId=08352e45-f55f-ea11-a2c5-c4346bcb1550', 'count': 100000}
03/06 14:07:21 [DEBUG] [23680] [COMPS.Client] REQUEST -> GET https://comps.idmod.org/api/Simulations {'fields': 'Id,SimulationState', 'filters': 'ExperimentId=08352e45-f55f-ea11-a2c5-c4346bcb1550', 'count': 100000}
03/06 14:07:26 [DEBUG] [23680] [COMPS.Client] REQUEST -> GET https://comps.idmod.org/api/Simulations {'fields': 'Id,SimulationState', 'filters': 'ExperimentId=08352e45-f55f-ea11-a2c5-c4346bcb1550', 'count': 100000}
03/06 14:07:31 [DEBUG] [23680] [COMPS.Client] REQUEST -> GET https://comps.idmod.org/api/Simulations {'fields': 'Id,SimulationState', 'filters': 'ExperimentId=08352e45-f55f-ea11-a2c5-c4346bcb1550', 'count': 100000}
03/06 14:07:37 [DEBUG] [23680] [COMPS.Client] REQUEST -> GET https://comps.idmod.org/api/Simulations {'fields': 'Id,SimulationState', 'filters': 'ExperimentId=08352e45-f55f-ea11-a2c5-c4346bcb1550', 'count': 100000}
03/06 14:07:43 [DEBUG] [23680] [COMPS.Client] REQUEST -> GET https://comps.idmod.org/api/Simulations {'fields': 'Id,SimulationState', 'filters': 'ExperimentId=08352e45-f55f-ea11-a2c5-c4346bcb1550', 'count': 100000}
03/06 14:07:48 [DEBUG] [23680] [COMPS.Client] REQUEST -> GET https://comps.idmod.org/api/Simulations {'fields': 'Id,SimulationState', 'filters': 'ExperimentId=08352e45-f55f-ea11-a2c5-c4346bcb1550', 'count': 100000}
03/06 14:07:54 [DEBUG] [23680] [COMPS.Client] REQUEST -> GET https://comps.idmod.org/api/Simulations {'fields': 'Id,SimulationState', 'filters': 'ExperimentId=08352e45-f55f-ea11-a2c5-c4346bcb1550', 'count': 100000}
03/06 14:08:00 [DEBUG] [23680] [COMPS.Client] REQUEST -> GET https://comps.idmod.org/api/Simulations {'fields': 'Id,SimulationState', 'filters': 'ExperimentId=08352e45-f55f-ea11-a2c5-c4346bcb1550', 'count': 100000}
03/06 14:08:06 [DEBUG] [23680] [COMPS.Client] REQUEST -> GET https://comps.idmod.org/api/Simulations {'fields': 'Id,SimulationState', 'filters': 'ExperimentId=08352e45-f55f-ea11-a2c5-c4346bcb1550', 'count': 100000}
03/06 14:08:13 [DEBUG] [23680] [COMPS.Client] REQUEST -> GET https://comps.idmod.org/api/Simulations {'fields': 'Id,SimulationState', 'filters': 'ExperimentId=08352e45-f55f-ea11-a2c5-c4346bcb1550', 'count': 100000}
03/06 14:08:18 [DEBUG] [23680] [COMPS.Client] REQUEST -> GET https://comps.idmod.org/api/Simulations {'fields': 'Id,SimulationState', 'filters': 'ExperimentId=08352e45-f55f-ea11-a2c5-c4346bcb1550', 'count': 100000}
03/06 14:08:24 [DEBUG] [23680] [COMPS.Client] REQUEST -> GET https://comps.idmod.org/api/Simulations {'fields': 'Id,SimulationState', 'filters': 'ExperimentId=08352e45-f55f-ea11-a2c5-c4346bcb1550', 'count': 100000}
03/06 14:08:29 [DEBUG] [23680] [COMPS.Client] REQUEST -> GET https://comps.idmod.org/api/Simulations {'fields': 'Id,SimulationState', 'filters': 'ExperimentId=08352e45-f55f-ea11-a2c5-c4346bcb1550', 'count': 100000}
03/06 14:08:35 [DEBUG] [23680] [COMPS.Client] REQUEST -> GET https://comps.idmod.org/api/Simulations {'fields': 'Id,SimulationState', 'filters': 'ExperimentId=08352e45-f55f-ea11-a2c5-c4346bcb1550', 'count': 100000}
03/06 14:08:42 [DEBUG] [23680] [COMPS.Client] REQUEST -> GET https://comps.idmod.org/api/Simulations {'fields': 'Id,SimulationState', 'filters': 'ExperimentId=08352e45-f55f-ea11-a2c5-c4346bcb1550', 'count': 100000}
03/06 14:08:47 [DEBUG] [23680] [COMPS.Client] REQUEST -> GET https://comps.idmod.org/api/Simulations {'fields': 'Id,SimulationState', 'filters': 'ExperimentId=08352e45-f55f-ea11-a2c5-c4346bcb1550', 'count': 100000}
03/06 14:08:53 [DEBUG] [23680] [COMPS.Client] REQUEST -> GET https://comps.idmod.org/api/Simulations {'fields': 'Id,SimulationState', 'filters': 'ExperimentId=08352e45-f55f-ea11-a2c5-c4346bcb1550', 'count': 100000}
03/06 14:08:59 [DEBUG] [23680] [COMPS.Client] REQUEST -> GET https://comps.idmod.org/api/Simulations {'fields': 'Id,SimulationState', 'filters': 'ExperimentId=08352e45-f55f-ea11-a2c5-c4346bcb1550', 'count': 100000}
03/06 14:09:04 [DEBUG] [23680] [COMPS.Client] REQUEST -> GET https://comps.idmod.org/api/Simulations {'fields': 'Id,SimulationState', 'filters': 'ExperimentId=08352e45-f55f-ea11-a2c5-c4346bcb1550', 'count': 100000}
03/06 14:09:10 [DEBUG] [23680] [COMPS.Client] REQUEST -> GET https://comps.idmod.org/api/Simulations {'fields': 'Id,SimulationState', 'filters': 'ExperimentId=08352e45-f55f-ea11-a2c5-c4346bcb1550', 'count': 100000}
03/06 14:09:15 [DEBUG] [23680] [COMPS.Client] REQUEST -> GET https://comps.idmod.org/api/Simulations {'fields': 'Id,SimulationState', 'filters': 'ExperimentId=08352e45-f55f-ea11-a2c5-c4346bcb1550', 'count': 100000}
03/06 14:09:21 [DEBUG] [23680] [COMPS.Client] REQUEST -> GET https://comps.idmod.org/api/Simulations {'fields': 'Id,SimulationState', 'filters': 'ExperimentId=08352e45-f55f-ea11-a2c5-c4346bcb1550', 'count': 100000}
03/06 14:09:27 [DEBUG] [23680] [COMPS.Client] REQUEST -> GET https://comps.idmod.org/api/Simulations {'fields': 'Id,SimulationState', 'filters': 'ExperimentId=08352e45-f55f-ea11-a2c5-c4346bcb1550', 'count': 100000}
03/06 14:09:33 [DEBUG] [23680] [COMPS.Client] REQUEST -> GET https://comps.idmod.org/api/Simulations {'fields': 'Id,SimulationState', 'filters': 'ExperimentId=08352e45-f55f-ea11-a2c5-c4346bcb1550', 'count': 100000}
03/06 14:09:39 [DEBUG] [23680] [COMPS.Client] REQUEST -> GET https://comps.idmod.org/api/Simulations {'fields': 'Id,SimulationState', 'filters': 'ExperimentId=08352e45-f55f-ea11-a2c5-c4346bcb1550', 'count': 100000}
03/06 14:09:47 [DEBUG] [23680] [COMPS.Client] REQUEST -> GET https://comps.idmod.org/api/Simulations {'fields': 'Id,SimulationState', 'filters': 'ExperimentId=08352e45-f55f-ea11-a2c5-c4346bcb1550', 'count': 100000}
03/06 14:09:52 [DEBUG] [23680] [COMPS.Client] REQUEST -> GET https://comps.idmod.org/api/Simulations {'fields': 'Id,SimulationState', 'filters': 'ExperimentId=08352e45-f55f-ea11-a2c5-c4346bcb1550', 'count': 100000}
03/06 14:09:57 [DEBUG] [23680] [COMPS.Client] REQUEST -> GET https://comps.idmod.org/api/Simulations {'fields': 'Id,SimulationState', 'filters': 'ExperimentId=08352e45-f55f-ea11-a2c5-c4346bcb1550', 'count': 100000}
03/06 14:10:03 [DEBUG] [23680] [COMPS.Client] REQUEST -> GET https://comps.idmod.org/api/Simulations {'fields': 'Id,SimulationState', 'filters': 'ExperimentId=08352e45-f55f-ea11-a2c5-c4346bcb1550', 'count': 100000}
03/06 14:10:09 [DEBUG] [23680] [COMPS.Client] REQUEST -> GET https://comps.idmod.org/api/Simulations {'fields': 'Id,SimulationState', 'filters': 'ExperimentId=08352e45-f55f-ea11-a2c5-c4346bcb1550', 'count': 100000}
03/06 14:10:14 [DEBUG] [23680] [COMPS.Client] REQUEST -> GET https://comps.idmod.org/api/Simulations {'fields': 'Id,SimulationState', 'filters': 'ExperimentId=08352e45-f55f-ea11-a2c5-c4346bcb1550', 'count': 100000}
03/06 14:10:20 [DEBUG] [23680] [COMPS.Client] REQUEST -> GET https://comps.idmod.org/api/Simulations {'fields': 'Id,SimulationState', 'filters': 'ExperimentId=08352e45-f55f-ea11-a2c5-c4346bcb1550', 'count': 100000}
03/06 14:10:25 [DEBUG] [23680] [COMPS.Client] REQUEST -> GET https://comps.idmod.org/api/Simulations {'fields': 'Id,SimulationState', 'filters': 'ExperimentId=08352e45-f55f-ea11-a2c5-c4346bcb1550', 'count': 100000}
03/06 14:10:31 [DEBUG] [23680] [COMPS.Client] REQUEST -> GET https://comps.idmod.org/api/Simulations {'fields': 'Id,SimulationState', 'filters': 'ExperimentId=08352e45-f55f-ea11-a2c5-c4346bcb1550', 'count': 100000}
03/06 14:10:37 [DEBUG] [23680] [COMPS.Client] REQUEST -> GET https://comps.idmod.org/api/Simulations {'fields': 'Id,SimulationState', 'filters': 'ExperimentId=08352e45-f55f-ea11-a2c5-c4346bcb1550', 'count': 100000}
03/06 14:10:42 [DEBUG] [23680] [COMPS.Client] REQUEST -> GET https://comps.idmod.org/api/Simulations {'fields': 'Id,SimulationState', 'filters': 'ExperimentId=08352e45-f55f-ea11-a2c5-c4346bcb1550', 'count': 100000}
03/06 14:10:48 [DEBUG] [23680] [COMPS.Client] REQUEST -> GET https://comps.idmod.org/api/Simulations {'fields': 'Id,SimulationState', 'filters': 'ExperimentId=08352e45-f55f-ea11-a2c5-c4346bcb1550', 'count': 100000}
03/06 14:10:54 [DEBUG] [23680] [COMPS.Client] REQUEST -> GET https://comps.idmod.org/api/Simulations {'fields': 'Id,SimulationState', 'filters': 'ExperimentId=08352e45-f55f-ea11-a2c5-c4346bcb1550', 'count': 100000}
03/06 14:10:59 [DEBUG] [23680] [COMPS.Client] REQUEST -> GET https://comps.idmod.org/api/Simulations {'fields': 'Id,SimulationState', 'filters': 'ExperimentId=08352e45-f55f-ea11-a2c5-c4346bcb1550', 'count': 100000}
03/06 14:11:04 [DEBUG] [23680] [COMPS.Client] REQUEST -> GET https://comps.idmod.org/api/Simulations {'fields': 'Id,SimulationState', 'filters': 'ExperimentId=08352e45-f55f-ea11-a2c5-c4346bcb1550', 'count': 100000}
03/06 14:11:10 [DEBUG] [23680] [COMPS.Client] REQUEST -> GET https://comps.idmod.org/api/Simulations {'fields': 'Id,SimulationState', 'filters': 'ExperimentId=08352e45-f55f-ea11-a2c5-c4346bcb1550', 'count': 100000}
03/06 14:11:18 [DEBUG] [23680] [COMPS.Client] REQUEST -> GET https://comps.idmod.org/api/Simulations {'fields': 'Id,SimulationState', 'filters': 'ExperimentId=08352e45-f55f-ea11-a2c5-c4346bcb1550', 'count': 100000}
03/06 14:11:23 [DEBUG] [23680] [COMPS.Client] REQUEST -> GET https://comps.idmod.org/api/Simulations {'fields': 'Id,SimulationState', 'filters': 'ExperimentId=08352e45-f55f-ea11-a2c5-c4346bcb1550', 'count': 100000}
03/06 14:11:31 [DEBUG] [23680] [COMPS.Client] REQUEST -> GET https://comps.idmod.org/api/Simulations {'fields': 'Id,SimulationState', 'filters': 'ExperimentId=08352e45-f55f-ea11-a2c5-c4346bcb1550', 'count': 100000}
03/06 14:11:38 [DEBUG] [23680] [COMPS.Client] REQUEST -> GET https://comps.idmod.org/api/Simulations {'fields': 'Id,SimulationState', 'filters': 'ExperimentId=08352e45-f55f-ea11-a2c5-c4346bcb1550', 'count': 100000}
03/06 14:11:46 [DEBUG] [23680] [COMPS.Client] REQUEST -> GET https://comps.idmod.org/api/Simulations {'fields': 'Id,SimulationState', 'filters': 'ExperimentId=08352e45-f55f-ea11-a2c5-c4346bcb1550', 'count': 100000}
03/06 14:11:51 [DEBUG] [23680] [COMPS.Client] REQUEST -> GET https://comps.idmod.org/api/Simulations {'fields': 'Id,SimulationState', 'filters': 'ExperimentId=08352e45-f55f-ea11-a2c5-c4346bcb1550', 'count': 100000}
03/06 14:11:57 [DEBUG] [23680] [COMPS.Client] REQUEST -> GET https://comps.idmod.org/api/Simulations {'fields': 'Id,SimulationState', 'filters': 'ExperimentId=08352e45-f55f-ea11-a2c5-c4346bcb1550', 'count': 100000}
