11/04 14:56:33 [DEBUG] [8784] [COMPS.Data.SerializableEntity] OutputFileMetadata --> {'Id': '_internal_id', 'Length': 'length', 'FriendlyName': 'friendly_name', 'PathFromRoot': 'path_from_root', 'Url': 'url', 'MimeType': 'mime_type'}
11/04 14:56:33 [DEBUG] [8784] [COMPS.Data.SerializableEntity] AssetFile --> {'FileName': 'file_name', 'MD5Checksum': 'md5_checksum', 'Length': 'length', 'Uri': 'uri'}
11/04 14:56:33 [DEBUG] [8784] [COMPS.Data.SerializableEntity] AssetCollectionFile --> {'RelativePath': 'relative_path', 'Tags': 'tags', 'FileName': 'file_name', 'MD5Checksum': 'md5_checksum', 'Length': 'length', 'Uri': 'uri'}
11/04 14:56:33 [DEBUG] [8784] [COMPS.Data.SerializableEntity] AssetCollection --> {'Id': 'id', 'DateCreated': 'date_created', 'Tags': 'tags', 'Assets': 'assets'}
11/04 14:56:33 [DEBUG] [8784] [COMPS.Data.SerializableEntity] Configuration --> {'EnvironmentName': 'environment_name', 'SimulationInputArgs': 'simulation_input_args', 'WorkingDirectoryRoot': 'working_directory_root', 'ExecutablePath': 'executable_path', 'NodeGroupName': 'node_group_name', 'MaximumNumberOfRetries': 'maximum_number_of_retries', 'Priority': 'priority', 'MinCores': 'min_cores', 'MaxCores': 'max_cores', 'Exclusive': 'exclusive', 'AssetCollectionId': 'asset_collection_id'}
11/04 14:56:33 [DEBUG] [8784] [COMPS.Data.SerializableEntity] SimulationFile --> {'FileType': 'file_type', 'Description': 'description', 'FileName': 'file_name', 'MD5Checksum': 'md5_checksum', 'Length': 'length', 'Uri': 'uri'}
11/04 14:56:33 [DEBUG] [8784] [COMPS.Data.SerializableEntity] WorkItemFile --> {'FileType': 'file_type', 'Description': 'description', 'FileName': 'file_name', 'MD5Checksum': 'md5_checksum', 'Length': 'length', 'Uri': 'uri'}
11/04 14:56:33 [DEBUG] [8784] [COMPS.Data.SerializableEntity] HpcJob --> {'Id': '_internal_id', 'JobId': 'job_id', 'JobState': 'job_state', 'Priority': 'priority', 'WorkingDirectory': 'working_directory', 'OutputDirectorySize': 'output_directory_size', 'SubmitTime': 'submit_time', 'StartTime': 'start_time', 'EndTime': 'end_time', 'ErrorMessage': 'error_message', 'Configuration': 'configuration'}
11/04 14:56:33 [DEBUG] [8784] [COMPS.Data.SerializableEntity] Simulation --> {'Id': 'id', 'ExperimentId': 'experiment_id', 'Name': 'name', 'Description': 'description', 'Owner': 'owner', 'DateCreated': 'date_created', 'LastModified': 'last_modified', 'SimulationState': 'state', 'ErrorMessage': 'error_message', 'Tags': 'tags', 'Configuration': 'configuration', 'Files': 'files', 'HPCJobs': 'hpc_jobs'}
11/04 14:56:33 [DEBUG] [8784] [COMPS.Data.SerializableEntity] Experiment --> {'Id': 'id', 'SuiteId': 'suite_id', 'Name': 'name', 'Description': 'description', 'Owner': 'owner', 'DateCreated': 'date_created', 'LastModified': 'last_modified', 'Tags': 'tags', 'Configuration': 'configuration'}
11/04 14:56:33 [DEBUG] [8784] [COMPS.Data.SerializableEntity] Suite --> {'Id': 'id', 'Name': 'name', 'Description': 'description', 'Owner': 'owner', 'DateCreated': 'date_created', 'LastModified': 'last_modified', 'Tags': 'tags', 'Configuration': 'configuration'}
11/04 14:56:33 [DEBUG] [8784] [COMPS.Data.SerializableEntity] WorkItem --> {'Id': 'id', 'Name': 'name', 'Worker': 'worker', 'EnvironmentName': 'environment_name', 'Description': 'description', 'Owner': 'owner', 'DateCreated': 'date_created', 'LastModified': 'last_modified', 'State': 'state', 'ErrorMessage': 'error_message', 'HostName': 'host_name', 'WorkerInstanceId': 'worker_instance_id', 'WorkItemPriority': 'priority', 'WorkingDirectory': 'working_directory', 'WorkingDirectorySize': 'working_directory_size', 'AssetCollectionId': 'asset_collection_id', 'Tags': 'tags', 'Files': 'files', 'Plugins': 'plugins'}
11/04 14:56:34 [DEBUG] [8784] [COMPS.Client] Parsed login host: ('https', 'comps.idmod.org', None)
11/04 14:56:34 [DEBUG] [8784] [COMPS.Client] REQUEST -> GET https://comps.idmod.org/api/Simulations {'fields': 'Id', 'filters': 'SimulationState=0,ExperimentId=9be99541-56ff-e911-a2c3-c4346bcb1551', 'count': 100000}
11/04 14:56:36 [DEBUG] [8784] [COMPS.Client] REQUEST -> GET https://comps.idmod.org/api/Simulations {'fields': 'Id,SimulationState', 'filters': 'ExperimentId=9be99541-56ff-e911-a2c3-c4346bcb1551', 'count': 100000}
11/04 14:56:41 [DEBUG] [8784] [COMPS.Client] REQUEST -> GET https://comps.idmod.org/api/Simulations {'fields': 'Id,SimulationState', 'filters': 'ExperimentId=9be99541-56ff-e911-a2c3-c4346bcb1551', 'count': 100000}
11/04 14:56:46 [DEBUG] [8784] [COMPS.Client] REQUEST -> GET https://comps.idmod.org/api/Simulations {'fields': 'Id,SimulationState', 'filters': 'ExperimentId=9be99541-56ff-e911-a2c3-c4346bcb1551', 'count': 100000}
11/04 14:56:51 [DEBUG] [8784] [COMPS.Client] REQUEST -> GET https://comps.idmod.org/api/Simulations {'fields': 'Id,SimulationState', 'filters': 'ExperimentId=9be99541-56ff-e911-a2c3-c4346bcb1551', 'count': 100000}
11/04 14:56:56 [DEBUG] [8784] [COMPS.Client] REQUEST -> GET https://comps.idmod.org/api/Simulations {'fields': 'Id,SimulationState', 'filters': 'ExperimentId=9be99541-56ff-e911-a2c3-c4346bcb1551', 'count': 100000}
11/04 14:57:02 [DEBUG] [8784] [COMPS.Client] REQUEST -> GET https://comps.idmod.org/api/Simulations {'fields': 'Id,SimulationState', 'filters': 'ExperimentId=9be99541-56ff-e911-a2c3-c4346bcb1551', 'count': 100000}
11/04 14:57:07 [DEBUG] [8784] [COMPS.Client] REQUEST -> GET https://comps.idmod.org/api/Simulations {'fields': 'Id,SimulationState', 'filters': 'ExperimentId=9be99541-56ff-e911-a2c3-c4346bcb1551', 'count': 100000}
11/04 14:57:12 [DEBUG] [8784] [COMPS.Client] REQUEST -> GET https://comps.idmod.org/api/Simulations {'fields': 'Id,SimulationState', 'filters': 'ExperimentId=9be99541-56ff-e911-a2c3-c4346bcb1551', 'count': 100000}
11/04 14:57:17 [DEBUG] [8784] [COMPS.Client] REQUEST -> GET https://comps.idmod.org/api/Simulations {'fields': 'Id,SimulationState', 'filters': 'ExperimentId=9be99541-56ff-e911-a2c3-c4346bcb1551', 'count': 100000}
11/04 14:57:22 [DEBUG] [8784] [COMPS.Client] REQUEST -> GET https://comps.idmod.org/api/Simulations {'fields': 'Id,SimulationState', 'filters': 'ExperimentId=9be99541-56ff-e911-a2c3-c4346bcb1551', 'count': 100000}
11/04 14:57:28 [DEBUG] [8784] [COMPS.Client] REQUEST -> GET https://comps.idmod.org/api/Simulations {'fields': 'Id,SimulationState', 'filters': 'ExperimentId=9be99541-56ff-e911-a2c3-c4346bcb1551', 'count': 100000}
11/04 14:57:33 [DEBUG] [8784] [COMPS.Client] REQUEST -> GET https://comps.idmod.org/api/Simulations {'fields': 'Id,SimulationState', 'filters': 'ExperimentId=9be99541-56ff-e911-a2c3-c4346bcb1551', 'count': 100000}
11/04 14:57:38 [DEBUG] [8784] [COMPS.Client] REQUEST -> GET https://comps.idmod.org/api/Simulations {'fields': 'Id,SimulationState', 'filters': 'ExperimentId=9be99541-56ff-e911-a2c3-c4346bcb1551', 'count': 100000}
11/04 14:57:43 [DEBUG] [8784] [COMPS.Client] REQUEST -> GET https://comps.idmod.org/api/Simulations {'fields': 'Id,SimulationState', 'filters': 'ExperimentId=9be99541-56ff-e911-a2c3-c4346bcb1551', 'count': 100000}
11/04 14:57:48 [DEBUG] [8784] [COMPS.Client] REQUEST -> GET https://comps.idmod.org/api/Simulations {'fields': 'Id,SimulationState', 'filters': 'ExperimentId=9be99541-56ff-e911-a2c3-c4346bcb1551', 'count': 100000}
11/04 14:57:53 [DEBUG] [8784] [COMPS.Client] REQUEST -> GET https://comps.idmod.org/api/Simulations {'fields': 'Id,SimulationState', 'filters': 'ExperimentId=9be99541-56ff-e911-a2c3-c4346bcb1551', 'count': 100000}
11/04 14:57:59 [DEBUG] [8784] [COMPS.Client] REQUEST -> GET https://comps.idmod.org/api/Simulations {'fields': 'Id,SimulationState', 'filters': 'ExperimentId=9be99541-56ff-e911-a2c3-c4346bcb1551', 'count': 100000}
11/04 14:58:04 [DEBUG] [8784] [COMPS.Client] REQUEST -> GET https://comps.idmod.org/api/Simulations {'fields': 'Id,SimulationState', 'filters': 'ExperimentId=9be99541-56ff-e911-a2c3-c4346bcb1551', 'count': 100000}
11/04 14:58:10 [DEBUG] [8784] [COMPS.Client] REQUEST -> GET https://comps.idmod.org/api/Simulations {'fields': 'Id,SimulationState', 'filters': 'ExperimentId=9be99541-56ff-e911-a2c3-c4346bcb1551', 'count': 100000}
11/04 14:58:15 [DEBUG] [8784] [COMPS.Client] REQUEST -> GET https://comps.idmod.org/api/Simulations {'fields': 'Id,SimulationState', 'filters': 'ExperimentId=9be99541-56ff-e911-a2c3-c4346bcb1551', 'count': 100000}
11/04 14:58:21 [DEBUG] [8784] [COMPS.Client] REQUEST -> GET https://comps.idmod.org/api/Simulations {'fields': 'Id,SimulationState', 'filters': 'ExperimentId=9be99541-56ff-e911-a2c3-c4346bcb1551', 'count': 100000}
11/04 14:58:26 [DEBUG] [8784] [COMPS.Client] REQUEST -> GET https://comps.idmod.org/api/Simulations {'fields': 'Id,SimulationState', 'filters': 'ExperimentId=9be99541-56ff-e911-a2c3-c4346bcb1551', 'count': 100000}
11/04 14:58:31 [DEBUG] [8784] [COMPS.Client] REQUEST -> GET https://comps.idmod.org/api/Simulations {'fields': 'Id,SimulationState', 'filters': 'ExperimentId=9be99541-56ff-e911-a2c3-c4346bcb1551', 'count': 100000}
11/04 14:58:36 [DEBUG] [8784] [COMPS.Client] REQUEST -> GET https://comps.idmod.org/api/Simulations {'fields': 'Id,SimulationState', 'filters': 'ExperimentId=9be99541-56ff-e911-a2c3-c4346bcb1551', 'count': 100000}
11/04 14:58:42 [DEBUG] [8784] [COMPS.Client] REQUEST -> GET https://comps.idmod.org/api/Simulations {'fields': 'Id,SimulationState', 'filters': 'ExperimentId=9be99541-56ff-e911-a2c3-c4346bcb1551', 'count': 100000}
11/04 14:58:47 [DEBUG] [8784] [COMPS.Client] REQUEST -> GET https://comps.idmod.org/api/Simulations {'fields': 'Id,SimulationState', 'filters': 'ExperimentId=9be99541-56ff-e911-a2c3-c4346bcb1551', 'count': 100000}
11/04 14:58:52 [DEBUG] [8784] [COMPS.Client] REQUEST -> GET https://comps.idmod.org/api/Simulations {'fields': 'Id,SimulationState', 'filters': 'ExperimentId=9be99541-56ff-e911-a2c3-c4346bcb1551', 'count': 100000}
11/04 14:58:57 [DEBUG] [8784] [COMPS.Client] REQUEST -> GET https://comps.idmod.org/api/Simulations {'fields': 'Id,SimulationState', 'filters': 'ExperimentId=9be99541-56ff-e911-a2c3-c4346bcb1551', 'count': 100000}
11/04 14:59:02 [DEBUG] [8784] [COMPS.Client] REQUEST -> GET https://comps.idmod.org/api/Simulations {'fields': 'Id,SimulationState', 'filters': 'ExperimentId=9be99541-56ff-e911-a2c3-c4346bcb1551', 'count': 100000}
11/04 14:59:07 [DEBUG] [8784] [COMPS.Client] REQUEST -> GET https://comps.idmod.org/api/Simulations {'fields': 'Id,SimulationState', 'filters': 'ExperimentId=9be99541-56ff-e911-a2c3-c4346bcb1551', 'count': 100000}
11/04 14:59:13 [DEBUG] [8784] [COMPS.Client] REQUEST -> GET https://comps.idmod.org/api/Simulations {'fields': 'Id,SimulationState', 'filters': 'ExperimentId=9be99541-56ff-e911-a2c3-c4346bcb1551', 'count': 100000}
11/04 14:59:18 [DEBUG] [8784] [COMPS.Client] REQUEST -> GET https://comps.idmod.org/api/Simulations {'fields': 'Id,SimulationState', 'filters': 'ExperimentId=9be99541-56ff-e911-a2c3-c4346bcb1551', 'count': 100000}
11/04 14:59:23 [DEBUG] [8784] [COMPS.Client] REQUEST -> GET https://comps.idmod.org/api/Simulations {'fields': 'Id,SimulationState', 'filters': 'ExperimentId=9be99541-56ff-e911-a2c3-c4346bcb1551', 'count': 100000}
11/04 14:59:28 [DEBUG] [8784] [COMPS.Client] REQUEST -> GET https://comps.idmod.org/api/Simulations {'fields': 'Id,SimulationState', 'filters': 'ExperimentId=9be99541-56ff-e911-a2c3-c4346bcb1551', 'count': 100000}
11/04 14:59:33 [DEBUG] [8784] [COMPS.Client] REQUEST -> GET https://comps.idmod.org/api/Simulations {'fields': 'Id,SimulationState', 'filters': 'ExperimentId=9be99541-56ff-e911-a2c3-c4346bcb1551', 'count': 100000}
11/04 14:59:38 [DEBUG] [8784] [COMPS.Client] REQUEST -> GET https://comps.idmod.org/api/Simulations {'fields': 'Id,SimulationState', 'filters': 'ExperimentId=9be99541-56ff-e911-a2c3-c4346bcb1551', 'count': 100000}
11/04 14:59:44 [DEBUG] [8784] [COMPS.Client] REQUEST -> GET https://comps.idmod.org/api/Simulations {'fields': 'Id,SimulationState', 'filters': 'ExperimentId=9be99541-56ff-e911-a2c3-c4346bcb1551', 'count': 100000}
11/04 14:59:49 [DEBUG] [8784] [COMPS.Client] REQUEST -> GET https://comps.idmod.org/api/Simulations {'fields': 'Id,SimulationState', 'filters': 'ExperimentId=9be99541-56ff-e911-a2c3-c4346bcb1551', 'count': 100000}
11/04 14:59:54 [DEBUG] [8784] [COMPS.Client] REQUEST -> GET https://comps.idmod.org/api/Simulations {'fields': 'Id,SimulationState', 'filters': 'ExperimentId=9be99541-56ff-e911-a2c3-c4346bcb1551', 'count': 100000}
11/04 14:59:59 [DEBUG] [8784] [COMPS.Client] REQUEST -> GET https://comps.idmod.org/api/Simulations {'fields': 'Id,SimulationState', 'filters': 'ExperimentId=9be99541-56ff-e911-a2c3-c4346bcb1551', 'count': 100000}
11/04 15:00:04 [DEBUG] [8784] [COMPS.Client] REQUEST -> GET https://comps.idmod.org/api/Simulations {'fields': 'Id,SimulationState', 'filters': 'ExperimentId=9be99541-56ff-e911-a2c3-c4346bcb1551', 'count': 100000}
11/04 15:00:09 [DEBUG] [8784] [COMPS.Client] REQUEST -> GET https://comps.idmod.org/api/Simulations {'fields': 'Id,SimulationState', 'filters': 'ExperimentId=9be99541-56ff-e911-a2c3-c4346bcb1551', 'count': 100000}
11/04 15:00:15 [DEBUG] [8784] [COMPS.Client] REQUEST -> GET https://comps.idmod.org/api/Simulations {'fields': 'Id,SimulationState', 'filters': 'ExperimentId=9be99541-56ff-e911-a2c3-c4346bcb1551', 'count': 100000}
11/04 15:00:20 [DEBUG] [8784] [COMPS.Client] REQUEST -> GET https://comps.idmod.org/api/Simulations {'fields': 'Id,SimulationState', 'filters': 'ExperimentId=9be99541-56ff-e911-a2c3-c4346bcb1551', 'count': 100000}
11/04 15:00:25 [DEBUG] [8784] [COMPS.Client] REQUEST -> GET https://comps.idmod.org/api/Simulations {'fields': 'Id,SimulationState', 'filters': 'ExperimentId=9be99541-56ff-e911-a2c3-c4346bcb1551', 'count': 100000}
11/04 15:00:30 [DEBUG] [8784] [COMPS.Client] REQUEST -> GET https://comps.idmod.org/api/Simulations {'fields': 'Id,SimulationState', 'filters': 'ExperimentId=9be99541-56ff-e911-a2c3-c4346bcb1551', 'count': 100000}
11/04 15:00:35 [DEBUG] [8784] [COMPS.Client] REQUEST -> GET https://comps.idmod.org/api/Simulations {'fields': 'Id,SimulationState', 'filters': 'ExperimentId=9be99541-56ff-e911-a2c3-c4346bcb1551', 'count': 100000}
11/04 15:00:41 [DEBUG] [8784] [COMPS.Client] REQUEST -> GET https://comps.idmod.org/api/Simulations {'fields': 'Id,SimulationState', 'filters': 'ExperimentId=9be99541-56ff-e911-a2c3-c4346bcb1551', 'count': 100000}
11/04 15:00:46 [DEBUG] [8784] [COMPS.Client] REQUEST -> GET https://comps.idmod.org/api/Simulations {'fields': 'Id,SimulationState', 'filters': 'ExperimentId=9be99541-56ff-e911-a2c3-c4346bcb1551', 'count': 100000}
11/04 15:00:51 [DEBUG] [8784] [COMPS.Client] REQUEST -> GET https://comps.idmod.org/api/Simulations {'fields': 'Id,SimulationState', 'filters': 'ExperimentId=9be99541-56ff-e911-a2c3-c4346bcb1551', 'count': 100000}
11/04 15:00:56 [DEBUG] [8784] [COMPS.Client] REQUEST -> GET https://comps.idmod.org/api/Simulations {'fields': 'Id,SimulationState', 'filters': 'ExperimentId=9be99541-56ff-e911-a2c3-c4346bcb1551', 'count': 100000}
11/04 15:01:01 [DEBUG] [8784] [COMPS.Client] REQUEST -> GET https://comps.idmod.org/api/Simulations {'fields': 'Id,SimulationState', 'filters': 'ExperimentId=9be99541-56ff-e911-a2c3-c4346bcb1551', 'count': 100000}
11/04 15:01:06 [DEBUG] [8784] [COMPS.Client] REQUEST -> GET https://comps.idmod.org/api/Simulations {'fields': 'Id,SimulationState', 'filters': 'ExperimentId=9be99541-56ff-e911-a2c3-c4346bcb1551', 'count': 100000}
11/04 15:01:12 [DEBUG] [8784] [COMPS.Client] REQUEST -> GET https://comps.idmod.org/api/Simulations {'fields': 'Id,SimulationState', 'filters': 'ExperimentId=9be99541-56ff-e911-a2c3-c4346bcb1551', 'count': 100000}
11/04 15:01:17 [DEBUG] [8784] [COMPS.Client] REQUEST -> GET https://comps.idmod.org/api/Simulations {'fields': 'Id,SimulationState', 'filters': 'ExperimentId=9be99541-56ff-e911-a2c3-c4346bcb1551', 'count': 100000}
11/04 15:01:22 [DEBUG] [8784] [COMPS.Client] REQUEST -> GET https://comps.idmod.org/api/Simulations {'fields': 'Id,SimulationState', 'filters': 'ExperimentId=9be99541-56ff-e911-a2c3-c4346bcb1551', 'count': 100000}
11/04 15:01:27 [DEBUG] [8784] [COMPS.Client] REQUEST -> GET https://comps.idmod.org/api/Simulations {'fields': 'Id,SimulationState', 'filters': 'ExperimentId=9be99541-56ff-e911-a2c3-c4346bcb1551', 'count': 100000}
11/04 15:01:32 [DEBUG] [8784] [COMPS.Client] REQUEST -> GET https://comps.idmod.org/api/Simulations {'fields': 'Id,SimulationState', 'filters': 'ExperimentId=9be99541-56ff-e911-a2c3-c4346bcb1551', 'count': 100000}
11/04 15:01:37 [DEBUG] [8784] [COMPS.Client] REQUEST -> GET https://comps.idmod.org/api/Simulations {'fields': 'Id,SimulationState', 'filters': 'ExperimentId=9be99541-56ff-e911-a2c3-c4346bcb1551', 'count': 100000}
11/04 15:01:43 [DEBUG] [8784] [COMPS.Client] REQUEST -> GET https://comps.idmod.org/api/Simulations {'fields': 'Id,SimulationState', 'filters': 'ExperimentId=9be99541-56ff-e911-a2c3-c4346bcb1551', 'count': 100000}
11/04 15:01:48 [DEBUG] [8784] [COMPS.Client] REQUEST -> GET https://comps.idmod.org/api/Simulations {'fields': 'Id,SimulationState', 'filters': 'ExperimentId=9be99541-56ff-e911-a2c3-c4346bcb1551', 'count': 100000}
11/04 15:01:53 [DEBUG] [8784] [COMPS.Client] REQUEST -> GET https://comps.idmod.org/api/Simulations {'fields': 'Id,SimulationState', 'filters': 'ExperimentId=9be99541-56ff-e911-a2c3-c4346bcb1551', 'count': 100000}
11/04 15:01:58 [DEBUG] [8784] [COMPS.Client] REQUEST -> GET https://comps.idmod.org/api/Simulations {'fields': 'Id,SimulationState', 'filters': 'ExperimentId=9be99541-56ff-e911-a2c3-c4346bcb1551', 'count': 100000}
11/04 15:02:03 [DEBUG] [8784] [COMPS.Client] REQUEST -> GET https://comps.idmod.org/api/Simulations {'fields': 'Id,SimulationState', 'filters': 'ExperimentId=9be99541-56ff-e911-a2c3-c4346bcb1551', 'count': 100000}
11/04 15:02:08 [DEBUG] [8784] [COMPS.Client] REQUEST -> GET https://comps.idmod.org/api/Simulations {'fields': 'Id,SimulationState', 'filters': 'ExperimentId=9be99541-56ff-e911-a2c3-c4346bcb1551', 'count': 100000}
11/04 15:02:14 [DEBUG] [8784] [COMPS.Client] REQUEST -> GET https://comps.idmod.org/api/Simulations {'fields': 'Id,SimulationState', 'filters': 'ExperimentId=9be99541-56ff-e911-a2c3-c4346bcb1551', 'count': 100000}
11/04 15:02:19 [DEBUG] [8784] [COMPS.Client] REQUEST -> GET https://comps.idmod.org/api/Simulations {'fields': 'Id,SimulationState', 'filters': 'ExperimentId=9be99541-56ff-e911-a2c3-c4346bcb1551', 'count': 100000}
11/04 15:02:24 [DEBUG] [8784] [COMPS.Client] REQUEST -> GET https://comps.idmod.org/api/Simulations {'fields': 'Id,SimulationState', 'filters': 'ExperimentId=9be99541-56ff-e911-a2c3-c4346bcb1551', 'count': 100000}
11/04 15:02:29 [DEBUG] [8784] [COMPS.Client] REQUEST -> GET https://comps.idmod.org/api/Simulations {'fields': 'Id,SimulationState', 'filters': 'ExperimentId=9be99541-56ff-e911-a2c3-c4346bcb1551', 'count': 100000}
11/04 15:02:34 [DEBUG] [8784] [COMPS.Client] REQUEST -> GET https://comps.idmod.org/api/Simulations {'fields': 'Id,SimulationState', 'filters': 'ExperimentId=9be99541-56ff-e911-a2c3-c4346bcb1551', 'count': 100000}
11/04 15:02:40 [DEBUG] [8784] [COMPS.Client] REQUEST -> GET https://comps.idmod.org/api/Simulations {'fields': 'Id,SimulationState', 'filters': 'ExperimentId=9be99541-56ff-e911-a2c3-c4346bcb1551', 'count': 100000}
11/04 15:02:45 [DEBUG] [8784] [COMPS.Client] REQUEST -> GET https://comps.idmod.org/api/Simulations {'fields': 'Id,SimulationState', 'filters': 'ExperimentId=9be99541-56ff-e911-a2c3-c4346bcb1551', 'count': 100000}
11/04 15:02:50 [DEBUG] [8784] [COMPS.Client] REQUEST -> GET https://comps.idmod.org/api/Simulations {'fields': 'Id,SimulationState', 'filters': 'ExperimentId=9be99541-56ff-e911-a2c3-c4346bcb1551', 'count': 100000}
11/04 15:02:55 [DEBUG] [8784] [COMPS.Client] REQUEST -> GET https://comps.idmod.org/api/Simulations {'fields': 'Id,SimulationState', 'filters': 'ExperimentId=9be99541-56ff-e911-a2c3-c4346bcb1551', 'count': 100000}
11/04 15:03:00 [DEBUG] [8784] [COMPS.Client] REQUEST -> GET https://comps.idmod.org/api/Simulations {'fields': 'Id,SimulationState', 'filters': 'ExperimentId=9be99541-56ff-e911-a2c3-c4346bcb1551', 'count': 100000}
11/04 15:03:06 [DEBUG] [8784] [COMPS.Client] REQUEST -> GET https://comps.idmod.org/api/Simulations {'fields': 'Id,SimulationState', 'filters': 'ExperimentId=9be99541-56ff-e911-a2c3-c4346bcb1551', 'count': 100000}
11/04 15:03:11 [DEBUG] [8784] [COMPS.Client] REQUEST -> GET https://comps.idmod.org/api/Simulations {'fields': 'Id,SimulationState', 'filters': 'ExperimentId=9be99541-56ff-e911-a2c3-c4346bcb1551', 'count': 100000}
11/04 15:03:16 [DEBUG] [8784] [COMPS.Client] REQUEST -> GET https://comps.idmod.org/api/Simulations {'fields': 'Id,SimulationState', 'filters': 'ExperimentId=9be99541-56ff-e911-a2c3-c4346bcb1551', 'count': 100000}
11/04 15:03:21 [DEBUG] [8784] [COMPS.Client] REQUEST -> GET https://comps.idmod.org/api/Simulations {'fields': 'Id,SimulationState', 'filters': 'ExperimentId=9be99541-56ff-e911-a2c3-c4346bcb1551', 'count': 100000}
11/04 15:03:26 [DEBUG] [8784] [COMPS.Client] REQUEST -> GET https://comps.idmod.org/api/Simulations {'fields': 'Id,SimulationState', 'filters': 'ExperimentId=9be99541-56ff-e911-a2c3-c4346bcb1551', 'count': 100000}
11/04 15:03:31 [DEBUG] [8784] [COMPS.Client] REQUEST -> GET https://comps.idmod.org/api/Simulations {'fields': 'Id,SimulationState', 'filters': 'ExperimentId=9be99541-56ff-e911-a2c3-c4346bcb1551', 'count': 100000}
11/04 15:03:37 [DEBUG] [8784] [COMPS.Client] REQUEST -> GET https://comps.idmod.org/api/Simulations {'fields': 'Id,SimulationState', 'filters': 'ExperimentId=9be99541-56ff-e911-a2c3-c4346bcb1551', 'count': 100000}
11/04 15:03:42 [DEBUG] [8784] [COMPS.Client] REQUEST -> GET https://comps.idmod.org/api/Simulations {'fields': 'Id,SimulationState', 'filters': 'ExperimentId=9be99541-56ff-e911-a2c3-c4346bcb1551', 'count': 100000}
11/04 15:03:47 [DEBUG] [8784] [COMPS.Client] REQUEST -> GET https://comps.idmod.org/api/Simulations {'fields': 'Id,SimulationState', 'filters': 'ExperimentId=9be99541-56ff-e911-a2c3-c4346bcb1551', 'count': 100000}
11/04 15:03:52 [DEBUG] [8784] [COMPS.Client] REQUEST -> GET https://comps.idmod.org/api/Simulations {'fields': 'Id,SimulationState', 'filters': 'ExperimentId=9be99541-56ff-e911-a2c3-c4346bcb1551', 'count': 100000}
11/04 15:03:57 [DEBUG] [8784] [COMPS.Client] REQUEST -> GET https://comps.idmod.org/api/Simulations {'fields': 'Id,SimulationState', 'filters': 'ExperimentId=9be99541-56ff-e911-a2c3-c4346bcb1551', 'count': 100000}
11/04 15:04:03 [DEBUG] [8784] [COMPS.Client] REQUEST -> GET https://comps.idmod.org/api/Simulations {'fields': 'Id,SimulationState', 'filters': 'ExperimentId=9be99541-56ff-e911-a2c3-c4346bcb1551', 'count': 100000}
11/04 15:04:08 [DEBUG] [8784] [COMPS.Client] REQUEST -> GET https://comps.idmod.org/api/Simulations {'fields': 'Id,SimulationState', 'filters': 'ExperimentId=9be99541-56ff-e911-a2c3-c4346bcb1551', 'count': 100000}
11/04 15:04:13 [DEBUG] [8784] [COMPS.Client] REQUEST -> GET https://comps.idmod.org/api/Simulations {'fields': 'Id,SimulationState', 'filters': 'ExperimentId=9be99541-56ff-e911-a2c3-c4346bcb1551', 'count': 100000}
11/04 15:04:18 [DEBUG] [8784] [COMPS.Client] REQUEST -> GET https://comps.idmod.org/api/Simulations {'fields': 'Id,SimulationState', 'filters': 'ExperimentId=9be99541-56ff-e911-a2c3-c4346bcb1551', 'count': 100000}
11/04 15:04:23 [DEBUG] [8784] [COMPS.Client] REQUEST -> GET https://comps.idmod.org/api/Simulations {'fields': 'Id,SimulationState', 'filters': 'ExperimentId=9be99541-56ff-e911-a2c3-c4346bcb1551', 'count': 100000}
11/04 15:04:28 [DEBUG] [8784] [COMPS.Client] REQUEST -> GET https://comps.idmod.org/api/Simulations {'fields': 'Id,SimulationState', 'filters': 'ExperimentId=9be99541-56ff-e911-a2c3-c4346bcb1551', 'count': 100000}
11/04 15:04:34 [DEBUG] [8784] [COMPS.Client] REQUEST -> GET https://comps.idmod.org/api/Simulations {'fields': 'Id,SimulationState', 'filters': 'ExperimentId=9be99541-56ff-e911-a2c3-c4346bcb1551', 'count': 100000}
11/04 15:04:39 [DEBUG] [8784] [COMPS.Client] REQUEST -> GET https://comps.idmod.org/api/Simulations {'fields': 'Id,SimulationState', 'filters': 'ExperimentId=9be99541-56ff-e911-a2c3-c4346bcb1551', 'count': 100000}
11/04 15:04:44 [DEBUG] [8784] [COMPS.Client] REQUEST -> GET https://comps.idmod.org/api/Simulations {'fields': 'Id,SimulationState', 'filters': 'ExperimentId=9be99541-56ff-e911-a2c3-c4346bcb1551', 'count': 100000}
11/04 15:04:49 [DEBUG] [8784] [COMPS.Client] REQUEST -> GET https://comps.idmod.org/api/Simulations {'fields': 'Id,SimulationState', 'filters': 'ExperimentId=9be99541-56ff-e911-a2c3-c4346bcb1551', 'count': 100000}
11/04 15:04:54 [DEBUG] [8784] [COMPS.Client] REQUEST -> GET https://comps.idmod.org/api/Simulations {'fields': 'Id,SimulationState', 'filters': 'ExperimentId=9be99541-56ff-e911-a2c3-c4346bcb1551', 'count': 100000}
11/04 15:05:00 [DEBUG] [8784] [COMPS.Client] REQUEST -> GET https://comps.idmod.org/api/Simulations {'fields': 'Id,SimulationState', 'filters': 'ExperimentId=9be99541-56ff-e911-a2c3-c4346bcb1551', 'count': 100000}
11/04 15:05:05 [DEBUG] [8784] [COMPS.Client] REQUEST -> GET https://comps.idmod.org/api/Simulations {'fields': 'Id,SimulationState', 'filters': 'ExperimentId=9be99541-56ff-e911-a2c3-c4346bcb1551', 'count': 100000}
11/04 15:05:10 [DEBUG] [8784] [COMPS.Client] REQUEST -> GET https://comps.idmod.org/api/Simulations {'fields': 'Id,SimulationState', 'filters': 'ExperimentId=9be99541-56ff-e911-a2c3-c4346bcb1551', 'count': 100000}
11/04 15:05:15 [DEBUG] [8784] [COMPS.Client] REQUEST -> GET https://comps.idmod.org/api/Simulations {'fields': 'Id,SimulationState', 'filters': 'ExperimentId=9be99541-56ff-e911-a2c3-c4346bcb1551', 'count': 100000}
11/04 15:05:20 [DEBUG] [8784] [COMPS.Client] REQUEST -> GET https://comps.idmod.org/api/Simulations {'fields': 'Id,SimulationState', 'filters': 'ExperimentId=9be99541-56ff-e911-a2c3-c4346bcb1551', 'count': 100000}
11/04 15:05:25 [DEBUG] [8784] [COMPS.Client] REQUEST -> GET https://comps.idmod.org/api/Simulations {'fields': 'Id,SimulationState', 'filters': 'ExperimentId=9be99541-56ff-e911-a2c3-c4346bcb1551', 'count': 100000}
11/04 15:05:30 [DEBUG] [8784] [COMPS.Client] REQUEST -> GET https://comps.idmod.org/api/Simulations {'fields': 'Id,SimulationState', 'filters': 'ExperimentId=9be99541-56ff-e911-a2c3-c4346bcb1551', 'count': 100000}
11/04 15:05:36 [DEBUG] [8784] [COMPS.Client] REQUEST -> GET https://comps.idmod.org/api/Simulations {'fields': 'Id,SimulationState', 'filters': 'ExperimentId=9be99541-56ff-e911-a2c3-c4346bcb1551', 'count': 100000}
11/04 15:05:41 [DEBUG] [8784] [COMPS.Client] REQUEST -> GET https://comps.idmod.org/api/Simulations {'fields': 'Id,SimulationState', 'filters': 'ExperimentId=9be99541-56ff-e911-a2c3-c4346bcb1551', 'count': 100000}
11/04 15:05:46 [DEBUG] [8784] [COMPS.Client] REQUEST -> GET https://comps.idmod.org/api/Simulations {'fields': 'Id,SimulationState', 'filters': 'ExperimentId=9be99541-56ff-e911-a2c3-c4346bcb1551', 'count': 100000}
11/04 15:05:51 [DEBUG] [8784] [COMPS.Client] REQUEST -> GET https://comps.idmod.org/api/Simulations {'fields': 'Id,SimulationState', 'filters': 'ExperimentId=9be99541-56ff-e911-a2c3-c4346bcb1551', 'count': 100000}
11/04 15:05:56 [DEBUG] [8784] [COMPS.Client] REQUEST -> GET https://comps.idmod.org/api/Simulations {'fields': 'Id,SimulationState', 'filters': 'ExperimentId=9be99541-56ff-e911-a2c3-c4346bcb1551', 'count': 100000}
11/04 15:06:01 [DEBUG] [8784] [COMPS.Client] REQUEST -> GET https://comps.idmod.org/api/Simulations {'fields': 'Id,SimulationState', 'filters': 'ExperimentId=9be99541-56ff-e911-a2c3-c4346bcb1551', 'count': 100000}
11/04 15:06:07 [DEBUG] [8784] [COMPS.Client] REQUEST -> GET https://comps.idmod.org/api/Simulations {'fields': 'Id,SimulationState', 'filters': 'ExperimentId=9be99541-56ff-e911-a2c3-c4346bcb1551', 'count': 100000}
11/04 15:06:12 [DEBUG] [8784] [COMPS.Client] REQUEST -> GET https://comps.idmod.org/api/Simulations {'fields': 'Id,SimulationState', 'filters': 'ExperimentId=9be99541-56ff-e911-a2c3-c4346bcb1551', 'count': 100000}
11/04 15:06:17 [DEBUG] [8784] [COMPS.Client] REQUEST -> GET https://comps.idmod.org/api/Simulations {'fields': 'Id,SimulationState', 'filters': 'ExperimentId=9be99541-56ff-e911-a2c3-c4346bcb1551', 'count': 100000}
11/04 15:06:22 [DEBUG] [8784] [COMPS.Client] REQUEST -> GET https://comps.idmod.org/api/Simulations {'fields': 'Id,SimulationState', 'filters': 'ExperimentId=9be99541-56ff-e911-a2c3-c4346bcb1551', 'count': 100000}
11/04 15:06:27 [DEBUG] [8784] [COMPS.Client] REQUEST -> GET https://comps.idmod.org/api/Simulations {'fields': 'Id,SimulationState', 'filters': 'ExperimentId=9be99541-56ff-e911-a2c3-c4346bcb1551', 'count': 100000}
11/04 15:06:32 [DEBUG] [8784] [COMPS.Client] REQUEST -> GET https://comps.idmod.org/api/Simulations {'fields': 'Id,SimulationState', 'filters': 'ExperimentId=9be99541-56ff-e911-a2c3-c4346bcb1551', 'count': 100000}
11/04 15:06:37 [DEBUG] [8784] [COMPS.Client] REQUEST -> GET https://comps.idmod.org/api/Simulations {'fields': 'Id,SimulationState', 'filters': 'ExperimentId=9be99541-56ff-e911-a2c3-c4346bcb1551', 'count': 100000}
11/04 15:06:43 [DEBUG] [8784] [COMPS.Client] REQUEST -> GET https://comps.idmod.org/api/Simulations {'fields': 'Id,SimulationState', 'filters': 'ExperimentId=9be99541-56ff-e911-a2c3-c4346bcb1551', 'count': 100000}
11/04 15:06:48 [DEBUG] [8784] [COMPS.Client] REQUEST -> GET https://comps.idmod.org/api/Simulations {'fields': 'Id,SimulationState', 'filters': 'ExperimentId=9be99541-56ff-e911-a2c3-c4346bcb1551', 'count': 100000}
11/04 15:06:53 [DEBUG] [8784] [COMPS.Client] REQUEST -> GET https://comps.idmod.org/api/Simulations {'fields': 'Id,SimulationState', 'filters': 'ExperimentId=9be99541-56ff-e911-a2c3-c4346bcb1551', 'count': 100000}
11/04 15:06:58 [DEBUG] [8784] [COMPS.Client] REQUEST -> GET https://comps.idmod.org/api/Simulations {'fields': 'Id,SimulationState', 'filters': 'ExperimentId=9be99541-56ff-e911-a2c3-c4346bcb1551', 'count': 100000}
11/04 15:07:03 [DEBUG] [8784] [COMPS.Client] REQUEST -> GET https://comps.idmod.org/api/Simulations {'fields': 'Id,SimulationState', 'filters': 'ExperimentId=9be99541-56ff-e911-a2c3-c4346bcb1551', 'count': 100000}
11/04 15:07:09 [DEBUG] [8784] [COMPS.Client] REQUEST -> GET https://comps.idmod.org/api/Simulations {'fields': 'Id,SimulationState', 'filters': 'ExperimentId=9be99541-56ff-e911-a2c3-c4346bcb1551', 'count': 100000}
11/04 15:07:14 [DEBUG] [8784] [COMPS.Client] REQUEST -> PUT https://comps.idmod.org/api/tokens
11/04 15:07:14 [DEBUG] [8784] [COMPS.AuthManager] Caching auth token to C:\Users\JORUSS~1.INT\AppData\Local\Temp\COMPS_Authtoken_https___comps.idmod.org_jorussell.txt
11/04 15:07:14 [DEBUG] [8784] [COMPS.Client] REQUEST -> GET https://comps.idmod.org/api/Simulations {'fields': 'Id,SimulationState', 'filters': 'ExperimentId=9be99541-56ff-e911-a2c3-c4346bcb1551', 'count': 100000}
11/04 15:07:19 [DEBUG] [8784] [COMPS.Client] REQUEST -> GET https://comps.idmod.org/api/Simulations {'fields': 'Id,SimulationState', 'filters': 'ExperimentId=9be99541-56ff-e911-a2c3-c4346bcb1551', 'count': 100000}
11/04 15:07:24 [DEBUG] [8784] [COMPS.Client] REQUEST -> GET https://comps.idmod.org/api/Simulations {'fields': 'Id,SimulationState', 'filters': 'ExperimentId=9be99541-56ff-e911-a2c3-c4346bcb1551', 'count': 100000}
11/04 15:07:29 [DEBUG] [8784] [COMPS.Client] REQUEST -> GET https://comps.idmod.org/api/Simulations {'fields': 'Id,SimulationState', 'filters': 'ExperimentId=9be99541-56ff-e911-a2c3-c4346bcb1551', 'count': 100000}
11/04 15:07:35 [DEBUG] [8784] [COMPS.Client] REQUEST -> GET https://comps.idmod.org/api/Simulations {'fields': 'Id,SimulationState', 'filters': 'ExperimentId=9be99541-56ff-e911-a2c3-c4346bcb1551', 'count': 100000}
11/04 15:07:40 [DEBUG] [8784] [COMPS.Client] REQUEST -> GET https://comps.idmod.org/api/Simulations {'fields': 'Id,SimulationState', 'filters': 'ExperimentId=9be99541-56ff-e911-a2c3-c4346bcb1551', 'count': 100000}
11/04 15:07:45 [DEBUG] [8784] [COMPS.Client] REQUEST -> GET https://comps.idmod.org/api/Simulations {'fields': 'Id,SimulationState', 'filters': 'ExperimentId=9be99541-56ff-e911-a2c3-c4346bcb1551', 'count': 100000}
11/04 15:07:50 [DEBUG] [8784] [COMPS.Client] REQUEST -> GET https://comps.idmod.org/api/Simulations {'fields': 'Id,SimulationState', 'filters': 'ExperimentId=9be99541-56ff-e911-a2c3-c4346bcb1551', 'count': 100000}
11/04 15:07:55 [DEBUG] [8784] [COMPS.Client] REQUEST -> GET https://comps.idmod.org/api/Simulations {'fields': 'Id,SimulationState', 'filters': 'ExperimentId=9be99541-56ff-e911-a2c3-c4346bcb1551', 'count': 100000}
11/04 15:08:01 [DEBUG] [8784] [COMPS.Client] REQUEST -> GET https://comps.idmod.org/api/Simulations {'fields': 'Id,SimulationState', 'filters': 'ExperimentId=9be99541-56ff-e911-a2c3-c4346bcb1551', 'count': 100000}
11/04 15:08:08 [DEBUG] [8784] [COMPS.Client] Failed attempt 1 of 10: requests.exceptions.ConnectionError: HTTPSConnectionPool(host='comps.idmod.org', port=443): Max retries exceeded with url: /api/Simulations?fields=Id%2CSimulationState&filters=ExperimentId%3D9be99541-56ff-e911-a2c3-c4346bcb1551&count=100000 (Caused by NewConnectionError('<urllib3.connection.VerifiedHTTPSConnection object at 0x000001602C2BF1D0>: Failed to establish a new connection: [WinError 10053] An established connection was aborted by the software in your host machine',))
11/04 15:08:08 [DEBUG] [8784] [COMPS.Client] Retrying...
11/04 15:08:08 [DEBUG] [8784] [COMPS.Client] Succeeded on attempt 2 of 10
11/04 15:08:13 [DEBUG] [8784] [COMPS.Client] REQUEST -> GET https://comps.idmod.org/api/Simulations {'fields': 'Id,SimulationState', 'filters': 'ExperimentId=9be99541-56ff-e911-a2c3-c4346bcb1551', 'count': 100000}
11/04 15:38:02 [DEBUG] [8784] [COMPS.Client] REQUEST -> GET https://comps.idmod.org/api/Simulations {'fields': 'Id,SimulationState', 'filters': 'ExperimentId=9be99541-56ff-e911-a2c3-c4346bcb1551', 'count': 100000}
11/04 15:38:02 [DEBUG] [8784] [COMPS.Client] Failed attempt 1 of 10: requests.exceptions.ConnectionError: HTTPSConnectionPool(host='comps.idmod.org', port=443): Max retries exceeded with url: /api/Simulations?fields=Id%2CSimulationState&filters=ExperimentId%3D9be99541-56ff-e911-a2c3-c4346bcb1551&count=100000 (Caused by NewConnectionError('<urllib3.connection.VerifiedHTTPSConnection object at 0x000001602C2ADC18>: Failed to establish a new connection: [Errno 11001] getaddrinfo failed',))
11/04 15:38:02 [DEBUG] [8784] [COMPS.Client] Retrying...
11/04 15:38:02 [DEBUG] [8784] [COMPS.Client] Failed attempt 2 of 10: requests.exceptions.ConnectionError: HTTPSConnectionPool(host='comps.idmod.org', port=443): Max retries exceeded with url: /api/Simulations?fields=Id%2CSimulationState&filters=ExperimentId%3D9be99541-56ff-e911-a2c3-c4346bcb1551&count=100000 (Caused by NewConnectionError('<urllib3.connection.VerifiedHTTPSConnection object at 0x000001602C2ADF28>: Failed to establish a new connection: [Errno 11001] getaddrinfo failed',))
11/04 15:38:03 [DEBUG] [8784] [COMPS.Client] Retrying...
11/04 15:38:03 [DEBUG] [8784] [COMPS.Client] Failed attempt 3 of 10: requests.exceptions.ConnectionError: HTTPSConnectionPool(host='comps.idmod.org', port=443): Max retries exceeded with url: /api/Simulations?fields=Id%2CSimulationState&filters=ExperimentId%3D9be99541-56ff-e911-a2c3-c4346bcb1551&count=100000 (Caused by NewConnectionError('<urllib3.connection.VerifiedHTTPSConnection object at 0x000001602C2AD0B8>: Failed to establish a new connection: [Errno 11001] getaddrinfo failed',))
11/04 15:38:03 [DEBUG] [8784] [COMPS.Client] Retrying...
11/04 15:38:03 [DEBUG] [8784] [COMPS.Client] Failed attempt 4 of 10: requests.exceptions.ConnectionError: HTTPSConnectionPool(host='comps.idmod.org', port=443): Max retries exceeded with url: /api/Simulations?fields=Id%2CSimulationState&filters=ExperimentId%3D9be99541-56ff-e911-a2c3-c4346bcb1551&count=100000 (Caused by NewConnectionError('<urllib3.connection.VerifiedHTTPSConnection object at 0x000001602C2AD3C8>: Failed to establish a new connection: [Errno 11001] getaddrinfo failed',))
11/04 15:38:03 [DEBUG] [8784] [COMPS.Client] Retrying...
11/04 15:38:03 [DEBUG] [8784] [COMPS.Client] Failed attempt 5 of 10: requests.exceptions.ConnectionError: HTTPSConnectionPool(host='comps.idmod.org', port=443): Max retries exceeded with url: /api/Simulations?fields=Id%2CSimulationState&filters=ExperimentId%3D9be99541-56ff-e911-a2c3-c4346bcb1551&count=100000 (Caused by NewConnectionError('<urllib3.connection.VerifiedHTTPSConnection object at 0x000001602C2ADE80>: Failed to establish a new connection: [Errno 11001] getaddrinfo failed',))
11/04 15:38:04 [DEBUG] [8784] [COMPS.Client] Retrying...
11/04 15:38:04 [DEBUG] [8784] [COMPS.Client] Failed attempt 6 of 10: requests.exceptions.ConnectionError: HTTPSConnectionPool(host='comps.idmod.org', port=443): Max retries exceeded with url: /api/Simulations?fields=Id%2CSimulationState&filters=ExperimentId%3D9be99541-56ff-e911-a2c3-c4346bcb1551&count=100000 (Caused by NewConnectionError('<urllib3.connection.VerifiedHTTPSConnection object at 0x000001602C2ADC18>: Failed to establish a new connection: [Errno 11001] getaddrinfo failed',))
11/04 15:38:05 [DEBUG] [8784] [COMPS.Client] Retrying...
11/04 15:38:05 [DEBUG] [8784] [COMPS.Client] Failed attempt 7 of 10: requests.exceptions.ConnectionError: HTTPSConnectionPool(host='comps.idmod.org', port=443): Max retries exceeded with url: /api/Simulations?fields=Id%2CSimulationState&filters=ExperimentId%3D9be99541-56ff-e911-a2c3-c4346bcb1551&count=100000 (Caused by NewConnectionError('<urllib3.connection.VerifiedHTTPSConnection object at 0x000001602C2ADF28>: Failed to establish a new connection: [Errno 11001] getaddrinfo failed',))
11/04 15:38:05 [DEBUG] [8784] [COMPS.Client] Retrying...
11/04 15:38:05 [DEBUG] [8784] [COMPS.Client] Failed attempt 8 of 10: requests.exceptions.ConnectionError: HTTPSConnectionPool(host='comps.idmod.org', port=443): Max retries exceeded with url: /api/Simulations?fields=Id%2CSimulationState&filters=ExperimentId%3D9be99541-56ff-e911-a2c3-c4346bcb1551&count=100000 (Caused by NewConnectionError('<urllib3.connection.VerifiedHTTPSConnection object at 0x000001602C2AD0B8>: Failed to establish a new connection: [Errno 11001] getaddrinfo failed',))
11/04 15:38:06 [DEBUG] [8784] [COMPS.Client] Retrying...
11/04 15:38:06 [DEBUG] [8784] [COMPS.Client] Failed attempt 9 of 10: requests.exceptions.ConnectionError: HTTPSConnectionPool(host='comps.idmod.org', port=443): Max retries exceeded with url: /api/Simulations?fields=Id%2CSimulationState&filters=ExperimentId%3D9be99541-56ff-e911-a2c3-c4346bcb1551&count=100000 (Caused by NewConnectionError('<urllib3.connection.VerifiedHTTPSConnection object at 0x000001602C2AD3C8>: Failed to establish a new connection: [Errno 11001] getaddrinfo failed',))
11/04 15:38:07 [DEBUG] [8784] [COMPS.Client] Retrying...
11/04 15:38:07 [DEBUG] [8784] [COMPS.Client] Failed attempt 10 of 10: requests.exceptions.ConnectionError: HTTPSConnectionPool(host='comps.idmod.org', port=443): Max retries exceeded with url: /api/Simulations?fields=Id%2CSimulationState&filters=ExperimentId%3D9be99541-56ff-e911-a2c3-c4346bcb1551&count=100000 (Caused by NewConnectionError('<urllib3.connection.VerifiedHTTPSConnection object at 0x000001602C2ADE80>: Failed to establish a new connection: [Errno 11001] getaddrinfo failed',))
11/04 15:38:07 [DEBUG] [8784] [COMPS.Client] NOT RETRYING
11/04 15:38:07 [DEBUG] [8784] [COMPS.Client] <class 'requests.exceptions.ConnectionError'>
11/04 15:38:07 [DEBUG] [8784] [COMPS.Client] <class 'urllib3.exceptions.NewConnectionError'>
11/04 15:38:08 [DEBUG] [8784] [COMPS.Client] REQUEST -> GET https://comps.idmod.org/api/Simulations {'fields': 'Id,SimulationState', 'filters': 'ExperimentId=9be99541-56ff-e911-a2c3-c4346bcb1551', 'count': 100000}
11/04 15:38:09 [DEBUG] [8784] [COMPS.Client] Failed attempt 1 of 10: requests.exceptions.ConnectionError: HTTPSConnectionPool(host='comps.idmod.org', port=443): Max retries exceeded with url: /api/Simulations?fields=Id%2CSimulationState&filters=ExperimentId%3D9be99541-56ff-e911-a2c3-c4346bcb1551&count=100000 (Caused by NewConnectionError('<urllib3.connection.VerifiedHTTPSConnection object at 0x000001602C2FC2B0>: Failed to establish a new connection: [Errno 11001] getaddrinfo failed',))
11/04 15:38:09 [DEBUG] [8784] [COMPS.Client] Retrying...
11/04 15:38:09 [DEBUG] [8784] [COMPS.Client] Failed attempt 2 of 10: requests.exceptions.ConnectionError: HTTPSConnectionPool(host='comps.idmod.org', port=443): Max retries exceeded with url: /api/Simulations?fields=Id%2CSimulationState&filters=ExperimentId%3D9be99541-56ff-e911-a2c3-c4346bcb1551&count=100000 (Caused by NewConnectionError('<urllib3.connection.VerifiedHTTPSConnection object at 0x000001602C2FC748>: Failed to establish a new connection: [Errno 11001] getaddrinfo failed',))
11/04 15:38:09 [DEBUG] [8784] [COMPS.Client] Retrying...
11/04 15:38:09 [DEBUG] [8784] [COMPS.Client] Failed attempt 3 of 10: requests.exceptions.ConnectionError: HTTPSConnectionPool(host='comps.idmod.org', port=443): Max retries exceeded with url: /api/Simulations?fields=Id%2CSimulationState&filters=ExperimentId%3D9be99541-56ff-e911-a2c3-c4346bcb1551&count=100000 (Caused by NewConnectionError('<urllib3.connection.VerifiedHTTPSConnection object at 0x000001602C2FCBE0>: Failed to establish a new connection: [Errno 11001] getaddrinfo failed',))
11/04 15:38:09 [DEBUG] [8784] [COMPS.Client] Retrying...
11/04 15:38:09 [DEBUG] [8784] [COMPS.Client] Failed attempt 4 of 10: requests.exceptions.ConnectionError: HTTPSConnectionPool(host='comps.idmod.org', port=443): Max retries exceeded with url: /api/Simulations?fields=Id%2CSimulationState&filters=ExperimentId%3D9be99541-56ff-e911-a2c3-c4346bcb1551&count=100000 (Caused by NewConnectionError('<urllib3.connection.VerifiedHTTPSConnection object at 0x000001602C2FC6A0>: Failed to establish a new connection: [Errno 11001] getaddrinfo failed',))
11/04 15:38:10 [DEBUG] [8784] [COMPS.Client] Retrying...
11/04 15:38:10 [DEBUG] [8784] [COMPS.Client] Failed attempt 5 of 10: requests.exceptions.ConnectionError: HTTPSConnectionPool(host='comps.idmod.org', port=443): Max retries exceeded with url: /api/Simulations?fields=Id%2CSimulationState&filters=ExperimentId%3D9be99541-56ff-e911-a2c3-c4346bcb1551&count=100000 (Caused by NewConnectionError('<urllib3.connection.VerifiedHTTPSConnection object at 0x000001602C2FCD68>: Failed to establish a new connection: [Errno 11001] getaddrinfo failed',))
11/04 15:38:10 [DEBUG] [8784] [COMPS.Client] Retrying...
11/04 15:38:10 [DEBUG] [8784] [COMPS.Client] Failed attempt 6 of 10: requests.exceptions.ConnectionError: HTTPSConnectionPool(host='comps.idmod.org', port=443): Max retries exceeded with url: /api/Simulations?fields=Id%2CSimulationState&filters=ExperimentId%3D9be99541-56ff-e911-a2c3-c4346bcb1551&count=100000 (Caused by NewConnectionError('<urllib3.connection.VerifiedHTTPSConnection object at 0x000001602C2FCFD0>: Failed to establish a new connection: [Errno 11001] getaddrinfo failed',))
11/04 15:38:11 [DEBUG] [8784] [COMPS.Client] Retrying...
11/04 15:38:11 [DEBUG] [8784] [COMPS.Client] Failed attempt 7 of 10: requests.exceptions.ConnectionError: HTTPSConnectionPool(host='comps.idmod.org', port=443): Max retries exceeded with url: /api/Simulations?fields=Id%2CSimulationState&filters=ExperimentId%3D9be99541-56ff-e911-a2c3-c4346bcb1551&count=100000 (Caused by NewConnectionError('<urllib3.connection.VerifiedHTTPSConnection object at 0x000001602C2FC080>: Failed to establish a new connection: [Errno 11001] getaddrinfo failed',))
11/04 15:38:11 [DEBUG] [8784] [COMPS.Client] Retrying...
11/04 15:38:11 [DEBUG] [8784] [COMPS.Client] Failed attempt 8 of 10: requests.exceptions.ConnectionError: HTTPSConnectionPool(host='comps.idmod.org', port=443): Max retries exceeded with url: /api/Simulations?fields=Id%2CSimulationState&filters=ExperimentId%3D9be99541-56ff-e911-a2c3-c4346bcb1551&count=100000 (Caused by NewConnectionError('<urllib3.connection.VerifiedHTTPSConnection object at 0x000001602C2FC9B0>: Failed to establish a new connection: [Errno 11001] getaddrinfo failed',))
11/04 15:38:12 [DEBUG] [8784] [COMPS.Client] Retrying...
11/04 15:38:12 [DEBUG] [8784] [COMPS.Client] Failed attempt 9 of 10: requests.exceptions.ConnectionError: HTTPSConnectionPool(host='comps.idmod.org', port=443): Max retries exceeded with url: /api/Simulations?fields=Id%2CSimulationState&filters=ExperimentId%3D9be99541-56ff-e911-a2c3-c4346bcb1551&count=100000 (Caused by NewConnectionError('<urllib3.connection.VerifiedHTTPSConnection object at 0x000001602C2FCE48>: Failed to establish a new connection: [Errno 11001] getaddrinfo failed',))
11/04 15:38:13 [DEBUG] [8784] [COMPS.Client] Retrying...
11/04 15:38:13 [DEBUG] [8784] [COMPS.Client] Failed attempt 10 of 10: requests.exceptions.ConnectionError: HTTPSConnectionPool(host='comps.idmod.org', port=443): Max retries exceeded with url: /api/Simulations?fields=Id%2CSimulationState&filters=ExperimentId%3D9be99541-56ff-e911-a2c3-c4346bcb1551&count=100000 (Caused by NewConnectionError('<urllib3.connection.VerifiedHTTPSConnection object at 0x000001602C2FC978>: Failed to establish a new connection: [Errno 11001] getaddrinfo failed',))
11/04 15:38:13 [DEBUG] [8784] [COMPS.Client] NOT RETRYING
11/04 15:38:13 [DEBUG] [8784] [COMPS.Client] <class 'requests.exceptions.ConnectionError'>
11/04 15:38:13 [DEBUG] [8784] [COMPS.Client] <class 'urllib3.exceptions.NewConnectionError'>
11/04 15:38:15 [DEBUG] [8784] [COMPS.Client] REQUEST -> GET https://comps.idmod.org/api/Simulations {'fields': 'Id,SimulationState', 'filters': 'ExperimentId=9be99541-56ff-e911-a2c3-c4346bcb1551', 'count': 100000}
11/04 15:38:15 [DEBUG] [8784] [COMPS.Client] Failed attempt 1 of 10: requests.exceptions.ConnectionError: HTTPSConnectionPool(host='comps.idmod.org', port=443): Max retries exceeded with url: /api/Simulations?fields=Id%2CSimulationState&filters=ExperimentId%3D9be99541-56ff-e911-a2c3-c4346bcb1551&count=100000 (Caused by NewConnectionError('<urllib3.connection.VerifiedHTTPSConnection object at 0x000001602C37A9B0>: Failed to establish a new connection: [Errno 11001] getaddrinfo failed',))
11/04 15:38:15 [DEBUG] [8784] [COMPS.Client] Retrying...
11/04 15:38:15 [DEBUG] [8784] [COMPS.Client] Failed attempt 2 of 10: requests.exceptions.ConnectionError: HTTPSConnectionPool(host='comps.idmod.org', port=443): Max retries exceeded with url: /api/Simulations?fields=Id%2CSimulationState&filters=ExperimentId%3D9be99541-56ff-e911-a2c3-c4346bcb1551&count=100000 (Caused by NewConnectionError('<urllib3.connection.VerifiedHTTPSConnection object at 0x000001602C37A9B0>: Failed to establish a new connection: [Errno 11001] getaddrinfo failed',))
11/04 15:38:15 [DEBUG] [8784] [COMPS.Client] Retrying...
11/04 15:38:15 [DEBUG] [8784] [COMPS.Client] Failed attempt 3 of 10: requests.exceptions.ConnectionError: HTTPSConnectionPool(host='comps.idmod.org', port=443): Max retries exceeded with url: /api/Simulations?fields=Id%2CSimulationState&filters=ExperimentId%3D9be99541-56ff-e911-a2c3-c4346bcb1551&count=100000 (Caused by NewConnectionError('<urllib3.connection.VerifiedHTTPSConnection object at 0x000001602C37A9B0>: Failed to establish a new connection: [Errno 11001] getaddrinfo failed',))
11/04 15:38:15 [DEBUG] [8784] [COMPS.Client] Retrying...
11/04 15:38:15 [DEBUG] [8784] [COMPS.Client] Failed attempt 4 of 10: requests.exceptions.ConnectionError: HTTPSConnectionPool(host='comps.idmod.org', port=443): Max retries exceeded with url: /api/Simulations?fields=Id%2CSimulationState&filters=ExperimentId%3D9be99541-56ff-e911-a2c3-c4346bcb1551&count=100000 (Caused by NewConnectionError('<urllib3.connection.VerifiedHTTPSConnection object at 0x000001602C37A9B0>: Failed to establish a new connection: [Errno 11001] getaddrinfo failed',))
11/04 15:38:16 [DEBUG] [8784] [COMPS.Client] Retrying...
11/04 15:38:16 [DEBUG] [8784] [COMPS.Client] Failed attempt 5 of 10: requests.exceptions.ConnectionError: HTTPSConnectionPool(host='comps.idmod.org', port=443): Max retries exceeded with url: /api/Simulations?fields=Id%2CSimulationState&filters=ExperimentId%3D9be99541-56ff-e911-a2c3-c4346bcb1551&count=100000 (Caused by NewConnectionError('<urllib3.connection.VerifiedHTTPSConnection object at 0x000001602C37A9B0>: Failed to establish a new connection: [Errno 11001] getaddrinfo failed',))
11/04 15:38:16 [DEBUG] [8784] [COMPS.Client] Retrying...
11/04 15:38:16 [DEBUG] [8784] [COMPS.Client] Failed attempt 6 of 10: requests.exceptions.ConnectionError: HTTPSConnectionPool(host='comps.idmod.org', port=443): Max retries exceeded with url: /api/Simulations?fields=Id%2CSimulationState&filters=ExperimentId%3D9be99541-56ff-e911-a2c3-c4346bcb1551&count=100000 (Caused by NewConnectionError('<urllib3.connection.VerifiedHTTPSConnection object at 0x000001602C37A9B0>: Failed to establish a new connection: [Errno 11001] getaddrinfo failed',))
11/04 15:45:12 [DEBUG] [8784] [COMPS.Client] Retrying...
11/04 15:45:12 [DEBUG] [8784] [COMPS.Client] Failed attempt 7 of 10: requests.exceptions.ConnectionError: HTTPSConnectionPool(host='comps.idmod.org', port=443): Max retries exceeded with url: /api/Simulations?fields=Id%2CSimulationState&filters=ExperimentId%3D9be99541-56ff-e911-a2c3-c4346bcb1551&count=100000 (Caused by NewConnectionError('<urllib3.connection.VerifiedHTTPSConnection object at 0x000001602C37A9B0>: Failed to establish a new connection: [Errno 11001] getaddrinfo failed',))
11/04 15:45:15 [DEBUG] [8784] [COMPS.Client] Retrying...
11/04 15:45:15 [DEBUG] [8784] [COMPS.Client] Failed attempt 8 of 10: requests.exceptions.ConnectionError: HTTPSConnectionPool(host='comps.idmod.org', port=443): Max retries exceeded with url: /api/Simulations?fields=Id%2CSimulationState&filters=ExperimentId%3D9be99541-56ff-e911-a2c3-c4346bcb1551&count=100000 (Caused by NewConnectionError('<urllib3.connection.VerifiedHTTPSConnection object at 0x000001602C37A9B0>: Failed to establish a new connection: [Errno 11001] getaddrinfo failed',))
11/04 15:45:15 [DEBUG] [8784] [COMPS.Client] Retrying...
11/04 15:45:15 [DEBUG] [8784] [COMPS.Client] Failed attempt 9 of 10: requests.exceptions.ConnectionError: HTTPSConnectionPool(host='comps.idmod.org', port=443): Max retries exceeded with url: /api/Simulations?fields=Id%2CSimulationState&filters=ExperimentId%3D9be99541-56ff-e911-a2c3-c4346bcb1551&count=100000 (Caused by NewConnectionError('<urllib3.connection.VerifiedHTTPSConnection object at 0x000001602C37A9B0>: Failed to establish a new connection: [Errno 11001] getaddrinfo failed',))
11/04 15:45:16 [DEBUG] [8784] [COMPS.Client] Retrying...
11/04 15:45:16 [DEBUG] [8784] [COMPS.Client] Failed attempt 10 of 10: requests.exceptions.ConnectionError: HTTPSConnectionPool(host='comps.idmod.org', port=443): Max retries exceeded with url: /api/Simulations?fields=Id%2CSimulationState&filters=ExperimentId%3D9be99541-56ff-e911-a2c3-c4346bcb1551&count=100000 (Caused by NewConnectionError('<urllib3.connection.VerifiedHTTPSConnection object at 0x000001602C37A9B0>: Failed to establish a new connection: [Errno 11001] getaddrinfo failed',))
11/04 15:45:16 [DEBUG] [8784] [COMPS.Client] NOT RETRYING
11/04 15:45:16 [DEBUG] [8784] [COMPS.Client] <class 'requests.exceptions.ConnectionError'>
11/04 15:45:16 [DEBUG] [8784] [COMPS.Client] <class 'urllib3.exceptions.NewConnectionError'>
11/04 15:45:18 [DEBUG] [8784] [COMPS.Client] REQUEST -> GET https://comps.idmod.org/api/Simulations {'fields': 'Id,SimulationState', 'filters': 'ExperimentId=9be99541-56ff-e911-a2c3-c4346bcb1551', 'count': 100000}
11/04 15:45:18 [DEBUG] [8784] [COMPS.Client] Failed attempt 1 of 10: requests.exceptions.ConnectionError: HTTPSConnectionPool(host='comps.idmod.org', port=443): Max retries exceeded with url: /api/Simulations?fields=Id%2CSimulationState&filters=ExperimentId%3D9be99541-56ff-e911-a2c3-c4346bcb1551&count=100000 (Caused by NewConnectionError('<urllib3.connection.VerifiedHTTPSConnection object at 0x000001602C37AC50>: Failed to establish a new connection: [Errno 11001] getaddrinfo failed',))
11/04 15:45:18 [DEBUG] [8784] [COMPS.Client] Retrying...
11/04 15:45:18 [DEBUG] [8784] [COMPS.Client] Failed attempt 2 of 10: requests.exceptions.ConnectionError: HTTPSConnectionPool(host='comps.idmod.org', port=443): Max retries exceeded with url: /api/Simulations?fields=Id%2CSimulationState&filters=ExperimentId%3D9be99541-56ff-e911-a2c3-c4346bcb1551&count=100000 (Caused by NewConnectionError('<urllib3.connection.VerifiedHTTPSConnection object at 0x000001602C37A588>: Failed to establish a new connection: [Errno 11001] getaddrinfo failed',))
11/04 15:45:18 [DEBUG] [8784] [COMPS.Client] Retrying...
11/04 15:45:18 [DEBUG] [8784] [COMPS.Client] Failed attempt 3 of 10: requests.exceptions.ConnectionError: HTTPSConnectionPool(host='comps.idmod.org', port=443): Max retries exceeded with url: /api/Simulations?fields=Id%2CSimulationState&filters=ExperimentId%3D9be99541-56ff-e911-a2c3-c4346bcb1551&count=100000 (Caused by NewConnectionError('<urllib3.connection.VerifiedHTTPSConnection object at 0x000001602C37A320>: Failed to establish a new connection: [Errno 11001] getaddrinfo failed',))
11/04 15:45:18 [DEBUG] [8784] [COMPS.Client] Retrying...
11/04 15:45:18 [DEBUG] [8784] [COMPS.Client] Failed attempt 4 of 10: requests.exceptions.ConnectionError: HTTPSConnectionPool(host='comps.idmod.org', port=443): Max retries exceeded with url: /api/Simulations?fields=Id%2CSimulationState&filters=ExperimentId%3D9be99541-56ff-e911-a2c3-c4346bcb1551&count=100000 (Caused by NewConnectionError('<urllib3.connection.VerifiedHTTPSConnection object at 0x000001602C37A550>: Failed to establish a new connection: [Errno 11001] getaddrinfo failed',))
11/04 15:45:19 [DEBUG] [8784] [COMPS.Client] Retrying...
11/04 15:45:19 [DEBUG] [8784] [COMPS.Client] Failed attempt 5 of 10: requests.exceptions.ConnectionError: HTTPSConnectionPool(host='comps.idmod.org', port=443): Max retries exceeded with url: /api/Simulations?fields=Id%2CSimulationState&filters=ExperimentId%3D9be99541-56ff-e911-a2c3-c4346bcb1551&count=100000 (Caused by NewConnectionError('<urllib3.connection.VerifiedHTTPSConnection object at 0x000001602C37AC18>: Failed to establish a new connection: [Errno 11001] getaddrinfo failed',))
11/04 15:45:19 [DEBUG] [8784] [COMPS.Client] Retrying...
11/04 15:45:19 [DEBUG] [8784] [COMPS.Client] Failed attempt 6 of 10: requests.exceptions.ConnectionError: HTTPSConnectionPool(host='comps.idmod.org', port=443): Max retries exceeded with url: /api/Simulations?fields=Id%2CSimulationState&filters=ExperimentId%3D9be99541-56ff-e911-a2c3-c4346bcb1551&count=100000 (Caused by NewConnectionError('<urllib3.connection.VerifiedHTTPSConnection object at 0x000001602C37AC50>: Failed to establish a new connection: [Errno 11001] getaddrinfo failed',))
11/04 15:45:20 [DEBUG] [8784] [COMPS.Client] Retrying...
11/04 15:45:20 [DEBUG] [8784] [COMPS.Client] Failed attempt 7 of 10: requests.exceptions.ConnectionError: HTTPSConnectionPool(host='comps.idmod.org', port=443): Max retries exceeded with url: /api/Simulations?fields=Id%2CSimulationState&filters=ExperimentId%3D9be99541-56ff-e911-a2c3-c4346bcb1551&count=100000 (Caused by NewConnectionError('<urllib3.connection.VerifiedHTTPSConnection object at 0x000001602C37A588>: Failed to establish a new connection: [Errno 11001] getaddrinfo failed',))
11/04 15:45:21 [DEBUG] [8784] [COMPS.Client] Retrying...
11/04 15:45:21 [DEBUG] [8784] [COMPS.Client] Failed attempt 8 of 10: requests.exceptions.ConnectionError: HTTPSConnectionPool(host='comps.idmod.org', port=443): Max retries exceeded with url: /api/Simulations?fields=Id%2CSimulationState&filters=ExperimentId%3D9be99541-56ff-e911-a2c3-c4346bcb1551&count=100000 (Caused by NewConnectionError('<urllib3.connection.VerifiedHTTPSConnection object at 0x000001602C37A320>: Failed to establish a new connection: [Errno 11001] getaddrinfo failed',))
11/04 15:45:22 [DEBUG] [8784] [COMPS.Client] Retrying...
11/04 15:45:22 [DEBUG] [8784] [COMPS.Client] Failed attempt 9 of 10: requests.exceptions.ConnectionError: HTTPSConnectionPool(host='comps.idmod.org', port=443): Max retries exceeded with url: /api/Simulations?fields=Id%2CSimulationState&filters=ExperimentId%3D9be99541-56ff-e911-a2c3-c4346bcb1551&count=100000 (Caused by NewConnectionError('<urllib3.connection.VerifiedHTTPSConnection object at 0x000001602C37A550>: Failed to establish a new connection: [Errno 11001] getaddrinfo failed',))
11/04 15:45:22 [DEBUG] [8784] [COMPS.Client] Retrying...
11/04 15:45:22 [DEBUG] [8784] [COMPS.Client] Failed attempt 10 of 10: requests.exceptions.ConnectionError: HTTPSConnectionPool(host='comps.idmod.org', port=443): Max retries exceeded with url: /api/Simulations?fields=Id%2CSimulationState&filters=ExperimentId%3D9be99541-56ff-e911-a2c3-c4346bcb1551&count=100000 (Caused by NewConnectionError('<urllib3.connection.VerifiedHTTPSConnection object at 0x000001602C37AC18>: Failed to establish a new connection: [Errno 11001] getaddrinfo failed',))
11/04 15:45:22 [DEBUG] [8784] [COMPS.Client] NOT RETRYING
11/04 15:45:22 [DEBUG] [8784] [COMPS.Client] <class 'requests.exceptions.ConnectionError'>
11/04 15:45:22 [DEBUG] [8784] [COMPS.Client] <class 'urllib3.exceptions.NewConnectionError'>
11/04 15:45:24 [DEBUG] [8784] [COMPS.Client] REQUEST -> GET https://comps.idmod.org/api/Simulations {'fields': 'Id,SimulationState', 'filters': 'ExperimentId=9be99541-56ff-e911-a2c3-c4346bcb1551', 'count': 100000}
11/04 15:45:24 [DEBUG] [8784] [COMPS.Client] Failed attempt 1 of 10: requests.exceptions.ConnectionError: HTTPSConnectionPool(host='comps.idmod.org', port=443): Max retries exceeded with url: /api/Simulations?fields=Id%2CSimulationState&filters=ExperimentId%3D9be99541-56ff-e911-a2c3-c4346bcb1551&count=100000 (Caused by NewConnectionError('<urllib3.connection.VerifiedHTTPSConnection object at 0x000001602C37ABA8>: Failed to establish a new connection: [Errno 11001] getaddrinfo failed',))
11/04 15:45:24 [DEBUG] [8784] [COMPS.Client] Retrying...
11/04 15:45:24 [DEBUG] [8784] [COMPS.Client] Failed attempt 2 of 10: requests.exceptions.ConnectionError: HTTPSConnectionPool(host='comps.idmod.org', port=443): Max retries exceeded with url: /api/Simulations?fields=Id%2CSimulationState&filters=ExperimentId%3D9be99541-56ff-e911-a2c3-c4346bcb1551&count=100000 (Caused by NewConnectionError('<urllib3.connection.VerifiedHTTPSConnection object at 0x000001602C37A940>: Failed to establish a new connection: [Errno 11001] getaddrinfo failed',))
11/04 15:45:24 [DEBUG] [8784] [COMPS.Client] Retrying...
11/04 15:45:24 [DEBUG] [8784] [COMPS.Client] Failed attempt 3 of 10: requests.exceptions.ConnectionError: HTTPSConnectionPool(host='comps.idmod.org', port=443): Max retries exceeded with url: /api/Simulations?fields=Id%2CSimulationState&filters=ExperimentId%3D9be99541-56ff-e911-a2c3-c4346bcb1551&count=100000 (Caused by NewConnectionError('<urllib3.connection.VerifiedHTTPSConnection object at 0x000001602C37A320>: Failed to establish a new connection: [Errno 11001] getaddrinfo failed',))
11/04 15:45:25 [DEBUG] [8784] [COMPS.Client] Retrying...
11/04 15:45:25 [DEBUG] [8784] [COMPS.Client] Failed attempt 4 of 10: requests.exceptions.ConnectionError: HTTPSConnectionPool(host='comps.idmod.org', port=443): Max retries exceeded with url: /api/Simulations?fields=Id%2CSimulationState&filters=ExperimentId%3D9be99541-56ff-e911-a2c3-c4346bcb1551&count=100000 (Caused by NewConnectionError('<urllib3.connection.VerifiedHTTPSConnection object at 0x000001602C37AF98>: Failed to establish a new connection: [Errno 11001] getaddrinfo failed',))
11/04 15:45:25 [DEBUG] [8784] [COMPS.Client] Retrying...
11/04 15:45:25 [DEBUG] [8784] [COMPS.Client] Failed attempt 5 of 10: requests.exceptions.ConnectionError: HTTPSConnectionPool(host='comps.idmod.org', port=443): Max retries exceeded with url: /api/Simulations?fields=Id%2CSimulationState&filters=ExperimentId%3D9be99541-56ff-e911-a2c3-c4346bcb1551&count=100000 (Caused by NewConnectionError('<urllib3.connection.VerifiedHTTPSConnection object at 0x000001602C37AE48>: Failed to establish a new connection: [Errno 11001] getaddrinfo failed',))
11/04 15:45:25 [DEBUG] [8784] [COMPS.Client] Retrying...
11/04 15:45:25 [DEBUG] [8784] [COMPS.Client] Failed attempt 6 of 10: requests.exceptions.ConnectionError: HTTPSConnectionPool(host='comps.idmod.org', port=443): Max retries exceeded with url: /api/Simulations?fields=Id%2CSimulationState&filters=ExperimentId%3D9be99541-56ff-e911-a2c3-c4346bcb1551&count=100000 (Caused by NewConnectionError('<urllib3.connection.VerifiedHTTPSConnection object at 0x000001602C37AA58>: Failed to establish a new connection: [Errno 11001] getaddrinfo failed',))
11/04 15:45:26 [DEBUG] [8784] [COMPS.Client] Retrying...
11/04 15:45:26 [DEBUG] [8784] [COMPS.Client] Failed attempt 7 of 10: requests.exceptions.ConnectionError: HTTPSConnectionPool(host='comps.idmod.org', port=443): Max retries exceeded with url: /api/Simulations?fields=Id%2CSimulationState&filters=ExperimentId%3D9be99541-56ff-e911-a2c3-c4346bcb1551&count=100000 (Caused by NewConnectionError('<urllib3.connection.VerifiedHTTPSConnection object at 0x000001602C37A780>: Failed to establish a new connection: [Errno 11001] getaddrinfo failed',))
11/04 15:45:27 [DEBUG] [8784] [COMPS.Client] Retrying...
11/04 15:45:27 [DEBUG] [8784] [COMPS.Client] Failed attempt 8 of 10: requests.exceptions.ConnectionError: HTTPSConnectionPool(host='comps.idmod.org', port=443): Max retries exceeded with url: /api/Simulations?fields=Id%2CSimulationState&filters=ExperimentId%3D9be99541-56ff-e911-a2c3-c4346bcb1551&count=100000 (Caused by NewConnectionError('<urllib3.connection.VerifiedHTTPSConnection object at 0x000001602C37ABA8>: Failed to establish a new connection: [Errno 11001] getaddrinfo failed',))
11/04 15:45:28 [DEBUG] [8784] [COMPS.Client] Retrying...
11/04 15:45:28 [DEBUG] [8784] [COMPS.Client] Failed attempt 9 of 10: requests.exceptions.ConnectionError: HTTPSConnectionPool(host='comps.idmod.org', port=443): Max retries exceeded with url: /api/Simulations?fields=Id%2CSimulationState&filters=ExperimentId%3D9be99541-56ff-e911-a2c3-c4346bcb1551&count=100000 (Caused by NewConnectionError('<urllib3.connection.VerifiedHTTPSConnection object at 0x000001602C37A940>: Failed to establish a new connection: [Errno 11001] getaddrinfo failed',))
11/04 15:45:28 [DEBUG] [8784] [COMPS.Client] Retrying...
11/04 15:45:28 [DEBUG] [8784] [COMPS.Client] Failed attempt 10 of 10: requests.exceptions.ConnectionError: HTTPSConnectionPool(host='comps.idmod.org', port=443): Max retries exceeded with url: /api/Simulations?fields=Id%2CSimulationState&filters=ExperimentId%3D9be99541-56ff-e911-a2c3-c4346bcb1551&count=100000 (Caused by NewConnectionError('<urllib3.connection.VerifiedHTTPSConnection object at 0x000001602C37A320>: Failed to establish a new connection: [Errno 11001] getaddrinfo failed',))
11/04 15:45:28 [DEBUG] [8784] [COMPS.Client] NOT RETRYING
11/04 15:45:28 [DEBUG] [8784] [COMPS.Client] <class 'requests.exceptions.ConnectionError'>
11/04 15:45:28 [DEBUG] [8784] [COMPS.Client] <class 'urllib3.exceptions.NewConnectionError'>
11/04 15:45:35 [DEBUG] [8784] [COMPS.Client] REQUEST -> GET https://comps.idmod.org/api/Simulations {'fields': 'Id,SimulationState', 'filters': 'ExperimentId=9be99541-56ff-e911-a2c3-c4346bcb1551', 'count': 100000}
11/04 15:45:35 [DEBUG] [8784] [COMPS.Client] Failed attempt 1 of 10: requests.exceptions.ConnectionError: HTTPSConnectionPool(host='comps.idmod.org', port=443): Max retries exceeded with url: /api/Simulations?fields=Id%2CSimulationState&filters=ExperimentId%3D9be99541-56ff-e911-a2c3-c4346bcb1551&count=100000 (Caused by NewConnectionError('<urllib3.connection.VerifiedHTTPSConnection object at 0x000001602C1AACF8>: Failed to establish a new connection: [Errno 11001] getaddrinfo failed',))
11/04 15:45:35 [DEBUG] [8784] [COMPS.Client] Retrying...
11/04 15:45:35 [DEBUG] [8784] [COMPS.Client] Failed attempt 2 of 10: requests.exceptions.ConnectionError: HTTPSConnectionPool(host='comps.idmod.org', port=443): Max retries exceeded with url: /api/Simulations?fields=Id%2CSimulationState&filters=ExperimentId%3D9be99541-56ff-e911-a2c3-c4346bcb1551&count=100000 (Caused by NewConnectionError('<urllib3.connection.VerifiedHTTPSConnection object at 0x000001602C37A240>: Failed to establish a new connection: [Errno 11001] getaddrinfo failed',))
11/04 15:45:36 [DEBUG] [8784] [COMPS.Client] Retrying...
11/04 15:45:36 [DEBUG] [8784] [COMPS.Client] Failed attempt 3 of 10: requests.exceptions.ConnectionError: HTTPSConnectionPool(host='comps.idmod.org', port=443): Max retries exceeded with url: /api/Simulations?fields=Id%2CSimulationState&filters=ExperimentId%3D9be99541-56ff-e911-a2c3-c4346bcb1551&count=100000 (Caused by NewConnectionError('<urllib3.connection.VerifiedHTTPSConnection object at 0x000001602C37AB00>: Failed to establish a new connection: [Errno 11001] getaddrinfo failed',))
11/04 15:45:36 [DEBUG] [8784] [COMPS.Client] Retrying...
11/04 15:45:36 [DEBUG] [8784] [COMPS.Client] Failed attempt 4 of 10: requests.exceptions.ConnectionError: HTTPSConnectionPool(host='comps.idmod.org', port=443): Max retries exceeded with url: /api/Simulations?fields=Id%2CSimulationState&filters=ExperimentId%3D9be99541-56ff-e911-a2c3-c4346bcb1551&count=100000 (Caused by NewConnectionError('<urllib3.connection.VerifiedHTTPSConnection object at 0x000001602C37A2B0>: Failed to establish a new connection: [Errno 11001] getaddrinfo failed',))
11/04 15:45:36 [DEBUG] [8784] [COMPS.Client] Retrying...
11/04 15:45:36 [DEBUG] [8784] [COMPS.Client] Failed attempt 5 of 10: requests.exceptions.ConnectionError: HTTPSConnectionPool(host='comps.idmod.org', port=443): Max retries exceeded with url: /api/Simulations?fields=Id%2CSimulationState&filters=ExperimentId%3D9be99541-56ff-e911-a2c3-c4346bcb1551&count=100000 (Caused by NewConnectionError('<urllib3.connection.VerifiedHTTPSConnection object at 0x000001602C37A860>: Failed to establish a new connection: [Errno 11001] getaddrinfo failed',))
11/04 15:45:37 [DEBUG] [8784] [COMPS.Client] Retrying...
11/04 15:45:37 [DEBUG] [8784] [COMPS.Client] Failed attempt 6 of 10: requests.exceptions.ConnectionError: HTTPSConnectionPool(host='comps.idmod.org', port=443): Max retries exceeded with url: /api/Simulations?fields=Id%2CSimulationState&filters=ExperimentId%3D9be99541-56ff-e911-a2c3-c4346bcb1551&count=100000 (Caused by NewConnectionError('<urllib3.connection.VerifiedHTTPSConnection object at 0x000001602C37ADD8>: Failed to establish a new connection: [Errno 11001] getaddrinfo failed',))
11/04 15:45:37 [DEBUG] [8784] [COMPS.Client] Retrying...
11/04 15:45:37 [DEBUG] [8784] [COMPS.Client] Failed attempt 7 of 10: requests.exceptions.ConnectionError: HTTPSConnectionPool(host='comps.idmod.org', port=443): Max retries exceeded with url: /api/Simulations?fields=Id%2CSimulationState&filters=ExperimentId%3D9be99541-56ff-e911-a2c3-c4346bcb1551&count=100000 (Caused by NewConnectionError('<urllib3.connection.VerifiedHTTPSConnection object at 0x000001602C37A048>: Failed to establish a new connection: [Errno 11001] getaddrinfo failed',))
11/04 15:45:38 [DEBUG] [8784] [COMPS.Client] Retrying...
11/04 15:45:38 [DEBUG] [8784] [COMPS.Client] Failed attempt 8 of 10: requests.exceptions.ConnectionError: HTTPSConnectionPool(host='comps.idmod.org', port=443): Max retries exceeded with url: /api/Simulations?fields=Id%2CSimulationState&filters=ExperimentId%3D9be99541-56ff-e911-a2c3-c4346bcb1551&count=100000 (Caused by NewConnectionError('<urllib3.connection.VerifiedHTTPSConnection object at 0x000001602C37AB70>: Failed to establish a new connection: [Errno 11001] getaddrinfo failed',))
11/04 15:45:39 [DEBUG] [8784] [COMPS.Client] Retrying...
11/04 15:45:39 [DEBUG] [8784] [COMPS.Client] Failed attempt 9 of 10: requests.exceptions.ConnectionError: HTTPSConnectionPool(host='comps.idmod.org', port=443): Max retries exceeded with url: /api/Simulations?fields=Id%2CSimulationState&filters=ExperimentId%3D9be99541-56ff-e911-a2c3-c4346bcb1551&count=100000 (Caused by NewConnectionError('<urllib3.connection.VerifiedHTTPSConnection object at 0x000001602C37A6A0>: Failed to establish a new connection: [Errno 11001] getaddrinfo failed',))
11/04 15:45:40 [DEBUG] [8784] [COMPS.Client] Retrying...
11/04 15:45:40 [DEBUG] [8784] [COMPS.Client] Failed attempt 10 of 10: requests.exceptions.ConnectionError: HTTPSConnectionPool(host='comps.idmod.org', port=443): Max retries exceeded with url: /api/Simulations?fields=Id%2CSimulationState&filters=ExperimentId%3D9be99541-56ff-e911-a2c3-c4346bcb1551&count=100000 (Caused by NewConnectionError('<urllib3.connection.VerifiedHTTPSConnection object at 0x000001602C37ABE0>: Failed to establish a new connection: [Errno 11001] getaddrinfo failed',))
11/04 15:45:40 [DEBUG] [8784] [COMPS.Client] NOT RETRYING
11/04 15:45:40 [DEBUG] [8784] [COMPS.Client] <class 'requests.exceptions.ConnectionError'>
11/04 15:45:40 [DEBUG] [8784] [COMPS.Client] <class 'urllib3.exceptions.NewConnectionError'>
11/04 15:45:41 [DEBUG] [8784] [COMPS.Client] REQUEST -> GET https://comps.idmod.org/api/Simulations {'fields': 'Id,SimulationState', 'filters': 'ExperimentId=9be99541-56ff-e911-a2c3-c4346bcb1551', 'count': 100000}
11/04 15:45:41 [DEBUG] [8784] [COMPS.Client] Failed attempt 1 of 10: requests.exceptions.ConnectionError: HTTPSConnectionPool(host='comps.idmod.org', port=443): Max retries exceeded with url: /api/Simulations?fields=Id%2CSimulationState&filters=ExperimentId%3D9be99541-56ff-e911-a2c3-c4346bcb1551&count=100000 (Caused by NewConnectionError('<urllib3.connection.VerifiedHTTPSConnection object at 0x000001602C2FCFD0>: Failed to establish a new connection: [Errno 11001] getaddrinfo failed',))
11/04 15:45:41 [DEBUG] [8784] [COMPS.Client] Retrying...
11/04 15:45:41 [DEBUG] [8784] [COMPS.Client] Failed attempt 2 of 10: requests.exceptions.ConnectionError: HTTPSConnectionPool(host='comps.idmod.org', port=443): Max retries exceeded with url: /api/Simulations?fields=Id%2CSimulationState&filters=ExperimentId%3D9be99541-56ff-e911-a2c3-c4346bcb1551&count=100000 (Caused by NewConnectionError('<urllib3.connection.VerifiedHTTPSConnection object at 0x000001602C2FC128>: Failed to establish a new connection: [Errno 11001] getaddrinfo failed',))
11/04 15:45:42 [DEBUG] [8784] [COMPS.Client] Retrying...
11/04 15:45:42 [DEBUG] [8784] [COMPS.Client] Failed attempt 3 of 10: requests.exceptions.ConnectionError: HTTPSConnectionPool(host='comps.idmod.org', port=443): Max retries exceeded with url: /api/Simulations?fields=Id%2CSimulationState&filters=ExperimentId%3D9be99541-56ff-e911-a2c3-c4346bcb1551&count=100000 (Caused by NewConnectionError('<urllib3.connection.VerifiedHTTPSConnection object at 0x000001602C2FCD68>: Failed to establish a new connection: [Errno 11001] getaddrinfo failed',))
11/04 15:45:42 [DEBUG] [8784] [COMPS.Client] Retrying...
11/04 15:45:42 [DEBUG] [8784] [COMPS.Client] Failed attempt 4 of 10: requests.exceptions.ConnectionError: HTTPSConnectionPool(host='comps.idmod.org', port=443): Max retries exceeded with url: /api/Simulations?fields=Id%2CSimulationState&filters=ExperimentId%3D9be99541-56ff-e911-a2c3-c4346bcb1551&count=100000 (Caused by NewConnectionError('<urllib3.connection.VerifiedHTTPSConnection object at 0x000001602C2FCA58>: Failed to establish a new connection: [Errno 11001] getaddrinfo failed',))
11/04 15:45:42 [DEBUG] [8784] [COMPS.Client] Retrying...
11/04 15:45:42 [DEBUG] [8784] [COMPS.Client] Failed attempt 5 of 10: requests.exceptions.ConnectionError: HTTPSConnectionPool(host='comps.idmod.org', port=443): Max retries exceeded with url: /api/Simulations?fields=Id%2CSimulationState&filters=ExperimentId%3D9be99541-56ff-e911-a2c3-c4346bcb1551&count=100000 (Caused by NewConnectionError('<urllib3.connection.VerifiedHTTPSConnection object at 0x000001602C2FC6A0>: Failed to establish a new connection: [Errno 11001] getaddrinfo failed',))
11/04 15:45:43 [DEBUG] [8784] [COMPS.Client] Retrying...
11/04 15:45:44 [DEBUG] [8784] [COMPS.Client] Succeeded on attempt 6 of 10
