03/06 19:17:10 [DEBUG] [16000] [COMPS.Data.SerializableEntity] OutputFileMetadata --> {'Id': '_internal_id', 'Length': 'length', 'FriendlyName': 'friendly_name', 'PathFromRoot': 'path_from_root', 'Url': 'url', 'MimeType': 'mime_type'}
03/06 19:17:10 [DEBUG] [16000] [COMPS.Data.SerializableEntity] AssetFile --> {'FileName': 'file_name', 'MD5Checksum': 'md5_checksum', 'Length': 'length', 'Uri': 'uri'}
03/06 19:17:10 [DEBUG] [16000] [COMPS.Data.SerializableEntity] AssetCollectionFile --> {'RelativePath': 'relative_path', 'Tags': 'tags', 'FileName': 'file_name', 'MD5Checksum': 'md5_checksum', 'Length': 'length', 'Uri': 'uri'}
03/06 19:17:10 [DEBUG] [16000] [COMPS.Data.SerializableEntity] AssetCollection --> {'Id': 'id', 'DateCreated': 'date_created', 'Tags': 'tags', 'Assets': 'assets'}
03/06 19:17:10 [DEBUG] [16000] [COMPS.Data.SerializableEntity] Configuration --> {'EnvironmentName': 'environment_name', 'SimulationInputArgs': 'simulation_input_args', 'WorkingDirectoryRoot': 'working_directory_root', 'ExecutablePath': 'executable_path', 'NodeGroupName': 'node_group_name', 'MaximumNumberOfRetries': 'maximum_number_of_retries', 'Priority': 'priority', 'MinCores': 'min_cores', 'MaxCores': 'max_cores', 'Exclusive': 'exclusive', 'AssetCollectionId': 'asset_collection_id'}
03/06 19:17:10 [DEBUG] [16000] [COMPS.Data.SerializableEntity] SimulationFile --> {'FileType': 'file_type', 'Description': 'description', 'FileName': 'file_name', 'MD5Checksum': 'md5_checksum', 'Length': 'length', 'Uri': 'uri'}
03/06 19:17:10 [DEBUG] [16000] [COMPS.Data.SerializableEntity] WorkItemFile --> {'FileType': 'file_type', 'Description': 'description', 'FileName': 'file_name', 'MD5Checksum': 'md5_checksum', 'Length': 'length', 'Uri': 'uri'}
03/06 19:17:10 [DEBUG] [16000] [COMPS.Data.SerializableEntity] HpcJob --> {'Id': '_internal_id', 'JobId': 'job_id', 'JobState': 'job_state', 'Priority': 'priority', 'WorkingDirectory': 'working_directory', 'OutputDirectorySize': 'output_directory_size', 'SubmitTime': 'submit_time', 'StartTime': 'start_time', 'EndTime': 'end_time', 'ErrorMessage': 'error_message', 'Configuration': 'configuration'}
03/06 19:17:10 [DEBUG] [16000] [COMPS.Data.SerializableEntity] Simulation --> {'Id': 'id', 'ExperimentId': 'experiment_id', 'Name': 'name', 'Description': 'description', 'Owner': 'owner', 'DateCreated': 'date_created', 'LastModified': 'last_modified', 'SimulationState': 'state', 'ErrorMessage': 'error_message', 'Tags': 'tags', 'Configuration': 'configuration', 'Files': 'files', 'HPCJobs': 'hpc_jobs'}
03/06 19:17:10 [DEBUG] [16000] [COMPS.Data.SerializableEntity] Experiment --> {'Id': 'id', 'SuiteId': 'suite_id', 'Name': 'name', 'Description': 'description', 'Owner': 'owner', 'DateCreated': 'date_created', 'LastModified': 'last_modified', 'Tags': 'tags', 'Configuration': 'configuration'}
03/06 19:17:10 [DEBUG] [16000] [COMPS.Data.SerializableEntity] Suite --> {'Id': 'id', 'Name': 'name', 'Description': 'description', 'Owner': 'owner', 'DateCreated': 'date_created', 'LastModified': 'last_modified', 'Tags': 'tags', 'Configuration': 'configuration'}
03/06 19:17:10 [DEBUG] [16000] [COMPS.Data.SerializableEntity] WorkItem --> {'Id': 'id', 'Name': 'name', 'Worker': 'worker', 'EnvironmentName': 'environment_name', 'Description': 'description', 'Owner': 'owner', 'DateCreated': 'date_created', 'LastModified': 'last_modified', 'State': 'state', 'ErrorMessage': 'error_message', 'HostName': 'host_name', 'WorkerInstanceId': 'worker_instance_id', 'WorkItemPriority': 'priority', 'WorkingDirectory': 'working_directory', 'WorkingDirectorySize': 'working_directory_size', 'AssetCollectionId': 'asset_collection_id', 'Tags': 'tags', 'Files': 'files', 'Plugins': 'plugins'}
03/06 19:17:10 [DEBUG] [16000] [COMPS.Client] Parsed login host: ('https', 'comps.idmod.org', None)
03/06 19:17:10 [DEBUG] [16000] [COMPS.Client] REQUEST -> GET https://comps.idmod.org/api/Simulations {'fields': 'Id', 'filters': 'SimulationState=0,ExperimentId=4e5108ee-2160-ea11-a2c5-c4346bcb1550', 'count': 100000}
03/06 19:17:11 [DEBUG] [16000] [COMPS.Client] REQUEST -> GET https://comps.idmod.org/api/Simulations {'fields': 'Id,SimulationState', 'filters': 'ExperimentId=4e5108ee-2160-ea11-a2c5-c4346bcb1550', 'count': 100000}
03/06 19:17:17 [DEBUG] [16000] [COMPS.Client] REQUEST -> GET https://comps.idmod.org/api/Simulations {'fields': 'Id,SimulationState', 'filters': 'ExperimentId=4e5108ee-2160-ea11-a2c5-c4346bcb1550', 'count': 100000}
03/06 19:17:22 [DEBUG] [16000] [COMPS.Client] REQUEST -> GET https://comps.idmod.org/api/Simulations {'fields': 'Id,SimulationState', 'filters': 'ExperimentId=4e5108ee-2160-ea11-a2c5-c4346bcb1550', 'count': 100000}
03/06 19:17:27 [DEBUG] [16000] [COMPS.Client] REQUEST -> GET https://comps.idmod.org/api/Simulations {'fields': 'Id,SimulationState', 'filters': 'ExperimentId=4e5108ee-2160-ea11-a2c5-c4346bcb1550', 'count': 100000}
03/06 19:17:33 [DEBUG] [16000] [COMPS.Client] REQUEST -> GET https://comps.idmod.org/api/Simulations {'fields': 'Id,SimulationState', 'filters': 'ExperimentId=4e5108ee-2160-ea11-a2c5-c4346bcb1550', 'count': 100000}
03/06 19:17:38 [DEBUG] [16000] [COMPS.Client] REQUEST -> GET https://comps.idmod.org/api/Simulations {'fields': 'Id,SimulationState', 'filters': 'ExperimentId=4e5108ee-2160-ea11-a2c5-c4346bcb1550', 'count': 100000}
03/06 19:17:43 [DEBUG] [16000] [COMPS.Client] REQUEST -> GET https://comps.idmod.org/api/Simulations {'fields': 'Id,SimulationState', 'filters': 'ExperimentId=4e5108ee-2160-ea11-a2c5-c4346bcb1550', 'count': 100000}
03/06 19:17:48 [DEBUG] [16000] [COMPS.Client] REQUEST -> GET https://comps.idmod.org/api/Simulations {'fields': 'Id,SimulationState', 'filters': 'ExperimentId=4e5108ee-2160-ea11-a2c5-c4346bcb1550', 'count': 100000}
03/06 19:17:54 [DEBUG] [16000] [COMPS.Client] REQUEST -> GET https://comps.idmod.org/api/Simulations {'fields': 'Id,SimulationState', 'filters': 'ExperimentId=4e5108ee-2160-ea11-a2c5-c4346bcb1550', 'count': 100000}
03/06 19:17:59 [DEBUG] [16000] [COMPS.Client] REQUEST -> GET https://comps.idmod.org/api/Simulations {'fields': 'Id,SimulationState', 'filters': 'ExperimentId=4e5108ee-2160-ea11-a2c5-c4346bcb1550', 'count': 100000}
03/06 19:18:04 [DEBUG] [16000] [COMPS.Client] REQUEST -> GET https://comps.idmod.org/api/Simulations {'fields': 'Id,SimulationState', 'filters': 'ExperimentId=4e5108ee-2160-ea11-a2c5-c4346bcb1550', 'count': 100000}
03/06 19:18:10 [DEBUG] [16000] [COMPS.Client] REQUEST -> GET https://comps.idmod.org/api/Simulations {'fields': 'Id,SimulationState', 'filters': 'ExperimentId=4e5108ee-2160-ea11-a2c5-c4346bcb1550', 'count': 100000}
03/06 19:18:15 [DEBUG] [16000] [COMPS.Client] REQUEST -> GET https://comps.idmod.org/api/Simulations {'fields': 'Id,SimulationState', 'filters': 'ExperimentId=4e5108ee-2160-ea11-a2c5-c4346bcb1550', 'count': 100000}
03/06 19:18:21 [DEBUG] [16000] [COMPS.Client] REQUEST -> GET https://comps.idmod.org/api/Simulations {'fields': 'Id,SimulationState', 'filters': 'ExperimentId=4e5108ee-2160-ea11-a2c5-c4346bcb1550', 'count': 100000}
03/06 19:18:26 [DEBUG] [16000] [COMPS.Client] REQUEST -> GET https://comps.idmod.org/api/Simulations {'fields': 'Id,SimulationState', 'filters': 'ExperimentId=4e5108ee-2160-ea11-a2c5-c4346bcb1550', 'count': 100000}
03/06 19:18:32 [DEBUG] [16000] [COMPS.Client] REQUEST -> GET https://comps.idmod.org/api/Simulations {'fields': 'Id,SimulationState', 'filters': 'ExperimentId=4e5108ee-2160-ea11-a2c5-c4346bcb1550', 'count': 100000}
03/06 19:18:37 [DEBUG] [16000] [COMPS.Client] REQUEST -> GET https://comps.idmod.org/api/Simulations {'fields': 'Id,SimulationState', 'filters': 'ExperimentId=4e5108ee-2160-ea11-a2c5-c4346bcb1550', 'count': 100000}
03/06 19:18:42 [DEBUG] [16000] [COMPS.Client] REQUEST -> GET https://comps.idmod.org/api/Simulations {'fields': 'Id,SimulationState', 'filters': 'ExperimentId=4e5108ee-2160-ea11-a2c5-c4346bcb1550', 'count': 100000}
03/06 19:18:47 [DEBUG] [16000] [COMPS.Client] REQUEST -> GET https://comps.idmod.org/api/Simulations {'fields': 'Id,SimulationState', 'filters': 'ExperimentId=4e5108ee-2160-ea11-a2c5-c4346bcb1550', 'count': 100000}
03/06 19:18:53 [DEBUG] [16000] [COMPS.Client] REQUEST -> GET https://comps.idmod.org/api/Simulations {'fields': 'Id,SimulationState', 'filters': 'ExperimentId=4e5108ee-2160-ea11-a2c5-c4346bcb1550', 'count': 100000}
03/06 19:18:58 [DEBUG] [16000] [COMPS.Client] REQUEST -> GET https://comps.idmod.org/api/Simulations {'fields': 'Id,SimulationState', 'filters': 'ExperimentId=4e5108ee-2160-ea11-a2c5-c4346bcb1550', 'count': 100000}
03/06 19:19:03 [DEBUG] [16000] [COMPS.Client] REQUEST -> GET https://comps.idmod.org/api/Simulations {'fields': 'Id,SimulationState', 'filters': 'ExperimentId=4e5108ee-2160-ea11-a2c5-c4346bcb1550', 'count': 100000}
03/06 19:19:08 [DEBUG] [16000] [COMPS.Client] REQUEST -> GET https://comps.idmod.org/api/Simulations {'fields': 'Id,SimulationState', 'filters': 'ExperimentId=4e5108ee-2160-ea11-a2c5-c4346bcb1550', 'count': 100000}
03/06 19:19:14 [DEBUG] [16000] [COMPS.Client] REQUEST -> GET https://comps.idmod.org/api/Simulations {'fields': 'Id,SimulationState', 'filters': 'ExperimentId=4e5108ee-2160-ea11-a2c5-c4346bcb1550', 'count': 100000}
03/06 19:19:19 [DEBUG] [16000] [COMPS.Client] REQUEST -> GET https://comps.idmod.org/api/Simulations {'fields': 'Id,SimulationState', 'filters': 'ExperimentId=4e5108ee-2160-ea11-a2c5-c4346bcb1550', 'count': 100000}
03/06 19:19:24 [DEBUG] [16000] [COMPS.Client] REQUEST -> GET https://comps.idmod.org/api/Simulations {'fields': 'Id,SimulationState', 'filters': 'ExperimentId=4e5108ee-2160-ea11-a2c5-c4346bcb1550', 'count': 100000}
03/06 19:19:29 [DEBUG] [16000] [COMPS.Client] REQUEST -> GET https://comps.idmod.org/api/Simulations {'fields': 'Id,SimulationState', 'filters': 'ExperimentId=4e5108ee-2160-ea11-a2c5-c4346bcb1550', 'count': 100000}
03/06 19:19:35 [DEBUG] [16000] [COMPS.Client] REQUEST -> GET https://comps.idmod.org/api/Simulations {'fields': 'Id,SimulationState', 'filters': 'ExperimentId=4e5108ee-2160-ea11-a2c5-c4346bcb1550', 'count': 100000}
03/06 19:19:40 [DEBUG] [16000] [COMPS.Client] REQUEST -> GET https://comps.idmod.org/api/Simulations {'fields': 'Id,SimulationState', 'filters': 'ExperimentId=4e5108ee-2160-ea11-a2c5-c4346bcb1550', 'count': 100000}
03/06 19:19:45 [DEBUG] [16000] [COMPS.Client] REQUEST -> GET https://comps.idmod.org/api/Simulations {'fields': 'Id,SimulationState', 'filters': 'ExperimentId=4e5108ee-2160-ea11-a2c5-c4346bcb1550', 'count': 100000}
03/06 19:19:50 [DEBUG] [16000] [COMPS.Client] REQUEST -> GET https://comps.idmod.org/api/Simulations {'fields': 'Id,SimulationState', 'filters': 'ExperimentId=4e5108ee-2160-ea11-a2c5-c4346bcb1550', 'count': 100000}
03/06 19:19:56 [DEBUG] [16000] [COMPS.Client] REQUEST -> GET https://comps.idmod.org/api/Simulations {'fields': 'Id,SimulationState', 'filters': 'ExperimentId=4e5108ee-2160-ea11-a2c5-c4346bcb1550', 'count': 100000}
03/06 19:20:01 [DEBUG] [16000] [COMPS.Client] REQUEST -> GET https://comps.idmod.org/api/Simulations {'fields': 'Id,SimulationState', 'filters': 'ExperimentId=4e5108ee-2160-ea11-a2c5-c4346bcb1550', 'count': 100000}
03/06 19:20:06 [DEBUG] [16000] [COMPS.Client] REQUEST -> GET https://comps.idmod.org/api/Simulations {'fields': 'Id,SimulationState', 'filters': 'ExperimentId=4e5108ee-2160-ea11-a2c5-c4346bcb1550', 'count': 100000}
03/06 19:20:12 [DEBUG] [16000] [COMPS.Client] REQUEST -> GET https://comps.idmod.org/api/Simulations {'fields': 'Id,SimulationState', 'filters': 'ExperimentId=4e5108ee-2160-ea11-a2c5-c4346bcb1550', 'count': 100000}
03/06 19:20:17 [DEBUG] [16000] [COMPS.Client] REQUEST -> GET https://comps.idmod.org/api/Simulations {'fields': 'Id,SimulationState', 'filters': 'ExperimentId=4e5108ee-2160-ea11-a2c5-c4346bcb1550', 'count': 100000}
03/06 19:20:23 [DEBUG] [16000] [COMPS.Client] REQUEST -> GET https://comps.idmod.org/api/Simulations {'fields': 'Id,SimulationState', 'filters': 'ExperimentId=4e5108ee-2160-ea11-a2c5-c4346bcb1550', 'count': 100000}
03/06 19:20:28 [DEBUG] [16000] [COMPS.Client] REQUEST -> GET https://comps.idmod.org/api/Simulations {'fields': 'Id,SimulationState', 'filters': 'ExperimentId=4e5108ee-2160-ea11-a2c5-c4346bcb1550', 'count': 100000}
03/06 19:20:35 [DEBUG] [16000] [COMPS.Client] REQUEST -> GET https://comps.idmod.org/api/Simulations {'fields': 'Id,SimulationState', 'filters': 'ExperimentId=4e5108ee-2160-ea11-a2c5-c4346bcb1550', 'count': 100000}
03/06 19:20:40 [DEBUG] [16000] [COMPS.Client] REQUEST -> GET https://comps.idmod.org/api/Simulations {'fields': 'Id,SimulationState', 'filters': 'ExperimentId=4e5108ee-2160-ea11-a2c5-c4346bcb1550', 'count': 100000}
03/06 19:20:45 [DEBUG] [16000] [COMPS.Client] REQUEST -> GET https://comps.idmod.org/api/Simulations {'fields': 'Id,SimulationState', 'filters': 'ExperimentId=4e5108ee-2160-ea11-a2c5-c4346bcb1550', 'count': 100000}
03/06 19:20:50 [DEBUG] [16000] [COMPS.Client] REQUEST -> GET https://comps.idmod.org/api/Simulations {'fields': 'Id,SimulationState', 'filters': 'ExperimentId=4e5108ee-2160-ea11-a2c5-c4346bcb1550', 'count': 100000}
03/06 19:20:56 [DEBUG] [16000] [COMPS.Client] REQUEST -> GET https://comps.idmod.org/api/Simulations {'fields': 'Id,SimulationState', 'filters': 'ExperimentId=4e5108ee-2160-ea11-a2c5-c4346bcb1550', 'count': 100000}
03/06 19:21:01 [DEBUG] [16000] [COMPS.Client] REQUEST -> GET https://comps.idmod.org/api/Simulations {'fields': 'Id,SimulationState', 'filters': 'ExperimentId=4e5108ee-2160-ea11-a2c5-c4346bcb1550', 'count': 100000}
03/06 19:21:06 [DEBUG] [16000] [COMPS.Client] REQUEST -> GET https://comps.idmod.org/api/Simulations {'fields': 'Id,SimulationState', 'filters': 'ExperimentId=4e5108ee-2160-ea11-a2c5-c4346bcb1550', 'count': 100000}
03/06 19:21:11 [DEBUG] [16000] [COMPS.Client] REQUEST -> GET https://comps.idmod.org/api/Simulations {'fields': 'Id,SimulationState', 'filters': 'ExperimentId=4e5108ee-2160-ea11-a2c5-c4346bcb1550', 'count': 100000}
03/06 19:21:17 [DEBUG] [16000] [COMPS.Client] REQUEST -> GET https://comps.idmod.org/api/Simulations {'fields': 'Id,SimulationState', 'filters': 'ExperimentId=4e5108ee-2160-ea11-a2c5-c4346bcb1550', 'count': 100000}
03/06 19:21:22 [DEBUG] [16000] [COMPS.Client] REQUEST -> GET https://comps.idmod.org/api/Simulations {'fields': 'Id,SimulationState', 'filters': 'ExperimentId=4e5108ee-2160-ea11-a2c5-c4346bcb1550', 'count': 100000}
03/06 19:21:27 [DEBUG] [16000] [COMPS.Client] REQUEST -> GET https://comps.idmod.org/api/Simulations {'fields': 'Id,SimulationState', 'filters': 'ExperimentId=4e5108ee-2160-ea11-a2c5-c4346bcb1550', 'count': 100000}
03/06 19:21:32 [DEBUG] [16000] [COMPS.Client] REQUEST -> GET https://comps.idmod.org/api/Simulations {'fields': 'Id,SimulationState', 'filters': 'ExperimentId=4e5108ee-2160-ea11-a2c5-c4346bcb1550', 'count': 100000}
03/06 19:21:37 [DEBUG] [16000] [COMPS.Client] REQUEST -> GET https://comps.idmod.org/api/Simulations {'fields': 'Id,SimulationState', 'filters': 'ExperimentId=4e5108ee-2160-ea11-a2c5-c4346bcb1550', 'count': 100000}
03/06 19:21:43 [DEBUG] [16000] [COMPS.Client] REQUEST -> GET https://comps.idmod.org/api/Simulations {'fields': 'Id,SimulationState', 'filters': 'ExperimentId=4e5108ee-2160-ea11-a2c5-c4346bcb1550', 'count': 100000}
03/06 19:21:48 [DEBUG] [16000] [COMPS.Client] REQUEST -> GET https://comps.idmod.org/api/Simulations {'fields': 'Id,SimulationState', 'filters': 'ExperimentId=4e5108ee-2160-ea11-a2c5-c4346bcb1550', 'count': 100000}
03/06 19:21:53 [DEBUG] [16000] [COMPS.Client] REQUEST -> GET https://comps.idmod.org/api/Simulations {'fields': 'Id,SimulationState', 'filters': 'ExperimentId=4e5108ee-2160-ea11-a2c5-c4346bcb1550', 'count': 100000}
03/06 19:21:59 [DEBUG] [16000] [COMPS.Client] REQUEST -> GET https://comps.idmod.org/api/Simulations {'fields': 'Id,SimulationState', 'filters': 'ExperimentId=4e5108ee-2160-ea11-a2c5-c4346bcb1550', 'count': 100000}
03/06 19:22:04 [DEBUG] [16000] [COMPS.Client] REQUEST -> GET https://comps.idmod.org/api/Simulations {'fields': 'Id,SimulationState', 'filters': 'ExperimentId=4e5108ee-2160-ea11-a2c5-c4346bcb1550', 'count': 100000}
03/06 19:22:09 [DEBUG] [16000] [COMPS.Client] REQUEST -> GET https://comps.idmod.org/api/Simulations {'fields': 'Id,SimulationState', 'filters': 'ExperimentId=4e5108ee-2160-ea11-a2c5-c4346bcb1550', 'count': 100000}
03/06 19:22:14 [DEBUG] [16000] [COMPS.Client] REQUEST -> GET https://comps.idmod.org/api/Simulations {'fields': 'Id,SimulationState', 'filters': 'ExperimentId=4e5108ee-2160-ea11-a2c5-c4346bcb1550', 'count': 100000}
03/06 19:22:20 [DEBUG] [16000] [COMPS.Client] REQUEST -> GET https://comps.idmod.org/api/Simulations {'fields': 'Id,SimulationState', 'filters': 'ExperimentId=4e5108ee-2160-ea11-a2c5-c4346bcb1550', 'count': 100000}
03/06 19:22:25 [DEBUG] [16000] [COMPS.Client] REQUEST -> GET https://comps.idmod.org/api/Simulations {'fields': 'Id,SimulationState', 'filters': 'ExperimentId=4e5108ee-2160-ea11-a2c5-c4346bcb1550', 'count': 100000}
03/06 19:22:30 [DEBUG] [16000] [COMPS.Client] REQUEST -> GET https://comps.idmod.org/api/Simulations {'fields': 'Id,SimulationState', 'filters': 'ExperimentId=4e5108ee-2160-ea11-a2c5-c4346bcb1550', 'count': 100000}
03/06 19:22:35 [DEBUG] [16000] [COMPS.Client] REQUEST -> GET https://comps.idmod.org/api/Simulations {'fields': 'Id,SimulationState', 'filters': 'ExperimentId=4e5108ee-2160-ea11-a2c5-c4346bcb1550', 'count': 100000}
03/06 19:22:41 [DEBUG] [16000] [COMPS.Client] REQUEST -> GET https://comps.idmod.org/api/Simulations {'fields': 'Id,SimulationState', 'filters': 'ExperimentId=4e5108ee-2160-ea11-a2c5-c4346bcb1550', 'count': 100000}
03/06 19:22:46 [DEBUG] [16000] [COMPS.Client] REQUEST -> GET https://comps.idmod.org/api/Simulations {'fields': 'Id,SimulationState', 'filters': 'ExperimentId=4e5108ee-2160-ea11-a2c5-c4346bcb1550', 'count': 100000}
03/06 19:22:52 [DEBUG] [16000] [COMPS.Client] REQUEST -> GET https://comps.idmod.org/api/Simulations {'fields': 'Id,SimulationState', 'filters': 'ExperimentId=4e5108ee-2160-ea11-a2c5-c4346bcb1550', 'count': 100000}
03/06 19:22:57 [DEBUG] [16000] [COMPS.Client] REQUEST -> GET https://comps.idmod.org/api/Simulations {'fields': 'Id,SimulationState', 'filters': 'ExperimentId=4e5108ee-2160-ea11-a2c5-c4346bcb1550', 'count': 100000}
03/06 19:23:02 [DEBUG] [16000] [COMPS.Client] REQUEST -> GET https://comps.idmod.org/api/Simulations {'fields': 'Id,SimulationState', 'filters': 'ExperimentId=4e5108ee-2160-ea11-a2c5-c4346bcb1550', 'count': 100000}
03/06 19:23:08 [DEBUG] [16000] [COMPS.Client] REQUEST -> GET https://comps.idmod.org/api/Simulations {'fields': 'Id,SimulationState', 'filters': 'ExperimentId=4e5108ee-2160-ea11-a2c5-c4346bcb1550', 'count': 100000}
03/06 19:23:13 [DEBUG] [16000] [COMPS.Client] REQUEST -> GET https://comps.idmod.org/api/Simulations {'fields': 'Id,SimulationState', 'filters': 'ExperimentId=4e5108ee-2160-ea11-a2c5-c4346bcb1550', 'count': 100000}
03/06 19:23:19 [DEBUG] [16000] [COMPS.Client] REQUEST -> GET https://comps.idmod.org/api/Simulations {'fields': 'Id,SimulationState', 'filters': 'ExperimentId=4e5108ee-2160-ea11-a2c5-c4346bcb1550', 'count': 100000}
03/06 19:23:24 [DEBUG] [16000] [COMPS.Client] REQUEST -> GET https://comps.idmod.org/api/Simulations {'fields': 'Id,SimulationState', 'filters': 'ExperimentId=4e5108ee-2160-ea11-a2c5-c4346bcb1550', 'count': 100000}
03/06 19:23:30 [DEBUG] [16000] [COMPS.Client] REQUEST -> GET https://comps.idmod.org/api/Simulations {'fields': 'Id,SimulationState', 'filters': 'ExperimentId=4e5108ee-2160-ea11-a2c5-c4346bcb1550', 'count': 100000}
03/06 19:23:35 [DEBUG] [16000] [COMPS.Client] REQUEST -> GET https://comps.idmod.org/api/Simulations {'fields': 'Id,SimulationState', 'filters': 'ExperimentId=4e5108ee-2160-ea11-a2c5-c4346bcb1550', 'count': 100000}
03/06 19:23:41 [DEBUG] [16000] [COMPS.Client] REQUEST -> GET https://comps.idmod.org/api/Simulations {'fields': 'Id,SimulationState', 'filters': 'ExperimentId=4e5108ee-2160-ea11-a2c5-c4346bcb1550', 'count': 100000}
03/06 19:23:46 [DEBUG] [16000] [COMPS.Client] REQUEST -> GET https://comps.idmod.org/api/Simulations {'fields': 'Id,SimulationState', 'filters': 'ExperimentId=4e5108ee-2160-ea11-a2c5-c4346bcb1550', 'count': 100000}
03/06 19:23:52 [DEBUG] [16000] [COMPS.Client] REQUEST -> GET https://comps.idmod.org/api/Simulations {'fields': 'Id,SimulationState', 'filters': 'ExperimentId=4e5108ee-2160-ea11-a2c5-c4346bcb1550', 'count': 100000}
03/06 19:23:57 [DEBUG] [16000] [COMPS.Client] REQUEST -> GET https://comps.idmod.org/api/Simulations {'fields': 'Id,SimulationState', 'filters': 'ExperimentId=4e5108ee-2160-ea11-a2c5-c4346bcb1550', 'count': 100000}
03/06 19:24:03 [DEBUG] [16000] [COMPS.Client] REQUEST -> GET https://comps.idmod.org/api/Simulations {'fields': 'Id,SimulationState', 'filters': 'ExperimentId=4e5108ee-2160-ea11-a2c5-c4346bcb1550', 'count': 100000}
03/06 19:24:08 [DEBUG] [16000] [COMPS.Client] REQUEST -> GET https://comps.idmod.org/api/Simulations {'fields': 'Id,SimulationState', 'filters': 'ExperimentId=4e5108ee-2160-ea11-a2c5-c4346bcb1550', 'count': 100000}
03/06 19:24:14 [DEBUG] [16000] [COMPS.Client] REQUEST -> GET https://comps.idmod.org/api/Simulations {'fields': 'Id,SimulationState', 'filters': 'ExperimentId=4e5108ee-2160-ea11-a2c5-c4346bcb1550', 'count': 100000}
03/06 19:24:19 [DEBUG] [16000] [COMPS.Client] REQUEST -> GET https://comps.idmod.org/api/Simulations {'fields': 'Id,SimulationState', 'filters': 'ExperimentId=4e5108ee-2160-ea11-a2c5-c4346bcb1550', 'count': 100000}
03/06 19:24:25 [DEBUG] [16000] [COMPS.Client] REQUEST -> GET https://comps.idmod.org/api/Simulations {'fields': 'Id,SimulationState', 'filters': 'ExperimentId=4e5108ee-2160-ea11-a2c5-c4346bcb1550', 'count': 100000}
03/06 19:24:30 [DEBUG] [16000] [COMPS.Client] REQUEST -> GET https://comps.idmod.org/api/Simulations {'fields': 'Id,SimulationState', 'filters': 'ExperimentId=4e5108ee-2160-ea11-a2c5-c4346bcb1550', 'count': 100000}
03/06 19:24:36 [DEBUG] [16000] [COMPS.Client] REQUEST -> GET https://comps.idmod.org/api/Simulations {'fields': 'Id,SimulationState', 'filters': 'ExperimentId=4e5108ee-2160-ea11-a2c5-c4346bcb1550', 'count': 100000}
03/06 19:24:41 [DEBUG] [16000] [COMPS.Client] REQUEST -> GET https://comps.idmod.org/api/Simulations {'fields': 'Id,SimulationState', 'filters': 'ExperimentId=4e5108ee-2160-ea11-a2c5-c4346bcb1550', 'count': 100000}
03/06 19:24:47 [DEBUG] [16000] [COMPS.Client] REQUEST -> GET https://comps.idmod.org/api/Simulations {'fields': 'Id,SimulationState', 'filters': 'ExperimentId=4e5108ee-2160-ea11-a2c5-c4346bcb1550', 'count': 100000}
03/06 19:24:52 [DEBUG] [16000] [COMPS.Client] REQUEST -> GET https://comps.idmod.org/api/Simulations {'fields': 'Id,SimulationState', 'filters': 'ExperimentId=4e5108ee-2160-ea11-a2c5-c4346bcb1550', 'count': 100000}
03/06 19:24:58 [DEBUG] [16000] [COMPS.Client] REQUEST -> GET https://comps.idmod.org/api/Simulations {'fields': 'Id,SimulationState', 'filters': 'ExperimentId=4e5108ee-2160-ea11-a2c5-c4346bcb1550', 'count': 100000}
03/06 19:25:03 [DEBUG] [16000] [COMPS.Client] REQUEST -> GET https://comps.idmod.org/api/Simulations {'fields': 'Id,SimulationState', 'filters': 'ExperimentId=4e5108ee-2160-ea11-a2c5-c4346bcb1550', 'count': 100000}
03/06 19:25:09 [DEBUG] [16000] [COMPS.Client] REQUEST -> GET https://comps.idmod.org/api/Simulations {'fields': 'Id,SimulationState', 'filters': 'ExperimentId=4e5108ee-2160-ea11-a2c5-c4346bcb1550', 'count': 100000}
03/06 19:25:14 [DEBUG] [16000] [COMPS.Client] REQUEST -> GET https://comps.idmod.org/api/Simulations {'fields': 'Id,SimulationState', 'filters': 'ExperimentId=4e5108ee-2160-ea11-a2c5-c4346bcb1550', 'count': 100000}
03/06 19:25:19 [DEBUG] [16000] [COMPS.Client] REQUEST -> GET https://comps.idmod.org/api/Simulations {'fields': 'Id,SimulationState', 'filters': 'ExperimentId=4e5108ee-2160-ea11-a2c5-c4346bcb1550', 'count': 100000}
03/06 19:25:25 [DEBUG] [16000] [COMPS.Client] REQUEST -> GET https://comps.idmod.org/api/Simulations {'fields': 'Id,SimulationState', 'filters': 'ExperimentId=4e5108ee-2160-ea11-a2c5-c4346bcb1550', 'count': 100000}
03/06 19:25:30 [DEBUG] [16000] [COMPS.Client] REQUEST -> GET https://comps.idmod.org/api/Simulations {'fields': 'Id,SimulationState', 'filters': 'ExperimentId=4e5108ee-2160-ea11-a2c5-c4346bcb1550', 'count': 100000}
03/06 19:25:36 [DEBUG] [16000] [COMPS.Client] REQUEST -> GET https://comps.idmod.org/api/Simulations {'fields': 'Id,SimulationState', 'filters': 'ExperimentId=4e5108ee-2160-ea11-a2c5-c4346bcb1550', 'count': 100000}
03/06 19:25:41 [DEBUG] [16000] [COMPS.Client] REQUEST -> GET https://comps.idmod.org/api/Simulations {'fields': 'Id,SimulationState', 'filters': 'ExperimentId=4e5108ee-2160-ea11-a2c5-c4346bcb1550', 'count': 100000}
03/06 19:25:47 [DEBUG] [16000] [COMPS.Client] REQUEST -> GET https://comps.idmod.org/api/Simulations {'fields': 'Id,SimulationState', 'filters': 'ExperimentId=4e5108ee-2160-ea11-a2c5-c4346bcb1550', 'count': 100000}
03/06 19:25:52 [DEBUG] [16000] [COMPS.Client] REQUEST -> GET https://comps.idmod.org/api/Simulations {'fields': 'Id,SimulationState', 'filters': 'ExperimentId=4e5108ee-2160-ea11-a2c5-c4346bcb1550', 'count': 100000}
03/06 19:25:58 [DEBUG] [16000] [COMPS.Client] REQUEST -> GET https://comps.idmod.org/api/Simulations {'fields': 'Id,SimulationState', 'filters': 'ExperimentId=4e5108ee-2160-ea11-a2c5-c4346bcb1550', 'count': 100000}
03/06 19:26:03 [DEBUG] [16000] [COMPS.Client] REQUEST -> GET https://comps.idmod.org/api/Simulations {'fields': 'Id,SimulationState', 'filters': 'ExperimentId=4e5108ee-2160-ea11-a2c5-c4346bcb1550', 'count': 100000}
03/06 19:26:09 [DEBUG] [16000] [COMPS.Client] REQUEST -> GET https://comps.idmod.org/api/Simulations {'fields': 'Id,SimulationState', 'filters': 'ExperimentId=4e5108ee-2160-ea11-a2c5-c4346bcb1550', 'count': 100000}
03/06 19:26:14 [DEBUG] [16000] [COMPS.Client] REQUEST -> GET https://comps.idmod.org/api/Simulations {'fields': 'Id,SimulationState', 'filters': 'ExperimentId=4e5108ee-2160-ea11-a2c5-c4346bcb1550', 'count': 100000}
03/06 19:26:19 [DEBUG] [16000] [COMPS.Client] REQUEST -> GET https://comps.idmod.org/api/Simulations {'fields': 'Id,SimulationState', 'filters': 'ExperimentId=4e5108ee-2160-ea11-a2c5-c4346bcb1550', 'count': 100000}
03/06 19:26:24 [DEBUG] [16000] [COMPS.Client] REQUEST -> GET https://comps.idmod.org/api/Simulations {'fields': 'Id,SimulationState', 'filters': 'ExperimentId=4e5108ee-2160-ea11-a2c5-c4346bcb1550', 'count': 100000}
03/06 19:26:30 [DEBUG] [16000] [COMPS.Client] REQUEST -> GET https://comps.idmod.org/api/Simulations {'fields': 'Id,SimulationState', 'filters': 'ExperimentId=4e5108ee-2160-ea11-a2c5-c4346bcb1550', 'count': 100000}
03/06 19:26:35 [DEBUG] [16000] [COMPS.Client] REQUEST -> GET https://comps.idmod.org/api/Simulations {'fields': 'Id,SimulationState', 'filters': 'ExperimentId=4e5108ee-2160-ea11-a2c5-c4346bcb1550', 'count': 100000}
03/06 19:26:40 [DEBUG] [16000] [COMPS.Client] REQUEST -> GET https://comps.idmod.org/api/Simulations {'fields': 'Id,SimulationState', 'filters': 'ExperimentId=4e5108ee-2160-ea11-a2c5-c4346bcb1550', 'count': 100000}
03/06 19:26:45 [DEBUG] [16000] [COMPS.Client] REQUEST -> GET https://comps.idmod.org/api/Simulations {'fields': 'Id,SimulationState', 'filters': 'ExperimentId=4e5108ee-2160-ea11-a2c5-c4346bcb1550', 'count': 100000}
03/06 19:26:51 [DEBUG] [16000] [COMPS.Client] REQUEST -> GET https://comps.idmod.org/api/Simulations {'fields': 'Id,SimulationState', 'filters': 'ExperimentId=4e5108ee-2160-ea11-a2c5-c4346bcb1550', 'count': 100000}
03/06 19:26:56 [DEBUG] [16000] [COMPS.Client] REQUEST -> GET https://comps.idmod.org/api/Simulations {'fields': 'Id,SimulationState', 'filters': 'ExperimentId=4e5108ee-2160-ea11-a2c5-c4346bcb1550', 'count': 100000}
03/06 19:27:01 [DEBUG] [16000] [COMPS.Client] REQUEST -> GET https://comps.idmod.org/api/Simulations {'fields': 'Id,SimulationState', 'filters': 'ExperimentId=4e5108ee-2160-ea11-a2c5-c4346bcb1550', 'count': 100000}
03/06 19:27:07 [DEBUG] [16000] [COMPS.Client] REQUEST -> GET https://comps.idmod.org/api/Simulations {'fields': 'Id,SimulationState', 'filters': 'ExperimentId=4e5108ee-2160-ea11-a2c5-c4346bcb1550', 'count': 100000}
03/06 19:27:12 [DEBUG] [16000] [COMPS.Client] REQUEST -> GET https://comps.idmod.org/api/Simulations {'fields': 'Id,SimulationState', 'filters': 'ExperimentId=4e5108ee-2160-ea11-a2c5-c4346bcb1550', 'count': 100000}
03/06 19:27:17 [DEBUG] [16000] [COMPS.Client] REQUEST -> GET https://comps.idmod.org/api/Simulations {'fields': 'Id,SimulationState', 'filters': 'ExperimentId=4e5108ee-2160-ea11-a2c5-c4346bcb1550', 'count': 100000}
03/06 19:27:22 [DEBUG] [16000] [COMPS.Client] REQUEST -> GET https://comps.idmod.org/api/Simulations {'fields': 'Id,SimulationState', 'filters': 'ExperimentId=4e5108ee-2160-ea11-a2c5-c4346bcb1550', 'count': 100000}
03/06 19:27:27 [DEBUG] [16000] [COMPS.Client] REQUEST -> GET https://comps.idmod.org/api/Simulations {'fields': 'Id,SimulationState', 'filters': 'ExperimentId=4e5108ee-2160-ea11-a2c5-c4346bcb1550', 'count': 100000}
03/06 19:27:33 [DEBUG] [16000] [COMPS.Client] REQUEST -> GET https://comps.idmod.org/api/Simulations {'fields': 'Id,SimulationState', 'filters': 'ExperimentId=4e5108ee-2160-ea11-a2c5-c4346bcb1550', 'count': 100000}
03/06 19:27:38 [DEBUG] [16000] [COMPS.Client] REQUEST -> GET https://comps.idmod.org/api/Simulations {'fields': 'Id,SimulationState', 'filters': 'ExperimentId=4e5108ee-2160-ea11-a2c5-c4346bcb1550', 'count': 100000}
03/06 19:27:43 [DEBUG] [16000] [COMPS.Client] REQUEST -> GET https://comps.idmod.org/api/Simulations {'fields': 'Id,SimulationState', 'filters': 'ExperimentId=4e5108ee-2160-ea11-a2c5-c4346bcb1550', 'count': 100000}
03/06 19:27:48 [DEBUG] [16000] [COMPS.Client] REQUEST -> GET https://comps.idmod.org/api/Simulations {'fields': 'Id,SimulationState', 'filters': 'ExperimentId=4e5108ee-2160-ea11-a2c5-c4346bcb1550', 'count': 100000}
03/06 19:27:54 [DEBUG] [16000] [COMPS.Client] REQUEST -> GET https://comps.idmod.org/api/Simulations {'fields': 'Id,SimulationState', 'filters': 'ExperimentId=4e5108ee-2160-ea11-a2c5-c4346bcb1550', 'count': 100000}
03/06 19:27:59 [DEBUG] [16000] [COMPS.Client] REQUEST -> GET https://comps.idmod.org/api/Simulations {'fields': 'Id,SimulationState', 'filters': 'ExperimentId=4e5108ee-2160-ea11-a2c5-c4346bcb1550', 'count': 100000}
03/06 19:28:04 [DEBUG] [16000] [COMPS.Client] REQUEST -> GET https://comps.idmod.org/api/Simulations {'fields': 'Id,SimulationState', 'filters': 'ExperimentId=4e5108ee-2160-ea11-a2c5-c4346bcb1550', 'count': 100000}
03/06 19:28:10 [DEBUG] [16000] [COMPS.Client] REQUEST -> GET https://comps.idmod.org/api/Simulations {'fields': 'Id,SimulationState', 'filters': 'ExperimentId=4e5108ee-2160-ea11-a2c5-c4346bcb1550', 'count': 100000}
03/06 19:28:15 [DEBUG] [16000] [COMPS.Client] REQUEST -> GET https://comps.idmod.org/api/Simulations {'fields': 'Id,SimulationState', 'filters': 'ExperimentId=4e5108ee-2160-ea11-a2c5-c4346bcb1550', 'count': 100000}
03/06 19:28:20 [DEBUG] [16000] [COMPS.Client] REQUEST -> GET https://comps.idmod.org/api/Simulations {'fields': 'Id,SimulationState', 'filters': 'ExperimentId=4e5108ee-2160-ea11-a2c5-c4346bcb1550', 'count': 100000}
03/06 19:28:25 [DEBUG] [16000] [COMPS.Client] REQUEST -> GET https://comps.idmod.org/api/Simulations {'fields': 'Id,SimulationState', 'filters': 'ExperimentId=4e5108ee-2160-ea11-a2c5-c4346bcb1550', 'count': 100000}
03/06 19:28:31 [DEBUG] [16000] [COMPS.Client] REQUEST -> GET https://comps.idmod.org/api/Simulations {'fields': 'Id,SimulationState', 'filters': 'ExperimentId=4e5108ee-2160-ea11-a2c5-c4346bcb1550', 'count': 100000}
03/06 19:28:36 [DEBUG] [16000] [COMPS.Client] REQUEST -> GET https://comps.idmod.org/api/Simulations {'fields': 'Id,SimulationState', 'filters': 'ExperimentId=4e5108ee-2160-ea11-a2c5-c4346bcb1550', 'count': 100000}
03/06 19:28:41 [DEBUG] [16000] [COMPS.Client] REQUEST -> GET https://comps.idmod.org/api/Simulations {'fields': 'Id,SimulationState', 'filters': 'ExperimentId=4e5108ee-2160-ea11-a2c5-c4346bcb1550', 'count': 100000}
03/06 19:28:46 [DEBUG] [16000] [COMPS.Client] REQUEST -> GET https://comps.idmod.org/api/Simulations {'fields': 'Id,SimulationState', 'filters': 'ExperimentId=4e5108ee-2160-ea11-a2c5-c4346bcb1550', 'count': 100000}
03/06 19:28:52 [DEBUG] [16000] [COMPS.Client] REQUEST -> GET https://comps.idmod.org/api/Simulations {'fields': 'Id,SimulationState', 'filters': 'ExperimentId=4e5108ee-2160-ea11-a2c5-c4346bcb1550', 'count': 100000}
03/06 19:28:57 [DEBUG] [16000] [COMPS.Client] REQUEST -> GET https://comps.idmod.org/api/Simulations {'fields': 'Id,SimulationState', 'filters': 'ExperimentId=4e5108ee-2160-ea11-a2c5-c4346bcb1550', 'count': 100000}
03/06 19:29:02 [DEBUG] [16000] [COMPS.Client] REQUEST -> GET https://comps.idmod.org/api/Simulations {'fields': 'Id,SimulationState', 'filters': 'ExperimentId=4e5108ee-2160-ea11-a2c5-c4346bcb1550', 'count': 100000}
03/06 19:29:08 [DEBUG] [16000] [COMPS.Client] REQUEST -> GET https://comps.idmod.org/api/Simulations {'fields': 'Id,SimulationState', 'filters': 'ExperimentId=4e5108ee-2160-ea11-a2c5-c4346bcb1550', 'count': 100000}
03/06 19:29:13 [DEBUG] [16000] [COMPS.Client] REQUEST -> GET https://comps.idmod.org/api/Simulations {'fields': 'Id,SimulationState', 'filters': 'ExperimentId=4e5108ee-2160-ea11-a2c5-c4346bcb1550', 'count': 100000}
03/06 19:29:18 [DEBUG] [16000] [COMPS.Client] REQUEST -> GET https://comps.idmod.org/api/Simulations {'fields': 'Id,SimulationState', 'filters': 'ExperimentId=4e5108ee-2160-ea11-a2c5-c4346bcb1550', 'count': 100000}
03/06 19:29:23 [DEBUG] [16000] [COMPS.Client] REQUEST -> GET https://comps.idmod.org/api/Simulations {'fields': 'Id,SimulationState', 'filters': 'ExperimentId=4e5108ee-2160-ea11-a2c5-c4346bcb1550', 'count': 100000}
03/06 19:29:29 [DEBUG] [16000] [COMPS.Client] REQUEST -> GET https://comps.idmod.org/api/Simulations {'fields': 'Id,SimulationState', 'filters': 'ExperimentId=4e5108ee-2160-ea11-a2c5-c4346bcb1550', 'count': 100000}
03/06 19:29:34 [DEBUG] [16000] [COMPS.Client] REQUEST -> GET https://comps.idmod.org/api/Simulations {'fields': 'Id,SimulationState', 'filters': 'ExperimentId=4e5108ee-2160-ea11-a2c5-c4346bcb1550', 'count': 100000}
03/06 19:29:39 [DEBUG] [16000] [COMPS.Client] REQUEST -> GET https://comps.idmod.org/api/Simulations {'fields': 'Id,SimulationState', 'filters': 'ExperimentId=4e5108ee-2160-ea11-a2c5-c4346bcb1550', 'count': 100000}
03/06 19:29:45 [DEBUG] [16000] [COMPS.Client] REQUEST -> GET https://comps.idmod.org/api/Simulations {'fields': 'Id,SimulationState', 'filters': 'ExperimentId=4e5108ee-2160-ea11-a2c5-c4346bcb1550', 'count': 100000}
03/06 19:29:50 [DEBUG] [16000] [COMPS.Client] REQUEST -> GET https://comps.idmod.org/api/Simulations {'fields': 'Id,SimulationState', 'filters': 'ExperimentId=4e5108ee-2160-ea11-a2c5-c4346bcb1550', 'count': 100000}
03/06 19:29:55 [DEBUG] [16000] [COMPS.Client] REQUEST -> GET https://comps.idmod.org/api/Simulations {'fields': 'Id,SimulationState', 'filters': 'ExperimentId=4e5108ee-2160-ea11-a2c5-c4346bcb1550', 'count': 100000}
03/06 19:30:01 [DEBUG] [16000] [COMPS.Client] REQUEST -> GET https://comps.idmod.org/api/Simulations {'fields': 'Id,SimulationState', 'filters': 'ExperimentId=4e5108ee-2160-ea11-a2c5-c4346bcb1550', 'count': 100000}
03/06 19:30:06 [DEBUG] [16000] [COMPS.Client] REQUEST -> GET https://comps.idmod.org/api/Simulations {'fields': 'Id,SimulationState', 'filters': 'ExperimentId=4e5108ee-2160-ea11-a2c5-c4346bcb1550', 'count': 100000}
03/06 19:30:12 [DEBUG] [16000] [COMPS.Client] REQUEST -> GET https://comps.idmod.org/api/Simulations {'fields': 'Id,SimulationState', 'filters': 'ExperimentId=4e5108ee-2160-ea11-a2c5-c4346bcb1550', 'count': 100000}
03/06 19:30:17 [DEBUG] [16000] [COMPS.Client] REQUEST -> GET https://comps.idmod.org/api/Simulations {'fields': 'Id,SimulationState', 'filters': 'ExperimentId=4e5108ee-2160-ea11-a2c5-c4346bcb1550', 'count': 100000}
03/06 19:30:23 [DEBUG] [16000] [COMPS.Client] REQUEST -> GET https://comps.idmod.org/api/Simulations {'fields': 'Id,SimulationState', 'filters': 'ExperimentId=4e5108ee-2160-ea11-a2c5-c4346bcb1550', 'count': 100000}
03/06 19:30:28 [DEBUG] [16000] [COMPS.Client] REQUEST -> GET https://comps.idmod.org/api/Simulations {'fields': 'Id,SimulationState', 'filters': 'ExperimentId=4e5108ee-2160-ea11-a2c5-c4346bcb1550', 'count': 100000}
03/06 19:30:33 [DEBUG] [16000] [COMPS.Client] REQUEST -> GET https://comps.idmod.org/api/Simulations {'fields': 'Id,SimulationState', 'filters': 'ExperimentId=4e5108ee-2160-ea11-a2c5-c4346bcb1550', 'count': 100000}
03/06 19:30:39 [DEBUG] [16000] [COMPS.Client] REQUEST -> GET https://comps.idmod.org/api/Simulations {'fields': 'Id,SimulationState', 'filters': 'ExperimentId=4e5108ee-2160-ea11-a2c5-c4346bcb1550', 'count': 100000}
03/06 19:30:44 [DEBUG] [16000] [COMPS.Client] REQUEST -> GET https://comps.idmod.org/api/Simulations {'fields': 'Id,SimulationState', 'filters': 'ExperimentId=4e5108ee-2160-ea11-a2c5-c4346bcb1550', 'count': 100000}
03/06 19:30:50 [DEBUG] [16000] [COMPS.Client] REQUEST -> GET https://comps.idmod.org/api/Simulations {'fields': 'Id,SimulationState', 'filters': 'ExperimentId=4e5108ee-2160-ea11-a2c5-c4346bcb1550', 'count': 100000}
03/06 19:30:55 [DEBUG] [16000] [COMPS.Client] REQUEST -> GET https://comps.idmod.org/api/Simulations {'fields': 'Id,SimulationState', 'filters': 'ExperimentId=4e5108ee-2160-ea11-a2c5-c4346bcb1550', 'count': 100000}
03/06 19:31:02 [DEBUG] [16000] [COMPS.Client] REQUEST -> GET https://comps.idmod.org/api/Simulations {'fields': 'Id,SimulationState', 'filters': 'ExperimentId=4e5108ee-2160-ea11-a2c5-c4346bcb1550', 'count': 100000}
03/06 19:31:08 [DEBUG] [16000] [COMPS.Client] REQUEST -> GET https://comps.idmod.org/api/Simulations {'fields': 'Id,SimulationState', 'filters': 'ExperimentId=4e5108ee-2160-ea11-a2c5-c4346bcb1550', 'count': 100000}
03/06 19:31:13 [DEBUG] [16000] [COMPS.Client] REQUEST -> GET https://comps.idmod.org/api/Simulations {'fields': 'Id,SimulationState', 'filters': 'ExperimentId=4e5108ee-2160-ea11-a2c5-c4346bcb1550', 'count': 100000}
03/06 19:31:18 [DEBUG] [16000] [COMPS.Client] REQUEST -> GET https://comps.idmod.org/api/Simulations {'fields': 'Id,SimulationState', 'filters': 'ExperimentId=4e5108ee-2160-ea11-a2c5-c4346bcb1550', 'count': 100000}
03/06 19:31:24 [DEBUG] [16000] [COMPS.Client] REQUEST -> GET https://comps.idmod.org/api/Simulations {'fields': 'Id,SimulationState', 'filters': 'ExperimentId=4e5108ee-2160-ea11-a2c5-c4346bcb1550', 'count': 100000}
03/06 19:31:29 [DEBUG] [16000] [COMPS.Client] REQUEST -> GET https://comps.idmod.org/api/Simulations {'fields': 'Id,SimulationState', 'filters': 'ExperimentId=4e5108ee-2160-ea11-a2c5-c4346bcb1550', 'count': 100000}
03/06 19:31:34 [DEBUG] [16000] [COMPS.Client] REQUEST -> GET https://comps.idmod.org/api/Simulations {'fields': 'Id,SimulationState', 'filters': 'ExperimentId=4e5108ee-2160-ea11-a2c5-c4346bcb1550', 'count': 100000}
03/06 19:31:39 [DEBUG] [16000] [COMPS.Client] REQUEST -> GET https://comps.idmod.org/api/Simulations {'fields': 'Id,SimulationState', 'filters': 'ExperimentId=4e5108ee-2160-ea11-a2c5-c4346bcb1550', 'count': 100000}
03/06 19:31:45 [DEBUG] [16000] [COMPS.Client] REQUEST -> GET https://comps.idmod.org/api/Simulations {'fields': 'Id,SimulationState', 'filters': 'ExperimentId=4e5108ee-2160-ea11-a2c5-c4346bcb1550', 'count': 100000}
03/06 19:31:50 [DEBUG] [16000] [COMPS.Client] REQUEST -> GET https://comps.idmod.org/api/Simulations {'fields': 'Id,SimulationState', 'filters': 'ExperimentId=4e5108ee-2160-ea11-a2c5-c4346bcb1550', 'count': 100000}
03/06 19:31:55 [DEBUG] [16000] [COMPS.Client] REQUEST -> GET https://comps.idmod.org/api/Simulations {'fields': 'Id,SimulationState', 'filters': 'ExperimentId=4e5108ee-2160-ea11-a2c5-c4346bcb1550', 'count': 100000}
03/06 19:32:00 [DEBUG] [16000] [COMPS.Client] REQUEST -> GET https://comps.idmod.org/api/Simulations {'fields': 'Id,SimulationState', 'filters': 'ExperimentId=4e5108ee-2160-ea11-a2c5-c4346bcb1550', 'count': 100000}
03/06 19:32:06 [DEBUG] [16000] [COMPS.Client] REQUEST -> GET https://comps.idmod.org/api/Simulations {'fields': 'Id,SimulationState', 'filters': 'ExperimentId=4e5108ee-2160-ea11-a2c5-c4346bcb1550', 'count': 100000}
03/06 19:32:11 [DEBUG] [16000] [COMPS.Client] REQUEST -> GET https://comps.idmod.org/api/Simulations {'fields': 'Id,SimulationState', 'filters': 'ExperimentId=4e5108ee-2160-ea11-a2c5-c4346bcb1550', 'count': 100000}
03/06 19:32:16 [DEBUG] [16000] [COMPS.Client] REQUEST -> GET https://comps.idmod.org/api/Simulations {'fields': 'Id,SimulationState', 'filters': 'ExperimentId=4e5108ee-2160-ea11-a2c5-c4346bcb1550', 'count': 100000}
03/06 19:32:21 [DEBUG] [16000] [COMPS.Client] REQUEST -> GET https://comps.idmod.org/api/Simulations {'fields': 'Id,SimulationState', 'filters': 'ExperimentId=4e5108ee-2160-ea11-a2c5-c4346bcb1550', 'count': 100000}
03/06 19:32:27 [DEBUG] [16000] [COMPS.Client] REQUEST -> GET https://comps.idmod.org/api/Simulations {'fields': 'Id,SimulationState', 'filters': 'ExperimentId=4e5108ee-2160-ea11-a2c5-c4346bcb1550', 'count': 100000}
03/06 19:32:32 [DEBUG] [16000] [COMPS.Client] REQUEST -> GET https://comps.idmod.org/api/Simulations {'fields': 'Id,SimulationState', 'filters': 'ExperimentId=4e5108ee-2160-ea11-a2c5-c4346bcb1550', 'count': 100000}
03/06 19:32:37 [DEBUG] [16000] [COMPS.Client] REQUEST -> GET https://comps.idmod.org/api/Simulations {'fields': 'Id,SimulationState', 'filters': 'ExperimentId=4e5108ee-2160-ea11-a2c5-c4346bcb1550', 'count': 100000}
03/06 19:32:43 [DEBUG] [16000] [COMPS.Client] REQUEST -> GET https://comps.idmod.org/api/Simulations {'fields': 'Id,SimulationState', 'filters': 'ExperimentId=4e5108ee-2160-ea11-a2c5-c4346bcb1550', 'count': 100000}
03/06 19:32:48 [DEBUG] [16000] [COMPS.Client] REQUEST -> GET https://comps.idmod.org/api/Simulations {'fields': 'Id,SimulationState', 'filters': 'ExperimentId=4e5108ee-2160-ea11-a2c5-c4346bcb1550', 'count': 100000}
03/06 19:32:53 [DEBUG] [16000] [COMPS.Client] REQUEST -> GET https://comps.idmod.org/api/Simulations {'fields': 'Id,SimulationState', 'filters': 'ExperimentId=4e5108ee-2160-ea11-a2c5-c4346bcb1550', 'count': 100000}
03/06 19:32:58 [DEBUG] [16000] [COMPS.Client] REQUEST -> GET https://comps.idmod.org/api/Simulations {'fields': 'Id,SimulationState', 'filters': 'ExperimentId=4e5108ee-2160-ea11-a2c5-c4346bcb1550', 'count': 100000}
03/06 19:33:04 [DEBUG] [16000] [COMPS.Client] REQUEST -> GET https://comps.idmod.org/api/Simulations {'fields': 'Id,SimulationState', 'filters': 'ExperimentId=4e5108ee-2160-ea11-a2c5-c4346bcb1550', 'count': 100000}
03/06 19:33:09 [DEBUG] [16000] [COMPS.Client] REQUEST -> GET https://comps.idmod.org/api/Simulations {'fields': 'Id,SimulationState', 'filters': 'ExperimentId=4e5108ee-2160-ea11-a2c5-c4346bcb1550', 'count': 100000}
