11/19 12:36:56 [DEBUG] [21484] [COMPS.Data.SerializableEntity] OutputFileMetadata --> {'Id': '_internal_id', 'Length': 'length', 'FriendlyName': 'friendly_name', 'PathFromRoot': 'path_from_root', 'Url': 'url', 'MimeType': 'mime_type'}
11/19 12:36:56 [DEBUG] [21484] [COMPS.Data.SerializableEntity] AssetFile --> {'FileName': 'file_name', 'MD5Checksum': 'md5_checksum', 'Length': 'length', 'Uri': 'uri'}
11/19 12:36:56 [DEBUG] [21484] [COMPS.Data.SerializableEntity] AssetCollectionFile --> {'RelativePath': 'relative_path', 'Tags': 'tags', 'FileName': 'file_name', 'MD5Checksum': 'md5_checksum', 'Length': 'length', 'Uri': 'uri'}
11/19 12:36:56 [DEBUG] [21484] [COMPS.Data.SerializableEntity] AssetCollection --> {'Id': 'id', 'DateCreated': 'date_created', 'Tags': 'tags', 'Assets': 'assets'}
11/19 12:36:56 [DEBUG] [21484] [COMPS.Data.SerializableEntity] Configuration --> {'EnvironmentName': 'environment_name', 'SimulationInputArgs': 'simulation_input_args', 'WorkingDirectoryRoot': 'working_directory_root', 'ExecutablePath': 'executable_path', 'NodeGroupName': 'node_group_name', 'MaximumNumberOfRetries': 'maximum_number_of_retries', 'Priority': 'priority', 'MinCores': 'min_cores', 'MaxCores': 'max_cores', 'Exclusive': 'exclusive', 'AssetCollectionId': 'asset_collection_id'}
11/19 12:36:56 [DEBUG] [21484] [COMPS.Data.SerializableEntity] SimulationFile --> {'FileType': 'file_type', 'Description': 'description', 'FileName': 'file_name', 'MD5Checksum': 'md5_checksum', 'Length': 'length', 'Uri': 'uri'}
11/19 12:36:56 [DEBUG] [21484] [COMPS.Data.SerializableEntity] WorkItemFile --> {'FileType': 'file_type', 'Description': 'description', 'FileName': 'file_name', 'MD5Checksum': 'md5_checksum', 'Length': 'length', 'Uri': 'uri'}
11/19 12:36:56 [DEBUG] [21484] [COMPS.Data.SerializableEntity] HpcJob --> {'Id': '_internal_id', 'JobId': 'job_id', 'JobState': 'job_state', 'Priority': 'priority', 'WorkingDirectory': 'working_directory', 'OutputDirectorySize': 'output_directory_size', 'SubmitTime': 'submit_time', 'StartTime': 'start_time', 'EndTime': 'end_time', 'ErrorMessage': 'error_message', 'Configuration': 'configuration'}
11/19 12:36:56 [DEBUG] [21484] [COMPS.Data.SerializableEntity] Simulation --> {'Id': 'id', 'ExperimentId': 'experiment_id', 'Name': 'name', 'Description': 'description', 'Owner': 'owner', 'DateCreated': 'date_created', 'LastModified': 'last_modified', 'SimulationState': 'state', 'ErrorMessage': 'error_message', 'Tags': 'tags', 'Configuration': 'configuration', 'Files': 'files', 'HPCJobs': 'hpc_jobs'}
11/19 12:36:56 [DEBUG] [21484] [COMPS.Data.SerializableEntity] Experiment --> {'Id': 'id', 'SuiteId': 'suite_id', 'Name': 'name', 'Description': 'description', 'Owner': 'owner', 'DateCreated': 'date_created', 'LastModified': 'last_modified', 'Tags': 'tags', 'Configuration': 'configuration'}
11/19 12:36:56 [DEBUG] [21484] [COMPS.Data.SerializableEntity] Suite --> {'Id': 'id', 'Name': 'name', 'Description': 'description', 'Owner': 'owner', 'DateCreated': 'date_created', 'LastModified': 'last_modified', 'Tags': 'tags', 'Configuration': 'configuration'}
11/19 12:36:56 [DEBUG] [21484] [COMPS.Data.SerializableEntity] WorkItem --> {'Id': 'id', 'Name': 'name', 'Worker': 'worker', 'EnvironmentName': 'environment_name', 'Description': 'description', 'Owner': 'owner', 'DateCreated': 'date_created', 'LastModified': 'last_modified', 'State': 'state', 'ErrorMessage': 'error_message', 'HostName': 'host_name', 'WorkerInstanceId': 'worker_instance_id', 'WorkItemPriority': 'priority', 'WorkingDirectory': 'working_directory', 'WorkingDirectorySize': 'working_directory_size', 'AssetCollectionId': 'asset_collection_id', 'Tags': 'tags', 'Files': 'files', 'Plugins': 'plugins'}
11/19 12:36:56 [DEBUG] [21484] [COMPS.Client] Parsed login host: ('https', 'comps.idmod.org', None)
11/19 12:36:56 [DEBUG] [21484] [COMPS.Client] REQUEST -> GET https://comps.idmod.org/api/Simulations {'fields': 'Id', 'filters': 'SimulationState=0,ExperimentId=8879bf2f-0c0b-ea11-a2c3-c4346bcb1551', 'count': 100000}
11/19 12:36:57 [DEBUG] [21484] [COMPS.Client] REQUEST -> GET https://comps.idmod.org/api/Simulations {'fields': 'Id,SimulationState', 'filters': 'ExperimentId=8879bf2f-0c0b-ea11-a2c3-c4346bcb1551', 'count': 100000}
11/19 12:37:03 [DEBUG] [21484] [COMPS.Client] REQUEST -> GET https://comps.idmod.org/api/Simulations {'fields': 'Id,SimulationState', 'filters': 'ExperimentId=8879bf2f-0c0b-ea11-a2c3-c4346bcb1551', 'count': 100000}
11/19 12:37:08 [DEBUG] [21484] [COMPS.Client] REQUEST -> GET https://comps.idmod.org/api/Simulations {'fields': 'Id,SimulationState', 'filters': 'ExperimentId=8879bf2f-0c0b-ea11-a2c3-c4346bcb1551', 'count': 100000}
11/19 12:37:14 [DEBUG] [21484] [COMPS.Client] REQUEST -> GET https://comps.idmod.org/api/Simulations {'fields': 'Id,SimulationState', 'filters': 'ExperimentId=8879bf2f-0c0b-ea11-a2c3-c4346bcb1551', 'count': 100000}
11/19 12:37:20 [DEBUG] [21484] [COMPS.Client] REQUEST -> GET https://comps.idmod.org/api/Simulations {'fields': 'Id,SimulationState', 'filters': 'ExperimentId=8879bf2f-0c0b-ea11-a2c3-c4346bcb1551', 'count': 100000}
11/19 12:37:25 [DEBUG] [21484] [COMPS.Client] REQUEST -> GET https://comps.idmod.org/api/Simulations {'fields': 'Id,SimulationState', 'filters': 'ExperimentId=8879bf2f-0c0b-ea11-a2c3-c4346bcb1551', 'count': 100000}
11/19 12:37:31 [DEBUG] [21484] [COMPS.Client] REQUEST -> GET https://comps.idmod.org/api/Simulations {'fields': 'Id,SimulationState', 'filters': 'ExperimentId=8879bf2f-0c0b-ea11-a2c3-c4346bcb1551', 'count': 100000}
11/19 12:37:36 [DEBUG] [21484] [COMPS.Client] REQUEST -> GET https://comps.idmod.org/api/Simulations {'fields': 'Id,SimulationState', 'filters': 'ExperimentId=8879bf2f-0c0b-ea11-a2c3-c4346bcb1551', 'count': 100000}
11/19 12:37:42 [DEBUG] [21484] [COMPS.Client] REQUEST -> GET https://comps.idmod.org/api/Simulations {'fields': 'Id,SimulationState', 'filters': 'ExperimentId=8879bf2f-0c0b-ea11-a2c3-c4346bcb1551', 'count': 100000}
11/19 12:37:47 [DEBUG] [21484] [COMPS.Client] REQUEST -> GET https://comps.idmod.org/api/Simulations {'fields': 'Id,SimulationState', 'filters': 'ExperimentId=8879bf2f-0c0b-ea11-a2c3-c4346bcb1551', 'count': 100000}
11/19 12:37:53 [DEBUG] [21484] [COMPS.Client] REQUEST -> GET https://comps.idmod.org/api/Simulations {'fields': 'Id,SimulationState', 'filters': 'ExperimentId=8879bf2f-0c0b-ea11-a2c3-c4346bcb1551', 'count': 100000}
11/19 12:37:58 [DEBUG] [21484] [COMPS.Client] REQUEST -> GET https://comps.idmod.org/api/Simulations {'fields': 'Id,SimulationState', 'filters': 'ExperimentId=8879bf2f-0c0b-ea11-a2c3-c4346bcb1551', 'count': 100000}
11/19 12:38:04 [DEBUG] [21484] [COMPS.Client] REQUEST -> GET https://comps.idmod.org/api/Simulations {'fields': 'Id,SimulationState', 'filters': 'ExperimentId=8879bf2f-0c0b-ea11-a2c3-c4346bcb1551', 'count': 100000}
11/19 12:38:10 [DEBUG] [21484] [COMPS.Client] REQUEST -> GET https://comps.idmod.org/api/Simulations {'fields': 'Id,SimulationState', 'filters': 'ExperimentId=8879bf2f-0c0b-ea11-a2c3-c4346bcb1551', 'count': 100000}
11/19 12:38:15 [DEBUG] [21484] [COMPS.Client] REQUEST -> GET https://comps.idmod.org/api/Simulations {'fields': 'Id,SimulationState', 'filters': 'ExperimentId=8879bf2f-0c0b-ea11-a2c3-c4346bcb1551', 'count': 100000}
11/19 12:38:21 [DEBUG] [21484] [COMPS.Client] REQUEST -> GET https://comps.idmod.org/api/Simulations {'fields': 'Id,SimulationState', 'filters': 'ExperimentId=8879bf2f-0c0b-ea11-a2c3-c4346bcb1551', 'count': 100000}
11/19 12:38:26 [DEBUG] [21484] [COMPS.Client] REQUEST -> GET https://comps.idmod.org/api/Simulations {'fields': 'Id,SimulationState', 'filters': 'ExperimentId=8879bf2f-0c0b-ea11-a2c3-c4346bcb1551', 'count': 100000}
11/19 12:38:32 [DEBUG] [21484] [COMPS.Client] REQUEST -> GET https://comps.idmod.org/api/Simulations {'fields': 'Id,SimulationState', 'filters': 'ExperimentId=8879bf2f-0c0b-ea11-a2c3-c4346bcb1551', 'count': 100000}
11/19 12:38:38 [DEBUG] [21484] [COMPS.Client] REQUEST -> GET https://comps.idmod.org/api/Simulations {'fields': 'Id,SimulationState', 'filters': 'ExperimentId=8879bf2f-0c0b-ea11-a2c3-c4346bcb1551', 'count': 100000}
11/19 12:38:43 [DEBUG] [21484] [COMPS.Client] REQUEST -> GET https://comps.idmod.org/api/Simulations {'fields': 'Id,SimulationState', 'filters': 'ExperimentId=8879bf2f-0c0b-ea11-a2c3-c4346bcb1551', 'count': 100000}
11/19 12:38:48 [DEBUG] [21484] [COMPS.Client] REQUEST -> GET https://comps.idmod.org/api/Simulations {'fields': 'Id,SimulationState', 'filters': 'ExperimentId=8879bf2f-0c0b-ea11-a2c3-c4346bcb1551', 'count': 100000}
11/19 12:38:54 [DEBUG] [21484] [COMPS.Client] REQUEST -> GET https://comps.idmod.org/api/Simulations {'fields': 'Id,SimulationState', 'filters': 'ExperimentId=8879bf2f-0c0b-ea11-a2c3-c4346bcb1551', 'count': 100000}
11/19 12:39:00 [DEBUG] [21484] [COMPS.Client] REQUEST -> GET https://comps.idmod.org/api/Simulations {'fields': 'Id,SimulationState', 'filters': 'ExperimentId=8879bf2f-0c0b-ea11-a2c3-c4346bcb1551', 'count': 100000}
11/19 12:39:05 [DEBUG] [21484] [COMPS.Client] REQUEST -> GET https://comps.idmod.org/api/Simulations {'fields': 'Id,SimulationState', 'filters': 'ExperimentId=8879bf2f-0c0b-ea11-a2c3-c4346bcb1551', 'count': 100000}
11/19 12:39:11 [DEBUG] [21484] [COMPS.Client] REQUEST -> GET https://comps.idmod.org/api/Simulations {'fields': 'Id,SimulationState', 'filters': 'ExperimentId=8879bf2f-0c0b-ea11-a2c3-c4346bcb1551', 'count': 100000}
11/19 12:39:16 [DEBUG] [21484] [COMPS.Client] REQUEST -> GET https://comps.idmod.org/api/Simulations {'fields': 'Id,SimulationState', 'filters': 'ExperimentId=8879bf2f-0c0b-ea11-a2c3-c4346bcb1551', 'count': 100000}
11/19 12:39:22 [DEBUG] [21484] [COMPS.Client] REQUEST -> GET https://comps.idmod.org/api/Simulations {'fields': 'Id,SimulationState', 'filters': 'ExperimentId=8879bf2f-0c0b-ea11-a2c3-c4346bcb1551', 'count': 100000}
11/19 12:39:27 [DEBUG] [21484] [COMPS.Client] REQUEST -> GET https://comps.idmod.org/api/Simulations {'fields': 'Id,SimulationState', 'filters': 'ExperimentId=8879bf2f-0c0b-ea11-a2c3-c4346bcb1551', 'count': 100000}
11/19 12:39:33 [DEBUG] [21484] [COMPS.Client] REQUEST -> GET https://comps.idmod.org/api/Simulations {'fields': 'Id,SimulationState', 'filters': 'ExperimentId=8879bf2f-0c0b-ea11-a2c3-c4346bcb1551', 'count': 100000}
11/19 12:39:38 [DEBUG] [21484] [COMPS.Client] REQUEST -> GET https://comps.idmod.org/api/Simulations {'fields': 'Id,SimulationState', 'filters': 'ExperimentId=8879bf2f-0c0b-ea11-a2c3-c4346bcb1551', 'count': 100000}
11/19 12:39:44 [DEBUG] [21484] [COMPS.Client] REQUEST -> GET https://comps.idmod.org/api/Simulations {'fields': 'Id,SimulationState', 'filters': 'ExperimentId=8879bf2f-0c0b-ea11-a2c3-c4346bcb1551', 'count': 100000}
11/19 12:39:49 [DEBUG] [21484] [COMPS.Client] REQUEST -> GET https://comps.idmod.org/api/Simulations {'fields': 'Id,SimulationState', 'filters': 'ExperimentId=8879bf2f-0c0b-ea11-a2c3-c4346bcb1551', 'count': 100000}
11/19 12:39:55 [DEBUG] [21484] [COMPS.Client] REQUEST -> GET https://comps.idmod.org/api/Simulations {'fields': 'Id,SimulationState', 'filters': 'ExperimentId=8879bf2f-0c0b-ea11-a2c3-c4346bcb1551', 'count': 100000}
11/19 12:40:01 [DEBUG] [21484] [COMPS.Client] REQUEST -> GET https://comps.idmod.org/api/Simulations {'fields': 'Id,SimulationState', 'filters': 'ExperimentId=8879bf2f-0c0b-ea11-a2c3-c4346bcb1551', 'count': 100000}
11/19 12:40:06 [DEBUG] [21484] [COMPS.Client] REQUEST -> GET https://comps.idmod.org/api/Simulations {'fields': 'Id,SimulationState', 'filters': 'ExperimentId=8879bf2f-0c0b-ea11-a2c3-c4346bcb1551', 'count': 100000}
11/19 12:40:12 [DEBUG] [21484] [COMPS.Client] REQUEST -> GET https://comps.idmod.org/api/Simulations {'fields': 'Id,SimulationState', 'filters': 'ExperimentId=8879bf2f-0c0b-ea11-a2c3-c4346bcb1551', 'count': 100000}
11/19 12:40:17 [DEBUG] [21484] [COMPS.Client] REQUEST -> GET https://comps.idmod.org/api/Simulations {'fields': 'Id,SimulationState', 'filters': 'ExperimentId=8879bf2f-0c0b-ea11-a2c3-c4346bcb1551', 'count': 100000}
11/19 12:40:23 [DEBUG] [21484] [COMPS.Client] REQUEST -> GET https://comps.idmod.org/api/Simulations {'fields': 'Id,SimulationState', 'filters': 'ExperimentId=8879bf2f-0c0b-ea11-a2c3-c4346bcb1551', 'count': 100000}
11/19 12:40:28 [DEBUG] [21484] [COMPS.Client] REQUEST -> GET https://comps.idmod.org/api/Simulations {'fields': 'Id,SimulationState', 'filters': 'ExperimentId=8879bf2f-0c0b-ea11-a2c3-c4346bcb1551', 'count': 100000}
11/19 12:40:34 [DEBUG] [21484] [COMPS.Client] REQUEST -> GET https://comps.idmod.org/api/Simulations {'fields': 'Id,SimulationState', 'filters': 'ExperimentId=8879bf2f-0c0b-ea11-a2c3-c4346bcb1551', 'count': 100000}
11/19 12:40:39 [DEBUG] [21484] [COMPS.Client] REQUEST -> GET https://comps.idmod.org/api/Simulations {'fields': 'Id,SimulationState', 'filters': 'ExperimentId=8879bf2f-0c0b-ea11-a2c3-c4346bcb1551', 'count': 100000}
11/19 12:40:45 [DEBUG] [21484] [COMPS.Client] REQUEST -> GET https://comps.idmod.org/api/Simulations {'fields': 'Id,SimulationState', 'filters': 'ExperimentId=8879bf2f-0c0b-ea11-a2c3-c4346bcb1551', 'count': 100000}
11/19 12:40:50 [DEBUG] [21484] [COMPS.Client] REQUEST -> GET https://comps.idmod.org/api/Simulations {'fields': 'Id,SimulationState', 'filters': 'ExperimentId=8879bf2f-0c0b-ea11-a2c3-c4346bcb1551', 'count': 100000}
11/19 12:40:56 [DEBUG] [21484] [COMPS.Client] REQUEST -> GET https://comps.idmod.org/api/Simulations {'fields': 'Id,SimulationState', 'filters': 'ExperimentId=8879bf2f-0c0b-ea11-a2c3-c4346bcb1551', 'count': 100000}
11/19 12:41:01 [DEBUG] [21484] [COMPS.Client] REQUEST -> GET https://comps.idmod.org/api/Simulations {'fields': 'Id,SimulationState', 'filters': 'ExperimentId=8879bf2f-0c0b-ea11-a2c3-c4346bcb1551', 'count': 100000}
11/19 12:41:07 [DEBUG] [21484] [COMPS.Client] REQUEST -> GET https://comps.idmod.org/api/Simulations {'fields': 'Id,SimulationState', 'filters': 'ExperimentId=8879bf2f-0c0b-ea11-a2c3-c4346bcb1551', 'count': 100000}
11/19 12:41:12 [DEBUG] [21484] [COMPS.Client] REQUEST -> GET https://comps.idmod.org/api/Simulations {'fields': 'Id,SimulationState', 'filters': 'ExperimentId=8879bf2f-0c0b-ea11-a2c3-c4346bcb1551', 'count': 100000}
11/19 12:41:18 [DEBUG] [21484] [COMPS.Client] REQUEST -> GET https://comps.idmod.org/api/Simulations {'fields': 'Id,SimulationState', 'filters': 'ExperimentId=8879bf2f-0c0b-ea11-a2c3-c4346bcb1551', 'count': 100000}
11/19 12:41:23 [DEBUG] [21484] [COMPS.Client] REQUEST -> GET https://comps.idmod.org/api/Simulations {'fields': 'Id,SimulationState', 'filters': 'ExperimentId=8879bf2f-0c0b-ea11-a2c3-c4346bcb1551', 'count': 100000}
11/19 12:41:29 [DEBUG] [21484] [COMPS.Client] REQUEST -> GET https://comps.idmod.org/api/Simulations {'fields': 'Id,SimulationState', 'filters': 'ExperimentId=8879bf2f-0c0b-ea11-a2c3-c4346bcb1551', 'count': 100000}
11/19 12:41:34 [DEBUG] [21484] [COMPS.Client] REQUEST -> GET https://comps.idmod.org/api/Simulations {'fields': 'Id,SimulationState', 'filters': 'ExperimentId=8879bf2f-0c0b-ea11-a2c3-c4346bcb1551', 'count': 100000}
11/19 12:41:40 [DEBUG] [21484] [COMPS.Client] REQUEST -> GET https://comps.idmod.org/api/Simulations {'fields': 'Id,SimulationState', 'filters': 'ExperimentId=8879bf2f-0c0b-ea11-a2c3-c4346bcb1551', 'count': 100000}
11/19 12:41:46 [DEBUG] [21484] [COMPS.Client] REQUEST -> GET https://comps.idmod.org/api/Simulations {'fields': 'Id,SimulationState', 'filters': 'ExperimentId=8879bf2f-0c0b-ea11-a2c3-c4346bcb1551', 'count': 100000}
11/19 12:41:51 [DEBUG] [21484] [COMPS.Client] REQUEST -> GET https://comps.idmod.org/api/Simulations {'fields': 'Id,SimulationState', 'filters': 'ExperimentId=8879bf2f-0c0b-ea11-a2c3-c4346bcb1551', 'count': 100000}
11/19 12:41:57 [DEBUG] [21484] [COMPS.Client] REQUEST -> GET https://comps.idmod.org/api/Simulations {'fields': 'Id,SimulationState', 'filters': 'ExperimentId=8879bf2f-0c0b-ea11-a2c3-c4346bcb1551', 'count': 100000}
11/19 12:42:02 [DEBUG] [21484] [COMPS.Client] REQUEST -> GET https://comps.idmod.org/api/Simulations {'fields': 'Id,SimulationState', 'filters': 'ExperimentId=8879bf2f-0c0b-ea11-a2c3-c4346bcb1551', 'count': 100000}
11/19 12:42:08 [DEBUG] [21484] [COMPS.Client] REQUEST -> GET https://comps.idmod.org/api/Simulations {'fields': 'Id,SimulationState', 'filters': 'ExperimentId=8879bf2f-0c0b-ea11-a2c3-c4346bcb1551', 'count': 100000}
11/19 12:42:13 [DEBUG] [21484] [COMPS.Client] REQUEST -> GET https://comps.idmod.org/api/Simulations {'fields': 'Id,SimulationState', 'filters': 'ExperimentId=8879bf2f-0c0b-ea11-a2c3-c4346bcb1551', 'count': 100000}
